[0.006s] Invoking command in '/home/flug/Documents/colcon_ws/build/delta_robot_serial': CMAKE_PREFIX_PATH=/home/flug/Documents/colcon_ws/install/serial:/home/flug/Documents/colcon_ws/install/delta_robot_serial:/home/flug/Documents/colcon_ws/install/delta_robot_description:/opt/ros/jazzy/opt/gz_math_vendor:/opt/ros/jazzy/opt/gz_utils_vendor:/opt/ros/jazzy/opt/gz_cmake_vendor:/opt/ros/jazzy DEBUGINFOD_URLS=https://debuginfod.ubuntu.com LD_LIBRARY_PATH=/home/flug/Documents/colcon_ws/install/serial/lib:/home/flug/Documents/colcon_ws/install/delta_robot_serial/lib:/opt/ros/jazzy/opt/rviz_ogre_vendor/lib:/opt/ros/jazzy/lib/x86_64-linux-gnu:/opt/ros/jazzy/opt/gz_math_vendor/lib:/opt/ros/jazzy/opt/gz_utils_vendor/lib:/opt/ros/jazzy/opt/gz_cmake_vendor/lib:/opt/ros/jazzy/lib /usr/bin/cmake --build /home/flug/Documents/colcon_ws/build/delta_robot_serial -- -j16 -l16
[0.039s] [  1%] Built target delta_robot_serial__rosidl_generator_type_description
[0.039s] [  3%] Built target delta_robot_serial__rs
[0.043s] [  7%] Built target trajPlan_action_server
[0.044s] [ 10%] Built target pseudo_arduino
[0.044s] [ 10%] Built target ament_cmake_python_copy_delta_robot_serial
[0.044s] [ 14%] Built target delta_joint_pub
[0.052s] [ 16%] Built target delta_robot_serial__cpp
[0.052s] [ 30%] Built target delta_robot_serial__rosidl_generator_c
[0.068s] [ 52%] Built target delta_robot_serial__rosidl_typesupport_fastrtps_c
[0.068s] [ 52%] Built target delta_robot_serial__rosidl_typesupport_fastrtps_cpp
[0.068s] [ 52%] Built target delta_robot_serial__rosidl_typesupport_introspection_cpp
[0.068s] [ 67%] Built target delta_robot_serial__rosidl_typesupport_introspection_c
[0.068s] [ 67%] Built target delta_robot_serial__rosidl_typesupport_c
[0.068s] [ 74%] Built target delta_robot_serial__rosidl_typesupport_cpp
[0.086s] [ 78%] Built target ikin_server
[0.088s] [ 80%] [32mBuilding CXX object CMakeFiles/trajPlan_actionServer.dir/src/trajPlan_actionServer.cpp.o[0m
[0.098s] [ 80%] Built target delta_robot_serial
[0.112s] [ 81%] Built target delta_robot_serial__py
[0.128s] [ 87%] Built target delta_robot_serial__rosidl_generator_py
[0.144s] [ 90%] Built target delta_robot_serial_s__rosidl_typesupport_fastrtps_c
[0.144s] [ 94%] Built target delta_robot_serial_s__rosidl_typesupport_introspection_c
[0.144s] [ 98%] Built target delta_robot_serial_s__rosidl_typesupport_c
[0.211s] running egg_info
[0.226s] writing delta_robot_serial.egg-info/PKG-INFO
[0.227s] writing dependency_links to delta_robot_serial.egg-info/dependency_links.txt
[0.227s] writing top-level names to delta_robot_serial.egg-info/top_level.txt
[0.271s] reading manifest file 'delta_robot_serial.egg-info/SOURCES.txt'
[0.271s] writing manifest file 'delta_robot_serial.egg-info/SOURCES.txt'
[0.290s] [ 98%] Built target ament_cmake_python_build_delta_robot_serial_egg
[1.695s] [01m[K/home/flug/Documents/colcon_ws/src/delta_robot_serial/src/trajPlan_actionServer.cpp:184:14:[m[K [01;31m[Kerror: [m[K‘[01m[Kvoid TrajectoryPlanServer::[01;32m[KjointCB[m[K(const sensor_msgs::msg::JointState&)[m[K’ cannot be overloaded with ‘[01m[Kvoid TrajectoryPlanServer::[01;32m[KjointCB[m[K(const sensor_msgs::msg::JointState&)[m[K’
[1.695s]   184 |         void [01;31m[KjointCB[m[K(const sensor_msgs::msg::JointState &msg ) {
[1.695s]       |              [01;31m[K^~~~~~~[m[K
[1.695s] [01m[K/home/flug/Documents/colcon_ws/src/delta_robot_serial/src/trajPlan_actionServer.cpp:74:14:[m[K [01;36m[Knote: [m[Kprevious declaration ‘[01m[Kvoid TrajectoryPlanServer::[01;32m[KjointCB[m[K(const sensor_msgs::msg::JointState&)[m[K’
[1.695s]    74 |         void [01;36m[KjointCB[m[K(const sensor_msgs::msg::JointState &msg) {
[1.695s]       |              [01;36m[K^~~~~~~[m[K
[1.750s] [01m[K/home/flug/Documents/colcon_ws/src/delta_robot_serial/src/trajPlan_actionServer.cpp:[m[K In member function ‘[01m[Kvoid TrajectoryPlanServer::[01;32m[KexecuteCB[m[K(std::shared_ptr<rclcpp_action::ServerGoalHandle<delta_robot_serial::action::PosTraj> >)[m[K’:
[1.750s] [01m[K/home/flug/Documents/colcon_ws/src/delta_robot_serial/src/trajPlan_actionServer.cpp:103:31:[m[K [01;31m[Kerror: [m[K‘[01m[KN[m[K’ was not declared in this scope
[1.751s]   103 |             rclcpp::Rate rate([01;31m[KN[m[K/T);
[1.751s]       |                               [01;31m[K^[m[K
[1.754s] [01m[K/home/flug/Documents/colcon_ws/src/delta_robot_serial/src/trajPlan_actionServer.cpp:103:33:[m[K [01;31m[Kerror: [m[K‘[01m[KT[m[K’ was not declared in this scope; did you mean ‘[01m[KT_[m[K’?
[1.754s]   103 |             rclcpp::Rate rate(N/[01;31m[KT[m[K);
[1.754s]       |                                 [01;31m[K^[m[K
[1.754s]       |                                 [32m[KT_[m[K
[3.478s] gmake[2]: *** [CMakeFiles/trajPlan_actionServer.dir/build.make:76: CMakeFiles/trajPlan_actionServer.dir/src/trajPlan_actionServer.cpp.o] Error 1
[3.478s] gmake[1]: *** [CMakeFiles/Makefile2:732: CMakeFiles/trajPlan_actionServer.dir/all] Error 2
[3.478s] gmake: *** [Makefile:146: all] Error 2
[3.480s] Invoked command in '/home/flug/Documents/colcon_ws/build/delta_robot_serial' returned '2': CMAKE_PREFIX_PATH=/home/flug/Documents/colcon_ws/install/serial:/home/flug/Documents/colcon_ws/install/delta_robot_serial:/home/flug/Documents/colcon_ws/install/delta_robot_description:/opt/ros/jazzy/opt/gz_math_vendor:/opt/ros/jazzy/opt/gz_utils_vendor:/opt/ros/jazzy/opt/gz_cmake_vendor:/opt/ros/jazzy DEBUGINFOD_URLS=https://debuginfod.ubuntu.com LD_LIBRARY_PATH=/home/flug/Documents/colcon_ws/install/serial/lib:/home/flug/Documents/colcon_ws/install/delta_robot_serial/lib:/opt/ros/jazzy/opt/rviz_ogre_vendor/lib:/opt/ros/jazzy/lib/x86_64-linux-gnu:/opt/ros/jazzy/opt/gz_math_vendor/lib:/opt/ros/jazzy/opt/gz_utils_vendor/lib:/opt/ros/jazzy/opt/gz_cmake_vendor/lib:/opt/ros/jazzy/lib /usr/bin/cmake --build /home/flug/Documents/colcon_ws/build/delta_robot_serial -- -j16 -l16
