[0.006s] Invoking command in '/home/flug/Documents/colcon_ws/build/delta_robot_description': CMAKE_PREFIX_PATH=${CMAKE_PREFIX_PATH}:/opt/ros/jazzy DEBUGINFOD_URLS=https://debuginfod.ubuntu.com /usr/bin/cmake --build /home/flug/Documents/colcon_ws/build/delta_robot_description -- -j16 -l16
[0.021s] -- Found ament_cmake: 2.5.6 (/opt/ros/jazzy/share/ament_cmake/cmake)
[0.155s] -- Found ament_lint_auto: 0.17.5 (/opt/ros/jazzy/share/ament_lint_auto/cmake)
[0.216s] -- Added test 'lint_cmake' to check CMake code style
[0.216s] -- Added test 'xmllint' to check XML markup files
[0.218s] -- Configuring done (0.2s)
[0.220s] -- Generating done (0.0s)
[0.221s] -- Build files have been written to: /home/flug/Documents/colcon_ws/build/delta_robot_description
[0.234s] Invoked command in '/home/flug/Documents/colcon_ws/build/delta_robot_description' returned '0': CMAKE_PREFIX_PATH=${CMAKE_PREFIX_PATH}:/opt/ros/jazzy DEBUGINFOD_URLS=https://debuginfod.ubuntu.com /usr/bin/cmake --build /home/flug/Documents/colcon_ws/build/delta_robot_description -- -j16 -l16
[0.240s] Invoking command in '/home/flug/Documents/colcon_ws/build/delta_robot_description': CMAKE_PREFIX_PATH=${CMAKE_PREFIX_PATH}:/opt/ros/jazzy DEBUGINFOD_URLS=https://debuginfod.ubuntu.com /usr/bin/cmake --install /home/flug/Documents/colcon_ws/build/delta_robot_description
[0.244s] -- Install configuration: ""
[0.244s] -- Installing: /home/flug/Documents/colcon_ws/install/delta_robot_description/share/delta_robot_description/config
[0.245s] -- Installing: /home/flug/Documents/colcon_ws/install/delta_robot_description/share/delta_robot_description/launch
[0.245s] -- Installing: /home/flug/Documents/colcon_ws/install/delta_robot_description/share/delta_robot_description/launch/PseudoArduino.launch
[0.245s] -- Installing: /home/flug/Documents/colcon_ws/install/delta_robot_description/share/delta_robot_description/launch/JointStatePublisher.launch
[0.245s] -- Installing: /home/flug/Documents/colcon_ws/install/delta_robot_description/share/delta_robot_description/launch/Arduino.launch
[0.245s] -- Installing: /home/flug/Documents/colcon_ws/install/delta_robot_description/share/delta_robot_description/launch/PseudoArduinoTraj.launch
[0.245s] -- Installing: /home/flug/Documents/colcon_ws/install/delta_robot_description/share/delta_robot_description/launch/ArduinoTraj.launch
[0.245s] -- Installing: /home/flug/Documents/colcon_ws/install/delta_robot_description/share/delta_robot_description/meshes
[0.245s] -- Installing: /home/flug/Documents/colcon_ws/install/delta_robot_description/share/delta_robot_description/meshes/distal_link1.STL
[0.245s] -- Installing: /home/flug/Documents/colcon_ws/install/delta_robot_description/share/delta_robot_description/meshes/proximal_link2.STL
[0.245s] -- Installing: /home/flug/Documents/colcon_ws/install/delta_robot_description/share/delta_robot_description/meshes/platform_link.STL
[0.245s] -- Installing: /home/flug/Documents/colcon_ws/install/delta_robot_description/share/delta_robot_description/meshes/distal_link3.STL
[0.245s] -- Installing: /home/flug/Documents/colcon_ws/install/delta_robot_description/share/delta_robot_description/meshes/distal_link5.STL
[0.245s] -- Installing: /home/flug/Documents/colcon_ws/install/delta_robot_description/share/delta_robot_description/meshes/proximal_link3.STL
[0.246s] -- Installing: /home/flug/Documents/colcon_ws/install/delta_robot_description/share/delta_robot_description/meshes/base_link.STL
[0.246s] -- Installing: /home/flug/Documents/colcon_ws/install/delta_robot_description/share/delta_robot_description/meshes/distal_link2.STL
[0.246s] -- Installing: /home/flug/Documents/colcon_ws/install/delta_robot_description/share/delta_robot_description/meshes/distal_link6.STL
[0.246s] -- Installing: /home/flug/Documents/colcon_ws/install/delta_robot_description/share/delta_robot_description/meshes/proximal_link1.STL
[0.246s] -- Installing: /home/flug/Documents/colcon_ws/install/delta_robot_description/share/delta_robot_description/meshes/distal_link4.STL
[0.246s] -- Installing: /home/flug/Documents/colcon_ws/install/delta_robot_description/share/delta_robot_description/urdf
[0.246s] -- Installing: /home/flug/Documents/colcon_ws/install/delta_robot_description/share/delta_robot_description/urdf/delta_robot.urdf
[0.246s] -- Up-to-date: /home/flug/Documents/colcon_ws/install/delta_robot_description/share/ament_index/resource_index/package_run_dependencies/delta_robot_description
[0.246s] -- Installing: /home/flug/Documents/colcon_ws/install/delta_robot_description/share/ament_index/resource_index/parent_prefix_path/delta_robot_description
[0.247s] -- Up-to-date: /home/flug/Documents/colcon_ws/install/delta_robot_description/share/delta_robot_description/environment/ament_prefix_path.sh
[0.247s] -- Up-to-date: /home/flug/Documents/colcon_ws/install/delta_robot_description/share/delta_robot_description/environment/ament_prefix_path.dsv
[0.247s] -- Up-to-date: /home/flug/Documents/colcon_ws/install/delta_robot_description/share/delta_robot_description/environment/path.sh
[0.247s] -- Up-to-date: /home/flug/Documents/colcon_ws/install/delta_robot_description/share/delta_robot_description/environment/path.dsv
[0.247s] -- Up-to-date: /home/flug/Documents/colcon_ws/install/delta_robot_description/share/delta_robot_description/local_setup.bash
[0.247s] -- Up-to-date: /home/flug/Documents/colcon_ws/install/delta_robot_description/share/delta_robot_description/local_setup.sh
[0.247s] -- Up-to-date: /home/flug/Documents/colcon_ws/install/delta_robot_description/share/delta_robot_description/local_setup.zsh
[0.247s] -- Up-to-date: /home/flug/Documents/colcon_ws/install/delta_robot_description/share/delta_robot_description/local_setup.dsv
[0.247s] -- Installing: /home/flug/Documents/colcon_ws/install/delta_robot_description/share/delta_robot_description/package.dsv
[0.247s] -- Up-to-date: /home/flug/Documents/colcon_ws/install/delta_robot_description/share/ament_index/resource_index/packages/delta_robot_description
[0.247s] -- Up-to-date: /home/flug/Documents/colcon_ws/install/delta_robot_description/share/delta_robot_description/cmake/delta_robot_descriptionConfig.cmake
[0.247s] -- Up-to-date: /home/flug/Documents/colcon_ws/install/delta_robot_description/share/delta_robot_description/cmake/delta_robot_descriptionConfig-version.cmake
[0.247s] -- Up-to-date: /home/flug/Documents/colcon_ws/install/delta_robot_description/share/delta_robot_description/package.xml
[0.249s] Invoked command in '/home/flug/Documents/colcon_ws/build/delta_robot_description' returned '0': CMAKE_PREFIX_PATH=${CMAKE_PREFIX_PATH}:/opt/ros/jazzy DEBUGINFOD_URLS=https://debuginfod.ubuntu.com /usr/bin/cmake --install /home/flug/Documents/colcon_ws/build/delta_robot_description
