[0.014s] Invoking command in '/home/flug/Documents/colcon_ws/build/delta_robot_description': AMENT_PREFIX_PATH=/home/flug/Documents/colcon_ws/install/delta_robot_serial:/home/flug/Documents/colcon_ws/install/serial:${AMENT_PREFIX_PATH} CMAKE_PREFIX_PATH=/home/flug/Documents/colcon_ws/install/delta_robot_serial:/home/flug/Documents/colcon_ws/install/serial:/opt/ros/jazzy/opt/gz_math_vendor:/opt/ros/jazzy/opt/gz_utils_vendor:/opt/ros/jazzy/opt/gz_cmake_vendor:/opt/ros/jazzy DEBUGINFOD_URLS=https://debuginfod.ubuntu.com LD_LIBRARY_PATH=/home/flug/Documents/colcon_ws/install/delta_robot_serial/lib:/home/flug/Documents/colcon_ws/install/serial/lib:${LD_LIBRARY_PATH} PYTHONPATH=/home/flug/Documents/colcon_ws/install/delta_robot_serial/lib/python3.12/site-packages:${PYTHONPATH} /usr/bin/cmake --build /home/flug/Documents/colcon_ws/build/delta_robot_description -- -j16 -l16
[0.051s] Invoked command in '/home/flug/Documents/colcon_ws/build/delta_robot_description' returned '0': AMENT_PREFIX_PATH=/home/flug/Documents/colcon_ws/install/delta_robot_serial:/home/flug/Documents/colcon_ws/install/serial:${AMENT_PREFIX_PATH} CMAKE_PREFIX_PATH=/home/flug/Documents/colcon_ws/install/delta_robot_serial:/home/flug/Documents/colcon_ws/install/serial:/opt/ros/jazzy/opt/gz_math_vendor:/opt/ros/jazzy/opt/gz_utils_vendor:/opt/ros/jazzy/opt/gz_cmake_vendor:/opt/ros/jazzy DEBUGINFOD_URLS=https://debuginfod.ubuntu.com LD_LIBRARY_PATH=/home/flug/Documents/colcon_ws/install/delta_robot_serial/lib:/home/flug/Documents/colcon_ws/install/serial/lib:${LD_LIBRARY_PATH} PYTHONPATH=/home/flug/Documents/colcon_ws/install/delta_robot_serial/lib/python3.12/site-packages:${PYTHONPATH} /usr/bin/cmake --build /home/flug/Documents/colcon_ws/build/delta_robot_description -- -j16 -l16
[0.052s] Invoking command in '/home/flug/Documents/colcon_ws/build/delta_robot_description': AMENT_PREFIX_PATH=/home/flug/Documents/colcon_ws/install/delta_robot_serial:/home/flug/Documents/colcon_ws/install/serial:${AMENT_PREFIX_PATH} CMAKE_PREFIX_PATH=/home/flug/Documents/colcon_ws/install/delta_robot_serial:/home/flug/Documents/colcon_ws/install/serial:/opt/ros/jazzy/opt/gz_math_vendor:/opt/ros/jazzy/opt/gz_utils_vendor:/opt/ros/jazzy/opt/gz_cmake_vendor:/opt/ros/jazzy DEBUGINFOD_URLS=https://debuginfod.ubuntu.com LD_LIBRARY_PATH=/home/flug/Documents/colcon_ws/install/delta_robot_serial/lib:/home/flug/Documents/colcon_ws/install/serial/lib:${LD_LIBRARY_PATH} PYTHONPATH=/home/flug/Documents/colcon_ws/install/delta_robot_serial/lib/python3.12/site-packages:${PYTHONPATH} /usr/bin/cmake --install /home/flug/Documents/colcon_ws/build/delta_robot_description
[0.060s] -- Install configuration: ""
[0.060s] -- Up-to-date: /home/flug/Documents/colcon_ws/install/delta_robot_description/share/delta_robot_description/config
[0.060s] -- Up-to-date: /home/flug/Documents/colcon_ws/install/delta_robot_description/share/delta_robot_description/config/Delta_robot.rviz
[0.060s] -- Up-to-date: /home/flug/Documents/colcon_ws/install/delta_robot_description/share/delta_robot_description/launch
[0.060s] -- Up-to-date: /home/flug/Documents/colcon_ws/install/delta_robot_description/share/delta_robot_description/launch/PseudoArduino.launch
[0.061s] -- Up-to-date: /home/flug/Documents/colcon_ws/install/delta_robot_description/share/delta_robot_description/launch/JointStatePublisher.launch
[0.061s] -- Up-to-date: /home/flug/Documents/colcon_ws/install/delta_robot_description/share/delta_robot_description/launch/Arduino.launch
[0.061s] -- Up-to-date: /home/flug/Documents/colcon_ws/install/delta_robot_description/share/delta_robot_description/launch/PseudoArduinoTraj.launch
[0.061s] -- Up-to-date: /home/flug/Documents/colcon_ws/install/delta_robot_description/share/delta_robot_description/launch/ArduinoTraj.launch
[0.061s] -- Up-to-date: /home/flug/Documents/colcon_ws/install/delta_robot_description/share/delta_robot_description/meshes
[0.061s] -- Up-to-date: /home/flug/Documents/colcon_ws/install/delta_robot_description/share/delta_robot_description/meshes/distal_link1.STL
[0.061s] -- Up-to-date: /home/flug/Documents/colcon_ws/install/delta_robot_description/share/delta_robot_description/meshes/proximal_link2.STL
[0.061s] -- Up-to-date: /home/flug/Documents/colcon_ws/install/delta_robot_description/share/delta_robot_description/meshes/platform_link.STL
[0.062s] -- Up-to-date: /home/flug/Documents/colcon_ws/install/delta_robot_description/share/delta_robot_description/meshes/distal_link3.STL
[0.062s] -- Up-to-date: /home/flug/Documents/colcon_ws/install/delta_robot_description/share/delta_robot_description/meshes/distal_link5.STL
[0.062s] -- Up-to-date: /home/flug/Documents/colcon_ws/install/delta_robot_description/share/delta_robot_description/meshes/proximal_link3.STL
[0.062s] -- Up-to-date: /home/flug/Documents/colcon_ws/install/delta_robot_description/share/delta_robot_description/meshes/base_link.STL
[0.062s] -- Up-to-date: /home/flug/Documents/colcon_ws/install/delta_robot_description/share/delta_robot_description/meshes/distal_link2.STL
[0.063s] -- Up-to-date: /home/flug/Documents/colcon_ws/install/delta_robot_description/share/delta_robot_description/meshes/distal_link6.STL
[0.063s] -- Up-to-date: /home/flug/Documents/colcon_ws/install/delta_robot_description/share/delta_robot_description/meshes/proximal_link1.STL
[0.064s] -- Up-to-date: /home/flug/Documents/colcon_ws/install/delta_robot_description/share/delta_robot_description/meshes/distal_link4.STL
[0.064s] -- Up-to-date: /home/flug/Documents/colcon_ws/install/delta_robot_description/share/delta_robot_description/urdf
[0.064s] -- Up-to-date: /home/flug/Documents/colcon_ws/install/delta_robot_description/share/delta_robot_description/urdf/delta_robot.urdf
[0.064s] -- Up-to-date: /home/flug/Documents/colcon_ws/install/delta_robot_description/share/ament_index/resource_index/package_run_dependencies/delta_robot_description
[0.065s] -- Up-to-date: /home/flug/Documents/colcon_ws/install/delta_robot_description/share/ament_index/resource_index/parent_prefix_path/delta_robot_description
[0.065s] -- Up-to-date: /home/flug/Documents/colcon_ws/install/delta_robot_description/share/delta_robot_description/environment/ament_prefix_path.sh
[0.065s] -- Up-to-date: /home/flug/Documents/colcon_ws/install/delta_robot_description/share/delta_robot_description/environment/ament_prefix_path.dsv
[0.065s] -- Up-to-date: /home/flug/Documents/colcon_ws/install/delta_robot_description/share/delta_robot_description/environment/path.sh
[0.065s] -- Up-to-date: /home/flug/Documents/colcon_ws/install/delta_robot_description/share/delta_robot_description/environment/path.dsv
[0.065s] -- Up-to-date: /home/flug/Documents/colcon_ws/install/delta_robot_description/share/delta_robot_description/local_setup.bash
[0.065s] -- Up-to-date: /home/flug/Documents/colcon_ws/install/delta_robot_description/share/delta_robot_description/local_setup.sh
[0.065s] -- Up-to-date: /home/flug/Documents/colcon_ws/install/delta_robot_description/share/delta_robot_description/local_setup.zsh
[0.066s] -- Up-to-date: /home/flug/Documents/colcon_ws/install/delta_robot_description/share/delta_robot_description/local_setup.dsv
[0.066s] -- Installing: /home/flug/Documents/colcon_ws/install/delta_robot_description/share/delta_robot_description/package.dsv
[0.066s] -- Up-to-date: /home/flug/Documents/colcon_ws/install/delta_robot_description/share/ament_index/resource_index/packages/delta_robot_description
[0.066s] -- Up-to-date: /home/flug/Documents/colcon_ws/install/delta_robot_description/share/delta_robot_description/cmake/delta_robot_descriptionConfig.cmake
[0.067s] -- Up-to-date: /home/flug/Documents/colcon_ws/install/delta_robot_description/share/delta_robot_description/cmake/delta_robot_descriptionConfig-version.cmake
[0.067s] -- Up-to-date: /home/flug/Documents/colcon_ws/install/delta_robot_description/share/delta_robot_description/package.xml
[0.067s] Invoked command in '/home/flug/Documents/colcon_ws/build/delta_robot_description' returned '0': AMENT_PREFIX_PATH=/home/flug/Documents/colcon_ws/install/delta_robot_serial:/home/flug/Documents/colcon_ws/install/serial:${AMENT_PREFIX_PATH} CMAKE_PREFIX_PATH=/home/flug/Documents/colcon_ws/install/delta_robot_serial:/home/flug/Documents/colcon_ws/install/serial:/opt/ros/jazzy/opt/gz_math_vendor:/opt/ros/jazzy/opt/gz_utils_vendor:/opt/ros/jazzy/opt/gz_cmake_vendor:/opt/ros/jazzy DEBUGINFOD_URLS=https://debuginfod.ubuntu.com LD_LIBRARY_PATH=/home/flug/Documents/colcon_ws/install/delta_robot_serial/lib:/home/flug/Documents/colcon_ws/install/serial/lib:${LD_LIBRARY_PATH} PYTHONPATH=/home/flug/Documents/colcon_ws/install/delta_robot_serial/lib/python3.12/site-packages:${PYTHONPATH} /usr/bin/cmake --install /home/flug/Documents/colcon_ws/build/delta_robot_description
