[0.006s] Invoking command in '/home/flug/Documents/colcon_ws/build/delta_robot_serial': CMAKE_PREFIX_PATH=/home/flug/Documents/colcon_ws/install/serial:/home/flug/Documents/colcon_ws/install/delta_robot_serial:/home/flug/Documents/colcon_ws/install/delta_robot_description:/opt/ros/jazzy/opt/gz_math_vendor:/opt/ros/jazzy/opt/gz_utils_vendor:/opt/ros/jazzy/opt/gz_cmake_vendor:/opt/ros/jazzy DEBUGINFOD_URLS=https://debuginfod.ubuntu.com /usr/bin/cmake --build /home/flug/Documents/colcon_ws/build/delta_robot_serial -- -j16 -l16
[0.040s] [ 50%] Built target pseudo_arduino
[0.045s] [ 75%] [32mBuilding CXX object CMakeFiles/delta_joint_pub.dir/src/delta_joint_pub.cpp.o[0m
[1.844s] [01m[K/home/flug/Documents/colcon_ws/src/delta_robot_serial/src/delta_joint_pub.cpp:[m[K In function ‘[01m[Kint[01;32m[K main[m[K(int, char**)[m[K’:
[1.844s] [01m[K/home/flug/Documents/colcon_ws/src/delta_robot_serial/src/delta_joint_pub.cpp:126:34:[m[K [01;31m[Kerror: [m[Ktemporary of non-literal type ‘[01m[KDeltaJointPub[m[K’ in a constant expression
[1.844s]   126 |     auto mode = std::make_shared<[01;31m[KDeltaJointPub()[m[K;
[1.844s]       |                                  [01;31m[K^~~~~~~~~~~~~~~[m[K
[1.844s] [01m[K/home/flug/Documents/colcon_ws/src/delta_robot_serial/src/delta_joint_pub.cpp:81:7:[m[K [01;36m[Knote: [m[K‘[01m[KDeltaJointPub[m[K’ is not literal because:
[1.844s]    81 | class [01;36m[KDeltaJointPub[m[K : public rclcpp::Node
[1.844s]       |       [01;36m[K^~~~~~~~~~~~~[m[K
[1.844s] [01m[K/home/flug/Documents/colcon_ws/src/delta_robot_serial/src/delta_joint_pub.cpp:81:7:[m[K [01;36m[Knote: [m[K  ‘[01m[KDeltaJointPub[m[K’ has a non-trivial destructor
[1.844s] [01m[K/home/flug/Documents/colcon_ws/src/delta_robot_serial/src/delta_joint_pub.cpp:126:22:[m[K [01;31m[Kerror: [m[Kparse error in template argument list
[1.844s]   126 |     auto mode = std::[01;31m[Kmake_shared<DeltaJointPub()[m[K;
[1.844s]       |                      [01;31m[K^~~~~~~~~~~~~~~~~~~~~~~~~~~[m[K
[1.844s] [01m[K/home/flug/Documents/colcon_ws/src/delta_robot_serial/src/delta_joint_pub.cpp:126:22:[m[K [01;31m[Kerror: [m[Kunable to deduce ‘[01m[Kauto[m[K’ from ‘[01m[Kmake_shared<DeltaJointPub()>[m[K’
[1.844s]   126 |     auto mode = [01;31m[Kstd::make_shared<DeltaJointPub()[m[K;
[1.844s]       |                 [01;31m[K~~~~~^~~~~~~~~~~~~~~~~~~~~~~~~~~[m[K
[1.844s] [01m[K/home/flug/Documents/colcon_ws/src/delta_robot_serial/src/delta_joint_pub.cpp:126:22:[m[K [01;36m[Knote: [m[K  couldn’t deduce template parameter ‘[01m[Kauto[m[K’
[1.844s]   126 |     auto mode = std::[01;36m[Kmake_shared<DeltaJointPub()[m[K;
[1.844s]       |                      [01;36m[K^~~~~~~~~~~~~~~~~~~~~~~~~~~[m[K
[1.847s] [01m[K/home/flug/Documents/colcon_ws/src/delta_robot_serial/src/delta_joint_pub.cpp:130:18:[m[K [01;31m[Kerror: [m[K‘[01m[Knode[m[K’ was not declared in this scope
[1.847s]   130 |     rclcpp::spin([01;31m[Knode[m[K)
[1.847s]       |                  [01;31m[K^~~~[m[K
[2.992s] gmake[2]: *** [CMakeFiles/delta_joint_pub.dir/build.make:76: CMakeFiles/delta_joint_pub.dir/src/delta_joint_pub.cpp.o] Error 1
[2.992s] gmake[1]: *** [CMakeFiles/Makefile2:165: CMakeFiles/delta_joint_pub.dir/all] Error 2
[2.992s] gmake: *** [Makefile:146: all] Error 2
[2.994s] Invoked command in '/home/flug/Documents/colcon_ws/build/delta_robot_serial' returned '2': CMAKE_PREFIX_PATH=/home/flug/Documents/colcon_ws/install/serial:/home/flug/Documents/colcon_ws/install/delta_robot_serial:/home/flug/Documents/colcon_ws/install/delta_robot_description:/opt/ros/jazzy/opt/gz_math_vendor:/opt/ros/jazzy/opt/gz_utils_vendor:/opt/ros/jazzy/opt/gz_cmake_vendor:/opt/ros/jazzy DEBUGINFOD_URLS=https://debuginfod.ubuntu.com /usr/bin/cmake --build /home/flug/Documents/colcon_ws/build/delta_robot_serial -- -j16 -l16
