-- Found ament_cmake: 2.5.6 (/opt/ros/jazzy/share/ament_cmake/cmake)
-- Found rclcpp: 28.1.21 (/opt/ros/jazzy/share/rclcpp/cmake)
-- Found rosidl_generator_c: 4.6.9 (/opt/ros/jazzy/share/rosidl_generator_c/cmake)
-- Found rosidl_generator_cpp: 4.6.9 (/opt/ros/jazzy/share/rosidl_generator_cpp/cmake)
-- Using all available rosidl_typesupport_c: rosidl_typesupport_fastrtps_c;rosidl_typesupport_introspection_c
-- Using all available rosidl_typesupport_cpp: rosidl_typesupport_fastrtps_cpp;rosidl_typesupport_introspection_cpp
-- Found rmw_implementation_cmake: 7.3.3 (/opt/ros/jazzy/share/rmw_implementation_cmake/cmake)
-- Found rmw_fastrtps_cpp: 8.4.4 (/opt/ros/jazzy/share/rmw_fastrtps_cpp/cmake)
-- Using RMW implementation 'rmw_fastrtps_cpp' as default
-- Found serial: 1.2.1 (/home/flug/Documents/colcon_ws/install/serial/share/serial/cmake)
-- Found sensor_msgs: 5.3.8 (/opt/ros/jazzy/share/sensor_msgs/cmake)
-- Found rosidl_default_generators: 1.6.1 (/opt/ros/jazzy/share/rosidl_default_generators/cmake)
-- Found rosidl_adapter: 4.6.9 (/opt/ros/jazzy/share/rosidl_adapter/cmake)
-- Found ament_cmake_ros: 0.12.1 (/opt/ros/jazzy/share/ament_cmake_ros/cmake)
-- Using all available rosidl_typesupport_c: rosidl_typesupport_fastrtps_c;rosidl_typesupport_introspection_c
-- Using all available rosidl_typesupport_cpp: rosidl_typesupport_fastrtps_cpp;rosidl_typesupport_introspection_cpp
-- Found python_cmake_module: 0.11.1 (/opt/ros/jazzy/share/python_cmake_module/cmake)
-- Found Python3: /usr/bin/python3 (found version "3.12.3") found components: Interpreter Development NumPy Development.Module Development.Embed 
-- Found Python3: /usr/bin/python3 (found version "3.12.3") found components: Interpreter 
-- Configuring done (0.9s)
-- Generating done (0.0s)
-- Build files have been written to: /home/flug/Documents/colcon_ws/build/delta_robot_serial
[  4%] [34m[1mGenerating type hashes for ROS interfaces[0m
[  4%] [34m[1mGenerating Rust code for ROS interfaces[0m
[  4%] Built target ament_cmake_python_copy_delta_robot_serial
[  9%] Built target pseudo_arduino
[ 14%] Built target delta_joint_pub
[ 14%] Built target delta_robot_serial__rosidl_generator_type_description
[ 17%] [34m[1mGenerating C code for ROS interfaces[0m
[ 19%] [34m[1mGenerating C++ code for ROS interfaces[0m
[ 19%] Built target delta_robot_serial__rs
running egg_info
writing delta_robot_serial.egg-info/PKG-INFO
writing dependency_links to delta_robot_serial.egg-info/dependency_links.txt
writing top-level names to delta_robot_serial.egg-info/top_level.txt
reading manifest file 'delta_robot_serial.egg-info/SOURCES.txt'
writing manifest file 'delta_robot_serial.egg-info/SOURCES.txt'
[ 19%] Built target ament_cmake_python_build_delta_robot_serial_egg
[ 19%] Built target delta_robot_serial__cpp
[ 24%] [32mBuilding C object CMakeFiles/delta_robot_serial__rosidl_generator_c.dir/rosidl_generator_c/delta_robot_serial/srv/detail/ikin__description.c.o[0m
[ 24%] [32mBuilding C object CMakeFiles/delta_robot_serial__rosidl_generator_c.dir/rosidl_generator_c/delta_robot_serial/srv/detail/ikin__functions.c.o[0m
[ 26%] [32mBuilding C object CMakeFiles/delta_robot_serial__rosidl_generator_c.dir/rosidl_generator_c/delta_robot_serial/srv/detail/ikin__type_support.c.o[0m
[ 29%] [32m[1mLinking C shared library libdelta_robot_serial__rosidl_generator_c.so[0m
[ 29%] Built target delta_robot_serial__rosidl_generator_c
[ 43%] [34m[1mGenerating C type support for eProsima Fast-RTPS[0m
[ 43%] [34m[1mGenerating C++ type support dispatch for ROS interfaces[0m
[ 43%] [34m[1mGenerating C++ type support for eProsima Fast-RTPS[0m
[ 43%] [34m[1mGenerating C introspection for ROS interfaces[0m
[ 43%] [34m[1mGenerating C type support dispatch for ROS interfaces[0m
[ 43%] [34m[1mGenerating C++ introspection for ROS interfaces[0m
[ 46%] [32mBuilding CXX object CMakeFiles/delta_robot_serial__rosidl_typesupport_c.dir/rosidl_typesupport_c/delta_robot_serial/srv/ikin__type_support.cpp.o[0m
[ 48%] [32mBuilding CXX object CMakeFiles/delta_robot_serial__rosidl_typesupport_cpp.dir/rosidl_typesupport_cpp/delta_robot_serial/srv/ikin__type_support.cpp.o[0m
[ 51%] [32mBuilding C object CMakeFiles/delta_robot_serial__rosidl_typesupport_introspection_c.dir/rosidl_typesupport_introspection_c/delta_robot_serial/srv/detail/ikin__type_support.c.o[0m
[ 53%] [32mBuilding CXX object CMakeFiles/delta_robot_serial__rosidl_typesupport_introspection_cpp.dir/rosidl_typesupport_introspection_cpp/delta_robot_serial/srv/detail/ikin__type_support.cpp.o[0m
[ 56%] [32m[1mLinking CXX shared library libdelta_robot_serial__rosidl_typesupport_c.so[0m
[ 58%] [32mBuilding CXX object CMakeFiles/delta_robot_serial__rosidl_typesupport_fastrtps_cpp.dir/rosidl_typesupport_fastrtps_cpp/delta_robot_serial/srv/detail/dds_fastrtps/ikin__type_support.cpp.o[0m
[ 60%] [32m[1mLinking C shared library libdelta_robot_serial__rosidl_typesupport_introspection_c.so[0m
[ 60%] Built target delta_robot_serial__rosidl_typesupport_c
[ 63%] [32mBuilding CXX object CMakeFiles/delta_robot_serial__rosidl_typesupport_fastrtps_c.dir/rosidl_typesupport_fastrtps_c/delta_robot_serial/srv/detail/ikin__type_support_c.cpp.o[0m
[ 63%] Built target delta_robot_serial__rosidl_typesupport_introspection_c
[ 65%] [32m[1mLinking CXX shared library libdelta_robot_serial__rosidl_typesupport_cpp.so[0m
[ 68%] [32m[1mLinking CXX shared library libdelta_robot_serial__rosidl_typesupport_introspection_cpp.so[0m
[ 68%] Built target delta_robot_serial__rosidl_typesupport_cpp
[ 70%] [32mBuilding CXX object CMakeFiles/ikin_server.dir/src/ikin_server.cpp.o[0m
[ 70%] Built target delta_robot_serial__rosidl_typesupport_introspection_cpp
[ 73%] [32m[1mLinking CXX shared library libdelta_robot_serial__rosidl_typesupport_fastrtps_c.so[0m
[ 73%] Built target delta_robot_serial__rosidl_typesupport_fastrtps_c
[ 75%] [32m[1mLinking CXX shared library libdelta_robot_serial__rosidl_typesupport_fastrtps_cpp.so[0m
[ 75%] Built target delta_robot_serial__rosidl_typesupport_fastrtps_cpp
[ 75%] Built target delta_robot_serial
[ 78%] [34m[1mGenerating Python code for ROS interfaces[0m
[ 78%] Built target delta_robot_serial__py
[ 80%] [32mBuilding C object CMakeFiles/delta_robot_serial__rosidl_generator_py.dir/rosidl_generator_py/delta_robot_serial/srv/_ikin_s.c.o[0m
[ 82%] [32m[1mLinking C shared library libdelta_robot_serial__rosidl_generator_py.so[0m
[ 82%] Built target delta_robot_serial__rosidl_generator_py
[ 90%] [32mBuilding C object CMakeFiles/delta_robot_serial_s__rosidl_typesupport_introspection_c.dir/rosidl_generator_py/delta_robot_serial/_delta_robot_serial_s.ep.rosidl_typesupport_introspection_c.c.o[0m
[ 90%] [32mBuilding C object CMakeFiles/delta_robot_serial_s__rosidl_typesupport_c.dir/rosidl_generator_py/delta_robot_serial/_delta_robot_serial_s.ep.rosidl_typesupport_c.c.o[0m
[ 90%] [32mBuilding C object CMakeFiles/delta_robot_serial_s__rosidl_typesupport_fastrtps_c.dir/rosidl_generator_py/delta_robot_serial/_delta_robot_serial_s.ep.rosidl_typesupport_fastrtps_c.c.o[0m
[ 92%] [32m[1mLinking C shared module rosidl_generator_py/delta_robot_serial/delta_robot_serial_s__rosidl_typesupport_c.so[0m
[ 95%] [32m[1mLinking C shared module rosidl_generator_py/delta_robot_serial/delta_robot_serial_s__rosidl_typesupport_fastrtps_c.so[0m
[ 97%] [32m[1mLinking C shared module rosidl_generator_py/delta_robot_serial/delta_robot_serial_s__rosidl_typesupport_introspection_c.so[0m
[ 97%] Built target delta_robot_serial_s__rosidl_typesupport_c
[ 97%] Built target delta_robot_serial_s__rosidl_typesupport_introspection_c
[ 97%] Built target delta_robot_serial_s__rosidl_typesupport_fastrtps_c
[01m[K/home/flug/Documents/colcon_ws/src/delta_robot_serial/src/ikin_server.cpp:[m[K In function ‘[01m[Kvoid[01;32m[K callback[m[K(const std::shared_ptr<delta_robot_serial::srv::Ikin_Request_<std::allocator<void> > >&, const std::shared_ptr<delta_robot_serial::srv::Ikin_Response_<std::allocator<void> > >&)[m[K’:
[01m[K/home/flug/Documents/colcon_ws/src/delta_robot_serial/src/ikin_server.cpp:71:10:[m[K [01;31m[Kerror: [m[K‘[01m[Kusing std::__shared_ptr_access<delta_robot_serial::srv::Ikin_Response_<std::allocator<void> >, __gnu_cxx::_S_atomic, false, false>::element_type = struct delta_robot_serial::srv::Ikin_Response_<std::allocator<void> >[m[K’ {aka ‘[01m[Kstruct delta_robot_serial::srv::Ikin_Response_<std::allocator<void> >[m[K’} has no member named ‘[01m[Kphi_12[m[K’; did you mean ‘[01m[Kphi_11[m[K’?
   71 |     res->[01;31m[Kphi_12[m[K = phi_2[0];
      |          [01;31m[K^~~~~~[m[K
      |          [32m[Kphi_11[m[K
[01m[K/home/flug/Documents/colcon_ws/src/delta_robot_serial/src/ikin_server.cpp:72:10:[m[K [01;31m[Kerror: [m[K‘[01m[Kusing std::__shared_ptr_access<delta_robot_serial::srv::Ikin_Response_<std::allocator<void> >, __gnu_cxx::_S_atomic, false, false>::element_type = struct delta_robot_serial::srv::Ikin_Response_<std::allocator<void> >[m[K’ {aka ‘[01m[Kstruct delta_robot_serial::srv::Ikin_Response_<std::allocator<void> >[m[K’} has no member named ‘[01m[Kphi_13[m[K’; did you mean ‘[01m[Kphi_11[m[K’?
   72 |     res->[01;31m[Kphi_13[m[K = phi_3[0];
      |          [01;31m[K^~~~~~[m[K
      |          [32m[Kphi_11[m[K
gmake[2]: *** [CMakeFiles/ikin_server.dir/build.make:76: CMakeFiles/ikin_server.dir/src/ikin_server.cpp.o] Error 1
gmake[1]: *** [CMakeFiles/Makefile2:700: CMakeFiles/ikin_server.dir/all] Error 2
gmake: *** [Makefile:146: all] Error 2
