[0.006s] Invoking command in '/home/flug/Documents/colcon_ws/build/delta_robot_serial': CMAKE_PREFIX_PATH=/home/flug/Documents/colcon_ws/install/serial:/home/flug/Documents/colcon_ws/install/delta_robot_serial:/home/flug/Documents/colcon_ws/install/delta_robot_description:/opt/ros/jazzy/opt/gz_math_vendor:/opt/ros/jazzy/opt/gz_utils_vendor:/opt/ros/jazzy/opt/gz_cmake_vendor:/opt/ros/jazzy DEBUGINFOD_URLS=https://debuginfod.ubuntu.com LD_LIBRARY_PATH=/home/flug/Documents/colcon_ws/install/serial/lib:/home/flug/Documents/colcon_ws/install/delta_robot_serial/lib:/opt/ros/jazzy/opt/rviz_ogre_vendor/lib:/opt/ros/jazzy/lib/x86_64-linux-gnu:/opt/ros/jazzy/opt/gz_math_vendor/lib:/opt/ros/jazzy/opt/gz_utils_vendor/lib:/opt/ros/jazzy/opt/gz_cmake_vendor/lib:/opt/ros/jazzy/lib /usr/bin/cmake --build /home/flug/Documents/colcon_ws/build/delta_robot_serial -- -j16 -l16
[0.023s] -- Found ament_cmake: 2.5.6 (/opt/ros/jazzy/share/ament_cmake/cmake)
[0.094s] -- Found rclcpp: 28.1.21 (/opt/ros/jazzy/share/rclcpp/cmake)
[0.113s] -- Found rosidl_generator_c: 4.6.9 (/opt/ros/jazzy/share/rosidl_generator_c/cmake)
[0.118s] -- Found rosidl_generator_cpp: 4.6.9 (/opt/ros/jazzy/share/rosidl_generator_cpp/cmake)
[0.126s] -- Using all available rosidl_typesupport_c: rosidl_typesupport_fastrtps_c;rosidl_typesupport_introspection_c
[0.135s] -- Using all available rosidl_typesupport_cpp: rosidl_typesupport_fastrtps_cpp;rosidl_typesupport_introspection_cpp
[0.176s] -- Found rmw_implementation_cmake: 7.3.3 (/opt/ros/jazzy/share/rmw_implementation_cmake/cmake)
[0.177s] -- Found rmw_fastrtps_cpp: 8.4.4 (/opt/ros/jazzy/share/rmw_fastrtps_cpp/cmake)
[0.219s] -- Using RMW implementation 'rmw_fastrtps_cpp' as default
[0.267s] -- Found serial: 1.2.1 (/home/flug/Documents/colcon_ws/install/serial/share/serial/cmake)
[0.267s] -- Found sensor_msgs: 5.3.8 (/opt/ros/jazzy/share/sensor_msgs/cmake)
[0.306s] -- Found rosidl_default_generators: 1.6.1 (/opt/ros/jazzy/share/rosidl_default_generators/cmake)
[0.314s] -- Found rosidl_adapter: 4.6.9 (/opt/ros/jazzy/share/rosidl_adapter/cmake)
[0.501s] -- Found ament_cmake_ros: 0.12.1 (/opt/ros/jazzy/share/ament_cmake_ros/cmake)
[0.648s] -- Using all available rosidl_typesupport_c: rosidl_typesupport_fastrtps_c;rosidl_typesupport_introspection_c
[0.705s] -- Using all available rosidl_typesupport_cpp: rosidl_typesupport_fastrtps_cpp;rosidl_typesupport_introspection_cpp
[0.706s] -- Found python_cmake_module: 0.11.1 (/opt/ros/jazzy/share/python_cmake_module/cmake)
[0.872s] -- Found Python3: /usr/bin/python3 (found version "3.12.3") found components: Interpreter Development NumPy Development.Module Development.Embed 
[0.918s] -- Found Python3: /usr/bin/python3 (found version "3.12.3") found components: Interpreter 
[0.925s] -- Configuring done (0.9s)
[0.959s] -- Generating done (0.0s)
[0.970s] -- Build files have been written to: /home/flug/Documents/colcon_ws/build/delta_robot_serial
[0.995s] [  4%] [34m[1mGenerating type hashes for ROS interfaces[0m
[0.996s] [  4%] [34m[1mGenerating Rust code for ROS interfaces[0m
[1.001s] [  4%] Built target ament_cmake_python_copy_delta_robot_serial
[1.001s] [  9%] Built target pseudo_arduino
[1.004s] [ 14%] Built target delta_joint_pub
[1.142s] [ 14%] Built target delta_robot_serial__rosidl_generator_type_description
[1.149s] [ 17%] [34m[1mGenerating C code for ROS interfaces[0m
[1.156s] [ 19%] [34m[1mGenerating C++ code for ROS interfaces[0m
[1.159s] [ 19%] Built target delta_robot_serial__rs
[1.166s] running egg_info
[1.181s] writing delta_robot_serial.egg-info/PKG-INFO
[1.181s] writing dependency_links to delta_robot_serial.egg-info/dependency_links.txt
[1.181s] writing top-level names to delta_robot_serial.egg-info/top_level.txt
[1.224s] reading manifest file 'delta_robot_serial.egg-info/SOURCES.txt'
[1.224s] writing manifest file 'delta_robot_serial.egg-info/SOURCES.txt'
[1.243s] [ 19%] Built target ament_cmake_python_build_delta_robot_serial_egg
[1.355s] [ 19%] Built target delta_robot_serial__cpp
[1.375s] [ 24%] [32mBuilding C object CMakeFiles/delta_robot_serial__rosidl_generator_c.dir/rosidl_generator_c/delta_robot_serial/srv/detail/ikin__description.c.o[0m
[1.376s] [ 24%] [32mBuilding C object CMakeFiles/delta_robot_serial__rosidl_generator_c.dir/rosidl_generator_c/delta_robot_serial/srv/detail/ikin__functions.c.o[0m
[1.376s] [ 26%] [32mBuilding C object CMakeFiles/delta_robot_serial__rosidl_generator_c.dir/rosidl_generator_c/delta_robot_serial/srv/detail/ikin__type_support.c.o[0m
[1.426s] [ 29%] [32m[1mLinking C shared library libdelta_robot_serial__rosidl_generator_c.so[0m
[1.449s] [ 29%] Built target delta_robot_serial__rosidl_generator_c
[1.455s] [ 43%] [34m[1mGenerating C type support for eProsima Fast-RTPS[0m
[1.455s] [ 43%] [34m[1mGenerating C++ type support dispatch for ROS interfaces[0m
[1.455s] [ 43%] [34m[1mGenerating C++ type support for eProsima Fast-RTPS[0m
[1.455s] [ 43%] [34m[1mGenerating C introspection for ROS interfaces[0m
[1.456s] [ 43%] [34m[1mGenerating C type support dispatch for ROS interfaces[0m
[1.456s] [ 43%] [34m[1mGenerating C++ introspection for ROS interfaces[0m
[1.631s] [ 46%] [32mBuilding CXX object CMakeFiles/delta_robot_serial__rosidl_typesupport_c.dir/rosidl_typesupport_c/delta_robot_serial/srv/ikin__type_support.cpp.o[0m
[1.632s] [ 48%] [32mBuilding CXX object CMakeFiles/delta_robot_serial__rosidl_typesupport_cpp.dir/rosidl_typesupport_cpp/delta_robot_serial/srv/ikin__type_support.cpp.o[0m
[1.655s] [ 51%] [32mBuilding C object CMakeFiles/delta_robot_serial__rosidl_typesupport_introspection_c.dir/rosidl_typesupport_introspection_c/delta_robot_serial/srv/detail/ikin__type_support.c.o[0m
[1.656s] [ 53%] [32mBuilding CXX object CMakeFiles/delta_robot_serial__rosidl_typesupport_introspection_cpp.dir/rosidl_typesupport_introspection_cpp/delta_robot_serial/srv/detail/ikin__type_support.cpp.o[0m
[1.664s] [ 56%] [32m[1mLinking CXX shared library libdelta_robot_serial__rosidl_typesupport_c.so[0m
[1.687s] [ 58%] [32mBuilding CXX object CMakeFiles/delta_robot_serial__rosidl_typesupport_fastrtps_cpp.dir/rosidl_typesupport_fastrtps_cpp/delta_robot_serial/srv/detail/dds_fastrtps/ikin__type_support.cpp.o[0m
[1.690s] [ 60%] [32m[1mLinking C shared library libdelta_robot_serial__rosidl_typesupport_introspection_c.so[0m
[1.696s] [ 60%] Built target delta_robot_serial__rosidl_typesupport_c
[1.696s] [ 63%] [32mBuilding CXX object CMakeFiles/delta_robot_serial__rosidl_typesupport_fastrtps_c.dir/rosidl_typesupport_fastrtps_c/delta_robot_serial/srv/detail/ikin__type_support_c.cpp.o[0m
[1.712s] [ 63%] Built target delta_robot_serial__rosidl_typesupport_introspection_c
[1.896s] [ 65%] [32m[1mLinking CXX shared library libdelta_robot_serial__rosidl_typesupport_cpp.so[0m
[1.926s] [ 68%] [32m[1mLinking CXX shared library libdelta_robot_serial__rosidl_typesupport_introspection_cpp.so[0m
[1.944s] [ 68%] Built target delta_robot_serial__rosidl_typesupport_cpp
[1.964s] [ 70%] [32mBuilding CXX object CMakeFiles/ikin_server.dir/src/ikin_server.cpp.o[0m
[1.977s] [ 70%] Built target delta_robot_serial__rosidl_typesupport_introspection_cpp
[2.034s] [ 73%] [32m[1mLinking CXX shared library libdelta_robot_serial__rosidl_typesupport_fastrtps_c.so[0m
[2.065s] [ 73%] Built target delta_robot_serial__rosidl_typesupport_fastrtps_c
[2.083s] [ 75%] [32m[1mLinking CXX shared library libdelta_robot_serial__rosidl_typesupport_fastrtps_cpp.so[0m
[2.129s] [ 75%] Built target delta_robot_serial__rosidl_typesupport_fastrtps_cpp
[2.141s] [ 75%] Built target delta_robot_serial
[2.154s] [ 78%] [34m[1mGenerating Python code for ROS interfaces[0m
[2.412s] [ 78%] Built target delta_robot_serial__py
[2.427s] [ 80%] [32mBuilding C object CMakeFiles/delta_robot_serial__rosidl_generator_py.dir/rosidl_generator_py/delta_robot_serial/srv/_ikin_s.c.o[0m
[2.520s] [ 82%] [32m[1mLinking C shared library libdelta_robot_serial__rosidl_generator_py.so[0m
[2.550s] [ 82%] Built target delta_robot_serial__rosidl_generator_py
[2.565s] [ 90%] [32mBuilding C object CMakeFiles/delta_robot_serial_s__rosidl_typesupport_introspection_c.dir/rosidl_generator_py/delta_robot_serial/_delta_robot_serial_s.ep.rosidl_typesupport_introspection_c.c.o[0m
[2.565s] [ 90%] [32mBuilding C object CMakeFiles/delta_robot_serial_s__rosidl_typesupport_c.dir/rosidl_generator_py/delta_robot_serial/_delta_robot_serial_s.ep.rosidl_typesupport_c.c.o[0m
[2.565s] [ 90%] [32mBuilding C object CMakeFiles/delta_robot_serial_s__rosidl_typesupport_fastrtps_c.dir/rosidl_generator_py/delta_robot_serial/_delta_robot_serial_s.ep.rosidl_typesupport_fastrtps_c.c.o[0m
[2.634s] [ 92%] [32m[1mLinking C shared module rosidl_generator_py/delta_robot_serial/delta_robot_serial_s__rosidl_typesupport_c.so[0m
[2.636s] [ 95%] [32m[1mLinking C shared module rosidl_generator_py/delta_robot_serial/delta_robot_serial_s__rosidl_typesupport_fastrtps_c.so[0m
[2.636s] [ 97%] [32m[1mLinking C shared module rosidl_generator_py/delta_robot_serial/delta_robot_serial_s__rosidl_typesupport_introspection_c.so[0m
[2.654s] [ 97%] Built target delta_robot_serial_s__rosidl_typesupport_c
[2.655s] [ 97%] Built target delta_robot_serial_s__rosidl_typesupport_introspection_c
[2.655s] [ 97%] Built target delta_robot_serial_s__rosidl_typesupport_fastrtps_c
[3.412s] [01m[K/home/flug/Documents/colcon_ws/src/delta_robot_serial/src/ikin_server.cpp:[m[K In function ‘[01m[Kvoid[01;32m[K callback[m[K(const std::shared_ptr<delta_robot_serial::srv::Ikin_Request_<std::allocator<void> > >&, const std::shared_ptr<delta_robot_serial::srv::Ikin_Response_<std::allocator<void> > >&)[m[K’:
[3.412s] [01m[K/home/flug/Documents/colcon_ws/src/delta_robot_serial/src/ikin_server.cpp:71:10:[m[K [01;31m[Kerror: [m[K‘[01m[Kusing std::__shared_ptr_access<delta_robot_serial::srv::Ikin_Response_<std::allocator<void> >, __gnu_cxx::_S_atomic, false, false>::element_type = struct delta_robot_serial::srv::Ikin_Response_<std::allocator<void> >[m[K’ {aka ‘[01m[Kstruct delta_robot_serial::srv::Ikin_Response_<std::allocator<void> >[m[K’} has no member named ‘[01m[Kphi_12[m[K’; did you mean ‘[01m[Kphi_11[m[K’?
[3.412s]    71 |     res->[01;31m[Kphi_12[m[K = phi_2[0];
[3.412s]       |          [01;31m[K^~~~~~[m[K
[3.413s]       |          [32m[Kphi_11[m[K
[3.413s] [01m[K/home/flug/Documents/colcon_ws/src/delta_robot_serial/src/ikin_server.cpp:72:10:[m[K [01;31m[Kerror: [m[K‘[01m[Kusing std::__shared_ptr_access<delta_robot_serial::srv::Ikin_Response_<std::allocator<void> >, __gnu_cxx::_S_atomic, false, false>::element_type = struct delta_robot_serial::srv::Ikin_Response_<std::allocator<void> >[m[K’ {aka ‘[01m[Kstruct delta_robot_serial::srv::Ikin_Response_<std::allocator<void> >[m[K’} has no member named ‘[01m[Kphi_13[m[K’; did you mean ‘[01m[Kphi_11[m[K’?
[3.413s]    72 |     res->[01;31m[Kphi_13[m[K = phi_3[0];
[3.413s]       |          [01;31m[K^~~~~~[m[K
[3.413s]       |          [32m[Kphi_11[m[K
[4.147s] gmake[2]: *** [CMakeFiles/ikin_server.dir/build.make:76: CMakeFiles/ikin_server.dir/src/ikin_server.cpp.o] Error 1
[4.147s] gmake[1]: *** [CMakeFiles/Makefile2:700: CMakeFiles/ikin_server.dir/all] Error 2
[4.147s] gmake: *** [Makefile:146: all] Error 2
[4.149s] Invoked command in '/home/flug/Documents/colcon_ws/build/delta_robot_serial' returned '2': CMAKE_PREFIX_PATH=/home/flug/Documents/colcon_ws/install/serial:/home/flug/Documents/colcon_ws/install/delta_robot_serial:/home/flug/Documents/colcon_ws/install/delta_robot_description:/opt/ros/jazzy/opt/gz_math_vendor:/opt/ros/jazzy/opt/gz_utils_vendor:/opt/ros/jazzy/opt/gz_cmake_vendor:/opt/ros/jazzy DEBUGINFOD_URLS=https://debuginfod.ubuntu.com LD_LIBRARY_PATH=/home/flug/Documents/colcon_ws/install/serial/lib:/home/flug/Documents/colcon_ws/install/delta_robot_serial/lib:/opt/ros/jazzy/opt/rviz_ogre_vendor/lib:/opt/ros/jazzy/lib/x86_64-linux-gnu:/opt/ros/jazzy/opt/gz_math_vendor/lib:/opt/ros/jazzy/opt/gz_utils_vendor/lib:/opt/ros/jazzy/opt/gz_cmake_vendor/lib:/opt/ros/jazzy/lib /usr/bin/cmake --build /home/flug/Documents/colcon_ws/build/delta_robot_serial -- -j16 -l16
