[0.008s] Invoking command in '/home/flug/Documents/colcon_ws/build/delta_robot_serial': AMENT_PREFIX_PATH=/home/flug/Documents/colcon_ws/install/serial:${AMENT_PREFIX_PATH} CMAKE_PREFIX_PATH=/home/flug/Documents/colcon_ws/install/serial:/opt/ros/jazzy/opt/gz_math_vendor:/opt/ros/jazzy/opt/gz_utils_vendor:/opt/ros/jazzy/opt/gz_cmake_vendor:/opt/ros/jazzy DEBUGINFOD_URLS=https://debuginfod.ubuntu.com LD_LIBRARY_PATH=/home/flug/Documents/colcon_ws/install/serial/lib:${LD_LIBRARY_PATH} /usr/bin/cmake --build /home/flug/Documents/colcon_ws/build/delta_robot_serial -- -j16 -l16
[0.045s] [  1%] Built target delta_robot_serial__rosidl_generator_type_description
[0.045s] [  3%] Built target delta_robot_serial__rs
[0.049s] [  7%] Building CXX object CMakeFiles/pseudo_arduino.dir/src/pseudo_arduino.cpp.o
[0.049s] [  9%] Built target trajPlan_action_server
[0.051s] [  9%] Built target ament_cmake_python_copy_delta_robot_serial
[0.051s] [ 12%] Built target delta_joint_pub
[0.058s] [ 14%] Built target delta_robot_serial__cpp
[0.058s] [ 29%] Built target delta_robot_serial__rosidl_generator_c
[0.074s] [ 50%] Built target delta_robot_serial__rosidl_typesupport_fastrtps_c
[0.074s] [ 50%] Built target delta_robot_serial__rosidl_typesupport_c
[0.075s] [ 50%] Built target delta_robot_serial__rosidl_typesupport_introspection_c
[0.075s] [ 58%] Built target delta_robot_serial__rosidl_typesupport_fastrtps_cpp
[0.075s] [ 65%] Built target delta_robot_serial__rosidl_typesupport_introspection_cpp
[0.075s] [ 72%] Built target delta_robot_serial__rosidl_typesupport_cpp
[0.089s] [ 72%] Built target delta_robot_serial
[0.095s] [ 76%] Built target ikin_server
[0.099s] [ 80%] Built target trajPlan_actionServer
[0.102s] [ 81%] Built target delta_robot_serial__py
[0.118s] [ 87%] Built target delta_robot_serial__rosidl_generator_py
[0.134s] [ 98%] Built target delta_robot_serial_s__rosidl_typesupport_fastrtps_c
[0.134s] [ 98%] Built target delta_robot_serial_s__rosidl_typesupport_introspection_c
[0.134s] [ 98%] Built target delta_robot_serial_s__rosidl_typesupport_c
[0.217s] running egg_info
[0.232s] writing delta_robot_serial.egg-info/PKG-INFO
[0.232s] writing dependency_links to delta_robot_serial.egg-info/dependency_links.txt
[0.232s] writing top-level names to delta_robot_serial.egg-info/top_level.txt
[0.280s] reading manifest file 'delta_robot_serial.egg-info/SOURCES.txt'
[0.281s] writing manifest file 'delta_robot_serial.egg-info/SOURCES.txt'
[0.301s] [ 98%] Built target ament_cmake_python_build_delta_robot_serial_egg
[2.173s] [100%] Linking CXX executable pseudo_arduino
[2.255s] [100%] Built target pseudo_arduino
[2.263s] Invoked command in '/home/flug/Documents/colcon_ws/build/delta_robot_serial' returned '0': AMENT_PREFIX_PATH=/home/flug/Documents/colcon_ws/install/serial:${AMENT_PREFIX_PATH} CMAKE_PREFIX_PATH=/home/flug/Documents/colcon_ws/install/serial:/opt/ros/jazzy/opt/gz_math_vendor:/opt/ros/jazzy/opt/gz_utils_vendor:/opt/ros/jazzy/opt/gz_cmake_vendor:/opt/ros/jazzy DEBUGINFOD_URLS=https://debuginfod.ubuntu.com LD_LIBRARY_PATH=/home/flug/Documents/colcon_ws/install/serial/lib:${LD_LIBRARY_PATH} /usr/bin/cmake --build /home/flug/Documents/colcon_ws/build/delta_robot_serial -- -j16 -l16
[2.270s] Invoking command in '/home/flug/Documents/colcon_ws/build/delta_robot_serial': AMENT_PREFIX_PATH=/home/flug/Documents/colcon_ws/install/serial:${AMENT_PREFIX_PATH} CMAKE_PREFIX_PATH=/home/flug/Documents/colcon_ws/install/serial:/opt/ros/jazzy/opt/gz_math_vendor:/opt/ros/jazzy/opt/gz_utils_vendor:/opt/ros/jazzy/opt/gz_cmake_vendor:/opt/ros/jazzy DEBUGINFOD_URLS=https://debuginfod.ubuntu.com LD_LIBRARY_PATH=/home/flug/Documents/colcon_ws/install/serial/lib:${LD_LIBRARY_PATH} /usr/bin/cmake --install /home/flug/Documents/colcon_ws/build/delta_robot_serial
[2.276s] -- Install configuration: ""
[2.276s] -- Up-to-date: /home/flug/Documents/colcon_ws/install/delta_robot_serial/share/ament_index/resource_index/rosidl_interfaces/delta_robot_serial
[2.276s] -- Up-to-date: /home/flug/Documents/colcon_ws/install/delta_robot_serial/share/delta_robot_serial/srv/Ikin.json
[2.276s] -- Up-to-date: /home/flug/Documents/colcon_ws/install/delta_robot_serial/share/delta_robot_serial/action/PosTraj.json
[2.276s] -- Up-to-date: /home/flug/Documents/colcon_ws/install/delta_robot_serial/include/delta_robot_serial/delta_robot_serial
[2.276s] -- Up-to-date: /home/flug/Documents/colcon_ws/install/delta_robot_serial/include/delta_robot_serial/delta_robot_serial/action
[2.277s] -- Up-to-date: /home/flug/Documents/colcon_ws/install/delta_robot_serial/include/delta_robot_serial/delta_robot_serial/action/detail
[2.277s] -- Up-to-date: /home/flug/Documents/colcon_ws/install/delta_robot_serial/include/delta_robot_serial/delta_robot_serial/action/detail/pos_traj__type_support.h
[2.277s] -- Up-to-date: /home/flug/Documents/colcon_ws/install/delta_robot_serial/include/delta_robot_serial/delta_robot_serial/action/detail/pos_traj__struct.h
[2.277s] -- Up-to-date: /home/flug/Documents/colcon_ws/install/delta_robot_serial/include/delta_robot_serial/delta_robot_serial/action/detail/pos_traj__functions.c
[2.277s] -- Up-to-date: /home/flug/Documents/colcon_ws/install/delta_robot_serial/include/delta_robot_serial/delta_robot_serial/action/detail/pos_traj__type_support.c
[2.277s] -- Up-to-date: /home/flug/Documents/colcon_ws/install/delta_robot_serial/include/delta_robot_serial/delta_robot_serial/action/detail/pos_traj__functions.h
[2.277s] -- Up-to-date: /home/flug/Documents/colcon_ws/install/delta_robot_serial/include/delta_robot_serial/delta_robot_serial/action/detail/pos_traj__description.c
[2.277s] -- Up-to-date: /home/flug/Documents/colcon_ws/install/delta_robot_serial/include/delta_robot_serial/delta_robot_serial/action/pos_traj.h
[2.277s] -- Up-to-date: /home/flug/Documents/colcon_ws/install/delta_robot_serial/include/delta_robot_serial/delta_robot_serial/srv
[2.277s] -- Up-to-date: /home/flug/Documents/colcon_ws/install/delta_robot_serial/include/delta_robot_serial/delta_robot_serial/srv/detail
[2.278s] -- Up-to-date: /home/flug/Documents/colcon_ws/install/delta_robot_serial/include/delta_robot_serial/delta_robot_serial/srv/detail/ikin__type_support.h
[2.278s] -- Up-to-date: /home/flug/Documents/colcon_ws/install/delta_robot_serial/include/delta_robot_serial/delta_robot_serial/srv/detail/ikin__struct.h
[2.278s] -- Up-to-date: /home/flug/Documents/colcon_ws/install/delta_robot_serial/include/delta_robot_serial/delta_robot_serial/srv/detail/ikin__type_support.c
[2.278s] -- Up-to-date: /home/flug/Documents/colcon_ws/install/delta_robot_serial/include/delta_robot_serial/delta_robot_serial/srv/detail/ikin__functions.c
[2.278s] -- Up-to-date: /home/flug/Documents/colcon_ws/install/delta_robot_serial/include/delta_robot_serial/delta_robot_serial/srv/detail/ikin__description.c
[2.278s] -- Up-to-date: /home/flug/Documents/colcon_ws/install/delta_robot_serial/include/delta_robot_serial/delta_robot_serial/srv/detail/ikin__functions.h
[2.278s] -- Up-to-date: /home/flug/Documents/colcon_ws/install/delta_robot_serial/include/delta_robot_serial/delta_robot_serial/srv/ikin.h
[2.278s] -- Up-to-date: /home/flug/Documents/colcon_ws/install/delta_robot_serial/include/delta_robot_serial/delta_robot_serial/msg
[2.278s] -- Up-to-date: /home/flug/Documents/colcon_ws/install/delta_robot_serial/include/delta_robot_serial/delta_robot_serial/msg/rosidl_generator_c__visibility_control.h
[2.278s] -- Up-to-date: /home/flug/Documents/colcon_ws/install/delta_robot_serial/share/delta_robot_serial/environment/library_path.sh
[2.278s] -- Up-to-date: /home/flug/Documents/colcon_ws/install/delta_robot_serial/share/delta_robot_serial/environment/library_path.dsv
[2.278s] -- Up-to-date: /home/flug/Documents/colcon_ws/install/delta_robot_serial/lib/libdelta_robot_serial__rosidl_generator_c.so
[2.279s] -- Up-to-date: /home/flug/Documents/colcon_ws/install/delta_robot_serial/include/delta_robot_serial/delta_robot_serial
[2.279s] -- Up-to-date: /home/flug/Documents/colcon_ws/install/delta_robot_serial/include/delta_robot_serial/delta_robot_serial/action
[2.279s] -- Up-to-date: /home/flug/Documents/colcon_ws/install/delta_robot_serial/include/delta_robot_serial/delta_robot_serial/action/detail
[2.279s] -- Up-to-date: /home/flug/Documents/colcon_ws/install/delta_robot_serial/include/delta_robot_serial/delta_robot_serial/action/detail/pos_traj__rosidl_typesupport_fastrtps_c.h
[2.279s] -- Up-to-date: /home/flug/Documents/colcon_ws/install/delta_robot_serial/include/delta_robot_serial/delta_robot_serial/srv
[2.279s] -- Up-to-date: /home/flug/Documents/colcon_ws/install/delta_robot_serial/include/delta_robot_serial/delta_robot_serial/srv/detail
[2.279s] -- Up-to-date: /home/flug/Documents/colcon_ws/install/delta_robot_serial/include/delta_robot_serial/delta_robot_serial/srv/detail/ikin__rosidl_typesupport_fastrtps_c.h
[2.279s] -- Up-to-date: /home/flug/Documents/colcon_ws/install/delta_robot_serial/include/delta_robot_serial/delta_robot_serial/msg
[2.279s] -- Up-to-date: /home/flug/Documents/colcon_ws/install/delta_robot_serial/include/delta_robot_serial/delta_robot_serial/msg/rosidl_typesupport_fastrtps_c__visibility_control.h
[2.279s] -- Up-to-date: /home/flug/Documents/colcon_ws/install/delta_robot_serial/lib/libdelta_robot_serial__rosidl_typesupport_fastrtps_c.so
[2.279s] -- Up-to-date: /home/flug/Documents/colcon_ws/install/delta_robot_serial/include/delta_robot_serial/delta_robot_serial
[2.279s] -- Up-to-date: /home/flug/Documents/colcon_ws/install/delta_robot_serial/include/delta_robot_serial/delta_robot_serial/action
[2.279s] -- Up-to-date: /home/flug/Documents/colcon_ws/install/delta_robot_serial/include/delta_robot_serial/delta_robot_serial/action/pos_traj.hpp
[2.279s] -- Up-to-date: /home/flug/Documents/colcon_ws/install/delta_robot_serial/include/delta_robot_serial/delta_robot_serial/action/detail
[2.279s] -- Up-to-date: /home/flug/Documents/colcon_ws/install/delta_robot_serial/include/delta_robot_serial/delta_robot_serial/action/detail/pos_traj__builder.hpp
[2.279s] -- Up-to-date: /home/flug/Documents/colcon_ws/install/delta_robot_serial/include/delta_robot_serial/delta_robot_serial/action/detail/pos_traj__traits.hpp
[2.279s] -- Up-to-date: /home/flug/Documents/colcon_ws/install/delta_robot_serial/include/delta_robot_serial/delta_robot_serial/action/detail/pos_traj__type_support.hpp
[2.280s] -- Up-to-date: /home/flug/Documents/colcon_ws/install/delta_robot_serial/include/delta_robot_serial/delta_robot_serial/action/detail/pos_traj__struct.hpp
[2.280s] -- Up-to-date: /home/flug/Documents/colcon_ws/install/delta_robot_serial/include/delta_robot_serial/delta_robot_serial/srv
[2.280s] -- Up-to-date: /home/flug/Documents/colcon_ws/install/delta_robot_serial/include/delta_robot_serial/delta_robot_serial/srv/ikin.hpp
[2.280s] -- Up-to-date: /home/flug/Documents/colcon_ws/install/delta_robot_serial/include/delta_robot_serial/delta_robot_serial/srv/detail
[2.280s] -- Up-to-date: /home/flug/Documents/colcon_ws/install/delta_robot_serial/include/delta_robot_serial/delta_robot_serial/srv/detail/ikin__builder.hpp
[2.280s] -- Up-to-date: /home/flug/Documents/colcon_ws/install/delta_robot_serial/include/delta_robot_serial/delta_robot_serial/srv/detail/ikin__type_support.hpp
[2.280s] -- Up-to-date: /home/flug/Documents/colcon_ws/install/delta_robot_serial/include/delta_robot_serial/delta_robot_serial/srv/detail/ikin__struct.hpp
[2.280s] -- Up-to-date: /home/flug/Documents/colcon_ws/install/delta_robot_serial/include/delta_robot_serial/delta_robot_serial/srv/detail/ikin__traits.hpp
[2.280s] -- Up-to-date: /home/flug/Documents/colcon_ws/install/delta_robot_serial/include/delta_robot_serial/delta_robot_serial/msg
[2.280s] -- Up-to-date: /home/flug/Documents/colcon_ws/install/delta_robot_serial/include/delta_robot_serial/delta_robot_serial/msg/rosidl_generator_cpp__visibility_control.hpp
[2.280s] -- Up-to-date: /home/flug/Documents/colcon_ws/install/delta_robot_serial/include/delta_robot_serial/delta_robot_serial
[2.280s] -- Up-to-date: /home/flug/Documents/colcon_ws/install/delta_robot_serial/include/delta_robot_serial/delta_robot_serial/action
[2.280s] -- Up-to-date: /home/flug/Documents/colcon_ws/install/delta_robot_serial/include/delta_robot_serial/delta_robot_serial/action/detail
[2.280s] -- Up-to-date: /home/flug/Documents/colcon_ws/install/delta_robot_serial/include/delta_robot_serial/delta_robot_serial/action/detail/dds_fastrtps
[2.280s] -- Up-to-date: /home/flug/Documents/colcon_ws/install/delta_robot_serial/include/delta_robot_serial/delta_robot_serial/action/detail/pos_traj__rosidl_typesupport_fastrtps_cpp.hpp
[2.280s] -- Up-to-date: /home/flug/Documents/colcon_ws/install/delta_robot_serial/include/delta_robot_serial/delta_robot_serial/srv
[2.281s] -- Up-to-date: /home/flug/Documents/colcon_ws/install/delta_robot_serial/include/delta_robot_serial/delta_robot_serial/srv/detail
[2.281s] -- Up-to-date: /home/flug/Documents/colcon_ws/install/delta_robot_serial/include/delta_robot_serial/delta_robot_serial/srv/detail/dds_fastrtps
[2.281s] -- Up-to-date: /home/flug/Documents/colcon_ws/install/delta_robot_serial/include/delta_robot_serial/delta_robot_serial/srv/detail/ikin__rosidl_typesupport_fastrtps_cpp.hpp
[2.281s] -- Up-to-date: /home/flug/Documents/colcon_ws/install/delta_robot_serial/include/delta_robot_serial/delta_robot_serial/msg
[2.281s] -- Up-to-date: /home/flug/Documents/colcon_ws/install/delta_robot_serial/include/delta_robot_serial/delta_robot_serial/msg/rosidl_typesupport_fastrtps_cpp__visibility_control.h
[2.281s] -- Up-to-date: /home/flug/Documents/colcon_ws/install/delta_robot_serial/lib/libdelta_robot_serial__rosidl_typesupport_fastrtps_cpp.so
[2.281s] -- Up-to-date: /home/flug/Documents/colcon_ws/install/delta_robot_serial/include/delta_robot_serial/delta_robot_serial
[2.281s] -- Up-to-date: /home/flug/Documents/colcon_ws/install/delta_robot_serial/include/delta_robot_serial/delta_robot_serial/action
[2.281s] -- Up-to-date: /home/flug/Documents/colcon_ws/install/delta_robot_serial/include/delta_robot_serial/delta_robot_serial/action/detail
[2.281s] -- Up-to-date: /home/flug/Documents/colcon_ws/install/delta_robot_serial/include/delta_robot_serial/delta_robot_serial/action/detail/pos_traj__rosidl_typesupport_introspection_c.h
[2.281s] -- Up-to-date: /home/flug/Documents/colcon_ws/install/delta_robot_serial/include/delta_robot_serial/delta_robot_serial/action/detail/pos_traj__type_support.c
[2.281s] -- Up-to-date: /home/flug/Documents/colcon_ws/install/delta_robot_serial/include/delta_robot_serial/delta_robot_serial/srv
[2.281s] -- Up-to-date: /home/flug/Documents/colcon_ws/install/delta_robot_serial/include/delta_robot_serial/delta_robot_serial/srv/detail
[2.281s] -- Up-to-date: /home/flug/Documents/colcon_ws/install/delta_robot_serial/include/delta_robot_serial/delta_robot_serial/srv/detail/ikin__rosidl_typesupport_introspection_c.h
[2.281s] -- Up-to-date: /home/flug/Documents/colcon_ws/install/delta_robot_serial/include/delta_robot_serial/delta_robot_serial/srv/detail/ikin__type_support.c
[2.281s] -- Up-to-date: /home/flug/Documents/colcon_ws/install/delta_robot_serial/include/delta_robot_serial/delta_robot_serial/msg
[2.281s] -- Up-to-date: /home/flug/Documents/colcon_ws/install/delta_robot_serial/include/delta_robot_serial/delta_robot_serial/msg/rosidl_typesupport_introspection_c__visibility_control.h
[2.281s] -- Up-to-date: /home/flug/Documents/colcon_ws/install/delta_robot_serial/lib/libdelta_robot_serial__rosidl_typesupport_introspection_c.so
[2.281s] -- Up-to-date: /home/flug/Documents/colcon_ws/install/delta_robot_serial/lib/libdelta_robot_serial__rosidl_typesupport_c.so
[2.281s] -- Up-to-date: /home/flug/Documents/colcon_ws/install/delta_robot_serial/include/delta_robot_serial/delta_robot_serial
[2.282s] -- Up-to-date: /home/flug/Documents/colcon_ws/install/delta_robot_serial/include/delta_robot_serial/delta_robot_serial/action
[2.282s] -- Up-to-date: /home/flug/Documents/colcon_ws/install/delta_robot_serial/include/delta_robot_serial/delta_robot_serial/action/detail
[2.282s] -- Up-to-date: /home/flug/Documents/colcon_ws/install/delta_robot_serial/include/delta_robot_serial/delta_robot_serial/action/detail/pos_traj__rosidl_typesupport_introspection_cpp.hpp
[2.282s] -- Up-to-date: /home/flug/Documents/colcon_ws/install/delta_robot_serial/include/delta_robot_serial/delta_robot_serial/action/detail/pos_traj__type_support.cpp
[2.282s] -- Up-to-date: /home/flug/Documents/colcon_ws/install/delta_robot_serial/include/delta_robot_serial/delta_robot_serial/srv
[2.282s] -- Up-to-date: /home/flug/Documents/colcon_ws/install/delta_robot_serial/include/delta_robot_serial/delta_robot_serial/srv/detail
[2.282s] -- Up-to-date: /home/flug/Documents/colcon_ws/install/delta_robot_serial/include/delta_robot_serial/delta_robot_serial/srv/detail/ikin__rosidl_typesupport_introspection_cpp.hpp
[2.282s] -- Up-to-date: /home/flug/Documents/colcon_ws/install/delta_robot_serial/include/delta_robot_serial/delta_robot_serial/srv/detail/ikin__type_support.cpp
[2.282s] -- Up-to-date: /home/flug/Documents/colcon_ws/install/delta_robot_serial/lib/libdelta_robot_serial__rosidl_typesupport_introspection_cpp.so
[2.282s] -- Up-to-date: /home/flug/Documents/colcon_ws/install/delta_robot_serial/lib/libdelta_robot_serial__rosidl_typesupport_cpp.so
[2.282s] -- Up-to-date: /home/flug/Documents/colcon_ws/install/delta_robot_serial/share/delta_robot_serial/environment/pythonpath.sh
[2.282s] -- Up-to-date: /home/flug/Documents/colcon_ws/install/delta_robot_serial/share/delta_robot_serial/environment/pythonpath.dsv
[2.282s] -- Up-to-date: /home/flug/Documents/colcon_ws/install/delta_robot_serial/lib/python3.12/site-packages/delta_robot_serial-0.0.0-py3.12.egg-info
[2.282s] -- Installing: /home/flug/Documents/colcon_ws/install/delta_robot_serial/lib/python3.12/site-packages/delta_robot_serial-0.0.0-py3.12.egg-info/top_level.txt
[2.282s] -- Installing: /home/flug/Documents/colcon_ws/install/delta_robot_serial/lib/python3.12/site-packages/delta_robot_serial-0.0.0-py3.12.egg-info/SOURCES.txt
[2.282s] -- Installing: /home/flug/Documents/colcon_ws/install/delta_robot_serial/lib/python3.12/site-packages/delta_robot_serial-0.0.0-py3.12.egg-info/dependency_links.txt
[2.282s] -- Installing: /home/flug/Documents/colcon_ws/install/delta_robot_serial/lib/python3.12/site-packages/delta_robot_serial-0.0.0-py3.12.egg-info/PKG-INFO
[2.282s] -- Up-to-date: /home/flug/Documents/colcon_ws/install/delta_robot_serial/lib/python3.12/site-packages/delta_robot_serial
[2.282s] -- Up-to-date: /home/flug/Documents/colcon_ws/install/delta_robot_serial/lib/python3.12/site-packages/delta_robot_serial/action
[2.282s] -- Up-to-date: /home/flug/Documents/colcon_ws/install/delta_robot_serial/lib/python3.12/site-packages/delta_robot_serial/action/_pos_traj.py
[2.282s] -- Up-to-date: /home/flug/Documents/colcon_ws/install/delta_robot_serial/lib/python3.12/site-packages/delta_robot_serial/action/_pos_traj_s.c
[2.283s] -- Up-to-date: /home/flug/Documents/colcon_ws/install/delta_robot_serial/lib/python3.12/site-packages/delta_robot_serial/action/__init__.py
[2.283s] -- Up-to-date: /home/flug/Documents/colcon_ws/install/delta_robot_serial/lib/python3.12/site-packages/delta_robot_serial/srv
[2.283s] -- Up-to-date: /home/flug/Documents/colcon_ws/install/delta_robot_serial/lib/python3.12/site-packages/delta_robot_serial/srv/_ikin.py
[2.283s] -- Up-to-date: /home/flug/Documents/colcon_ws/install/delta_robot_serial/lib/python3.12/site-packages/delta_robot_serial/srv/__init__.py
[2.283s] -- Up-to-date: /home/flug/Documents/colcon_ws/install/delta_robot_serial/lib/python3.12/site-packages/delta_robot_serial/srv/_ikin_s.c
[2.283s] -- Up-to-date: /home/flug/Documents/colcon_ws/install/delta_robot_serial/lib/python3.12/site-packages/delta_robot_serial/delta_robot_serial_s__rosidl_typesupport_introspection_c.so
[2.283s] -- Up-to-date: /home/flug/Documents/colcon_ws/install/delta_robot_serial/lib/python3.12/site-packages/delta_robot_serial/delta_robot_serial_s__rosidl_typesupport_c.so
[2.283s] -- Up-to-date: /home/flug/Documents/colcon_ws/install/delta_robot_serial/lib/python3.12/site-packages/delta_robot_serial/__init__.py
[2.283s] -- Up-to-date: /home/flug/Documents/colcon_ws/install/delta_robot_serial/lib/python3.12/site-packages/delta_robot_serial/delta_robot_serial_s__rosidl_typesupport_fastrtps_c.so
[2.283s] -- Up-to-date: /home/flug/Documents/colcon_ws/install/delta_robot_serial/lib/python3.12/site-packages/delta_robot_serial/_delta_robot_serial_s.ep.rosidl_typesupport_fastrtps_c.c
[2.283s] -- Up-to-date: /home/flug/Documents/colcon_ws/install/delta_robot_serial/lib/python3.12/site-packages/delta_robot_serial/_delta_robot_serial_s.ep.rosidl_typesupport_introspection_c.c
[2.283s] -- Up-to-date: /home/flug/Documents/colcon_ws/install/delta_robot_serial/lib/python3.12/site-packages/delta_robot_serial/_delta_robot_serial_s.ep.rosidl_typesupport_c.c
[2.305s] Listing '/home/flug/Documents/colcon_ws/install/delta_robot_serial/lib/python3.12/site-packages/delta_robot_serial'...
[2.305s] Listing '/home/flug/Documents/colcon_ws/install/delta_robot_serial/lib/python3.12/site-packages/delta_robot_serial/action'...
[2.305s] Listing '/home/flug/Documents/colcon_ws/install/delta_robot_serial/lib/python3.12/site-packages/delta_robot_serial/srv'...
[2.309s] -- Up-to-date: /home/flug/Documents/colcon_ws/install/delta_robot_serial/lib/python3.12/site-packages/delta_robot_serial/delta_robot_serial_s__rosidl_typesupport_fastrtps_c.so
[2.310s] -- Up-to-date: /home/flug/Documents/colcon_ws/install/delta_robot_serial/lib/python3.12/site-packages/delta_robot_serial/delta_robot_serial_s__rosidl_typesupport_introspection_c.so
[2.310s] -- Up-to-date: /home/flug/Documents/colcon_ws/install/delta_robot_serial/lib/python3.12/site-packages/delta_robot_serial/delta_robot_serial_s__rosidl_typesupport_c.so
[2.310s] -- Up-to-date: /home/flug/Documents/colcon_ws/install/delta_robot_serial/lib/libdelta_robot_serial__rosidl_generator_py.so
[2.310s] -- Up-to-date: /home/flug/Documents/colcon_ws/install/delta_robot_serial/share/ament_index/resource_index/rust_packages/delta_robot_serial
[2.310s] -- Up-to-date: /home/flug/Documents/colcon_ws/install/delta_robot_serial/share/delta_robot_serial/rust
[2.310s] -- Up-to-date: /home/flug/Documents/colcon_ws/install/delta_robot_serial/share/delta_robot_serial/rust/Cargo.toml
[2.311s] -- Up-to-date: /home/flug/Documents/colcon_ws/install/delta_robot_serial/share/delta_robot_serial/rust/build.rs
[2.311s] -- Up-to-date: /home/flug/Documents/colcon_ws/install/delta_robot_serial/share/delta_robot_serial/rust/src
[2.311s] -- Up-to-date: /home/flug/Documents/colcon_ws/install/delta_robot_serial/share/delta_robot_serial/rust/src/action
[2.311s] -- Up-to-date: /home/flug/Documents/colcon_ws/install/delta_robot_serial/share/delta_robot_serial/rust/src/action/rmw.rs
[2.311s] -- Up-to-date: /home/flug/Documents/colcon_ws/install/delta_robot_serial/share/delta_robot_serial/rust/src/srv
[2.311s] -- Up-to-date: /home/flug/Documents/colcon_ws/install/delta_robot_serial/share/delta_robot_serial/rust/src/srv/rmw.rs
[2.311s] -- Up-to-date: /home/flug/Documents/colcon_ws/install/delta_robot_serial/share/delta_robot_serial/rust/src/lib.rs
[2.311s] -- Up-to-date: /home/flug/Documents/colcon_ws/install/delta_robot_serial/share/delta_robot_serial/rust/src/srv.rs
[2.311s] -- Up-to-date: /home/flug/Documents/colcon_ws/install/delta_robot_serial/share/delta_robot_serial/rust/src/action.rs
[2.311s] -- Up-to-date: /home/flug/Documents/colcon_ws/install/delta_robot_serial/share/delta_robot_serial/srv/Ikin.idl
[2.311s] -- Up-to-date: /home/flug/Documents/colcon_ws/install/delta_robot_serial/share/delta_robot_serial/action/PosTraj.idl
[2.311s] -- Up-to-date: /home/flug/Documents/colcon_ws/install/delta_robot_serial/share/delta_robot_serial/srv/Ikin.srv
[2.311s] -- Up-to-date: /home/flug/Documents/colcon_ws/install/delta_robot_serial/share/delta_robot_serial/action/PosTraj.action
[2.311s] -- Installing: /home/flug/Documents/colcon_ws/install/delta_robot_serial/lib/delta_robot_serial/pseudo_arduino
[2.312s] -- Set non-toolchain portion of runtime path of "/home/flug/Documents/colcon_ws/install/delta_robot_serial/lib/delta_robot_serial/pseudo_arduino" to ""
[2.312s] -- Up-to-date: /home/flug/Documents/colcon_ws/install/delta_robot_serial/lib/delta_robot_serial/delta_joint_pub
[2.312s] -- Up-to-date: /home/flug/Documents/colcon_ws/install/delta_robot_serial/lib/delta_robot_serial/ikin_server
[2.312s] -- Up-to-date: /home/flug/Documents/colcon_ws/install/delta_robot_serial/lib/delta_robot_serial/trajPlan_action_server
[2.313s] -- Up-to-date: /home/flug/Documents/colcon_ws/install/delta_robot_serial/lib/libtrajPlan_actionServer.so
[2.313s] -- Up-to-date: /home/flug/Documents/colcon_ws/install/delta_robot_serial/share/ament_index/resource_index/package_run_dependencies/delta_robot_serial
[2.313s] -- Up-to-date: /home/flug/Documents/colcon_ws/install/delta_robot_serial/share/ament_index/resource_index/parent_prefix_path/delta_robot_serial
[2.313s] -- Up-to-date: /home/flug/Documents/colcon_ws/install/delta_robot_serial/share/delta_robot_serial/environment/ament_prefix_path.sh
[2.313s] -- Up-to-date: /home/flug/Documents/colcon_ws/install/delta_robot_serial/share/delta_robot_serial/environment/ament_prefix_path.dsv
[2.313s] -- Up-to-date: /home/flug/Documents/colcon_ws/install/delta_robot_serial/share/delta_robot_serial/environment/path.sh
[2.313s] -- Up-to-date: /home/flug/Documents/colcon_ws/install/delta_robot_serial/share/delta_robot_serial/environment/path.dsv
[2.313s] -- Up-to-date: /home/flug/Documents/colcon_ws/install/delta_robot_serial/share/delta_robot_serial/local_setup.bash
[2.314s] -- Up-to-date: /home/flug/Documents/colcon_ws/install/delta_robot_serial/share/delta_robot_serial/local_setup.sh
[2.314s] -- Up-to-date: /home/flug/Documents/colcon_ws/install/delta_robot_serial/share/delta_robot_serial/local_setup.zsh
[2.314s] -- Up-to-date: /home/flug/Documents/colcon_ws/install/delta_robot_serial/share/delta_robot_serial/local_setup.dsv
[2.314s] -- Installing: /home/flug/Documents/colcon_ws/install/delta_robot_serial/share/delta_robot_serial/package.dsv
[2.314s] -- Up-to-date: /home/flug/Documents/colcon_ws/install/delta_robot_serial/share/ament_index/resource_index/packages/delta_robot_serial
[2.314s] -- Up-to-date: /home/flug/Documents/colcon_ws/install/delta_robot_serial/share/ament_index/resource_index/rclcpp_components/delta_robot_serial
[2.314s] -- Up-to-date: /home/flug/Documents/colcon_ws/install/delta_robot_serial/share/delta_robot_serial/cmake/export_delta_robot_serial__rosidl_generator_cExport.cmake
[2.314s] -- Up-to-date: /home/flug/Documents/colcon_ws/install/delta_robot_serial/share/delta_robot_serial/cmake/export_delta_robot_serial__rosidl_generator_cExport-noconfig.cmake
[2.314s] -- Up-to-date: /home/flug/Documents/colcon_ws/install/delta_robot_serial/share/delta_robot_serial/cmake/export_delta_robot_serial__rosidl_typesupport_fastrtps_cExport.cmake
[2.314s] -- Up-to-date: /home/flug/Documents/colcon_ws/install/delta_robot_serial/share/delta_robot_serial/cmake/export_delta_robot_serial__rosidl_typesupport_fastrtps_cExport-noconfig.cmake
[2.314s] -- Up-to-date: /home/flug/Documents/colcon_ws/install/delta_robot_serial/share/delta_robot_serial/cmake/export_delta_robot_serial__rosidl_generator_cppExport.cmake
[2.314s] -- Up-to-date: /home/flug/Documents/colcon_ws/install/delta_robot_serial/share/delta_robot_serial/cmake/export_delta_robot_serial__rosidl_typesupport_fastrtps_cppExport.cmake
[2.315s] -- Up-to-date: /home/flug/Documents/colcon_ws/install/delta_robot_serial/share/delta_robot_serial/cmake/export_delta_robot_serial__rosidl_typesupport_fastrtps_cppExport-noconfig.cmake
[2.315s] -- Up-to-date: /home/flug/Documents/colcon_ws/install/delta_robot_serial/share/delta_robot_serial/cmake/delta_robot_serial__rosidl_typesupport_introspection_cExport.cmake
[2.315s] -- Up-to-date: /home/flug/Documents/colcon_ws/install/delta_robot_serial/share/delta_robot_serial/cmake/delta_robot_serial__rosidl_typesupport_introspection_cExport-noconfig.cmake
[2.315s] -- Up-to-date: /home/flug/Documents/colcon_ws/install/delta_robot_serial/share/delta_robot_serial/cmake/delta_robot_serial__rosidl_typesupport_cExport.cmake
[2.315s] -- Up-to-date: /home/flug/Documents/colcon_ws/install/delta_robot_serial/share/delta_robot_serial/cmake/delta_robot_serial__rosidl_typesupport_cExport-noconfig.cmake
[2.315s] -- Up-to-date: /home/flug/Documents/colcon_ws/install/delta_robot_serial/share/delta_robot_serial/cmake/delta_robot_serial__rosidl_typesupport_introspection_cppExport.cmake
[2.315s] -- Up-to-date: /home/flug/Documents/colcon_ws/install/delta_robot_serial/share/delta_robot_serial/cmake/delta_robot_serial__rosidl_typesupport_introspection_cppExport-noconfig.cmake
[2.315s] -- Up-to-date: /home/flug/Documents/colcon_ws/install/delta_robot_serial/share/delta_robot_serial/cmake/delta_robot_serial__rosidl_typesupport_cppExport.cmake
[2.316s] -- Up-to-date: /home/flug/Documents/colcon_ws/install/delta_robot_serial/share/delta_robot_serial/cmake/delta_robot_serial__rosidl_typesupport_cppExport-noconfig.cmake
[2.316s] -- Up-to-date: /home/flug/Documents/colcon_ws/install/delta_robot_serial/share/delta_robot_serial/cmake/export_delta_robot_serial__rosidl_generator_pyExport.cmake
[2.316s] -- Up-to-date: /home/flug/Documents/colcon_ws/install/delta_robot_serial/share/delta_robot_serial/cmake/export_delta_robot_serial__rosidl_generator_pyExport-noconfig.cmake
[2.316s] -- Up-to-date: /home/flug/Documents/colcon_ws/install/delta_robot_serial/share/delta_robot_serial/cmake/rosidl_cmake-extras.cmake
[2.316s] -- Up-to-date: /home/flug/Documents/colcon_ws/install/delta_robot_serial/share/delta_robot_serial/cmake/ament_cmake_export_dependencies-extras.cmake
[2.316s] -- Up-to-date: /home/flug/Documents/colcon_ws/install/delta_robot_serial/share/delta_robot_serial/cmake/ament_cmake_export_include_directories-extras.cmake
[2.316s] -- Up-to-date: /home/flug/Documents/colcon_ws/install/delta_robot_serial/share/delta_robot_serial/cmake/ament_cmake_export_libraries-extras.cmake
[2.316s] -- Up-to-date: /home/flug/Documents/colcon_ws/install/delta_robot_serial/share/delta_robot_serial/cmake/ament_cmake_export_targets-extras.cmake
[2.316s] -- Up-to-date: /home/flug/Documents/colcon_ws/install/delta_robot_serial/share/delta_robot_serial/cmake/rosidl_cmake_export_typesupport_targets-extras.cmake
[2.316s] -- Up-to-date: /home/flug/Documents/colcon_ws/install/delta_robot_serial/share/delta_robot_serial/cmake/rosidl_cmake_export_typesupport_libraries-extras.cmake
[2.316s] -- Up-to-date: /home/flug/Documents/colcon_ws/install/delta_robot_serial/share/delta_robot_serial/cmake/rosidl_cmake_aggregate_target-extras.cmake
[2.316s] -- Up-to-date: /home/flug/Documents/colcon_ws/install/delta_robot_serial/share/delta_robot_serial/cmake/delta_robot_serialConfig.cmake
[2.316s] -- Up-to-date: /home/flug/Documents/colcon_ws/install/delta_robot_serial/share/delta_robot_serial/cmake/delta_robot_serialConfig-version.cmake
[2.316s] -- Up-to-date: /home/flug/Documents/colcon_ws/install/delta_robot_serial/share/delta_robot_serial/package.xml
[2.318s] Invoked command in '/home/flug/Documents/colcon_ws/build/delta_robot_serial' returned '0': AMENT_PREFIX_PATH=/home/flug/Documents/colcon_ws/install/serial:${AMENT_PREFIX_PATH} CMAKE_PREFIX_PATH=/home/flug/Documents/colcon_ws/install/serial:/opt/ros/jazzy/opt/gz_math_vendor:/opt/ros/jazzy/opt/gz_utils_vendor:/opt/ros/jazzy/opt/gz_cmake_vendor:/opt/ros/jazzy DEBUGINFOD_URLS=https://debuginfod.ubuntu.com LD_LIBRARY_PATH=/home/flug/Documents/colcon_ws/install/serial/lib:${LD_LIBRARY_PATH} /usr/bin/cmake --install /home/flug/Documents/colcon_ws/build/delta_robot_serial
