[0.006s] Invoking command in '/home/flug/Documents/colcon_ws/build/delta_robot_serial': CMAKE_PREFIX_PATH=/home/flug/Documents/colcon_ws/install/serial:/home/flug/Documents/colcon_ws/install/delta_robot_serial:/home/flug/Documents/colcon_ws/install/delta_robot_description:/opt/ros/jazzy/opt/gz_math_vendor:/opt/ros/jazzy/opt/gz_utils_vendor:/opt/ros/jazzy/opt/gz_cmake_vendor:/opt/ros/jazzy DEBUGINFOD_URLS=https://debuginfod.ubuntu.com LD_LIBRARY_PATH=/home/flug/Documents/colcon_ws/install/serial/lib:/home/flug/Documents/colcon_ws/install/delta_robot_serial/lib:/opt/ros/jazzy/opt/rviz_ogre_vendor/lib:/opt/ros/jazzy/lib/x86_64-linux-gnu:/opt/ros/jazzy/opt/gz_math_vendor/lib:/opt/ros/jazzy/opt/gz_utils_vendor/lib:/opt/ros/jazzy/opt/gz_cmake_vendor/lib:/opt/ros/jazzy/lib /usr/bin/cmake --build /home/flug/Documents/colcon_ws/build/delta_robot_serial -- -j16 -l16
[0.038s] [  1%] Built target delta_robot_serial__rosidl_generator_type_description
[0.038s] [  3%] Built target delta_robot_serial__rs
[0.041s] [  7%] Built target pseudo_arduino
[0.043s] [  7%] Built target ament_cmake_python_copy_delta_robot_serial
[0.044s] [ 10%] Built target trajPlan_action_server
[0.044s] [ 14%] Built target delta_joint_pub
[0.051s] [ 16%] Built target delta_robot_serial__cpp
[0.052s] [ 30%] Built target delta_robot_serial__rosidl_generator_c
[0.067s] [ 41%] Built target delta_robot_serial__rosidl_typesupport_c
[0.067s] [ 45%] Built target delta_robot_serial__rosidl_typesupport_introspection_c
[0.067s] [ 52%] Built target delta_robot_serial__rosidl_typesupport_fastrtps_c
[0.068s] [ 60%] Built target delta_robot_serial__rosidl_typesupport_introspection_cpp
[0.068s] [ 67%] Built target delta_robot_serial__rosidl_typesupport_fastrtps_cpp
[0.069s] [ 74%] Built target delta_robot_serial__rosidl_typesupport_cpp
[0.083s] [ 74%] Built target delta_robot_serial
[0.087s] [ 78%] Built target ikin_server
[0.091s] [ 81%] Built target trajPlan_actionServer
[0.095s] [ 83%] Built target delta_robot_serial__py
[0.110s] [ 89%] Built target delta_robot_serial__rosidl_generator_py
[0.125s] [100%] Built target delta_robot_serial_s__rosidl_typesupport_fastrtps_c
[0.125s] [100%] Built target delta_robot_serial_s__rosidl_typesupport_introspection_c
[0.125s] [100%] Built target delta_robot_serial_s__rosidl_typesupport_c
[0.197s] running egg_info
[0.210s] writing delta_robot_serial.egg-info/PKG-INFO
[0.211s] writing dependency_links to delta_robot_serial.egg-info/dependency_links.txt
[0.211s] writing top-level names to delta_robot_serial.egg-info/top_level.txt
[0.249s] reading manifest file 'delta_robot_serial.egg-info/SOURCES.txt'
[0.250s] writing manifest file 'delta_robot_serial.egg-info/SOURCES.txt'
[0.268s] [100%] Built target ament_cmake_python_build_delta_robot_serial_egg
[0.275s] Invoked command in '/home/flug/Documents/colcon_ws/build/delta_robot_serial' returned '0': CMAKE_PREFIX_PATH=/home/flug/Documents/colcon_ws/install/serial:/home/flug/Documents/colcon_ws/install/delta_robot_serial:/home/flug/Documents/colcon_ws/install/delta_robot_description:/opt/ros/jazzy/opt/gz_math_vendor:/opt/ros/jazzy/opt/gz_utils_vendor:/opt/ros/jazzy/opt/gz_cmake_vendor:/opt/ros/jazzy DEBUGINFOD_URLS=https://debuginfod.ubuntu.com LD_LIBRARY_PATH=/home/flug/Documents/colcon_ws/install/serial/lib:/home/flug/Documents/colcon_ws/install/delta_robot_serial/lib:/opt/ros/jazzy/opt/rviz_ogre_vendor/lib:/opt/ros/jazzy/lib/x86_64-linux-gnu:/opt/ros/jazzy/opt/gz_math_vendor/lib:/opt/ros/jazzy/opt/gz_utils_vendor/lib:/opt/ros/jazzy/opt/gz_cmake_vendor/lib:/opt/ros/jazzy/lib /usr/bin/cmake --build /home/flug/Documents/colcon_ws/build/delta_robot_serial -- -j16 -l16
[0.276s] Invoking command in '/home/flug/Documents/colcon_ws/build/delta_robot_serial': CMAKE_PREFIX_PATH=/home/flug/Documents/colcon_ws/install/serial:/home/flug/Documents/colcon_ws/install/delta_robot_serial:/home/flug/Documents/colcon_ws/install/delta_robot_description:/opt/ros/jazzy/opt/gz_math_vendor:/opt/ros/jazzy/opt/gz_utils_vendor:/opt/ros/jazzy/opt/gz_cmake_vendor:/opt/ros/jazzy DEBUGINFOD_URLS=https://debuginfod.ubuntu.com LD_LIBRARY_PATH=/home/flug/Documents/colcon_ws/install/serial/lib:/home/flug/Documents/colcon_ws/install/delta_robot_serial/lib:/opt/ros/jazzy/opt/rviz_ogre_vendor/lib:/opt/ros/jazzy/lib/x86_64-linux-gnu:/opt/ros/jazzy/opt/gz_math_vendor/lib:/opt/ros/jazzy/opt/gz_utils_vendor/lib:/opt/ros/jazzy/opt/gz_cmake_vendor/lib:/opt/ros/jazzy/lib /usr/bin/cmake --install /home/flug/Documents/colcon_ws/build/delta_robot_serial
[0.281s] -- Install configuration: ""
[0.281s] -- Up-to-date: /home/flug/Documents/colcon_ws/install/delta_robot_serial/share/ament_index/resource_index/rosidl_interfaces/delta_robot_serial
[0.282s] -- Up-to-date: /home/flug/Documents/colcon_ws/install/delta_robot_serial/share/delta_robot_serial/srv/Ikin.json
[0.282s] -- Up-to-date: /home/flug/Documents/colcon_ws/install/delta_robot_serial/share/delta_robot_serial/action/PosTraj.json
[0.282s] -- Up-to-date: /home/flug/Documents/colcon_ws/install/delta_robot_serial/include/delta_robot_serial/delta_robot_serial
[0.282s] -- Up-to-date: /home/flug/Documents/colcon_ws/install/delta_robot_serial/include/delta_robot_serial/delta_robot_serial/action
[0.282s] -- Up-to-date: /home/flug/Documents/colcon_ws/install/delta_robot_serial/include/delta_robot_serial/delta_robot_serial/action/detail
[0.282s] -- Up-to-date: /home/flug/Documents/colcon_ws/install/delta_robot_serial/include/delta_robot_serial/delta_robot_serial/action/detail/pos_traj__type_support.h
[0.282s] -- Up-to-date: /home/flug/Documents/colcon_ws/install/delta_robot_serial/include/delta_robot_serial/delta_robot_serial/action/detail/pos_traj__struct.h
[0.282s] -- Up-to-date: /home/flug/Documents/colcon_ws/install/delta_robot_serial/include/delta_robot_serial/delta_robot_serial/action/detail/pos_traj__functions.c
[0.282s] -- Up-to-date: /home/flug/Documents/colcon_ws/install/delta_robot_serial/include/delta_robot_serial/delta_robot_serial/action/detail/pos_traj__type_support.c
[0.282s] -- Up-to-date: /home/flug/Documents/colcon_ws/install/delta_robot_serial/include/delta_robot_serial/delta_robot_serial/action/detail/pos_traj__functions.h
[0.282s] -- Up-to-date: /home/flug/Documents/colcon_ws/install/delta_robot_serial/include/delta_robot_serial/delta_robot_serial/action/detail/pos_traj__description.c
[0.282s] -- Up-to-date: /home/flug/Documents/colcon_ws/install/delta_robot_serial/include/delta_robot_serial/delta_robot_serial/action/pos_traj.h
[0.282s] -- Up-to-date: /home/flug/Documents/colcon_ws/install/delta_robot_serial/include/delta_robot_serial/delta_robot_serial/srv
[0.282s] -- Up-to-date: /home/flug/Documents/colcon_ws/install/delta_robot_serial/include/delta_robot_serial/delta_robot_serial/srv/detail
[0.282s] -- Up-to-date: /home/flug/Documents/colcon_ws/install/delta_robot_serial/include/delta_robot_serial/delta_robot_serial/srv/detail/ikin__type_support.h
[0.282s] -- Up-to-date: /home/flug/Documents/colcon_ws/install/delta_robot_serial/include/delta_robot_serial/delta_robot_serial/srv/detail/ikin__struct.h
[0.283s] -- Up-to-date: /home/flug/Documents/colcon_ws/install/delta_robot_serial/include/delta_robot_serial/delta_robot_serial/srv/detail/ikin__type_support.c
[0.283s] -- Up-to-date: /home/flug/Documents/colcon_ws/install/delta_robot_serial/include/delta_robot_serial/delta_robot_serial/srv/detail/ikin__functions.c
[0.283s] -- Up-to-date: /home/flug/Documents/colcon_ws/install/delta_robot_serial/include/delta_robot_serial/delta_robot_serial/srv/detail/ikin__description.c
[0.283s] -- Up-to-date: /home/flug/Documents/colcon_ws/install/delta_robot_serial/include/delta_robot_serial/delta_robot_serial/srv/detail/ikin__functions.h
[0.283s] -- Up-to-date: /home/flug/Documents/colcon_ws/install/delta_robot_serial/include/delta_robot_serial/delta_robot_serial/srv/ikin.h
[0.283s] -- Up-to-date: /home/flug/Documents/colcon_ws/install/delta_robot_serial/include/delta_robot_serial/delta_robot_serial/msg
[0.283s] -- Up-to-date: /home/flug/Documents/colcon_ws/install/delta_robot_serial/include/delta_robot_serial/delta_robot_serial/msg/rosidl_generator_c__visibility_control.h
[0.283s] -- Up-to-date: /home/flug/Documents/colcon_ws/install/delta_robot_serial/share/delta_robot_serial/environment/library_path.sh
[0.283s] -- Up-to-date: /home/flug/Documents/colcon_ws/install/delta_robot_serial/share/delta_robot_serial/environment/library_path.dsv
[0.283s] -- Up-to-date: /home/flug/Documents/colcon_ws/install/delta_robot_serial/lib/libdelta_robot_serial__rosidl_generator_c.so
[0.283s] -- Up-to-date: /home/flug/Documents/colcon_ws/install/delta_robot_serial/include/delta_robot_serial/delta_robot_serial
[0.283s] -- Up-to-date: /home/flug/Documents/colcon_ws/install/delta_robot_serial/include/delta_robot_serial/delta_robot_serial/action
[0.283s] -- Up-to-date: /home/flug/Documents/colcon_ws/install/delta_robot_serial/include/delta_robot_serial/delta_robot_serial/action/detail
[0.283s] -- Up-to-date: /home/flug/Documents/colcon_ws/install/delta_robot_serial/include/delta_robot_serial/delta_robot_serial/action/detail/pos_traj__rosidl_typesupport_fastrtps_c.h
[0.283s] -- Up-to-date: /home/flug/Documents/colcon_ws/install/delta_robot_serial/include/delta_robot_serial/delta_robot_serial/srv
[0.283s] -- Up-to-date: /home/flug/Documents/colcon_ws/install/delta_robot_serial/include/delta_robot_serial/delta_robot_serial/srv/detail
[0.283s] -- Up-to-date: /home/flug/Documents/colcon_ws/install/delta_robot_serial/include/delta_robot_serial/delta_robot_serial/srv/detail/ikin__rosidl_typesupport_fastrtps_c.h
[0.284s] -- Up-to-date: /home/flug/Documents/colcon_ws/install/delta_robot_serial/include/delta_robot_serial/delta_robot_serial/msg
[0.284s] -- Up-to-date: /home/flug/Documents/colcon_ws/install/delta_robot_serial/include/delta_robot_serial/delta_robot_serial/msg/rosidl_typesupport_fastrtps_c__visibility_control.h
[0.284s] -- Up-to-date: /home/flug/Documents/colcon_ws/install/delta_robot_serial/lib/libdelta_robot_serial__rosidl_typesupport_fastrtps_c.so
[0.284s] -- Up-to-date: /home/flug/Documents/colcon_ws/install/delta_robot_serial/include/delta_robot_serial/delta_robot_serial
[0.284s] -- Up-to-date: /home/flug/Documents/colcon_ws/install/delta_robot_serial/include/delta_robot_serial/delta_robot_serial/action
[0.284s] -- Up-to-date: /home/flug/Documents/colcon_ws/install/delta_robot_serial/include/delta_robot_serial/delta_robot_serial/action/pos_traj.hpp
[0.284s] -- Up-to-date: /home/flug/Documents/colcon_ws/install/delta_robot_serial/include/delta_robot_serial/delta_robot_serial/action/detail
[0.284s] -- Up-to-date: /home/flug/Documents/colcon_ws/install/delta_robot_serial/include/delta_robot_serial/delta_robot_serial/action/detail/pos_traj__builder.hpp
[0.284s] -- Up-to-date: /home/flug/Documents/colcon_ws/install/delta_robot_serial/include/delta_robot_serial/delta_robot_serial/action/detail/pos_traj__traits.hpp
[0.284s] -- Up-to-date: /home/flug/Documents/colcon_ws/install/delta_robot_serial/include/delta_robot_serial/delta_robot_serial/action/detail/pos_traj__type_support.hpp
[0.284s] -- Up-to-date: /home/flug/Documents/colcon_ws/install/delta_robot_serial/include/delta_robot_serial/delta_robot_serial/action/detail/pos_traj__struct.hpp
[0.284s] -- Up-to-date: /home/flug/Documents/colcon_ws/install/delta_robot_serial/include/delta_robot_serial/delta_robot_serial/srv
[0.284s] -- Up-to-date: /home/flug/Documents/colcon_ws/install/delta_robot_serial/include/delta_robot_serial/delta_robot_serial/srv/ikin.hpp
[0.284s] -- Up-to-date: /home/flug/Documents/colcon_ws/install/delta_robot_serial/include/delta_robot_serial/delta_robot_serial/srv/detail
[0.284s] -- Up-to-date: /home/flug/Documents/colcon_ws/install/delta_robot_serial/include/delta_robot_serial/delta_robot_serial/srv/detail/ikin__builder.hpp
[0.284s] -- Up-to-date: /home/flug/Documents/colcon_ws/install/delta_robot_serial/include/delta_robot_serial/delta_robot_serial/srv/detail/ikin__type_support.hpp
[0.284s] -- Up-to-date: /home/flug/Documents/colcon_ws/install/delta_robot_serial/include/delta_robot_serial/delta_robot_serial/srv/detail/ikin__struct.hpp
[0.284s] -- Up-to-date: /home/flug/Documents/colcon_ws/install/delta_robot_serial/include/delta_robot_serial/delta_robot_serial/srv/detail/ikin__traits.hpp
[0.285s] -- Up-to-date: /home/flug/Documents/colcon_ws/install/delta_robot_serial/include/delta_robot_serial/delta_robot_serial/msg
[0.285s] -- Up-to-date: /home/flug/Documents/colcon_ws/install/delta_robot_serial/include/delta_robot_serial/delta_robot_serial/msg/rosidl_generator_cpp__visibility_control.hpp
[0.285s] -- Up-to-date: /home/flug/Documents/colcon_ws/install/delta_robot_serial/include/delta_robot_serial/delta_robot_serial
[0.285s] -- Up-to-date: /home/flug/Documents/colcon_ws/install/delta_robot_serial/include/delta_robot_serial/delta_robot_serial/action
[0.285s] -- Up-to-date: /home/flug/Documents/colcon_ws/install/delta_robot_serial/include/delta_robot_serial/delta_robot_serial/action/detail
[0.285s] -- Up-to-date: /home/flug/Documents/colcon_ws/install/delta_robot_serial/include/delta_robot_serial/delta_robot_serial/action/detail/dds_fastrtps
[0.285s] -- Up-to-date: /home/flug/Documents/colcon_ws/install/delta_robot_serial/include/delta_robot_serial/delta_robot_serial/action/detail/pos_traj__rosidl_typesupport_fastrtps_cpp.hpp
[0.285s] -- Up-to-date: /home/flug/Documents/colcon_ws/install/delta_robot_serial/include/delta_robot_serial/delta_robot_serial/srv
[0.285s] -- Up-to-date: /home/flug/Documents/colcon_ws/install/delta_robot_serial/include/delta_robot_serial/delta_robot_serial/srv/detail
[0.285s] -- Up-to-date: /home/flug/Documents/colcon_ws/install/delta_robot_serial/include/delta_robot_serial/delta_robot_serial/srv/detail/dds_fastrtps
[0.285s] -- Up-to-date: /home/flug/Documents/colcon_ws/install/delta_robot_serial/include/delta_robot_serial/delta_robot_serial/srv/detail/ikin__rosidl_typesupport_fastrtps_cpp.hpp
[0.285s] -- Up-to-date: /home/flug/Documents/colcon_ws/install/delta_robot_serial/include/delta_robot_serial/delta_robot_serial/msg
[0.285s] -- Up-to-date: /home/flug/Documents/colcon_ws/install/delta_robot_serial/include/delta_robot_serial/delta_robot_serial/msg/rosidl_typesupport_fastrtps_cpp__visibility_control.h
[0.285s] -- Up-to-date: /home/flug/Documents/colcon_ws/install/delta_robot_serial/lib/libdelta_robot_serial__rosidl_typesupport_fastrtps_cpp.so
[0.285s] -- Up-to-date: /home/flug/Documents/colcon_ws/install/delta_robot_serial/include/delta_robot_serial/delta_robot_serial
[0.285s] -- Up-to-date: /home/flug/Documents/colcon_ws/install/delta_robot_serial/include/delta_robot_serial/delta_robot_serial/action
[0.285s] -- Up-to-date: /home/flug/Documents/colcon_ws/install/delta_robot_serial/include/delta_robot_serial/delta_robot_serial/action/detail
[0.285s] -- Up-to-date: /home/flug/Documents/colcon_ws/install/delta_robot_serial/include/delta_robot_serial/delta_robot_serial/action/detail/pos_traj__rosidl_typesupport_introspection_c.h
[0.285s] -- Up-to-date: /home/flug/Documents/colcon_ws/install/delta_robot_serial/include/delta_robot_serial/delta_robot_serial/action/detail/pos_traj__type_support.c
[0.285s] -- Up-to-date: /home/flug/Documents/colcon_ws/install/delta_robot_serial/include/delta_robot_serial/delta_robot_serial/srv
[0.285s] -- Up-to-date: /home/flug/Documents/colcon_ws/install/delta_robot_serial/include/delta_robot_serial/delta_robot_serial/srv/detail
[0.286s] -- Up-to-date: /home/flug/Documents/colcon_ws/install/delta_robot_serial/include/delta_robot_serial/delta_robot_serial/srv/detail/ikin__rosidl_typesupport_introspection_c.h
[0.286s] -- Up-to-date: /home/flug/Documents/colcon_ws/install/delta_robot_serial/include/delta_robot_serial/delta_robot_serial/srv/detail/ikin__type_support.c
[0.286s] -- Up-to-date: /home/flug/Documents/colcon_ws/install/delta_robot_serial/include/delta_robot_serial/delta_robot_serial/msg
[0.286s] -- Up-to-date: /home/flug/Documents/colcon_ws/install/delta_robot_serial/include/delta_robot_serial/delta_robot_serial/msg/rosidl_typesupport_introspection_c__visibility_control.h
[0.286s] -- Up-to-date: /home/flug/Documents/colcon_ws/install/delta_robot_serial/lib/libdelta_robot_serial__rosidl_typesupport_introspection_c.so
[0.286s] -- Up-to-date: /home/flug/Documents/colcon_ws/install/delta_robot_serial/lib/libdelta_robot_serial__rosidl_typesupport_c.so
[0.286s] -- Up-to-date: /home/flug/Documents/colcon_ws/install/delta_robot_serial/include/delta_robot_serial/delta_robot_serial
[0.286s] -- Up-to-date: /home/flug/Documents/colcon_ws/install/delta_robot_serial/include/delta_robot_serial/delta_robot_serial/action
[0.286s] -- Up-to-date: /home/flug/Documents/colcon_ws/install/delta_robot_serial/include/delta_robot_serial/delta_robot_serial/action/detail
[0.286s] -- Up-to-date: /home/flug/Documents/colcon_ws/install/delta_robot_serial/include/delta_robot_serial/delta_robot_serial/action/detail/pos_traj__rosidl_typesupport_introspection_cpp.hpp
[0.286s] -- Up-to-date: /home/flug/Documents/colcon_ws/install/delta_robot_serial/include/delta_robot_serial/delta_robot_serial/action/detail/pos_traj__type_support.cpp
[0.286s] -- Up-to-date: /home/flug/Documents/colcon_ws/install/delta_robot_serial/include/delta_robot_serial/delta_robot_serial/srv
[0.286s] -- Up-to-date: /home/flug/Documents/colcon_ws/install/delta_robot_serial/include/delta_robot_serial/delta_robot_serial/srv/detail
[0.286s] -- Up-to-date: /home/flug/Documents/colcon_ws/install/delta_robot_serial/include/delta_robot_serial/delta_robot_serial/srv/detail/ikin__rosidl_typesupport_introspection_cpp.hpp
[0.286s] -- Up-to-date: /home/flug/Documents/colcon_ws/install/delta_robot_serial/include/delta_robot_serial/delta_robot_serial/srv/detail/ikin__type_support.cpp
[0.286s] -- Up-to-date: /home/flug/Documents/colcon_ws/install/delta_robot_serial/lib/libdelta_robot_serial__rosidl_typesupport_introspection_cpp.so
[0.286s] -- Up-to-date: /home/flug/Documents/colcon_ws/install/delta_robot_serial/lib/libdelta_robot_serial__rosidl_typesupport_cpp.so
[0.286s] -- Up-to-date: /home/flug/Documents/colcon_ws/install/delta_robot_serial/share/delta_robot_serial/environment/pythonpath.sh
[0.286s] -- Up-to-date: /home/flug/Documents/colcon_ws/install/delta_robot_serial/share/delta_robot_serial/environment/pythonpath.dsv
[0.286s] -- Up-to-date: /home/flug/Documents/colcon_ws/install/delta_robot_serial/lib/python3.12/site-packages/delta_robot_serial-0.0.0-py3.12.egg-info
[0.286s] -- Installing: /home/flug/Documents/colcon_ws/install/delta_robot_serial/lib/python3.12/site-packages/delta_robot_serial-0.0.0-py3.12.egg-info/top_level.txt
[0.286s] -- Installing: /home/flug/Documents/colcon_ws/install/delta_robot_serial/lib/python3.12/site-packages/delta_robot_serial-0.0.0-py3.12.egg-info/SOURCES.txt
[0.287s] -- Installing: /home/flug/Documents/colcon_ws/install/delta_robot_serial/lib/python3.12/site-packages/delta_robot_serial-0.0.0-py3.12.egg-info/dependency_links.txt
[0.287s] -- Installing: /home/flug/Documents/colcon_ws/install/delta_robot_serial/lib/python3.12/site-packages/delta_robot_serial-0.0.0-py3.12.egg-info/PKG-INFO
[0.287s] -- Up-to-date: /home/flug/Documents/colcon_ws/install/delta_robot_serial/lib/python3.12/site-packages/delta_robot_serial
[0.287s] -- Up-to-date: /home/flug/Documents/colcon_ws/install/delta_robot_serial/lib/python3.12/site-packages/delta_robot_serial/action
[0.287s] -- Up-to-date: /home/flug/Documents/colcon_ws/install/delta_robot_serial/lib/python3.12/site-packages/delta_robot_serial/action/_pos_traj.py
[0.287s] -- Up-to-date: /home/flug/Documents/colcon_ws/install/delta_robot_serial/lib/python3.12/site-packages/delta_robot_serial/action/_pos_traj_s.c
[0.287s] -- Up-to-date: /home/flug/Documents/colcon_ws/install/delta_robot_serial/lib/python3.12/site-packages/delta_robot_serial/action/__init__.py
[0.287s] -- Up-to-date: /home/flug/Documents/colcon_ws/install/delta_robot_serial/lib/python3.12/site-packages/delta_robot_serial/srv
[0.287s] -- Up-to-date: /home/flug/Documents/colcon_ws/install/delta_robot_serial/lib/python3.12/site-packages/delta_robot_serial/srv/_ikin.py
[0.287s] -- Up-to-date: /home/flug/Documents/colcon_ws/install/delta_robot_serial/lib/python3.12/site-packages/delta_robot_serial/srv/__init__.py
[0.287s] -- Up-to-date: /home/flug/Documents/colcon_ws/install/delta_robot_serial/lib/python3.12/site-packages/delta_robot_serial/srv/_ikin_s.c
[0.287s] -- Up-to-date: /home/flug/Documents/colcon_ws/install/delta_robot_serial/lib/python3.12/site-packages/delta_robot_serial/delta_robot_serial_s__rosidl_typesupport_introspection_c.so
[0.287s] -- Up-to-date: /home/flug/Documents/colcon_ws/install/delta_robot_serial/lib/python3.12/site-packages/delta_robot_serial/delta_robot_serial_s__rosidl_typesupport_c.so
[0.287s] -- Up-to-date: /home/flug/Documents/colcon_ws/install/delta_robot_serial/lib/python3.12/site-packages/delta_robot_serial/__init__.py
[0.287s] -- Up-to-date: /home/flug/Documents/colcon_ws/install/delta_robot_serial/lib/python3.12/site-packages/delta_robot_serial/delta_robot_serial_s__rosidl_typesupport_fastrtps_c.so
[0.287s] -- Up-to-date: /home/flug/Documents/colcon_ws/install/delta_robot_serial/lib/python3.12/site-packages/delta_robot_serial/_delta_robot_serial_s.ep.rosidl_typesupport_fastrtps_c.c
[0.287s] -- Up-to-date: /home/flug/Documents/colcon_ws/install/delta_robot_serial/lib/python3.12/site-packages/delta_robot_serial/_delta_robot_serial_s.ep.rosidl_typesupport_introspection_c.c
[0.287s] -- Up-to-date: /home/flug/Documents/colcon_ws/install/delta_robot_serial/lib/python3.12/site-packages/delta_robot_serial/_delta_robot_serial_s.ep.rosidl_typesupport_c.c
[0.309s] Listing '/home/flug/Documents/colcon_ws/install/delta_robot_serial/lib/python3.12/site-packages/delta_robot_serial'...
[0.309s] Listing '/home/flug/Documents/colcon_ws/install/delta_robot_serial/lib/python3.12/site-packages/delta_robot_serial/action'...
[0.309s] Listing '/home/flug/Documents/colcon_ws/install/delta_robot_serial/lib/python3.12/site-packages/delta_robot_serial/srv'...
[0.312s] -- Up-to-date: /home/flug/Documents/colcon_ws/install/delta_robot_serial/lib/python3.12/site-packages/delta_robot_serial/delta_robot_serial_s__rosidl_typesupport_fastrtps_c.so
[0.313s] -- Up-to-date: /home/flug/Documents/colcon_ws/install/delta_robot_serial/lib/python3.12/site-packages/delta_robot_serial/delta_robot_serial_s__rosidl_typesupport_introspection_c.so
[0.313s] -- Up-to-date: /home/flug/Documents/colcon_ws/install/delta_robot_serial/lib/python3.12/site-packages/delta_robot_serial/delta_robot_serial_s__rosidl_typesupport_c.so
[0.313s] -- Up-to-date: /home/flug/Documents/colcon_ws/install/delta_robot_serial/lib/libdelta_robot_serial__rosidl_generator_py.so
[0.313s] -- Up-to-date: /home/flug/Documents/colcon_ws/install/delta_robot_serial/share/ament_index/resource_index/rust_packages/delta_robot_serial
[0.313s] -- Up-to-date: /home/flug/Documents/colcon_ws/install/delta_robot_serial/share/delta_robot_serial/rust
[0.313s] -- Up-to-date: /home/flug/Documents/colcon_ws/install/delta_robot_serial/share/delta_robot_serial/rust/Cargo.toml
[0.313s] -- Up-to-date: /home/flug/Documents/colcon_ws/install/delta_robot_serial/share/delta_robot_serial/rust/build.rs
[0.313s] -- Up-to-date: /home/flug/Documents/colcon_ws/install/delta_robot_serial/share/delta_robot_serial/rust/src
[0.313s] -- Up-to-date: /home/flug/Documents/colcon_ws/install/delta_robot_serial/share/delta_robot_serial/rust/src/action
[0.313s] -- Up-to-date: /home/flug/Documents/colcon_ws/install/delta_robot_serial/share/delta_robot_serial/rust/src/action/rmw.rs
[0.313s] -- Up-to-date: /home/flug/Documents/colcon_ws/install/delta_robot_serial/share/delta_robot_serial/rust/src/srv
[0.313s] -- Up-to-date: /home/flug/Documents/colcon_ws/install/delta_robot_serial/share/delta_robot_serial/rust/src/srv/rmw.rs
[0.313s] -- Up-to-date: /home/flug/Documents/colcon_ws/install/delta_robot_serial/share/delta_robot_serial/rust/src/lib.rs
[0.313s] -- Up-to-date: /home/flug/Documents/colcon_ws/install/delta_robot_serial/share/delta_robot_serial/rust/src/srv.rs
[0.314s] -- Up-to-date: /home/flug/Documents/colcon_ws/install/delta_robot_serial/share/delta_robot_serial/rust/src/action.rs
[0.314s] -- Up-to-date: /home/flug/Documents/colcon_ws/install/delta_robot_serial/share/delta_robot_serial/srv/Ikin.idl
[0.314s] -- Up-to-date: /home/flug/Documents/colcon_ws/install/delta_robot_serial/share/delta_robot_serial/action/PosTraj.idl
[0.314s] -- Up-to-date: /home/flug/Documents/colcon_ws/install/delta_robot_serial/share/delta_robot_serial/srv/Ikin.srv
[0.314s] -- Up-to-date: /home/flug/Documents/colcon_ws/install/delta_robot_serial/share/delta_robot_serial/action/PosTraj.action
[0.314s] -- Up-to-date: /home/flug/Documents/colcon_ws/install/delta_robot_serial/lib/delta_robot_serial/pseudo_arduino
[0.314s] -- Up-to-date: /home/flug/Documents/colcon_ws/install/delta_robot_serial/lib/delta_robot_serial/delta_joint_pub
[0.314s] -- Up-to-date: /home/flug/Documents/colcon_ws/install/delta_robot_serial/lib/delta_robot_serial/ikin_server
[0.314s] -- Up-to-date: /home/flug/Documents/colcon_ws/install/delta_robot_serial/lib/delta_robot_serial/trajPlan_action_server
[0.314s] -- Up-to-date: /home/flug/Documents/colcon_ws/install/delta_robot_serial/lib/libtrajPlan_actionServer.so
[0.314s] -- Up-to-date: /home/flug/Documents/colcon_ws/install/delta_robot_serial/share/ament_index/resource_index/package_run_dependencies/delta_robot_serial
[0.314s] -- Up-to-date: /home/flug/Documents/colcon_ws/install/delta_robot_serial/share/ament_index/resource_index/parent_prefix_path/delta_robot_serial
[0.314s] -- Up-to-date: /home/flug/Documents/colcon_ws/install/delta_robot_serial/share/delta_robot_serial/environment/ament_prefix_path.sh
[0.314s] -- Up-to-date: /home/flug/Documents/colcon_ws/install/delta_robot_serial/share/delta_robot_serial/environment/ament_prefix_path.dsv
[0.314s] -- Up-to-date: /home/flug/Documents/colcon_ws/install/delta_robot_serial/share/delta_robot_serial/environment/path.sh
[0.314s] -- Up-to-date: /home/flug/Documents/colcon_ws/install/delta_robot_serial/share/delta_robot_serial/environment/path.dsv
[0.314s] -- Up-to-date: /home/flug/Documents/colcon_ws/install/delta_robot_serial/share/delta_robot_serial/local_setup.bash
[0.314s] -- Up-to-date: /home/flug/Documents/colcon_ws/install/delta_robot_serial/share/delta_robot_serial/local_setup.sh
[0.315s] -- Up-to-date: /home/flug/Documents/colcon_ws/install/delta_robot_serial/share/delta_robot_serial/local_setup.zsh
[0.315s] -- Up-to-date: /home/flug/Documents/colcon_ws/install/delta_robot_serial/share/delta_robot_serial/local_setup.dsv
[0.315s] -- Installing: /home/flug/Documents/colcon_ws/install/delta_robot_serial/share/delta_robot_serial/package.dsv
[0.315s] -- Up-to-date: /home/flug/Documents/colcon_ws/install/delta_robot_serial/share/ament_index/resource_index/packages/delta_robot_serial
[0.315s] -- Up-to-date: /home/flug/Documents/colcon_ws/install/delta_robot_serial/share/ament_index/resource_index/rclcpp_components/delta_robot_serial
[0.315s] -- Up-to-date: /home/flug/Documents/colcon_ws/install/delta_robot_serial/share/delta_robot_serial/cmake/export_delta_robot_serial__rosidl_generator_cExport.cmake
[0.315s] -- Up-to-date: /home/flug/Documents/colcon_ws/install/delta_robot_serial/share/delta_robot_serial/cmake/export_delta_robot_serial__rosidl_generator_cExport-noconfig.cmake
[0.315s] -- Up-to-date: /home/flug/Documents/colcon_ws/install/delta_robot_serial/share/delta_robot_serial/cmake/export_delta_robot_serial__rosidl_typesupport_fastrtps_cExport.cmake
[0.315s] -- Up-to-date: /home/flug/Documents/colcon_ws/install/delta_robot_serial/share/delta_robot_serial/cmake/export_delta_robot_serial__rosidl_typesupport_fastrtps_cExport-noconfig.cmake
[0.315s] -- Up-to-date: /home/flug/Documents/colcon_ws/install/delta_robot_serial/share/delta_robot_serial/cmake/export_delta_robot_serial__rosidl_generator_cppExport.cmake
[0.315s] -- Up-to-date: /home/flug/Documents/colcon_ws/install/delta_robot_serial/share/delta_robot_serial/cmake/export_delta_robot_serial__rosidl_typesupport_fastrtps_cppExport.cmake
[0.315s] -- Up-to-date: /home/flug/Documents/colcon_ws/install/delta_robot_serial/share/delta_robot_serial/cmake/export_delta_robot_serial__rosidl_typesupport_fastrtps_cppExport-noconfig.cmake
[0.315s] -- Up-to-date: /home/flug/Documents/colcon_ws/install/delta_robot_serial/share/delta_robot_serial/cmake/delta_robot_serial__rosidl_typesupport_introspection_cExport.cmake
[0.315s] -- Up-to-date: /home/flug/Documents/colcon_ws/install/delta_robot_serial/share/delta_robot_serial/cmake/delta_robot_serial__rosidl_typesupport_introspection_cExport-noconfig.cmake
[0.315s] -- Up-to-date: /home/flug/Documents/colcon_ws/install/delta_robot_serial/share/delta_robot_serial/cmake/delta_robot_serial__rosidl_typesupport_cExport.cmake
[0.315s] -- Up-to-date: /home/flug/Documents/colcon_ws/install/delta_robot_serial/share/delta_robot_serial/cmake/delta_robot_serial__rosidl_typesupport_cExport-noconfig.cmake
[0.315s] -- Up-to-date: /home/flug/Documents/colcon_ws/install/delta_robot_serial/share/delta_robot_serial/cmake/delta_robot_serial__rosidl_typesupport_introspection_cppExport.cmake
[0.316s] -- Up-to-date: /home/flug/Documents/colcon_ws/install/delta_robot_serial/share/delta_robot_serial/cmake/delta_robot_serial__rosidl_typesupport_introspection_cppExport-noconfig.cmake
[0.316s] -- Up-to-date: /home/flug/Documents/colcon_ws/install/delta_robot_serial/share/delta_robot_serial/cmake/delta_robot_serial__rosidl_typesupport_cppExport.cmake
[0.316s] -- Up-to-date: /home/flug/Documents/colcon_ws/install/delta_robot_serial/share/delta_robot_serial/cmake/delta_robot_serial__rosidl_typesupport_cppExport-noconfig.cmake
[0.316s] -- Up-to-date: /home/flug/Documents/colcon_ws/install/delta_robot_serial/share/delta_robot_serial/cmake/export_delta_robot_serial__rosidl_generator_pyExport.cmake
[0.316s] -- Up-to-date: /home/flug/Documents/colcon_ws/install/delta_robot_serial/share/delta_robot_serial/cmake/export_delta_robot_serial__rosidl_generator_pyExport-noconfig.cmake
[0.316s] -- Up-to-date: /home/flug/Documents/colcon_ws/install/delta_robot_serial/share/delta_robot_serial/cmake/rosidl_cmake-extras.cmake
[0.316s] -- Up-to-date: /home/flug/Documents/colcon_ws/install/delta_robot_serial/share/delta_robot_serial/cmake/ament_cmake_export_dependencies-extras.cmake
[0.316s] -- Up-to-date: /home/flug/Documents/colcon_ws/install/delta_robot_serial/share/delta_robot_serial/cmake/ament_cmake_export_include_directories-extras.cmake
[0.316s] -- Up-to-date: /home/flug/Documents/colcon_ws/install/delta_robot_serial/share/delta_robot_serial/cmake/ament_cmake_export_libraries-extras.cmake
[0.316s] -- Up-to-date: /home/flug/Documents/colcon_ws/install/delta_robot_serial/share/delta_robot_serial/cmake/ament_cmake_export_targets-extras.cmake
[0.316s] -- Up-to-date: /home/flug/Documents/colcon_ws/install/delta_robot_serial/share/delta_robot_serial/cmake/rosidl_cmake_export_typesupport_targets-extras.cmake
[0.316s] -- Up-to-date: /home/flug/Documents/colcon_ws/install/delta_robot_serial/share/delta_robot_serial/cmake/rosidl_cmake_export_typesupport_libraries-extras.cmake
[0.316s] -- Up-to-date: /home/flug/Documents/colcon_ws/install/delta_robot_serial/share/delta_robot_serial/cmake/rosidl_cmake_aggregate_target-extras.cmake
[0.316s] -- Up-to-date: /home/flug/Documents/colcon_ws/install/delta_robot_serial/share/delta_robot_serial/cmake/delta_robot_serialConfig.cmake
[0.316s] -- Up-to-date: /home/flug/Documents/colcon_ws/install/delta_robot_serial/share/delta_robot_serial/cmake/delta_robot_serialConfig-version.cmake
[0.316s] -- Up-to-date: /home/flug/Documents/colcon_ws/install/delta_robot_serial/share/delta_robot_serial/package.xml
[0.317s] Invoked command in '/home/flug/Documents/colcon_ws/build/delta_robot_serial' returned '0': CMAKE_PREFIX_PATH=/home/flug/Documents/colcon_ws/install/serial:/home/flug/Documents/colcon_ws/install/delta_robot_serial:/home/flug/Documents/colcon_ws/install/delta_robot_description:/opt/ros/jazzy/opt/gz_math_vendor:/opt/ros/jazzy/opt/gz_utils_vendor:/opt/ros/jazzy/opt/gz_cmake_vendor:/opt/ros/jazzy DEBUGINFOD_URLS=https://debuginfod.ubuntu.com LD_LIBRARY_PATH=/home/flug/Documents/colcon_ws/install/serial/lib:/home/flug/Documents/colcon_ws/install/delta_robot_serial/lib:/opt/ros/jazzy/opt/rviz_ogre_vendor/lib:/opt/ros/jazzy/lib/x86_64-linux-gnu:/opt/ros/jazzy/opt/gz_math_vendor/lib:/opt/ros/jazzy/opt/gz_utils_vendor/lib:/opt/ros/jazzy/opt/gz_cmake_vendor/lib:/opt/ros/jazzy/lib /usr/bin/cmake --install /home/flug/Documents/colcon_ws/build/delta_robot_serial
