[0.007s] Invoking command in '/home/flug/Documents/colcon_ws/build/delta_robot_description': CMAKE_PREFIX_PATH=${CMAKE_PREFIX_PATH}:/opt/ros/jazzy DEBUGINFOD_URLS=https://debuginfod.ubuntu.com /usr/bin/cmake --build /home/flug/Documents/colcon_ws/build/delta_robot_description -- -j16 -l16
[0.030s] Invoked command in '/home/flug/Documents/colcon_ws/build/delta_robot_description' returned '0': CMAKE_PREFIX_PATH=${CMAKE_PREFIX_PATH}:/opt/ros/jazzy DEBUGINFOD_URLS=https://debuginfod.ubuntu.com /usr/bin/cmake --build /home/flug/Documents/colcon_ws/build/delta_robot_description -- -j16 -l16
[0.035s] Invoking command in '/home/flug/Documents/colcon_ws/build/delta_robot_description': CMAKE_PREFIX_PATH=${CMAKE_PREFIX_PATH}:/opt/ros/jazzy DEBUGINFOD_URLS=https://debuginfod.ubuntu.com /usr/bin/cmake --install /home/flug/Documents/colcon_ws/build/delta_robot_description
[0.040s] -- Install configuration: ""
[0.040s] -- Up-to-date: /home/flug/Documents/colcon_ws/install/delta_robot_description/share/delta_robot_description/config
[0.040s] -- Up-to-date: /home/flug/Documents/colcon_ws/install/delta_robot_description/share/delta_robot_description/config/Delta_robot.rviz
[0.040s] -- Up-to-date: /home/flug/Documents/colcon_ws/install/delta_robot_description/share/delta_robot_description/launch
[0.040s] -- Up-to-date: /home/flug/Documents/colcon_ws/install/delta_robot_description/share/delta_robot_description/launch/PseudoArduino.launch
[0.040s] -- Up-to-date: /home/flug/Documents/colcon_ws/install/delta_robot_description/share/delta_robot_description/launch/JointStatePublisher.launch
[0.040s] -- Up-to-date: /home/flug/Documents/colcon_ws/install/delta_robot_description/share/delta_robot_description/launch/Arduino.launch
[0.040s] -- Up-to-date: /home/flug/Documents/colcon_ws/install/delta_robot_description/share/delta_robot_description/launch/PseudoArduinoTraj.launch
[0.040s] -- Up-to-date: /home/flug/Documents/colcon_ws/install/delta_robot_description/share/delta_robot_description/launch/ArduinoTraj.launch
[0.041s] -- Up-to-date: /home/flug/Documents/colcon_ws/install/delta_robot_description/share/delta_robot_description/meshes
[0.041s] -- Up-to-date: /home/flug/Documents/colcon_ws/install/delta_robot_description/share/delta_robot_description/meshes/distal_link1.STL
[0.041s] -- Up-to-date: /home/flug/Documents/colcon_ws/install/delta_robot_description/share/delta_robot_description/meshes/proximal_link2.STL
[0.041s] -- Up-to-date: /home/flug/Documents/colcon_ws/install/delta_robot_description/share/delta_robot_description/meshes/platform_link.STL
[0.041s] -- Up-to-date: /home/flug/Documents/colcon_ws/install/delta_robot_description/share/delta_robot_description/meshes/distal_link3.STL
[0.041s] -- Up-to-date: /home/flug/Documents/colcon_ws/install/delta_robot_description/share/delta_robot_description/meshes/distal_link5.STL
[0.041s] -- Up-to-date: /home/flug/Documents/colcon_ws/install/delta_robot_description/share/delta_robot_description/meshes/proximal_link3.STL
[0.041s] -- Up-to-date: /home/flug/Documents/colcon_ws/install/delta_robot_description/share/delta_robot_description/meshes/base_link.STL
[0.041s] -- Up-to-date: /home/flug/Documents/colcon_ws/install/delta_robot_description/share/delta_robot_description/meshes/distal_link2.STL
[0.041s] -- Up-to-date: /home/flug/Documents/colcon_ws/install/delta_robot_description/share/delta_robot_description/meshes/distal_link6.STL
[0.041s] -- Up-to-date: /home/flug/Documents/colcon_ws/install/delta_robot_description/share/delta_robot_description/meshes/proximal_link1.STL
[0.041s] -- Up-to-date: /home/flug/Documents/colcon_ws/install/delta_robot_description/share/delta_robot_description/meshes/distal_link4.STL
[0.041s] -- Up-to-date: /home/flug/Documents/colcon_ws/install/delta_robot_description/share/delta_robot_description/urdf
[0.041s] -- Up-to-date: /home/flug/Documents/colcon_ws/install/delta_robot_description/share/delta_robot_description/urdf/delta_robot.urdf
[0.041s] -- Up-to-date: /home/flug/Documents/colcon_ws/install/delta_robot_description/share/ament_index/resource_index/package_run_dependencies/delta_robot_description
[0.041s] -- Up-to-date: /home/flug/Documents/colcon_ws/install/delta_robot_description/share/ament_index/resource_index/parent_prefix_path/delta_robot_description
[0.041s] -- Up-to-date: /home/flug/Documents/colcon_ws/install/delta_robot_description/share/delta_robot_description/environment/ament_prefix_path.sh
[0.041s] -- Up-to-date: /home/flug/Documents/colcon_ws/install/delta_robot_description/share/delta_robot_description/environment/ament_prefix_path.dsv
[0.041s] -- Up-to-date: /home/flug/Documents/colcon_ws/install/delta_robot_description/share/delta_robot_description/environment/path.sh
[0.041s] -- Up-to-date: /home/flug/Documents/colcon_ws/install/delta_robot_description/share/delta_robot_description/environment/path.dsv
[0.042s] -- Up-to-date: /home/flug/Documents/colcon_ws/install/delta_robot_description/share/delta_robot_description/local_setup.bash
[0.042s] -- Up-to-date: /home/flug/Documents/colcon_ws/install/delta_robot_description/share/delta_robot_description/local_setup.sh
[0.042s] -- Up-to-date: /home/flug/Documents/colcon_ws/install/delta_robot_description/share/delta_robot_description/local_setup.zsh
[0.042s] -- Up-to-date: /home/flug/Documents/colcon_ws/install/delta_robot_description/share/delta_robot_description/local_setup.dsv
[0.042s] -- Installing: /home/flug/Documents/colcon_ws/install/delta_robot_description/share/delta_robot_description/package.dsv
[0.042s] -- Up-to-date: /home/flug/Documents/colcon_ws/install/delta_robot_description/share/ament_index/resource_index/packages/delta_robot_description
[0.042s] -- Up-to-date: /home/flug/Documents/colcon_ws/install/delta_robot_description/share/delta_robot_description/cmake/delta_robot_descriptionConfig.cmake
[0.042s] -- Up-to-date: /home/flug/Documents/colcon_ws/install/delta_robot_description/share/delta_robot_description/cmake/delta_robot_descriptionConfig-version.cmake
[0.042s] -- Up-to-date: /home/flug/Documents/colcon_ws/install/delta_robot_description/share/delta_robot_description/package.xml
[0.044s] Invoked command in '/home/flug/Documents/colcon_ws/build/delta_robot_description' returned '0': CMAKE_PREFIX_PATH=${CMAKE_PREFIX_PATH}:/opt/ros/jazzy DEBUGINFOD_URLS=https://debuginfod.ubuntu.com /usr/bin/cmake --install /home/flug/Documents/colcon_ws/build/delta_robot_description
