[0.007s] Invoking command in '/home/flug/Documents/colcon_ws/build/serial': CMAKE_PREFIX_PATH=${CMAKE_PREFIX_PATH}:/opt/ros/jazzy DEBUGINFOD_URLS=https://debuginfod.ubuntu.com /usr/bin/cmake /home/flug/Documents/colcon_ws/src/serial -DCMAKE_INSTALL_PREFIX=/home/flug/Documents/colcon_ws/install/serial
[0.048s] -- The C compiler identification is GNU 13.3.0
[0.081s] -- The CXX compiler identification is GNU 13.3.0
[0.090s] -- Detecting C compiler ABI info
[0.143s] -- Detecting C compiler ABI info - done
[0.150s] -- Check for working C compiler: /usr/bin/cc - skipped
[0.150s] -- Detecting C compile features
[0.150s] -- Detecting C compile features - done
[0.156s] -- Detecting CXX compiler ABI info
[0.215s] -- Detecting CXX compiler ABI info - done
[0.221s] -- Check for working CXX compiler: /usr/bin/c++ - skipped
[0.221s] -- Detecting CXX compile features
[0.222s] -- Detecting CXX compile features - done
[0.223s] -- Found ament_cmake: 2.5.6 (/opt/ros/jazzy/share/ament_cmake/cmake)
[0.310s] -- Found Python3: /usr/bin/python3 (found version "3.12.3") found components: Interpreter 
[0.431s] -- Configuring done (0.4s)
[0.434s] -- Generating done (0.0s)
[0.436s] -- Build files have been written to: /home/flug/Documents/colcon_ws/build/serial
[0.439s] Invoked command in '/home/flug/Documents/colcon_ws/build/serial' returned '0': CMAKE_PREFIX_PATH=${CMAKE_PREFIX_PATH}:/opt/ros/jazzy DEBUGINFOD_URLS=https://debuginfod.ubuntu.com /usr/bin/cmake /home/flug/Documents/colcon_ws/src/serial -DCMAKE_INSTALL_PREFIX=/home/flug/Documents/colcon_ws/install/serial
[0.440s] Invoking command in '/home/flug/Documents/colcon_ws/build/serial': CMAKE_PREFIX_PATH=${CMAKE_PREFIX_PATH}:/opt/ros/jazzy DEBUGINFOD_URLS=https://debuginfod.ubuntu.com /usr/bin/cmake --build /home/flug/Documents/colcon_ws/build/serial -- -j16 -l16
[0.468s] [ 25%] [32mBuilding CXX object CMakeFiles/serial.dir/src/serial.cc.o[0m
[0.469s] [ 75%] [32mBuilding CXX object CMakeFiles/serial.dir/src/impl/unix.cc.o[0m
[0.469s] [ 75%] [32mBuilding CXX object CMakeFiles/serial.dir/src/impl/list_ports/list_ports_linux.cc.o[0m
[0.774s] [100%] [32m[1mLinking CXX shared library libserial.so[0m
[0.818s] [100%] Built target serial
[0.825s] Invoked command in '/home/flug/Documents/colcon_ws/build/serial' returned '0': CMAKE_PREFIX_PATH=${CMAKE_PREFIX_PATH}:/opt/ros/jazzy DEBUGINFOD_URLS=https://debuginfod.ubuntu.com /usr/bin/cmake --build /home/flug/Documents/colcon_ws/build/serial -- -j16 -l16
[0.826s] Invoking command in '/home/flug/Documents/colcon_ws/build/serial': CMAKE_PREFIX_PATH=${CMAKE_PREFIX_PATH}:/opt/ros/jazzy DEBUGINFOD_URLS=https://debuginfod.ubuntu.com /usr/bin/cmake --install /home/flug/Documents/colcon_ws/build/serial
[0.830s] -- Install configuration: ""
[0.830s] -- Installing: /home/flug/Documents/colcon_ws/install/serial/share/serial/environment/library_path.sh
[0.830s] -- Installing: /home/flug/Documents/colcon_ws/install/serial/share/serial/environment/library_path.dsv
[0.830s] -- Installing: /home/flug/Documents/colcon_ws/install/serial/lib/libserial.so
[0.831s] -- Installing: /home/flug/Documents/colcon_ws/install/serial/include/serial/serial.h
[0.831s] -- Installing: /home/flug/Documents/colcon_ws/install/serial/include/serial/v8stdint.h
[0.831s] -- Installing: /home/flug/Documents/colcon_ws/install/serial/share/ament_index/resource_index/package_run_dependencies/serial
[0.831s] -- Installing: /home/flug/Documents/colcon_ws/install/serial/share/ament_index/resource_index/parent_prefix_path/serial
[0.831s] -- Installing: /home/flug/Documents/colcon_ws/install/serial/share/serial/environment/ament_prefix_path.sh
[0.831s] -- Installing: /home/flug/Documents/colcon_ws/install/serial/share/serial/environment/ament_prefix_path.dsv
[0.832s] -- Installing: /home/flug/Documents/colcon_ws/install/serial/share/serial/environment/path.sh
[0.832s] -- Installing: /home/flug/Documents/colcon_ws/install/serial/share/serial/environment/path.dsv
[0.832s] -- Installing: /home/flug/Documents/colcon_ws/install/serial/share/serial/local_setup.bash
[0.832s] -- Installing: /home/flug/Documents/colcon_ws/install/serial/share/serial/local_setup.sh
[0.832s] -- Installing: /home/flug/Documents/colcon_ws/install/serial/share/serial/local_setup.zsh
[0.832s] -- Installing: /home/flug/Documents/colcon_ws/install/serial/share/serial/local_setup.dsv
[0.832s] -- Installing: /home/flug/Documents/colcon_ws/install/serial/share/serial/package.dsv
[0.833s] -- Installing: /home/flug/Documents/colcon_ws/install/serial/share/ament_index/resource_index/packages/serial
[0.833s] -- Installing: /home/flug/Documents/colcon_ws/install/serial/share/serial/cmake/ament_cmake_export_include_directories-extras.cmake
[0.833s] -- Installing: /home/flug/Documents/colcon_ws/install/serial/share/serial/cmake/ament_cmake_export_libraries-extras.cmake
[0.833s] -- Installing: /home/flug/Documents/colcon_ws/install/serial/share/serial/cmake/serialConfig.cmake
[0.833s] -- Installing: /home/flug/Documents/colcon_ws/install/serial/share/serial/cmake/serialConfig-version.cmake
[0.833s] -- Installing: /home/flug/Documents/colcon_ws/install/serial/share/serial/package.xml
[0.834s] Invoked command in '/home/flug/Documents/colcon_ws/build/serial' returned '0': CMAKE_PREFIX_PATH=${CMAKE_PREFIX_PATH}:/opt/ros/jazzy DEBUGINFOD_URLS=https://debuginfod.ubuntu.com /usr/bin/cmake --install /home/flug/Documents/colcon_ws/build/serial
