[0.111s] DEBUG:colcon:Command line arguments: ['/usr/bin/colcon', 'build']
[0.111s] DEBUG:colcon:Parsed command line arguments: Namespace(log_base=None, log_level=None, verb_name='build', build_base='build', install_base='install', merge_install=False, symlink_install=False, test_result_base=None, continue_on_error=False, executor='parallel', parallel_workers=16, event_handlers=None, ignore_user_meta=False, metas=['./colcon.meta'], base_paths=['.'], packages_ignore=None, packages_ignore_regex=None, paths=None, packages_up_to=None, packages_up_to_regex=None, packages_above=None, packages_above_and_dependencies=None, packages_above_depth=None, packages_select_by_dep=None, packages_skip_by_dep=None, packages_skip_up_to=None, packages_select_build_failed=False, packages_skip_build_finished=False, packages_select_test_failures=False, packages_skip_test_passed=False, packages_select=None, packages_skip=None, packages_select_regex=None, packages_skip_regex=None, packages_start=None, packages_end=None, allow_overriding=[], cmake_args=None, cmake_target=None, cmake_target_skip_unavailable=False, cmake_clean_cache=False, cmake_clean_first=False, cmake_force_configure=False, ament_cmake_args=None, catkin_cmake_args=None, catkin_skip_building_tests=False, mixin_files=None, mixin=None, verb_parser=<colcon_mixin.mixin.mixin_argument.MixinArgumentDecorator object at 0x71f44678dfd0>, verb_extension=<colcon_core.verb.build.BuildVerb object at 0x71f4468be7b0>, main=<bound method BuildVerb.main of <colcon_core.verb.build.BuildVerb object at 0x71f4468be7b0>>, mixin_verb=('build',))
[0.138s] Level 1:colcon.colcon_core.package_discovery:discover_packages(colcon_meta) check parameters
[0.138s] Level 1:colcon.colcon_core.package_discovery:discover_packages(recursive) check parameters
[0.138s] Level 1:colcon.colcon_core.package_discovery:discover_packages(ignore) check parameters
[0.138s] Level 1:colcon.colcon_core.package_discovery:discover_packages(path) check parameters
[0.138s] Level 1:colcon.colcon_core.package_discovery:discover_packages(colcon_meta) discover
[0.138s] Level 1:colcon.colcon_core.package_discovery:discover_packages(recursive) discover
[0.138s] INFO:colcon.colcon_core.package_discovery:Crawling recursively for packages in '/home/flug/Documents/colcon_ws'
[0.138s] Level 1:colcon.colcon_core.package_identification:_identify(.) by extensions ['ignore', 'ignore_ament_install']
[0.138s] Level 1:colcon.colcon_core.package_identification:_identify(.) by extension 'ignore'
[0.138s] Level 1:colcon.colcon_core.package_identification:_identify(.) by extension 'ignore_ament_install'
[0.139s] Level 1:colcon.colcon_core.package_identification:_identify(.) by extensions ['colcon_pkg']
[0.139s] Level 1:colcon.colcon_core.package_identification:_identify(.) by extension 'colcon_pkg'
[0.139s] Level 1:colcon.colcon_core.package_identification:_identify(.) by extensions ['colcon_meta']
[0.139s] Level 1:colcon.colcon_core.package_identification:_identify(.) by extension 'colcon_meta'
[0.139s] Level 1:colcon.colcon_core.package_identification:_identify(.) by extensions ['ros']
[0.139s] Level 1:colcon.colcon_core.package_identification:_identify(.) by extension 'ros'
[0.157s] Level 1:colcon.colcon_core.package_identification:_identify(.) by extensions ['cmake', 'python']
[0.157s] Level 1:colcon.colcon_core.package_identification:_identify(.) by extension 'cmake'
[0.157s] Level 1:colcon.colcon_core.package_identification:_identify(.) by extension 'python'
[0.157s] Level 1:colcon.colcon_core.package_identification:_identify(.) by extensions ['python_setup_py']
[0.157s] Level 1:colcon.colcon_core.package_identification:_identify(.) by extension 'python_setup_py'
[0.157s] Level 1:colcon.colcon_core.package_identification:_identify(build) by extensions ['ignore', 'ignore_ament_install']
[0.157s] Level 1:colcon.colcon_core.package_identification:_identify(build) by extension 'ignore'
[0.157s] Level 1:colcon.colcon_core.package_identification:_identify(build) ignored
[0.157s] Level 1:colcon.colcon_core.package_identification:_identify(install) by extensions ['ignore', 'ignore_ament_install']
[0.157s] Level 1:colcon.colcon_core.package_identification:_identify(install) by extension 'ignore'
[0.157s] Level 1:colcon.colcon_core.package_identification:_identify(install) ignored
[0.157s] Level 1:colcon.colcon_core.package_identification:_identify(log) by extensions ['ignore', 'ignore_ament_install']
[0.157s] Level 1:colcon.colcon_core.package_identification:_identify(log) by extension 'ignore'
[0.157s] Level 1:colcon.colcon_core.package_identification:_identify(log) ignored
[0.157s] Level 1:colcon.colcon_core.package_identification:_identify(src) by extensions ['ignore', 'ignore_ament_install']
[0.157s] Level 1:colcon.colcon_core.package_identification:_identify(src) by extension 'ignore'
[0.157s] Level 1:colcon.colcon_core.package_identification:_identify(src) by extension 'ignore_ament_install'
[0.157s] Level 1:colcon.colcon_core.package_identification:_identify(src) by extensions ['colcon_pkg']
[0.157s] Level 1:colcon.colcon_core.package_identification:_identify(src) by extension 'colcon_pkg'
[0.158s] Level 1:colcon.colcon_core.package_identification:_identify(src) by extensions ['colcon_meta']
[0.158s] Level 1:colcon.colcon_core.package_identification:_identify(src) by extension 'colcon_meta'
[0.158s] Level 1:colcon.colcon_core.package_identification:_identify(src) by extensions ['ros']
[0.158s] Level 1:colcon.colcon_core.package_identification:_identify(src) by extension 'ros'
[0.158s] Level 1:colcon.colcon_core.package_identification:_identify(src) by extensions ['cmake', 'python']
[0.158s] Level 1:colcon.colcon_core.package_identification:_identify(src) by extension 'cmake'
[0.158s] Level 1:colcon.colcon_core.package_identification:_identify(src) by extension 'python'
[0.158s] Level 1:colcon.colcon_core.package_identification:_identify(src) by extensions ['python_setup_py']
[0.158s] Level 1:colcon.colcon_core.package_identification:_identify(src) by extension 'python_setup_py'
[0.158s] Level 1:colcon.colcon_core.package_identification:_identify(src/delta_robot_description) by extensions ['ignore', 'ignore_ament_install']
[0.158s] Level 1:colcon.colcon_core.package_identification:_identify(src/delta_robot_description) by extension 'ignore'
[0.158s] Level 1:colcon.colcon_core.package_identification:_identify(src/delta_robot_description) by extension 'ignore_ament_install'
[0.158s] Level 1:colcon.colcon_core.package_identification:_identify(src/delta_robot_description) by extensions ['colcon_pkg']
[0.158s] Level 1:colcon.colcon_core.package_identification:_identify(src/delta_robot_description) by extension 'colcon_pkg'
[0.158s] Level 1:colcon.colcon_core.package_identification:_identify(src/delta_robot_description) by extensions ['colcon_meta']
[0.158s] Level 1:colcon.colcon_core.package_identification:_identify(src/delta_robot_description) by extension 'colcon_meta'
[0.158s] Level 1:colcon.colcon_core.package_identification:_identify(src/delta_robot_description) by extensions ['ros']
[0.158s] Level 1:colcon.colcon_core.package_identification:_identify(src/delta_robot_description) by extension 'ros'
[0.160s] DEBUG:colcon.colcon_core.package_identification:Package 'src/delta_robot_description' with type 'ros.ament_cmake' and name 'delta_robot_description'
[0.160s] Level 1:colcon.colcon_core.package_identification:_identify(src/delta_robot_serial) by extensions ['ignore', 'ignore_ament_install']
[0.160s] Level 1:colcon.colcon_core.package_identification:_identify(src/delta_robot_serial) by extension 'ignore'
[0.160s] Level 1:colcon.colcon_core.package_identification:_identify(src/delta_robot_serial) by extension 'ignore_ament_install'
[0.160s] Level 1:colcon.colcon_core.package_identification:_identify(src/delta_robot_serial) by extensions ['colcon_pkg']
[0.160s] Level 1:colcon.colcon_core.package_identification:_identify(src/delta_robot_serial) by extension 'colcon_pkg'
[0.160s] Level 1:colcon.colcon_core.package_identification:_identify(src/delta_robot_serial) by extensions ['colcon_meta']
[0.160s] Level 1:colcon.colcon_core.package_identification:_identify(src/delta_robot_serial) by extension 'colcon_meta'
[0.160s] Level 1:colcon.colcon_core.package_identification:_identify(src/delta_robot_serial) by extensions ['ros']
[0.160s] Level 1:colcon.colcon_core.package_identification:_identify(src/delta_robot_serial) by extension 'ros'
[0.161s] DEBUG:colcon.colcon_core.package_identification:Package 'src/delta_robot_serial' with type 'ros.ament_cmake' and name 'delta_robot_serial'
[0.161s] Level 1:colcon.colcon_core.package_identification:_identify(src/serial) by extensions ['ignore', 'ignore_ament_install']
[0.161s] Level 1:colcon.colcon_core.package_identification:_identify(src/serial) by extension 'ignore'
[0.161s] Level 1:colcon.colcon_core.package_identification:_identify(src/serial) by extension 'ignore_ament_install'
[0.161s] Level 1:colcon.colcon_core.package_identification:_identify(src/serial) by extensions ['colcon_pkg']
[0.161s] Level 1:colcon.colcon_core.package_identification:_identify(src/serial) by extension 'colcon_pkg'
[0.161s] Level 1:colcon.colcon_core.package_identification:_identify(src/serial) by extensions ['colcon_meta']
[0.161s] Level 1:colcon.colcon_core.package_identification:_identify(src/serial) by extension 'colcon_meta'
[0.161s] Level 1:colcon.colcon_core.package_identification:_identify(src/serial) by extensions ['ros']
[0.161s] Level 1:colcon.colcon_core.package_identification:_identify(src/serial) by extension 'ros'
[0.161s] DEBUG:colcon.colcon_core.package_identification:Package 'src/serial' with type 'ros.ament_cmake' and name 'serial'
[0.161s] Level 1:colcon.colcon_core.package_discovery:discover_packages(recursive) using defaults
[0.161s] Level 1:colcon.colcon_core.package_discovery:discover_packages(ignore) discover
[0.161s] Level 1:colcon.colcon_core.package_discovery:discover_packages(ignore) using defaults
[0.161s] Level 1:colcon.colcon_core.package_discovery:discover_packages(path) discover
[0.161s] Level 1:colcon.colcon_core.package_discovery:discover_packages(path) using defaults
[0.174s] Level 1:colcon.colcon_core.package_discovery:discover_packages(prefix_path) check parameters
[0.174s] Level 1:colcon.colcon_core.package_discovery:discover_packages(prefix_path) discover
[0.175s] DEBUG:colcon.colcon_installed_package_information.package_discovery:Found 3 installed packages in /home/flug/Documents/colcon_ws/install
[0.176s] DEBUG:colcon.colcon_installed_package_information.package_discovery:Found 290 installed packages in /opt/ros/jazzy
[0.177s] Level 1:colcon.colcon_core.package_discovery:discover_packages(prefix_path) using defaults
[0.206s] Level 5:colcon.colcon_core.verb:set package 'delta_robot_description' build argument 'cmake_args' from command line to 'None'
[0.206s] Level 5:colcon.colcon_core.verb:set package 'delta_robot_description' build argument 'cmake_target' from command line to 'None'
[0.206s] Level 5:colcon.colcon_core.verb:set package 'delta_robot_description' build argument 'cmake_target_skip_unavailable' from command line to 'False'
[0.206s] Level 5:colcon.colcon_core.verb:set package 'delta_robot_description' build argument 'cmake_clean_cache' from command line to 'False'
[0.206s] Level 5:colcon.colcon_core.verb:set package 'delta_robot_description' build argument 'cmake_clean_first' from command line to 'False'
[0.206s] Level 5:colcon.colcon_core.verb:set package 'delta_robot_description' build argument 'cmake_force_configure' from command line to 'False'
[0.206s] Level 5:colcon.colcon_core.verb:set package 'delta_robot_description' build argument 'ament_cmake_args' from command line to 'None'
[0.206s] Level 5:colcon.colcon_core.verb:set package 'delta_robot_description' build argument 'catkin_cmake_args' from command line to 'None'
[0.206s] Level 5:colcon.colcon_core.verb:set package 'delta_robot_description' build argument 'catkin_skip_building_tests' from command line to 'False'
[0.206s] DEBUG:colcon.colcon_core.verb:Building package 'delta_robot_description' with the following arguments: {'ament_cmake_args': None, 'build_base': '/home/flug/Documents/colcon_ws/build/delta_robot_description', 'catkin_cmake_args': None, 'catkin_skip_building_tests': False, 'cmake_args': None, 'cmake_clean_cache': False, 'cmake_clean_first': False, 'cmake_force_configure': False, 'cmake_target': None, 'cmake_target_skip_unavailable': False, 'install_base': '/home/flug/Documents/colcon_ws/install/delta_robot_description', 'merge_install': False, 'path': '/home/flug/Documents/colcon_ws/src/delta_robot_description', 'symlink_install': False, 'test_result_base': None}
[0.207s] Level 5:colcon.colcon_core.verb:set package 'serial' build argument 'cmake_args' from command line to 'None'
[0.207s] Level 5:colcon.colcon_core.verb:set package 'serial' build argument 'cmake_target' from command line to 'None'
[0.207s] Level 5:colcon.colcon_core.verb:set package 'serial' build argument 'cmake_target_skip_unavailable' from command line to 'False'
[0.207s] Level 5:colcon.colcon_core.verb:set package 'serial' build argument 'cmake_clean_cache' from command line to 'False'
[0.207s] Level 5:colcon.colcon_core.verb:set package 'serial' build argument 'cmake_clean_first' from command line to 'False'
[0.207s] Level 5:colcon.colcon_core.verb:set package 'serial' build argument 'cmake_force_configure' from command line to 'False'
[0.207s] Level 5:colcon.colcon_core.verb:set package 'serial' build argument 'ament_cmake_args' from command line to 'None'
[0.207s] Level 5:colcon.colcon_core.verb:set package 'serial' build argument 'catkin_cmake_args' from command line to 'None'
[0.207s] Level 5:colcon.colcon_core.verb:set package 'serial' build argument 'catkin_skip_building_tests' from command line to 'False'
[0.207s] DEBUG:colcon.colcon_core.verb:Building package 'serial' with the following arguments: {'ament_cmake_args': None, 'build_base': '/home/flug/Documents/colcon_ws/build/serial', 'catkin_cmake_args': None, 'catkin_skip_building_tests': False, 'cmake_args': None, 'cmake_clean_cache': False, 'cmake_clean_first': False, 'cmake_force_configure': False, 'cmake_target': None, 'cmake_target_skip_unavailable': False, 'install_base': '/home/flug/Documents/colcon_ws/install/serial', 'merge_install': False, 'path': '/home/flug/Documents/colcon_ws/src/serial', 'symlink_install': False, 'test_result_base': None}
[0.207s] Level 5:colcon.colcon_core.verb:set package 'delta_robot_serial' build argument 'cmake_args' from command line to 'None'
[0.207s] Level 5:colcon.colcon_core.verb:set package 'delta_robot_serial' build argument 'cmake_target' from command line to 'None'
[0.207s] Level 5:colcon.colcon_core.verb:set package 'delta_robot_serial' build argument 'cmake_target_skip_unavailable' from command line to 'False'
[0.207s] Level 5:colcon.colcon_core.verb:set package 'delta_robot_serial' build argument 'cmake_clean_cache' from command line to 'False'
[0.207s] Level 5:colcon.colcon_core.verb:set package 'delta_robot_serial' build argument 'cmake_clean_first' from command line to 'False'
[0.207s] Level 5:colcon.colcon_core.verb:set package 'delta_robot_serial' build argument 'cmake_force_configure' from command line to 'False'
[0.207s] Level 5:colcon.colcon_core.verb:set package 'delta_robot_serial' build argument 'ament_cmake_args' from command line to 'None'
[0.207s] Level 5:colcon.colcon_core.verb:set package 'delta_robot_serial' build argument 'catkin_cmake_args' from command line to 'None'
[0.207s] Level 5:colcon.colcon_core.verb:set package 'delta_robot_serial' build argument 'catkin_skip_building_tests' from command line to 'False'
[0.207s] DEBUG:colcon.colcon_core.verb:Building package 'delta_robot_serial' with the following arguments: {'ament_cmake_args': None, 'build_base': '/home/flug/Documents/colcon_ws/build/delta_robot_serial', 'catkin_cmake_args': None, 'catkin_skip_building_tests': False, 'cmake_args': None, 'cmake_clean_cache': False, 'cmake_clean_first': False, 'cmake_force_configure': False, 'cmake_target': None, 'cmake_target_skip_unavailable': False, 'install_base': '/home/flug/Documents/colcon_ws/install/delta_robot_serial', 'merge_install': False, 'path': '/home/flug/Documents/colcon_ws/src/delta_robot_serial', 'symlink_install': False, 'test_result_base': None}
[0.207s] INFO:colcon.colcon_core.executor:Executing jobs using 'parallel' executor
[0.208s] DEBUG:colcon.colcon_parallel_executor.executor.parallel:run_until_complete
[0.208s] INFO:colcon.colcon_ros.task.ament_cmake.build:Building ROS package in '/home/flug/Documents/colcon_ws/src/serial' with build type 'ament_cmake'
[0.208s] INFO:colcon.colcon_cmake.task.cmake.build:Building CMake package in '/home/flug/Documents/colcon_ws/src/serial'
[0.209s] INFO:colcon.colcon_core.plugin_system:Skipping extension 'colcon_core.shell.bat': Not used on non-Windows systems
[0.209s] INFO:colcon.colcon_core.shell:Skip shell extension 'powershell' for command environment: Not usable outside of PowerShell
[0.209s] DEBUG:colcon.colcon_core.shell:Skip shell extension 'dsv' for command environment
[0.212s] INFO:colcon.colcon_ros.task.ament_cmake.build:Building ROS package in '/home/flug/Documents/colcon_ws/src/delta_robot_description' with build type 'ament_cmake'
[0.212s] INFO:colcon.colcon_cmake.task.cmake.build:Building CMake package in '/home/flug/Documents/colcon_ws/src/delta_robot_description'
[0.212s] INFO:colcon.colcon_core.shell:Skip shell extension 'powershell' for command environment: Not usable outside of PowerShell
[0.212s] DEBUG:colcon.colcon_core.shell:Skip shell extension 'dsv' for command environment
[0.217s] DEBUG:colcon.colcon_core.event_handler.log_command:Invoking command in '/home/flug/Documents/colcon_ws/build/serial': CMAKE_PREFIX_PATH=${CMAKE_PREFIX_PATH}:/opt/ros/jazzy DEBUGINFOD_URLS=https://debuginfod.ubuntu.com /usr/bin/cmake --build /home/flug/Documents/colcon_ws/build/serial -- -j16 -l16
[0.219s] DEBUG:colcon.colcon_core.event_handler.log_command:Invoking command in '/home/flug/Documents/colcon_ws/build/delta_robot_description': CMAKE_PREFIX_PATH=${CMAKE_PREFIX_PATH}:/opt/ros/jazzy DEBUGINFOD_URLS=https://debuginfod.ubuntu.com /usr/bin/cmake --build /home/flug/Documents/colcon_ws/build/delta_robot_description -- -j16 -l16
[0.243s] DEBUG:colcon.colcon_core.event_handler.log_command:Invoked command in '/home/flug/Documents/colcon_ws/build/delta_robot_description' returned '0': CMAKE_PREFIX_PATH=${CMAKE_PREFIX_PATH}:/opt/ros/jazzy DEBUGINFOD_URLS=https://debuginfod.ubuntu.com /usr/bin/cmake --build /home/flug/Documents/colcon_ws/build/delta_robot_description -- -j16 -l16
[0.249s] DEBUG:colcon.colcon_core.event_handler.log_command:Invoking command in '/home/flug/Documents/colcon_ws/build/delta_robot_description': CMAKE_PREFIX_PATH=${CMAKE_PREFIX_PATH}:/opt/ros/jazzy DEBUGINFOD_URLS=https://debuginfod.ubuntu.com /usr/bin/cmake --install /home/flug/Documents/colcon_ws/build/delta_robot_description
[0.257s] Level 1:colcon.colcon_core.environment:create_environment_scripts_only(delta_robot_description)
[0.260s] DEBUG:colcon.colcon_core.event_handler.log_command:Invoked command in '/home/flug/Documents/colcon_ws/build/serial' returned '0': CMAKE_PREFIX_PATH=${CMAKE_PREFIX_PATH}:/opt/ros/jazzy DEBUGINFOD_URLS=https://debuginfod.ubuntu.com /usr/bin/cmake --build /home/flug/Documents/colcon_ws/build/serial -- -j16 -l16
[0.260s] DEBUG:colcon.colcon_core.event_handler.log_command:Invoking command in '/home/flug/Documents/colcon_ws/build/serial': CMAKE_PREFIX_PATH=${CMAKE_PREFIX_PATH}:/opt/ros/jazzy DEBUGINFOD_URLS=https://debuginfod.ubuntu.com /usr/bin/cmake --install /home/flug/Documents/colcon_ws/build/serial
[0.260s] DEBUG:colcon.colcon_core.event_handler.log_command:Invoked command in '/home/flug/Documents/colcon_ws/build/delta_robot_description' returned '0': CMAKE_PREFIX_PATH=${CMAKE_PREFIX_PATH}:/opt/ros/jazzy DEBUGINFOD_URLS=https://debuginfod.ubuntu.com /usr/bin/cmake --install /home/flug/Documents/colcon_ws/build/delta_robot_description
[0.261s] Level 1:colcon.colcon_core.environment:checking '/home/flug/Documents/colcon_ws/install/delta_robot_description' for CMake module files
[0.261s] Level 1:colcon.colcon_core.environment:checking '/home/flug/Documents/colcon_ws/install/delta_robot_description' for CMake config files
[0.261s] Level 1:colcon.colcon_core.shell:create_environment_hook('delta_robot_description', 'cmake_prefix_path')
[0.261s] INFO:colcon.colcon_core.shell:Creating environment hook '/home/flug/Documents/colcon_ws/install/delta_robot_description/share/delta_robot_description/hook/cmake_prefix_path.ps1'
[0.262s] INFO:colcon.colcon_core.shell:Creating environment descriptor '/home/flug/Documents/colcon_ws/install/delta_robot_description/share/delta_robot_description/hook/cmake_prefix_path.dsv'
[0.263s] INFO:colcon.colcon_core.shell:Creating environment hook '/home/flug/Documents/colcon_ws/install/delta_robot_description/share/delta_robot_description/hook/cmake_prefix_path.sh'
[0.264s] Level 1:colcon.colcon_core.environment:checking '/home/flug/Documents/colcon_ws/install/delta_robot_description/bin'
[0.264s] Level 1:colcon.colcon_core.environment:checking '/home/flug/Documents/colcon_ws/install/delta_robot_description/lib/pkgconfig/delta_robot_description.pc'
[0.264s] Level 1:colcon.colcon_core.environment:checking '/home/flug/Documents/colcon_ws/install/delta_robot_description/lib/python3.12/site-packages'
[0.264s] Level 1:colcon.colcon_core.environment:checking '/home/flug/Documents/colcon_ws/install/delta_robot_description/bin'
[0.264s] INFO:colcon.colcon_core.shell:Creating package script '/home/flug/Documents/colcon_ws/install/delta_robot_description/share/delta_robot_description/package.ps1'
[0.265s] INFO:colcon.colcon_core.shell:Creating package descriptor '/home/flug/Documents/colcon_ws/install/delta_robot_description/share/delta_robot_description/package.dsv'
[0.266s] INFO:colcon.colcon_core.shell:Creating package script '/home/flug/Documents/colcon_ws/install/delta_robot_description/share/delta_robot_description/package.sh'
[0.266s] INFO:colcon.colcon_core.shell:Creating package script '/home/flug/Documents/colcon_ws/install/delta_robot_description/share/delta_robot_description/package.bash'
[0.267s] INFO:colcon.colcon_core.shell:Creating package script '/home/flug/Documents/colcon_ws/install/delta_robot_description/share/delta_robot_description/package.zsh'
[0.268s] Level 1:colcon.colcon_core.environment:create_file_with_runtime_dependencies(/home/flug/Documents/colcon_ws/install/delta_robot_description/share/colcon-core/packages/delta_robot_description)
[0.268s] Level 1:colcon.colcon_core.environment:create_environment_scripts_only(delta_robot_description)
[0.268s] Level 1:colcon.colcon_core.environment:checking '/home/flug/Documents/colcon_ws/install/delta_robot_description' for CMake module files
[0.269s] Level 1:colcon.colcon_core.environment:checking '/home/flug/Documents/colcon_ws/install/delta_robot_description' for CMake config files
[0.269s] Level 1:colcon.colcon_core.shell:create_environment_hook('delta_robot_description', 'cmake_prefix_path')
[0.269s] INFO:colcon.colcon_core.shell:Creating environment hook '/home/flug/Documents/colcon_ws/install/delta_robot_description/share/delta_robot_description/hook/cmake_prefix_path.ps1'
[0.270s] INFO:colcon.colcon_core.shell:Creating environment descriptor '/home/flug/Documents/colcon_ws/install/delta_robot_description/share/delta_robot_description/hook/cmake_prefix_path.dsv'
[0.270s] INFO:colcon.colcon_core.shell:Creating environment hook '/home/flug/Documents/colcon_ws/install/delta_robot_description/share/delta_robot_description/hook/cmake_prefix_path.sh'
[0.271s] Level 1:colcon.colcon_core.environment:checking '/home/flug/Documents/colcon_ws/install/delta_robot_description/bin'
[0.271s] Level 1:colcon.colcon_core.environment:checking '/home/flug/Documents/colcon_ws/install/delta_robot_description/lib/pkgconfig/delta_robot_description.pc'
[0.271s] Level 1:colcon.colcon_core.environment:checking '/home/flug/Documents/colcon_ws/install/delta_robot_description/lib/python3.12/site-packages'
[0.271s] Level 1:colcon.colcon_core.environment:checking '/home/flug/Documents/colcon_ws/install/delta_robot_description/bin'
[0.271s] INFO:colcon.colcon_core.shell:Creating package script '/home/flug/Documents/colcon_ws/install/delta_robot_description/share/delta_robot_description/package.ps1'
[0.272s] INFO:colcon.colcon_core.shell:Creating package descriptor '/home/flug/Documents/colcon_ws/install/delta_robot_description/share/delta_robot_description/package.dsv'
[0.272s] INFO:colcon.colcon_core.shell:Creating package script '/home/flug/Documents/colcon_ws/install/delta_robot_description/share/delta_robot_description/package.sh'
[0.272s] INFO:colcon.colcon_core.shell:Creating package script '/home/flug/Documents/colcon_ws/install/delta_robot_description/share/delta_robot_description/package.bash'
[0.273s] INFO:colcon.colcon_core.shell:Creating package script '/home/flug/Documents/colcon_ws/install/delta_robot_description/share/delta_robot_description/package.zsh'
[0.273s] Level 1:colcon.colcon_core.environment:create_file_with_runtime_dependencies(/home/flug/Documents/colcon_ws/install/delta_robot_description/share/colcon-core/packages/delta_robot_description)
[0.273s] Level 1:colcon.colcon_core.environment:create_environment_scripts_only(serial)
[0.273s] Level 1:colcon.colcon_core.environment:checking '/home/flug/Documents/colcon_ws/install/serial' for CMake module files
[0.274s] DEBUG:colcon.colcon_core.event_handler.log_command:Invoked command in '/home/flug/Documents/colcon_ws/build/serial' returned '0': CMAKE_PREFIX_PATH=${CMAKE_PREFIX_PATH}:/opt/ros/jazzy DEBUGINFOD_URLS=https://debuginfod.ubuntu.com /usr/bin/cmake --install /home/flug/Documents/colcon_ws/build/serial
[0.274s] Level 1:colcon.colcon_core.environment:checking '/home/flug/Documents/colcon_ws/install/serial' for CMake config files
[0.274s] Level 1:colcon.colcon_core.shell:create_environment_hook('serial', 'cmake_prefix_path')
[0.274s] INFO:colcon.colcon_core.shell:Creating environment hook '/home/flug/Documents/colcon_ws/install/serial/share/serial/hook/cmake_prefix_path.ps1'
[0.274s] INFO:colcon.colcon_core.shell:Creating environment descriptor '/home/flug/Documents/colcon_ws/install/serial/share/serial/hook/cmake_prefix_path.dsv'
[0.275s] INFO:colcon.colcon_core.shell:Creating environment hook '/home/flug/Documents/colcon_ws/install/serial/share/serial/hook/cmake_prefix_path.sh'
[0.275s] Level 1:colcon.colcon_core.environment:checking '/home/flug/Documents/colcon_ws/install/serial/lib'
[0.275s] Level 1:colcon.colcon_core.shell:create_environment_hook('serial', 'ld_library_path_lib')
[0.275s] INFO:colcon.colcon_core.shell:Creating environment hook '/home/flug/Documents/colcon_ws/install/serial/share/serial/hook/ld_library_path_lib.ps1'
[0.276s] INFO:colcon.colcon_core.shell:Creating environment descriptor '/home/flug/Documents/colcon_ws/install/serial/share/serial/hook/ld_library_path_lib.dsv'
[0.276s] INFO:colcon.colcon_core.shell:Creating environment hook '/home/flug/Documents/colcon_ws/install/serial/share/serial/hook/ld_library_path_lib.sh'
[0.276s] Level 1:colcon.colcon_core.environment:checking '/home/flug/Documents/colcon_ws/install/serial/bin'
[0.276s] Level 1:colcon.colcon_core.environment:checking '/home/flug/Documents/colcon_ws/install/serial/lib/pkgconfig/serial.pc'
[0.276s] Level 1:colcon.colcon_core.environment:checking '/home/flug/Documents/colcon_ws/install/serial/lib/python3.12/site-packages'
[0.276s] Level 1:colcon.colcon_core.environment:checking '/home/flug/Documents/colcon_ws/install/serial/bin'
[0.277s] INFO:colcon.colcon_core.shell:Creating package script '/home/flug/Documents/colcon_ws/install/serial/share/serial/package.ps1'
[0.277s] INFO:colcon.colcon_core.shell:Creating package descriptor '/home/flug/Documents/colcon_ws/install/serial/share/serial/package.dsv'
[0.277s] INFO:colcon.colcon_core.shell:Creating package script '/home/flug/Documents/colcon_ws/install/serial/share/serial/package.sh'
[0.278s] INFO:colcon.colcon_core.shell:Creating package script '/home/flug/Documents/colcon_ws/install/serial/share/serial/package.bash'
[0.278s] INFO:colcon.colcon_core.shell:Creating package script '/home/flug/Documents/colcon_ws/install/serial/share/serial/package.zsh'
[0.278s] Level 1:colcon.colcon_core.environment:create_file_with_runtime_dependencies(/home/flug/Documents/colcon_ws/install/serial/share/colcon-core/packages/serial)
[0.278s] Level 1:colcon.colcon_core.environment:create_environment_scripts_only(serial)
[0.278s] Level 1:colcon.colcon_core.environment:checking '/home/flug/Documents/colcon_ws/install/serial' for CMake module files
[0.279s] Level 1:colcon.colcon_core.environment:checking '/home/flug/Documents/colcon_ws/install/serial' for CMake config files
[0.279s] Level 1:colcon.colcon_core.shell:create_environment_hook('serial', 'cmake_prefix_path')
[0.279s] INFO:colcon.colcon_core.shell:Creating environment hook '/home/flug/Documents/colcon_ws/install/serial/share/serial/hook/cmake_prefix_path.ps1'
[0.279s] INFO:colcon.colcon_core.shell:Creating environment descriptor '/home/flug/Documents/colcon_ws/install/serial/share/serial/hook/cmake_prefix_path.dsv'
[0.279s] INFO:colcon.colcon_core.shell:Creating environment hook '/home/flug/Documents/colcon_ws/install/serial/share/serial/hook/cmake_prefix_path.sh'
[0.279s] Level 1:colcon.colcon_core.environment:checking '/home/flug/Documents/colcon_ws/install/serial/lib'
[0.280s] Level 1:colcon.colcon_core.shell:create_environment_hook('serial', 'ld_library_path_lib')
[0.280s] INFO:colcon.colcon_core.shell:Creating environment hook '/home/flug/Documents/colcon_ws/install/serial/share/serial/hook/ld_library_path_lib.ps1'
[0.280s] INFO:colcon.colcon_core.shell:Creating environment descriptor '/home/flug/Documents/colcon_ws/install/serial/share/serial/hook/ld_library_path_lib.dsv'
[0.280s] INFO:colcon.colcon_core.shell:Creating environment hook '/home/flug/Documents/colcon_ws/install/serial/share/serial/hook/ld_library_path_lib.sh'
[0.280s] Level 1:colcon.colcon_core.environment:checking '/home/flug/Documents/colcon_ws/install/serial/bin'
[0.280s] Level 1:colcon.colcon_core.environment:checking '/home/flug/Documents/colcon_ws/install/serial/lib/pkgconfig/serial.pc'
[0.280s] Level 1:colcon.colcon_core.environment:checking '/home/flug/Documents/colcon_ws/install/serial/lib/python3.12/site-packages'
[0.281s] Level 1:colcon.colcon_core.environment:checking '/home/flug/Documents/colcon_ws/install/serial/bin'
[0.281s] INFO:colcon.colcon_core.shell:Creating package script '/home/flug/Documents/colcon_ws/install/serial/share/serial/package.ps1'
[0.281s] INFO:colcon.colcon_core.shell:Creating package descriptor '/home/flug/Documents/colcon_ws/install/serial/share/serial/package.dsv'
[0.281s] INFO:colcon.colcon_core.shell:Creating package script '/home/flug/Documents/colcon_ws/install/serial/share/serial/package.sh'
[0.282s] INFO:colcon.colcon_core.shell:Creating package script '/home/flug/Documents/colcon_ws/install/serial/share/serial/package.bash'
[0.282s] INFO:colcon.colcon_core.shell:Creating package script '/home/flug/Documents/colcon_ws/install/serial/share/serial/package.zsh'
[0.282s] Level 1:colcon.colcon_core.environment:create_file_with_runtime_dependencies(/home/flug/Documents/colcon_ws/install/serial/share/colcon-core/packages/serial)
[0.282s] INFO:colcon.colcon_ros.task.ament_cmake.build:Building ROS package in '/home/flug/Documents/colcon_ws/src/delta_robot_serial' with build type 'ament_cmake'
[0.283s] INFO:colcon.colcon_cmake.task.cmake.build:Building CMake package in '/home/flug/Documents/colcon_ws/src/delta_robot_serial'
[0.283s] INFO:colcon.colcon_core.shell:Skip shell extension 'powershell' for command environment: Not usable outside of PowerShell
[0.283s] DEBUG:colcon.colcon_core.shell:Skip shell extension 'dsv' for command environment
[0.289s] DEBUG:colcon.colcon_core.event_handler.log_command:Invoking command in '/home/flug/Documents/colcon_ws/build/delta_robot_serial': CMAKE_PREFIX_PATH=/home/flug/Documents/colcon_ws/install/serial:/home/flug/Documents/colcon_ws/install/delta_robot_serial:/home/flug/Documents/colcon_ws/install/delta_robot_description:/opt/ros/jazzy/opt/gz_math_vendor:/opt/ros/jazzy/opt/gz_utils_vendor:/opt/ros/jazzy/opt/gz_cmake_vendor:/opt/ros/jazzy DEBUGINFOD_URLS=https://debuginfod.ubuntu.com LD_LIBRARY_PATH=/home/flug/Documents/colcon_ws/install/serial/lib:/home/flug/Documents/colcon_ws/install/delta_robot_serial/lib:/opt/ros/jazzy/opt/rviz_ogre_vendor/lib:/opt/ros/jazzy/lib/x86_64-linux-gnu:/opt/ros/jazzy/opt/gz_math_vendor/lib:/opt/ros/jazzy/opt/gz_utils_vendor/lib:/opt/ros/jazzy/opt/gz_cmake_vendor/lib:/opt/ros/jazzy/lib /usr/bin/cmake --build /home/flug/Documents/colcon_ws/build/delta_robot_serial -- -j16 -l16
[6.848s] DEBUG:colcon.colcon_core.event_handler.log_command:Invoked command in '/home/flug/Documents/colcon_ws/build/delta_robot_serial' returned '0': CMAKE_PREFIX_PATH=/home/flug/Documents/colcon_ws/install/serial:/home/flug/Documents/colcon_ws/install/delta_robot_serial:/home/flug/Documents/colcon_ws/install/delta_robot_description:/opt/ros/jazzy/opt/gz_math_vendor:/opt/ros/jazzy/opt/gz_utils_vendor:/opt/ros/jazzy/opt/gz_cmake_vendor:/opt/ros/jazzy DEBUGINFOD_URLS=https://debuginfod.ubuntu.com LD_LIBRARY_PATH=/home/flug/Documents/colcon_ws/install/serial/lib:/home/flug/Documents/colcon_ws/install/delta_robot_serial/lib:/opt/ros/jazzy/opt/rviz_ogre_vendor/lib:/opt/ros/jazzy/lib/x86_64-linux-gnu:/opt/ros/jazzy/opt/gz_math_vendor/lib:/opt/ros/jazzy/opt/gz_utils_vendor/lib:/opt/ros/jazzy/opt/gz_cmake_vendor/lib:/opt/ros/jazzy/lib /usr/bin/cmake --build /home/flug/Documents/colcon_ws/build/delta_robot_serial -- -j16 -l16
[6.849s] DEBUG:colcon.colcon_core.event_handler.log_command:Invoking command in '/home/flug/Documents/colcon_ws/build/delta_robot_serial': CMAKE_PREFIX_PATH=/home/flug/Documents/colcon_ws/install/serial:/home/flug/Documents/colcon_ws/install/delta_robot_serial:/home/flug/Documents/colcon_ws/install/delta_robot_description:/opt/ros/jazzy/opt/gz_math_vendor:/opt/ros/jazzy/opt/gz_utils_vendor:/opt/ros/jazzy/opt/gz_cmake_vendor:/opt/ros/jazzy DEBUGINFOD_URLS=https://debuginfod.ubuntu.com LD_LIBRARY_PATH=/home/flug/Documents/colcon_ws/install/serial/lib:/home/flug/Documents/colcon_ws/install/delta_robot_serial/lib:/opt/ros/jazzy/opt/rviz_ogre_vendor/lib:/opt/ros/jazzy/lib/x86_64-linux-gnu:/opt/ros/jazzy/opt/gz_math_vendor/lib:/opt/ros/jazzy/opt/gz_utils_vendor/lib:/opt/ros/jazzy/opt/gz_cmake_vendor/lib:/opt/ros/jazzy/lib /usr/bin/cmake --install /home/flug/Documents/colcon_ws/build/delta_robot_serial
[6.893s] Level 1:colcon.colcon_core.environment:create_environment_scripts_only(delta_robot_serial)
[6.893s] Level 1:colcon.colcon_core.environment:checking '/home/flug/Documents/colcon_ws/install/delta_robot_serial' for CMake module files
[6.893s] DEBUG:colcon.colcon_core.event_handler.log_command:Invoked command in '/home/flug/Documents/colcon_ws/build/delta_robot_serial' returned '0': CMAKE_PREFIX_PATH=/home/flug/Documents/colcon_ws/install/serial:/home/flug/Documents/colcon_ws/install/delta_robot_serial:/home/flug/Documents/colcon_ws/install/delta_robot_description:/opt/ros/jazzy/opt/gz_math_vendor:/opt/ros/jazzy/opt/gz_utils_vendor:/opt/ros/jazzy/opt/gz_cmake_vendor:/opt/ros/jazzy DEBUGINFOD_URLS=https://debuginfod.ubuntu.com LD_LIBRARY_PATH=/home/flug/Documents/colcon_ws/install/serial/lib:/home/flug/Documents/colcon_ws/install/delta_robot_serial/lib:/opt/ros/jazzy/opt/rviz_ogre_vendor/lib:/opt/ros/jazzy/lib/x86_64-linux-gnu:/opt/ros/jazzy/opt/gz_math_vendor/lib:/opt/ros/jazzy/opt/gz_utils_vendor/lib:/opt/ros/jazzy/opt/gz_cmake_vendor/lib:/opt/ros/jazzy/lib /usr/bin/cmake --install /home/flug/Documents/colcon_ws/build/delta_robot_serial
[6.894s] Level 1:colcon.colcon_core.environment:checking '/home/flug/Documents/colcon_ws/install/delta_robot_serial' for CMake config files
[6.894s] Level 1:colcon.colcon_core.shell:create_environment_hook('delta_robot_serial', 'cmake_prefix_path')
[6.894s] INFO:colcon.colcon_core.shell:Creating environment hook '/home/flug/Documents/colcon_ws/install/delta_robot_serial/share/delta_robot_serial/hook/cmake_prefix_path.ps1'
[6.895s] INFO:colcon.colcon_core.shell:Creating environment descriptor '/home/flug/Documents/colcon_ws/install/delta_robot_serial/share/delta_robot_serial/hook/cmake_prefix_path.dsv'
[6.895s] INFO:colcon.colcon_core.shell:Creating environment hook '/home/flug/Documents/colcon_ws/install/delta_robot_serial/share/delta_robot_serial/hook/cmake_prefix_path.sh'
[6.895s] Level 1:colcon.colcon_core.environment:checking '/home/flug/Documents/colcon_ws/install/delta_robot_serial/lib'
[6.895s] Level 1:colcon.colcon_core.shell:create_environment_hook('delta_robot_serial', 'ld_library_path_lib')
[6.895s] INFO:colcon.colcon_core.shell:Creating environment hook '/home/flug/Documents/colcon_ws/install/delta_robot_serial/share/delta_robot_serial/hook/ld_library_path_lib.ps1'
[6.896s] INFO:colcon.colcon_core.shell:Creating environment descriptor '/home/flug/Documents/colcon_ws/install/delta_robot_serial/share/delta_robot_serial/hook/ld_library_path_lib.dsv'
[6.896s] INFO:colcon.colcon_core.shell:Creating environment hook '/home/flug/Documents/colcon_ws/install/delta_robot_serial/share/delta_robot_serial/hook/ld_library_path_lib.sh'
[6.896s] Level 1:colcon.colcon_core.environment:checking '/home/flug/Documents/colcon_ws/install/delta_robot_serial/bin'
[6.896s] Level 1:colcon.colcon_core.environment:checking '/home/flug/Documents/colcon_ws/install/delta_robot_serial/lib/pkgconfig/delta_robot_serial.pc'
[6.896s] Level 1:colcon.colcon_core.environment:checking '/home/flug/Documents/colcon_ws/install/delta_robot_serial/lib/python3.12/site-packages'
[6.896s] Level 1:colcon.colcon_core.shell:create_environment_hook('delta_robot_serial', 'pythonpath')
[6.896s] INFO:colcon.colcon_core.shell:Creating environment hook '/home/flug/Documents/colcon_ws/install/delta_robot_serial/share/delta_robot_serial/hook/pythonpath.ps1'
[6.897s] INFO:colcon.colcon_core.shell:Creating environment descriptor '/home/flug/Documents/colcon_ws/install/delta_robot_serial/share/delta_robot_serial/hook/pythonpath.dsv'
[6.897s] INFO:colcon.colcon_core.shell:Creating environment hook '/home/flug/Documents/colcon_ws/install/delta_robot_serial/share/delta_robot_serial/hook/pythonpath.sh'
[6.897s] Level 1:colcon.colcon_core.environment:checking '/home/flug/Documents/colcon_ws/install/delta_robot_serial/bin'
[6.897s] INFO:colcon.colcon_core.shell:Creating package script '/home/flug/Documents/colcon_ws/install/delta_robot_serial/share/delta_robot_serial/package.ps1'
[6.898s] INFO:colcon.colcon_core.shell:Creating package descriptor '/home/flug/Documents/colcon_ws/install/delta_robot_serial/share/delta_robot_serial/package.dsv'
[6.898s] INFO:colcon.colcon_core.shell:Creating package script '/home/flug/Documents/colcon_ws/install/delta_robot_serial/share/delta_robot_serial/package.sh'
[6.898s] INFO:colcon.colcon_core.shell:Creating package script '/home/flug/Documents/colcon_ws/install/delta_robot_serial/share/delta_robot_serial/package.bash'
[6.898s] INFO:colcon.colcon_core.shell:Creating package script '/home/flug/Documents/colcon_ws/install/delta_robot_serial/share/delta_robot_serial/package.zsh'
[6.899s] Level 1:colcon.colcon_core.environment:create_file_with_runtime_dependencies(/home/flug/Documents/colcon_ws/install/delta_robot_serial/share/colcon-core/packages/delta_robot_serial)
[6.899s] Level 1:colcon.colcon_core.environment:create_environment_scripts_only(delta_robot_serial)
[6.899s] Level 1:colcon.colcon_core.environment:checking '/home/flug/Documents/colcon_ws/install/delta_robot_serial' for CMake module files
[6.899s] Level 1:colcon.colcon_core.environment:checking '/home/flug/Documents/colcon_ws/install/delta_robot_serial' for CMake config files
[6.900s] Level 1:colcon.colcon_core.shell:create_environment_hook('delta_robot_serial', 'cmake_prefix_path')
[6.900s] INFO:colcon.colcon_core.shell:Creating environment hook '/home/flug/Documents/colcon_ws/install/delta_robot_serial/share/delta_robot_serial/hook/cmake_prefix_path.ps1'
[6.900s] INFO:colcon.colcon_core.shell:Creating environment descriptor '/home/flug/Documents/colcon_ws/install/delta_robot_serial/share/delta_robot_serial/hook/cmake_prefix_path.dsv'
[6.900s] INFO:colcon.colcon_core.shell:Creating environment hook '/home/flug/Documents/colcon_ws/install/delta_robot_serial/share/delta_robot_serial/hook/cmake_prefix_path.sh'
[6.901s] Level 1:colcon.colcon_core.environment:checking '/home/flug/Documents/colcon_ws/install/delta_robot_serial/lib'
[6.901s] Level 1:colcon.colcon_core.shell:create_environment_hook('delta_robot_serial', 'ld_library_path_lib')
[6.901s] INFO:colcon.colcon_core.shell:Creating environment hook '/home/flug/Documents/colcon_ws/install/delta_robot_serial/share/delta_robot_serial/hook/ld_library_path_lib.ps1'
[6.901s] INFO:colcon.colcon_core.shell:Creating environment descriptor '/home/flug/Documents/colcon_ws/install/delta_robot_serial/share/delta_robot_serial/hook/ld_library_path_lib.dsv'
[6.901s] INFO:colcon.colcon_core.shell:Creating environment hook '/home/flug/Documents/colcon_ws/install/delta_robot_serial/share/delta_robot_serial/hook/ld_library_path_lib.sh'
[6.901s] Level 1:colcon.colcon_core.environment:checking '/home/flug/Documents/colcon_ws/install/delta_robot_serial/bin'
[6.901s] Level 1:colcon.colcon_core.environment:checking '/home/flug/Documents/colcon_ws/install/delta_robot_serial/lib/pkgconfig/delta_robot_serial.pc'
[6.902s] Level 1:colcon.colcon_core.environment:checking '/home/flug/Documents/colcon_ws/install/delta_robot_serial/lib/python3.12/site-packages'
[6.902s] Level 1:colcon.colcon_core.shell:create_environment_hook('delta_robot_serial', 'pythonpath')
[6.902s] INFO:colcon.colcon_core.shell:Creating environment hook '/home/flug/Documents/colcon_ws/install/delta_robot_serial/share/delta_robot_serial/hook/pythonpath.ps1'
[6.902s] INFO:colcon.colcon_core.shell:Creating environment descriptor '/home/flug/Documents/colcon_ws/install/delta_robot_serial/share/delta_robot_serial/hook/pythonpath.dsv'
[6.902s] INFO:colcon.colcon_core.shell:Creating environment hook '/home/flug/Documents/colcon_ws/install/delta_robot_serial/share/delta_robot_serial/hook/pythonpath.sh'
[6.903s] Level 1:colcon.colcon_core.environment:checking '/home/flug/Documents/colcon_ws/install/delta_robot_serial/bin'
[6.903s] INFO:colcon.colcon_core.shell:Creating package script '/home/flug/Documents/colcon_ws/install/delta_robot_serial/share/delta_robot_serial/package.ps1'
[6.903s] INFO:colcon.colcon_core.shell:Creating package descriptor '/home/flug/Documents/colcon_ws/install/delta_robot_serial/share/delta_robot_serial/package.dsv'
[6.904s] INFO:colcon.colcon_core.shell:Creating package script '/home/flug/Documents/colcon_ws/install/delta_robot_serial/share/delta_robot_serial/package.sh'
[6.904s] INFO:colcon.colcon_core.shell:Creating package script '/home/flug/Documents/colcon_ws/install/delta_robot_serial/share/delta_robot_serial/package.bash'
[6.904s] INFO:colcon.colcon_core.shell:Creating package script '/home/flug/Documents/colcon_ws/install/delta_robot_serial/share/delta_robot_serial/package.zsh'
[6.904s] Level 1:colcon.colcon_core.environment:create_file_with_runtime_dependencies(/home/flug/Documents/colcon_ws/install/delta_robot_serial/share/colcon-core/packages/delta_robot_serial)
[6.904s] DEBUG:colcon.colcon_parallel_executor.executor.parallel:closing loop
[6.904s] DEBUG:colcon.colcon_parallel_executor.executor.parallel:loop closed
[6.905s] DEBUG:colcon.colcon_parallel_executor.executor.parallel:run_until_complete finished with '0'
[6.905s] DEBUG:colcon.colcon_core.event_reactor:joining thread
[6.909s] INFO:colcon.colcon_core.plugin_system:Skipping extension 'colcon_notification.desktop_notification.terminal_notifier': Not used on non-Darwin systems
[6.909s] INFO:colcon.colcon_core.plugin_system:Skipping extension 'colcon_notification.desktop_notification.win32': Not used on non-Windows systems
[6.909s] INFO:colcon.colcon_notification.desktop_notification:Sending desktop notification using 'notify2'
[6.918s] DEBUG:colcon.colcon_core.event_reactor:joined thread
[6.919s] INFO:colcon.colcon_core.shell:Creating prefix script '/home/flug/Documents/colcon_ws/install/local_setup.ps1'
[6.919s] INFO:colcon.colcon_core.shell:Creating prefix util module '/home/flug/Documents/colcon_ws/install/_local_setup_util_ps1.py'
[6.920s] INFO:colcon.colcon_core.shell:Creating prefix chain script '/home/flug/Documents/colcon_ws/install/setup.ps1'
[6.921s] INFO:colcon.colcon_core.shell:Creating prefix script '/home/flug/Documents/colcon_ws/install/local_setup.sh'
[6.921s] INFO:colcon.colcon_core.shell:Creating prefix util module '/home/flug/Documents/colcon_ws/install/_local_setup_util_sh.py'
[6.921s] INFO:colcon.colcon_core.shell:Creating prefix chain script '/home/flug/Documents/colcon_ws/install/setup.sh'
[6.922s] INFO:colcon.colcon_core.shell:Creating prefix script '/home/flug/Documents/colcon_ws/install/local_setup.bash'
[6.922s] INFO:colcon.colcon_core.shell:Creating prefix chain script '/home/flug/Documents/colcon_ws/install/setup.bash'
[6.923s] INFO:colcon.colcon_core.shell:Creating prefix script '/home/flug/Documents/colcon_ws/install/local_setup.zsh'
[6.923s] INFO:colcon.colcon_core.shell:Creating prefix chain script '/home/flug/Documents/colcon_ws/install/setup.zsh'
