-- Found ament_cmake: 2.5.6 (/opt/ros/jazzy/share/ament_cmake/cmake)
-- Found rclcpp: 28.1.21 (/opt/ros/jazzy/share/rclcpp/cmake)
-- Found rosidl_generator_c: 4.6.9 (/opt/ros/jazzy/share/rosidl_generator_c/cmake)
-- Found rosidl_generator_cpp: 4.6.9 (/opt/ros/jazzy/share/rosidl_generator_cpp/cmake)
-- Using all available rosidl_typesupport_c: rosidl_typesupport_fastrtps_c;rosidl_typesupport_introspection_c
-- Using all available rosidl_typesupport_cpp: rosidl_typesupport_fastrtps_cpp;rosidl_typesupport_introspection_cpp
-- Found rmw_implementation_cmake: 7.3.3 (/opt/ros/jazzy/share/rmw_implementation_cmake/cmake)
-- Found rmw_fastrtps_cpp: 8.4.4 (/opt/ros/jazzy/share/rmw_fastrtps_cpp/cmake)
-- Using RMW implementation 'rmw_fastrtps_cpp' as default
-- Found serial: 1.2.1 (/home/flug/Documents/colcon_ws/install/serial/share/serial/cmake)
-- Found sensor_msgs: 5.3.8 (/opt/ros/jazzy/share/sensor_msgs/cmake)
-- Found ament_lint_auto: 0.17.5 (/opt/ros/jazzy/share/ament_lint_auto/cmake)
-- Added test 'cppcheck' to perform static code analysis on C / C++ code
-- Configured cppcheck include dirs: /home/flug/Documents/colcon_ws/src/delta_robot_serial/include;/home/flug/Documents/colcon_ws/src/delta_robot_serial/include/Eigen
-- Configured cppcheck exclude dirs and/or files: 
-- Added test 'lint_cmake' to check CMake code style
-- Added test 'uncrustify' to check C / C++ code style
-- Configured uncrustify additional arguments: 
-- Added test 'xmllint' to check XML markup files
-- Configuring done (0.4s)
-- Generating done (0.0s)
-- Build files have been written to: /home/flug/Documents/colcon_ws/build/delta_robot_serial
[ 25%] [32mBuilding CXX object CMakeFiles/delta_joint_pub.dir/src/delta_joint_pub.cpp.o[0m
[ 50%] [32mBuilding CXX object CMakeFiles/pseudo_arduino.dir/src/pseudo_arduino.cpp.o[0m
[01m[K/home/flug/Documents/colcon_ws/src/delta_robot_serial/src/delta_joint_pub.cpp:[m[K In function ‘[01m[Kint[01;32m[K main[m[K(int, char**)[m[K’:
[01m[K/home/flug/Documents/colcon_ws/src/delta_robot_serial/src/delta_joint_pub.cpp:78:14:[m[K [01;35m[Kwarning: [m[Kunused parameter ‘[01m[Kargc[m[K’ [[01;35m[K]8;;https://gcc.gnu.org/onlinedocs/gcc/Warning-Options.html#index-Wunused-parameter-Wunused-parameter]8;;[m[K]
   78 | int main([01;35m[Kint argc[m[K, char** argv) {
      |          [01;35m[K~~~~^~~~[m[K
[01m[K/home/flug/Documents/colcon_ws/src/delta_robot_serial/src/delta_joint_pub.cpp:78:27:[m[K [01;35m[Kwarning: [m[Kunused parameter ‘[01m[Kargv[m[K’ [[01;35m[K]8;;https://gcc.gnu.org/onlinedocs/gcc/Warning-Options.html#index-Wunused-parameter-Wunused-parameter]8;;[m[K]
   78 | int main(int argc, [01;35m[Kchar** argv[m[K) {
      |                    [01;35m[K~~~~~~~^~~~[m[K
[ 75%] [32m[1mLinking CXX executable delta_joint_pub[0m
[ 75%] Built target delta_joint_pub
[100%] [32m[1mLinking CXX executable pseudo_arduino[0m
[100%] Built target pseudo_arduino
-- Install configuration: ""
-- Installing: /home/flug/Documents/colcon_ws/install/delta_robot_serial/lib/delta_robot_serial/pseudo_arduino
-- Set non-toolchain portion of runtime path of "/home/flug/Documents/colcon_ws/install/delta_robot_serial/lib/delta_robot_serial/pseudo_arduino" to ""
-- Installing: /home/flug/Documents/colcon_ws/install/delta_robot_serial/lib/delta_robot_serial/delta_joint_pub
-- Set non-toolchain portion of runtime path of "/home/flug/Documents/colcon_ws/install/delta_robot_serial/lib/delta_robot_serial/delta_joint_pub" to ""
-- Installing: /home/flug/Documents/colcon_ws/install/delta_robot_serial/share/ament_index/resource_index/package_run_dependencies/delta_robot_serial
-- Installing: /home/flug/Documents/colcon_ws/install/delta_robot_serial/share/ament_index/resource_index/parent_prefix_path/delta_robot_serial
-- Up-to-date: /home/flug/Documents/colcon_ws/install/delta_robot_serial/share/delta_robot_serial/environment/ament_prefix_path.sh
-- Up-to-date: /home/flug/Documents/colcon_ws/install/delta_robot_serial/share/delta_robot_serial/environment/ament_prefix_path.dsv
-- Up-to-date: /home/flug/Documents/colcon_ws/install/delta_robot_serial/share/delta_robot_serial/environment/path.sh
-- Up-to-date: /home/flug/Documents/colcon_ws/install/delta_robot_serial/share/delta_robot_serial/environment/path.dsv
-- Up-to-date: /home/flug/Documents/colcon_ws/install/delta_robot_serial/share/delta_robot_serial/local_setup.bash
-- Up-to-date: /home/flug/Documents/colcon_ws/install/delta_robot_serial/share/delta_robot_serial/local_setup.sh
-- Up-to-date: /home/flug/Documents/colcon_ws/install/delta_robot_serial/share/delta_robot_serial/local_setup.zsh
-- Up-to-date: /home/flug/Documents/colcon_ws/install/delta_robot_serial/share/delta_robot_serial/local_setup.dsv
-- Installing: /home/flug/Documents/colcon_ws/install/delta_robot_serial/share/delta_robot_serial/package.dsv
-- Up-to-date: /home/flug/Documents/colcon_ws/install/delta_robot_serial/share/ament_index/resource_index/packages/delta_robot_serial
-- Up-to-date: /home/flug/Documents/colcon_ws/install/delta_robot_serial/share/delta_robot_serial/cmake/delta_robot_serialConfig.cmake
-- Up-to-date: /home/flug/Documents/colcon_ws/install/delta_robot_serial/share/delta_robot_serial/cmake/delta_robot_serialConfig-version.cmake
-- Installing: /home/flug/Documents/colcon_ws/install/delta_robot_serial/share/delta_robot_serial/package.xml
