[0.006s] Invoking command in '/home/flug/Documents/colcon_ws/build/delta_robot_description': CMAKE_PREFIX_PATH=${CMAKE_PREFIX_PATH}:/opt/ros/jazzy DEBUGINFOD_URLS=https://debuginfod.ubuntu.com /usr/bin/cmake /home/flug/Documents/colcon_ws/src/delta_robot_description -DCMAKE_INSTALL_PREFIX=/home/flug/Documents/colcon_ws/install/delta_robot_description
[0.082s] -- The C compiler identification is GNU 13.3.0
[0.147s] -- The CXX compiler identification is GNU 13.3.0
[0.156s] -- Detecting C compiler ABI info
[0.212s] -- Detecting C compiler ABI info - done
[0.219s] -- Check for working C compiler: /usr/bin/cc - skipped
[0.219s] -- Detecting C compile features
[0.219s] -- Detecting C compile features - done
[0.225s] -- Detecting CXX compiler ABI info
[0.285s] -- Detecting CXX compiler ABI info - done
[0.291s] -- Check for working CXX compiler: /usr/bin/c++ - skipped
[0.291s] -- Detecting CXX compile features
[0.292s] -- Detecting CXX compile features - done
[0.293s] -- Found ament_cmake: 2.5.6 (/opt/ros/jazzy/share/ament_cmake/cmake)
[0.386s] -- Found Python3: /usr/bin/python3 (found version "3.12.3") found components: Interpreter 
[0.450s] -- Found ament_lint_auto: 0.17.5 (/opt/ros/jazzy/share/ament_lint_auto/cmake)
[0.516s] -- Added test 'lint_cmake' to check CMake code style
[0.517s] -- Added test 'xmllint' to check XML markup files
[0.518s] -- Configuring done (0.5s)
[0.522s] -- Generating done (0.0s)
[0.523s] -- Build files have been written to: /home/flug/Documents/colcon_ws/build/delta_robot_description
[0.528s] Invoked command in '/home/flug/Documents/colcon_ws/build/delta_robot_description' returned '0': CMAKE_PREFIX_PATH=${CMAKE_PREFIX_PATH}:/opt/ros/jazzy DEBUGINFOD_URLS=https://debuginfod.ubuntu.com /usr/bin/cmake /home/flug/Documents/colcon_ws/src/delta_robot_description -DCMAKE_INSTALL_PREFIX=/home/flug/Documents/colcon_ws/install/delta_robot_description
[0.528s] Invoking command in '/home/flug/Documents/colcon_ws/build/delta_robot_description': CMAKE_PREFIX_PATH=${CMAKE_PREFIX_PATH}:/opt/ros/jazzy DEBUGINFOD_URLS=https://debuginfod.ubuntu.com /usr/bin/cmake --build /home/flug/Documents/colcon_ws/build/delta_robot_description -- -j16 -l16
[0.550s] Invoked command in '/home/flug/Documents/colcon_ws/build/delta_robot_description' returned '0': CMAKE_PREFIX_PATH=${CMAKE_PREFIX_PATH}:/opt/ros/jazzy DEBUGINFOD_URLS=https://debuginfod.ubuntu.com /usr/bin/cmake --build /home/flug/Documents/colcon_ws/build/delta_robot_description -- -j16 -l16
[0.556s] Invoking command in '/home/flug/Documents/colcon_ws/build/delta_robot_description': CMAKE_PREFIX_PATH=${CMAKE_PREFIX_PATH}:/opt/ros/jazzy DEBUGINFOD_URLS=https://debuginfod.ubuntu.com /usr/bin/cmake --install /home/flug/Documents/colcon_ws/build/delta_robot_description
[0.560s] -- Install configuration: ""
[0.560s] -- Installing: /home/flug/Documents/colcon_ws/install/delta_robot_description/share/ament_index/resource_index/package_run_dependencies/delta_robot_description
[0.560s] -- Installing: /home/flug/Documents/colcon_ws/install/delta_robot_description/share/ament_index/resource_index/parent_prefix_path/delta_robot_description
[0.561s] -- Installing: /home/flug/Documents/colcon_ws/install/delta_robot_description/share/delta_robot_description/environment/ament_prefix_path.sh
[0.561s] -- Installing: /home/flug/Documents/colcon_ws/install/delta_robot_description/share/delta_robot_description/environment/ament_prefix_path.dsv
[0.561s] -- Installing: /home/flug/Documents/colcon_ws/install/delta_robot_description/share/delta_robot_description/environment/path.sh
[0.561s] -- Installing: /home/flug/Documents/colcon_ws/install/delta_robot_description/share/delta_robot_description/environment/path.dsv
[0.561s] -- Installing: /home/flug/Documents/colcon_ws/install/delta_robot_description/share/delta_robot_description/local_setup.bash
[0.561s] -- Installing: /home/flug/Documents/colcon_ws/install/delta_robot_description/share/delta_robot_description/local_setup.sh
[0.561s] -- Installing: /home/flug/Documents/colcon_ws/install/delta_robot_description/share/delta_robot_description/local_setup.zsh
[0.561s] -- Installing: /home/flug/Documents/colcon_ws/install/delta_robot_description/share/delta_robot_description/local_setup.dsv
[0.561s] -- Installing: /home/flug/Documents/colcon_ws/install/delta_robot_description/share/delta_robot_description/package.dsv
[0.561s] -- Installing: /home/flug/Documents/colcon_ws/install/delta_robot_description/share/ament_index/resource_index/packages/delta_robot_description
[0.562s] -- Installing: /home/flug/Documents/colcon_ws/install/delta_robot_description/share/delta_robot_description/cmake/delta_robot_descriptionConfig.cmake
[0.562s] -- Installing: /home/flug/Documents/colcon_ws/install/delta_robot_description/share/delta_robot_description/cmake/delta_robot_descriptionConfig-version.cmake
[0.562s] -- Installing: /home/flug/Documents/colcon_ws/install/delta_robot_description/share/delta_robot_description/package.xml
[0.563s] Invoked command in '/home/flug/Documents/colcon_ws/build/delta_robot_description' returned '0': CMAKE_PREFIX_PATH=${CMAKE_PREFIX_PATH}:/opt/ros/jazzy DEBUGINFOD_URLS=https://debuginfod.ubuntu.com /usr/bin/cmake --install /home/flug/Documents/colcon_ws/build/delta_robot_description
