[0.006s] Invoking command in '/home/flug/Documents/colcon_ws/build/delta_robot_description': CMAKE_PREFIX_PATH=${CMAKE_PREFIX_PATH}:/opt/ros/jazzy DEBUGINFOD_URLS=https://debuginfod.ubuntu.com /usr/bin/cmake --build /home/flug/Documents/colcon_ws/build/delta_robot_description -- -j16 -l16
[0.029s] Invoked command in '/home/flug/Documents/colcon_ws/build/delta_robot_description' returned '0': CMAKE_PREFIX_PATH=${CMAKE_PREFIX_PATH}:/opt/ros/jazzy DEBUGINFOD_URLS=https://debuginfod.ubuntu.com /usr/bin/cmake --build /home/flug/Documents/colcon_ws/build/delta_robot_description -- -j16 -l16
[0.035s] Invoking command in '/home/flug/Documents/colcon_ws/build/delta_robot_description': CMAKE_PREFIX_PATH=${CMAKE_PREFIX_PATH}:/opt/ros/jazzy DEBUGINFOD_URLS=https://debuginfod.ubuntu.com /usr/bin/cmake --install /home/flug/Documents/colcon_ws/build/delta_robot_description
[0.039s] -- Install configuration: ""
[0.039s] -- Up-to-date: /home/flug/Documents/colcon_ws/install/delta_robot_description/share/ament_index/resource_index/package_run_dependencies/delta_robot_description
[0.039s] -- Up-to-date: /home/flug/Documents/colcon_ws/install/delta_robot_description/share/ament_index/resource_index/parent_prefix_path/delta_robot_description
[0.039s] -- Up-to-date: /home/flug/Documents/colcon_ws/install/delta_robot_description/share/delta_robot_description/environment/ament_prefix_path.sh
[0.039s] -- Up-to-date: /home/flug/Documents/colcon_ws/install/delta_robot_description/share/delta_robot_description/environment/ament_prefix_path.dsv
[0.039s] -- Up-to-date: /home/flug/Documents/colcon_ws/install/delta_robot_description/share/delta_robot_description/environment/path.sh
[0.039s] -- Up-to-date: /home/flug/Documents/colcon_ws/install/delta_robot_description/share/delta_robot_description/environment/path.dsv
[0.040s] -- Up-to-date: /home/flug/Documents/colcon_ws/install/delta_robot_description/share/delta_robot_description/local_setup.bash
[0.040s] -- Up-to-date: /home/flug/Documents/colcon_ws/install/delta_robot_description/share/delta_robot_description/local_setup.sh
[0.040s] -- Up-to-date: /home/flug/Documents/colcon_ws/install/delta_robot_description/share/delta_robot_description/local_setup.zsh
[0.040s] -- Up-to-date: /home/flug/Documents/colcon_ws/install/delta_robot_description/share/delta_robot_description/local_setup.dsv
[0.040s] -- Up-to-date: /home/flug/Documents/colcon_ws/install/delta_robot_description/share/delta_robot_description/package.dsv
[0.040s] -- Up-to-date: /home/flug/Documents/colcon_ws/install/delta_robot_description/share/ament_index/resource_index/packages/delta_robot_description
[0.040s] -- Up-to-date: /home/flug/Documents/colcon_ws/install/delta_robot_description/share/delta_robot_description/cmake/delta_robot_descriptionConfig.cmake
[0.040s] -- Up-to-date: /home/flug/Documents/colcon_ws/install/delta_robot_description/share/delta_robot_description/cmake/delta_robot_descriptionConfig-version.cmake
[0.040s] -- Up-to-date: /home/flug/Documents/colcon_ws/install/delta_robot_description/share/delta_robot_description/package.xml
[0.040s] Invoked command in '/home/flug/Documents/colcon_ws/build/delta_robot_description' returned '0': CMAKE_PREFIX_PATH=${CMAKE_PREFIX_PATH}:/opt/ros/jazzy DEBUGINFOD_URLS=https://debuginfod.ubuntu.com /usr/bin/cmake --install /home/flug/Documents/colcon_ws/build/delta_robot_description
