[0.005s] Invoking command in '/home/flug/Documents/colcon_ws/build/delta_robot_serial': AMENT_PREFIX_PATH=/home/flug/Documents/colcon_ws/install/serial:${AMENT_PREFIX_PATH} CMAKE_PREFIX_PATH=/home/flug/Documents/colcon_ws/install/serial:/opt/ros/jazzy/opt/gz_math_vendor:/opt/ros/jazzy/opt/gz_utils_vendor:/opt/ros/jazzy/opt/gz_cmake_vendor:/opt/ros/jazzy DEBUGINFOD_URLS=https://debuginfod.ubuntu.com LD_LIBRARY_PATH=/home/flug/Documents/colcon_ws/install/serial/lib:${LD_LIBRARY_PATH} /usr/bin/cmake --build /home/flug/Documents/colcon_ws/build/delta_robot_serial -- -j16 -l16
[0.040s] [  3%] Built target delta_robot_serial__rs
[0.040s] [  3%] Built target delta_robot_serial__rosidl_generator_type_description
[0.044s] [  5%] Built target ament_cmake_python_copy_delta_robot_serial
[0.044s] [  7%] Built target pseudo_arduino
[0.044s] [ 10%] Built target trajPlan_action_server
[0.045s] [ 14%] Built target delta_joint_pub
[0.052s] [ 16%] Built target delta_robot_serial__cpp
[0.055s] [ 30%] Built target delta_robot_serial__rosidl_generator_c
[0.069s] [ 45%] Built target delta_robot_serial__rosidl_typesupport_c
[0.070s] [ 45%] Built target delta_robot_serial__rosidl_typesupport_introspection_c
[0.070s] [ 52%] Built target delta_robot_serial__rosidl_typesupport_introspection_cpp
[0.070s] [ 60%] Built target delta_robot_serial__rosidl_typesupport_fastrtps_c
[0.070s] [ 67%] Built target delta_robot_serial__rosidl_typesupport_cpp
[0.070s] [ 74%] Built target delta_robot_serial__rosidl_typesupport_fastrtps_cpp
[0.089s] [ 78%] Built target ikin_server
[0.091s] [ 80%] [32mBuilding CXX object CMakeFiles/trajPlan_actionServer.dir/src/trajPlan_actionServer.cpp.o[0m
[0.103s] [ 80%] Built target delta_robot_serial
[0.117s] [ 81%] Built target delta_robot_serial__py
[0.132s] [ 87%] Built target delta_robot_serial__rosidl_generator_py
[0.147s] [ 98%] Built target delta_robot_serial_s__rosidl_typesupport_fastrtps_c
[0.147s] [ 98%] Built target delta_robot_serial_s__rosidl_typesupport_c
[0.148s] [ 98%] Built target delta_robot_serial_s__rosidl_typesupport_introspection_c
[0.208s] running egg_info
[0.222s] writing delta_robot_serial.egg-info/PKG-INFO
[0.222s] writing dependency_links to delta_robot_serial.egg-info/dependency_links.txt
[0.223s] writing top-level names to delta_robot_serial.egg-info/top_level.txt
[0.264s] reading manifest file 'delta_robot_serial.egg-info/SOURCES.txt'
[0.265s] writing manifest file 'delta_robot_serial.egg-info/SOURCES.txt'
[0.283s] [ 98%] Built target ament_cmake_python_build_delta_robot_serial_egg
[1.741s] [01m[K/home/flug/Documents/colcon_ws/src/delta_robot_serial/src/trajPlan_actionServer.cpp:[m[K In member function ‘[01m[Kstd::vector<std::vector<double, std::allocator<double> > > TrajectoryPlanServer::[01;32m[Kgenerate_trajectory[m[K(double, double, double)[m[K’:
[1.741s] [01m[K/home/flug/Documents/colcon_ws/src/delta_robot_serial/src/trajPlan_actionServer.cpp:137:30:[m[K [01;31m[Kerror: [m[K‘[01m[Kt[m[K’ was not declared in this scope; did you mean ‘[01m[Ktm[m[K’?
[1.741s]   137 |                 double tau = [01;31m[Kt[m[K / T;  // normalized time: 0 to 1
[1.742s]       |                              [01;31m[K^[m[K
[1.742s]       |                              [32m[Ktm[m[K
[3.415s] gmake[2]: *** [CMakeFiles/trajPlan_actionServer.dir/build.make:76: CMakeFiles/trajPlan_actionServer.dir/src/trajPlan_actionServer.cpp.o] Error 1
[3.415s] gmake[1]: *** [CMakeFiles/Makefile2:732: CMakeFiles/trajPlan_actionServer.dir/all] Error 2
[3.415s] gmake: *** [Makefile:146: all] Error 2
[3.417s] Invoked command in '/home/flug/Documents/colcon_ws/build/delta_robot_serial' returned '2': AMENT_PREFIX_PATH=/home/flug/Documents/colcon_ws/install/serial:${AMENT_PREFIX_PATH} CMAKE_PREFIX_PATH=/home/flug/Documents/colcon_ws/install/serial:/opt/ros/jazzy/opt/gz_math_vendor:/opt/ros/jazzy/opt/gz_utils_vendor:/opt/ros/jazzy/opt/gz_cmake_vendor:/opt/ros/jazzy DEBUGINFOD_URLS=https://debuginfod.ubuntu.com LD_LIBRARY_PATH=/home/flug/Documents/colcon_ws/install/serial/lib:${LD_LIBRARY_PATH} /usr/bin/cmake --build /home/flug/Documents/colcon_ws/build/delta_robot_serial -- -j16 -l16
