[0.071s] DEBUG:colcon:Command line arguments: ['/usr/bin/colcon', 'build', '--packages-select', 'delta_robot_serial', '--base-paths', '/home/flug/Documents/colcon_ws']
[0.071s] DEBUG:colcon:Parsed command line arguments: Namespace(log_base=None, log_level=None, verb_name='build', build_base='build', install_base='install', merge_install=False, symlink_install=False, test_result_base=None, continue_on_error=False, executor='parallel', parallel_workers=16, event_handlers=None, ignore_user_meta=False, metas=['./colcon.meta'], base_paths=['/home/flug/Documents/colcon_ws'], packages_ignore=None, packages_ignore_regex=None, paths=None, packages_up_to=None, packages_up_to_regex=None, packages_above=None, packages_above_and_dependencies=None, packages_above_depth=None, packages_select_by_dep=None, packages_skip_by_dep=None, packages_skip_up_to=None, packages_select_build_failed=False, packages_skip_build_finished=False, packages_select_test_failures=False, packages_skip_test_passed=False, packages_select=['delta_robot_serial'], packages_skip=None, packages_select_regex=None, packages_skip_regex=None, packages_start=None, packages_end=None, allow_overriding=[], cmake_args=None, cmake_target=None, cmake_target_skip_unavailable=False, cmake_clean_cache=False, cmake_clean_first=False, cmake_force_configure=False, ament_cmake_args=None, catkin_cmake_args=None, catkin_skip_building_tests=False, mixin_files=None, mixin=None, verb_parser=<colcon_mixin.mixin.mixin_argument.MixinArgumentDecorator object at 0x7f96ad890bc0>, verb_extension=<colcon_core.verb.build.BuildVerb object at 0x7f96ad9c2e40>, main=<bound method BuildVerb.main of <colcon_core.verb.build.BuildVerb object at 0x7f96ad9c2e40>>, mixin_verb=('build',))
[0.098s] Level 1:colcon.colcon_core.package_discovery:discover_packages(colcon_meta) check parameters
[0.098s] Level 1:colcon.colcon_core.package_discovery:discover_packages(recursive) check parameters
[0.098s] Level 1:colcon.colcon_core.package_discovery:discover_packages(ignore) check parameters
[0.098s] Level 1:colcon.colcon_core.package_discovery:discover_packages(path) check parameters
[0.098s] Level 1:colcon.colcon_core.package_discovery:discover_packages(recursive) discover
[0.098s] INFO:colcon.colcon_core.package_discovery:Crawling recursively for packages in '/home/flug/Documents/colcon_ws'
[0.098s] Level 1:colcon.colcon_core.package_identification:_identify(/home/flug/Documents/colcon_ws) by extensions ['ignore', 'ignore_ament_install']
[0.098s] Level 1:colcon.colcon_core.package_identification:_identify(/home/flug/Documents/colcon_ws) by extension 'ignore'
[0.098s] Level 1:colcon.colcon_core.package_identification:_identify(/home/flug/Documents/colcon_ws) by extension 'ignore_ament_install'
[0.098s] Level 1:colcon.colcon_core.package_identification:_identify(/home/flug/Documents/colcon_ws) by extensions ['colcon_pkg']
[0.098s] Level 1:colcon.colcon_core.package_identification:_identify(/home/flug/Documents/colcon_ws) by extension 'colcon_pkg'
[0.099s] Level 1:colcon.colcon_core.package_identification:_identify(/home/flug/Documents/colcon_ws) by extensions ['colcon_meta']
[0.099s] Level 1:colcon.colcon_core.package_identification:_identify(/home/flug/Documents/colcon_ws) by extension 'colcon_meta'
[0.099s] Level 1:colcon.colcon_core.package_identification:_identify(/home/flug/Documents/colcon_ws) by extensions ['ros']
[0.099s] Level 1:colcon.colcon_core.package_identification:_identify(/home/flug/Documents/colcon_ws) by extension 'ros'
[0.117s] Level 1:colcon.colcon_core.package_identification:_identify(/home/flug/Documents/colcon_ws) by extensions ['cmake', 'python']
[0.117s] Level 1:colcon.colcon_core.package_identification:_identify(/home/flug/Documents/colcon_ws) by extension 'cmake'
[0.117s] Level 1:colcon.colcon_core.package_identification:_identify(/home/flug/Documents/colcon_ws) by extension 'python'
[0.117s] Level 1:colcon.colcon_core.package_identification:_identify(/home/flug/Documents/colcon_ws) by extensions ['python_setup_py']
[0.117s] Level 1:colcon.colcon_core.package_identification:_identify(/home/flug/Documents/colcon_ws) by extension 'python_setup_py'
[0.117s] Level 1:colcon.colcon_core.package_identification:_identify(/home/flug/Documents/colcon_ws/build) by extensions ['ignore', 'ignore_ament_install']
[0.117s] Level 1:colcon.colcon_core.package_identification:_identify(/home/flug/Documents/colcon_ws/build) by extension 'ignore'
[0.117s] Level 1:colcon.colcon_core.package_identification:_identify(/home/flug/Documents/colcon_ws/build) ignored
[0.117s] Level 1:colcon.colcon_core.package_identification:_identify(/home/flug/Documents/colcon_ws/install) by extensions ['ignore', 'ignore_ament_install']
[0.118s] Level 1:colcon.colcon_core.package_identification:_identify(/home/flug/Documents/colcon_ws/install) by extension 'ignore'
[0.118s] Level 1:colcon.colcon_core.package_identification:_identify(/home/flug/Documents/colcon_ws/install) ignored
[0.118s] Level 1:colcon.colcon_core.package_identification:_identify(/home/flug/Documents/colcon_ws/log) by extensions ['ignore', 'ignore_ament_install']
[0.118s] Level 1:colcon.colcon_core.package_identification:_identify(/home/flug/Documents/colcon_ws/log) by extension 'ignore'
[0.118s] Level 1:colcon.colcon_core.package_identification:_identify(/home/flug/Documents/colcon_ws/log) ignored
[0.118s] Level 1:colcon.colcon_core.package_identification:_identify(/home/flug/Documents/colcon_ws/src) by extensions ['ignore', 'ignore_ament_install']
[0.118s] Level 1:colcon.colcon_core.package_identification:_identify(/home/flug/Documents/colcon_ws/src) by extension 'ignore'
[0.118s] Level 1:colcon.colcon_core.package_identification:_identify(/home/flug/Documents/colcon_ws/src) by extension 'ignore_ament_install'
[0.118s] Level 1:colcon.colcon_core.package_identification:_identify(/home/flug/Documents/colcon_ws/src) by extensions ['colcon_pkg']
[0.118s] Level 1:colcon.colcon_core.package_identification:_identify(/home/flug/Documents/colcon_ws/src) by extension 'colcon_pkg'
[0.118s] Level 1:colcon.colcon_core.package_identification:_identify(/home/flug/Documents/colcon_ws/src) by extensions ['colcon_meta']
[0.118s] Level 1:colcon.colcon_core.package_identification:_identify(/home/flug/Documents/colcon_ws/src) by extension 'colcon_meta'
[0.118s] Level 1:colcon.colcon_core.package_identification:_identify(/home/flug/Documents/colcon_ws/src) by extensions ['ros']
[0.118s] Level 1:colcon.colcon_core.package_identification:_identify(/home/flug/Documents/colcon_ws/src) by extension 'ros'
[0.118s] Level 1:colcon.colcon_core.package_identification:_identify(/home/flug/Documents/colcon_ws/src) by extensions ['cmake', 'python']
[0.118s] Level 1:colcon.colcon_core.package_identification:_identify(/home/flug/Documents/colcon_ws/src) by extension 'cmake'
[0.118s] Level 1:colcon.colcon_core.package_identification:_identify(/home/flug/Documents/colcon_ws/src) by extension 'python'
[0.118s] Level 1:colcon.colcon_core.package_identification:_identify(/home/flug/Documents/colcon_ws/src) by extensions ['python_setup_py']
[0.118s] Level 1:colcon.colcon_core.package_identification:_identify(/home/flug/Documents/colcon_ws/src) by extension 'python_setup_py'
[0.118s] Level 1:colcon.colcon_core.package_identification:_identify(/home/flug/Documents/colcon_ws/src/delta_robot_description) by extensions ['ignore', 'ignore_ament_install']
[0.118s] Level 1:colcon.colcon_core.package_identification:_identify(/home/flug/Documents/colcon_ws/src/delta_robot_description) by extension 'ignore'
[0.118s] Level 1:colcon.colcon_core.package_identification:_identify(/home/flug/Documents/colcon_ws/src/delta_robot_description) by extension 'ignore_ament_install'
[0.118s] Level 1:colcon.colcon_core.package_identification:_identify(/home/flug/Documents/colcon_ws/src/delta_robot_description) by extensions ['colcon_pkg']
[0.118s] Level 1:colcon.colcon_core.package_identification:_identify(/home/flug/Documents/colcon_ws/src/delta_robot_description) by extension 'colcon_pkg'
[0.118s] Level 1:colcon.colcon_core.package_identification:_identify(/home/flug/Documents/colcon_ws/src/delta_robot_description) by extensions ['colcon_meta']
[0.118s] Level 1:colcon.colcon_core.package_identification:_identify(/home/flug/Documents/colcon_ws/src/delta_robot_description) by extension 'colcon_meta'
[0.119s] Level 1:colcon.colcon_core.package_identification:_identify(/home/flug/Documents/colcon_ws/src/delta_robot_description) by extensions ['ros']
[0.119s] Level 1:colcon.colcon_core.package_identification:_identify(/home/flug/Documents/colcon_ws/src/delta_robot_description) by extension 'ros'
[0.120s] DEBUG:colcon.colcon_core.package_identification:Package '/home/flug/Documents/colcon_ws/src/delta_robot_description' with type 'ros.ament_cmake' and name 'delta_robot_description'
[0.120s] Level 1:colcon.colcon_core.package_identification:_identify(/home/flug/Documents/colcon_ws/src/delta_robot_serial) by extensions ['ignore', 'ignore_ament_install']
[0.120s] Level 1:colcon.colcon_core.package_identification:_identify(/home/flug/Documents/colcon_ws/src/delta_robot_serial) by extension 'ignore'
[0.120s] Level 1:colcon.colcon_core.package_identification:_identify(/home/flug/Documents/colcon_ws/src/delta_robot_serial) by extension 'ignore_ament_install'
[0.121s] Level 1:colcon.colcon_core.package_identification:_identify(/home/flug/Documents/colcon_ws/src/delta_robot_serial) by extensions ['colcon_pkg']
[0.121s] Level 1:colcon.colcon_core.package_identification:_identify(/home/flug/Documents/colcon_ws/src/delta_robot_serial) by extension 'colcon_pkg'
[0.121s] Level 1:colcon.colcon_core.package_identification:_identify(/home/flug/Documents/colcon_ws/src/delta_robot_serial) by extensions ['colcon_meta']
[0.121s] Level 1:colcon.colcon_core.package_identification:_identify(/home/flug/Documents/colcon_ws/src/delta_robot_serial) by extension 'colcon_meta'
[0.121s] Level 1:colcon.colcon_core.package_identification:_identify(/home/flug/Documents/colcon_ws/src/delta_robot_serial) by extensions ['ros']
[0.121s] Level 1:colcon.colcon_core.package_identification:_identify(/home/flug/Documents/colcon_ws/src/delta_robot_serial) by extension 'ros'
[0.121s] DEBUG:colcon.colcon_core.package_identification:Package '/home/flug/Documents/colcon_ws/src/delta_robot_serial' with type 'ros.ament_cmake' and name 'delta_robot_serial'
[0.122s] Level 1:colcon.colcon_core.package_identification:_identify(/home/flug/Documents/colcon_ws/src/serial) by extensions ['ignore', 'ignore_ament_install']
[0.122s] Level 1:colcon.colcon_core.package_identification:_identify(/home/flug/Documents/colcon_ws/src/serial) by extension 'ignore'
[0.122s] Level 1:colcon.colcon_core.package_identification:_identify(/home/flug/Documents/colcon_ws/src/serial) by extension 'ignore_ament_install'
[0.122s] Level 1:colcon.colcon_core.package_identification:_identify(/home/flug/Documents/colcon_ws/src/serial) by extensions ['colcon_pkg']
[0.122s] Level 1:colcon.colcon_core.package_identification:_identify(/home/flug/Documents/colcon_ws/src/serial) by extension 'colcon_pkg'
[0.122s] Level 1:colcon.colcon_core.package_identification:_identify(/home/flug/Documents/colcon_ws/src/serial) by extensions ['colcon_meta']
[0.122s] Level 1:colcon.colcon_core.package_identification:_identify(/home/flug/Documents/colcon_ws/src/serial) by extension 'colcon_meta'
[0.122s] Level 1:colcon.colcon_core.package_identification:_identify(/home/flug/Documents/colcon_ws/src/serial) by extensions ['ros']
[0.122s] Level 1:colcon.colcon_core.package_identification:_identify(/home/flug/Documents/colcon_ws/src/serial) by extension 'ros'
[0.122s] DEBUG:colcon.colcon_core.package_identification:Package '/home/flug/Documents/colcon_ws/src/serial' with type 'ros.ament_cmake' and name 'serial'
[0.122s] Level 1:colcon.colcon_core.package_discovery:discover_packages(recursive) using defaults
[0.135s] INFO:colcon.colcon_core.package_selection:Skipping not selected package 'delta_robot_description' in '/home/flug/Documents/colcon_ws/src/delta_robot_description'
[0.135s] INFO:colcon.colcon_core.package_selection:Skipping not selected package 'serial' in '/home/flug/Documents/colcon_ws/src/serial'
[0.135s] Level 1:colcon.colcon_core.package_discovery:discover_packages(prefix_path) check parameters
[0.135s] Level 1:colcon.colcon_core.package_discovery:discover_packages(prefix_path) discover
[0.137s] DEBUG:colcon.colcon_installed_package_information.package_discovery:Found 290 installed packages in /opt/ros/jazzy
[0.138s] Level 1:colcon.colcon_core.package_discovery:discover_packages(prefix_path) using defaults
[0.167s] Level 5:colcon.colcon_core.verb:set package 'delta_robot_serial' build argument 'cmake_args' from command line to 'None'
[0.167s] Level 5:colcon.colcon_core.verb:set package 'delta_robot_serial' build argument 'cmake_target' from command line to 'None'
[0.167s] Level 5:colcon.colcon_core.verb:set package 'delta_robot_serial' build argument 'cmake_target_skip_unavailable' from command line to 'False'
[0.167s] Level 5:colcon.colcon_core.verb:set package 'delta_robot_serial' build argument 'cmake_clean_cache' from command line to 'False'
[0.167s] Level 5:colcon.colcon_core.verb:set package 'delta_robot_serial' build argument 'cmake_clean_first' from command line to 'False'
[0.167s] Level 5:colcon.colcon_core.verb:set package 'delta_robot_serial' build argument 'cmake_force_configure' from command line to 'False'
[0.167s] Level 5:colcon.colcon_core.verb:set package 'delta_robot_serial' build argument 'ament_cmake_args' from command line to 'None'
[0.167s] Level 5:colcon.colcon_core.verb:set package 'delta_robot_serial' build argument 'catkin_cmake_args' from command line to 'None'
[0.167s] Level 5:colcon.colcon_core.verb:set package 'delta_robot_serial' build argument 'catkin_skip_building_tests' from command line to 'False'
[0.167s] DEBUG:colcon.colcon_core.verb:Building package 'delta_robot_serial' with the following arguments: {'ament_cmake_args': None, 'build_base': '/home/flug/Documents/colcon_ws/src/delta_robot_serial/src/build/delta_robot_serial', 'catkin_cmake_args': None, 'catkin_skip_building_tests': False, 'cmake_args': None, 'cmake_clean_cache': False, 'cmake_clean_first': False, 'cmake_force_configure': False, 'cmake_target': None, 'cmake_target_skip_unavailable': False, 'install_base': '/home/flug/Documents/colcon_ws/src/delta_robot_serial/src/install/delta_robot_serial', 'merge_install': False, 'path': '/home/flug/Documents/colcon_ws/src/delta_robot_serial', 'symlink_install': False, 'test_result_base': None}
[0.167s] INFO:colcon.colcon_core.executor:Executing jobs using 'parallel' executor
[0.168s] DEBUG:colcon.colcon_parallel_executor.executor.parallel:run_until_complete
[0.168s] INFO:colcon.colcon_ros.task.ament_cmake.build:Building ROS package in '/home/flug/Documents/colcon_ws/src/delta_robot_serial' with build type 'ament_cmake'
[0.168s] INFO:colcon.colcon_cmake.task.cmake.build:Building CMake package in '/home/flug/Documents/colcon_ws/src/delta_robot_serial'
[0.170s] INFO:colcon.colcon_core.plugin_system:Skipping extension 'colcon_core.shell.bat': Not used on non-Windows systems
[0.170s] INFO:colcon.colcon_core.shell:Skip shell extension 'powershell' for command environment: Not usable outside of PowerShell
[0.170s] DEBUG:colcon.colcon_core.shell:Skip shell extension 'dsv' for command environment
[0.171s] ERROR:colcon.colcon_cmake.task.cmake.build:Failed to find the following files:
- /home/flug/Documents/colcon_ws/src/delta_robot_serial/src/install/serial/share/serial/package.sh
Check that the following packages have been built:
- serial
[0.171s] Level 1:colcon.colcon_core.environment:create_environment_scripts_only(delta_robot_serial)
[0.172s] Level 1:colcon.colcon_core.environment:checking '/home/flug/Documents/colcon_ws/src/delta_robot_serial/src/install/delta_robot_serial' for CMake module files
[0.173s] Level 1:colcon.colcon_core.environment:checking '/home/flug/Documents/colcon_ws/src/delta_robot_serial/src/install/delta_robot_serial' for CMake config files
[0.173s] Level 1:colcon.colcon_core.environment:checking '/home/flug/Documents/colcon_ws/src/delta_robot_serial/src/install/delta_robot_serial/bin'
[0.173s] Level 1:colcon.colcon_core.environment:checking '/home/flug/Documents/colcon_ws/src/delta_robot_serial/src/install/delta_robot_serial/lib/pkgconfig/delta_robot_serial.pc'
[0.173s] Level 1:colcon.colcon_core.environment:checking '/home/flug/Documents/colcon_ws/src/delta_robot_serial/src/install/delta_robot_serial/lib/python3.12/site-packages'
[0.173s] Level 1:colcon.colcon_core.environment:checking '/home/flug/Documents/colcon_ws/src/delta_robot_serial/src/install/delta_robot_serial/bin'
[0.173s] INFO:colcon.colcon_core.shell:Creating package script '/home/flug/Documents/colcon_ws/src/delta_robot_serial/src/install/delta_robot_serial/share/delta_robot_serial/package.ps1'
[0.174s] INFO:colcon.colcon_core.shell:Creating package descriptor '/home/flug/Documents/colcon_ws/src/delta_robot_serial/src/install/delta_robot_serial/share/delta_robot_serial/package.dsv'
[0.174s] INFO:colcon.colcon_core.shell:Creating package script '/home/flug/Documents/colcon_ws/src/delta_robot_serial/src/install/delta_robot_serial/share/delta_robot_serial/package.sh'
[0.175s] INFO:colcon.colcon_core.shell:Creating package script '/home/flug/Documents/colcon_ws/src/delta_robot_serial/src/install/delta_robot_serial/share/delta_robot_serial/package.bash'
[0.175s] INFO:colcon.colcon_core.shell:Creating package script '/home/flug/Documents/colcon_ws/src/delta_robot_serial/src/install/delta_robot_serial/share/delta_robot_serial/package.zsh'
[0.176s] Level 1:colcon.colcon_core.environment:create_file_with_runtime_dependencies(/home/flug/Documents/colcon_ws/src/delta_robot_serial/src/install/delta_robot_serial/share/colcon-core/packages/delta_robot_serial)
[0.186s] DEBUG:colcon.colcon_parallel_executor.executor.parallel:closing loop
[0.186s] DEBUG:colcon.colcon_parallel_executor.executor.parallel:loop closed
[0.186s] DEBUG:colcon.colcon_parallel_executor.executor.parallel:run_until_complete finished with '1'
[0.186s] DEBUG:colcon.colcon_core.event_reactor:joining thread
[0.190s] INFO:colcon.colcon_core.plugin_system:Skipping extension 'colcon_notification.desktop_notification.terminal_notifier': Not used on non-Darwin systems
[0.190s] INFO:colcon.colcon_core.plugin_system:Skipping extension 'colcon_notification.desktop_notification.win32': Not used on non-Windows systems
[0.190s] INFO:colcon.colcon_notification.desktop_notification:Sending desktop notification using 'notify2'
[0.197s] DEBUG:colcon.colcon_core.event_reactor:joined thread
[0.198s] INFO:colcon.colcon_core.shell:Creating prefix script '/home/flug/Documents/colcon_ws/src/delta_robot_serial/src/install/local_setup.ps1'
[0.198s] INFO:colcon.colcon_core.shell:Creating prefix util module '/home/flug/Documents/colcon_ws/src/delta_robot_serial/src/install/_local_setup_util_ps1.py'
[0.199s] INFO:colcon.colcon_core.shell:Creating prefix chain script '/home/flug/Documents/colcon_ws/src/delta_robot_serial/src/install/setup.ps1'
[0.200s] INFO:colcon.colcon_core.shell:Creating prefix script '/home/flug/Documents/colcon_ws/src/delta_robot_serial/src/install/local_setup.sh'
[0.200s] INFO:colcon.colcon_core.shell:Creating prefix util module '/home/flug/Documents/colcon_ws/src/delta_robot_serial/src/install/_local_setup_util_sh.py'
[0.200s] INFO:colcon.colcon_core.shell:Creating prefix chain script '/home/flug/Documents/colcon_ws/src/delta_robot_serial/src/install/setup.sh'
[0.201s] INFO:colcon.colcon_core.shell:Creating prefix script '/home/flug/Documents/colcon_ws/src/delta_robot_serial/src/install/local_setup.bash'
[0.201s] INFO:colcon.colcon_core.shell:Creating prefix chain script '/home/flug/Documents/colcon_ws/src/delta_robot_serial/src/install/setup.bash'
[0.202s] INFO:colcon.colcon_core.shell:Creating prefix script '/home/flug/Documents/colcon_ws/src/delta_robot_serial/src/install/local_setup.zsh'
[0.202s] INFO:colcon.colcon_core.shell:Creating prefix chain script '/home/flug/Documents/colcon_ws/src/delta_robot_serial/src/install/setup.zsh'
