[0.008s] Invoking command in '/home/flug/Documents/colcon_ws/build/delta_robot_serial': AMENT_PREFIX_PATH=/home/flug/Documents/colcon_ws/install/serial:${AMENT_PREFIX_PATH} CMAKE_PREFIX_PATH=/home/flug/Documents/colcon_ws/install/serial:/opt/ros/jazzy/opt/gz_math_vendor:/opt/ros/jazzy/opt/gz_utils_vendor:/opt/ros/jazzy/opt/gz_cmake_vendor:/opt/ros/jazzy DEBUGINFOD_URLS=https://debuginfod.ubuntu.com LD_LIBRARY_PATH=/home/flug/Documents/colcon_ws/install/serial/lib:${LD_LIBRARY_PATH} /usr/bin/cmake --build /home/flug/Documents/colcon_ws/build/delta_robot_serial -- -j16 -l16
[0.043s] [  3%] Built target delta_robot_serial__rosidl_generator_type_description
[0.043s] [  3%] Built target delta_robot_serial__rs
[0.048s] [  7%] Built target trajPlan_action_server
[0.048s] [  9%] Building CXX object CMakeFiles/pseudo_arduino.dir/src/pseudo_arduino.cpp.o
[0.049s] [  9%] Built target ament_cmake_python_copy_delta_robot_serial
[0.051s] [ 12%] Built target delta_joint_pub
[0.057s] [ 14%] Built target delta_robot_serial__cpp
[0.058s] [ 29%] Built target delta_robot_serial__rosidl_generator_c
[0.074s] [ 36%] Built target delta_robot_serial__rosidl_typesupport_introspection_c
[0.075s] [ 49%] Built target delta_robot_serial__rosidl_typesupport_cpp
[0.075s] [ 50%] Built target delta_robot_serial__rosidl_typesupport_introspection_cpp
[0.075s] [ 58%] Built target delta_robot_serial__rosidl_typesupport_c
[0.075s] [ 65%] Built target delta_robot_serial__rosidl_typesupport_fastrtps_c
[0.076s] [ 72%] Built target delta_robot_serial__rosidl_typesupport_fastrtps_cpp
[0.089s] [ 72%] Built target delta_robot_serial
[0.093s] [ 76%] Building CXX object CMakeFiles/ikin_server.dir/src/ikin_server.cpp.o
[0.093s] [ 76%] Building CXX object CMakeFiles/trajPlan_actionServer.dir/src/trajPlan_actionServer.cpp.o
[0.105s] [ 78%] Built target delta_robot_serial__py
[0.123s] [ 83%] Built target delta_robot_serial__rosidl_generator_py
[0.138s] [ 90%] Built target delta_robot_serial_s__rosidl_typesupport_c
[0.138s] [ 90%] Built target delta_robot_serial_s__rosidl_typesupport_introspection_c
[0.139s] [ 94%] Built target delta_robot_serial_s__rosidl_typesupport_fastrtps_c
[0.218s] running egg_info
[0.233s] writing delta_robot_serial.egg-info/PKG-INFO
[0.233s] writing dependency_links to delta_robot_serial.egg-info/dependency_links.txt
[0.233s] writing top-level names to delta_robot_serial.egg-info/top_level.txt
[0.276s] reading manifest file 'delta_robot_serial.egg-info/SOURCES.txt'
[0.276s] writing manifest file 'delta_robot_serial.egg-info/SOURCES.txt'
[0.297s] [ 94%] Built target ament_cmake_python_build_delta_robot_serial_egg
[2.163s] [ 96%] Linking CXX executable pseudo_arduino
[2.247s] [ 96%] Built target pseudo_arduino
[3.715s] [ 98%] Linking CXX executable ikin_server
[3.843s] [ 98%] Built target ikin_server
[6.159s] [100%] Linking CXX shared library libtrajPlan_actionServer.so
[6.372s] [100%] Built target trajPlan_actionServer
[6.380s] Invoked command in '/home/flug/Documents/colcon_ws/build/delta_robot_serial' returned '0': AMENT_PREFIX_PATH=/home/flug/Documents/colcon_ws/install/serial:${AMENT_PREFIX_PATH} CMAKE_PREFIX_PATH=/home/flug/Documents/colcon_ws/install/serial:/opt/ros/jazzy/opt/gz_math_vendor:/opt/ros/jazzy/opt/gz_utils_vendor:/opt/ros/jazzy/opt/gz_cmake_vendor:/opt/ros/jazzy DEBUGINFOD_URLS=https://debuginfod.ubuntu.com LD_LIBRARY_PATH=/home/flug/Documents/colcon_ws/install/serial/lib:${LD_LIBRARY_PATH} /usr/bin/cmake --build /home/flug/Documents/colcon_ws/build/delta_robot_serial -- -j16 -l16
[6.386s] Invoking command in '/home/flug/Documents/colcon_ws/build/delta_robot_serial': AMENT_PREFIX_PATH=/home/flug/Documents/colcon_ws/install/serial:${AMENT_PREFIX_PATH} CMAKE_PREFIX_PATH=/home/flug/Documents/colcon_ws/install/serial:/opt/ros/jazzy/opt/gz_math_vendor:/opt/ros/jazzy/opt/gz_utils_vendor:/opt/ros/jazzy/opt/gz_cmake_vendor:/opt/ros/jazzy DEBUGINFOD_URLS=https://debuginfod.ubuntu.com LD_LIBRARY_PATH=/home/flug/Documents/colcon_ws/install/serial/lib:${LD_LIBRARY_PATH} /usr/bin/cmake --install /home/flug/Documents/colcon_ws/build/delta_robot_serial
[6.391s] -- Install configuration: ""
[6.391s] -- Up-to-date: /home/flug/Documents/colcon_ws/install/delta_robot_serial/share/ament_index/resource_index/rosidl_interfaces/delta_robot_serial
[6.391s] -- Up-to-date: /home/flug/Documents/colcon_ws/install/delta_robot_serial/share/delta_robot_serial/srv/Ikin.json
[6.391s] -- Up-to-date: /home/flug/Documents/colcon_ws/install/delta_robot_serial/share/delta_robot_serial/action/PosTraj.json
[6.391s] -- Up-to-date: /home/flug/Documents/colcon_ws/install/delta_robot_serial/include/delta_robot_serial/delta_robot_serial
[6.391s] -- Up-to-date: /home/flug/Documents/colcon_ws/install/delta_robot_serial/include/delta_robot_serial/delta_robot_serial/action
[6.391s] -- Up-to-date: /home/flug/Documents/colcon_ws/install/delta_robot_serial/include/delta_robot_serial/delta_robot_serial/action/detail
[6.391s] -- Up-to-date: /home/flug/Documents/colcon_ws/install/delta_robot_serial/include/delta_robot_serial/delta_robot_serial/action/detail/pos_traj__type_support.h
[6.391s] -- Up-to-date: /home/flug/Documents/colcon_ws/install/delta_robot_serial/include/delta_robot_serial/delta_robot_serial/action/detail/pos_traj__struct.h
[6.391s] -- Up-to-date: /home/flug/Documents/colcon_ws/install/delta_robot_serial/include/delta_robot_serial/delta_robot_serial/action/detail/pos_traj__functions.c
[6.391s] -- Up-to-date: /home/flug/Documents/colcon_ws/install/delta_robot_serial/include/delta_robot_serial/delta_robot_serial/action/detail/pos_traj__type_support.c
[6.391s] -- Up-to-date: /home/flug/Documents/colcon_ws/install/delta_robot_serial/include/delta_robot_serial/delta_robot_serial/action/detail/pos_traj__functions.h
[6.391s] -- Up-to-date: /home/flug/Documents/colcon_ws/install/delta_robot_serial/include/delta_robot_serial/delta_robot_serial/action/detail/pos_traj__description.c
[6.391s] -- Up-to-date: /home/flug/Documents/colcon_ws/install/delta_robot_serial/include/delta_robot_serial/delta_robot_serial/action/pos_traj.h
[6.391s] -- Up-to-date: /home/flug/Documents/colcon_ws/install/delta_robot_serial/include/delta_robot_serial/delta_robot_serial/srv
[6.392s] -- Up-to-date: /home/flug/Documents/colcon_ws/install/delta_robot_serial/include/delta_robot_serial/delta_robot_serial/srv/detail
[6.392s] -- Up-to-date: /home/flug/Documents/colcon_ws/install/delta_robot_serial/include/delta_robot_serial/delta_robot_serial/srv/detail/ikin__type_support.h
[6.392s] -- Up-to-date: /home/flug/Documents/colcon_ws/install/delta_robot_serial/include/delta_robot_serial/delta_robot_serial/srv/detail/ikin__struct.h
[6.392s] -- Up-to-date: /home/flug/Documents/colcon_ws/install/delta_robot_serial/include/delta_robot_serial/delta_robot_serial/srv/detail/ikin__type_support.c
[6.392s] -- Up-to-date: /home/flug/Documents/colcon_ws/install/delta_robot_serial/include/delta_robot_serial/delta_robot_serial/srv/detail/ikin__functions.c
[6.392s] -- Up-to-date: /home/flug/Documents/colcon_ws/install/delta_robot_serial/include/delta_robot_serial/delta_robot_serial/srv/detail/ikin__description.c
[6.392s] -- Up-to-date: /home/flug/Documents/colcon_ws/install/delta_robot_serial/include/delta_robot_serial/delta_robot_serial/srv/detail/ikin__functions.h
[6.392s] -- Up-to-date: /home/flug/Documents/colcon_ws/install/delta_robot_serial/include/delta_robot_serial/delta_robot_serial/srv/ikin.h
[6.392s] -- Up-to-date: /home/flug/Documents/colcon_ws/install/delta_robot_serial/include/delta_robot_serial/delta_robot_serial/msg
[6.392s] -- Up-to-date: /home/flug/Documents/colcon_ws/install/delta_robot_serial/include/delta_robot_serial/delta_robot_serial/msg/rosidl_generator_c__visibility_control.h
[6.392s] -- Up-to-date: /home/flug/Documents/colcon_ws/install/delta_robot_serial/share/delta_robot_serial/environment/library_path.sh
[6.392s] -- Up-to-date: /home/flug/Documents/colcon_ws/install/delta_robot_serial/share/delta_robot_serial/environment/library_path.dsv
[6.393s] -- Up-to-date: /home/flug/Documents/colcon_ws/install/delta_robot_serial/lib/libdelta_robot_serial__rosidl_generator_c.so
[6.393s] -- Up-to-date: /home/flug/Documents/colcon_ws/install/delta_robot_serial/include/delta_robot_serial/delta_robot_serial
[6.393s] -- Up-to-date: /home/flug/Documents/colcon_ws/install/delta_robot_serial/include/delta_robot_serial/delta_robot_serial/action
[6.393s] -- Up-to-date: /home/flug/Documents/colcon_ws/install/delta_robot_serial/include/delta_robot_serial/delta_robot_serial/action/detail
[6.393s] -- Up-to-date: /home/flug/Documents/colcon_ws/install/delta_robot_serial/include/delta_robot_serial/delta_robot_serial/action/detail/pos_traj__rosidl_typesupport_fastrtps_c.h
[6.393s] -- Up-to-date: /home/flug/Documents/colcon_ws/install/delta_robot_serial/include/delta_robot_serial/delta_robot_serial/srv
[6.393s] -- Up-to-date: /home/flug/Documents/colcon_ws/install/delta_robot_serial/include/delta_robot_serial/delta_robot_serial/srv/detail
[6.393s] -- Up-to-date: /home/flug/Documents/colcon_ws/install/delta_robot_serial/include/delta_robot_serial/delta_robot_serial/srv/detail/ikin__rosidl_typesupport_fastrtps_c.h
[6.393s] -- Up-to-date: /home/flug/Documents/colcon_ws/install/delta_robot_serial/include/delta_robot_serial/delta_robot_serial/msg
[6.393s] -- Up-to-date: /home/flug/Documents/colcon_ws/install/delta_robot_serial/include/delta_robot_serial/delta_robot_serial/msg/rosidl_typesupport_fastrtps_c__visibility_control.h
[6.393s] -- Up-to-date: /home/flug/Documents/colcon_ws/install/delta_robot_serial/lib/libdelta_robot_serial__rosidl_typesupport_fastrtps_c.so
[6.393s] -- Up-to-date: /home/flug/Documents/colcon_ws/install/delta_robot_serial/include/delta_robot_serial/delta_robot_serial
[6.393s] -- Up-to-date: /home/flug/Documents/colcon_ws/install/delta_robot_serial/include/delta_robot_serial/delta_robot_serial/action
[6.393s] -- Up-to-date: /home/flug/Documents/colcon_ws/install/delta_robot_serial/include/delta_robot_serial/delta_robot_serial/action/pos_traj.hpp
[6.393s] -- Up-to-date: /home/flug/Documents/colcon_ws/install/delta_robot_serial/include/delta_robot_serial/delta_robot_serial/action/detail
[6.393s] -- Up-to-date: /home/flug/Documents/colcon_ws/install/delta_robot_serial/include/delta_robot_serial/delta_robot_serial/action/detail/pos_traj__builder.hpp
[6.393s] -- Up-to-date: /home/flug/Documents/colcon_ws/install/delta_robot_serial/include/delta_robot_serial/delta_robot_serial/action/detail/pos_traj__traits.hpp
[6.394s] -- Up-to-date: /home/flug/Documents/colcon_ws/install/delta_robot_serial/include/delta_robot_serial/delta_robot_serial/action/detail/pos_traj__type_support.hpp
[6.394s] -- Up-to-date: /home/flug/Documents/colcon_ws/install/delta_robot_serial/include/delta_robot_serial/delta_robot_serial/action/detail/pos_traj__struct.hpp
[6.394s] -- Up-to-date: /home/flug/Documents/colcon_ws/install/delta_robot_serial/include/delta_robot_serial/delta_robot_serial/srv
[6.394s] -- Up-to-date: /home/flug/Documents/colcon_ws/install/delta_robot_serial/include/delta_robot_serial/delta_robot_serial/srv/ikin.hpp
[6.394s] -- Up-to-date: /home/flug/Documents/colcon_ws/install/delta_robot_serial/include/delta_robot_serial/delta_robot_serial/srv/detail
[6.394s] -- Up-to-date: /home/flug/Documents/colcon_ws/install/delta_robot_serial/include/delta_robot_serial/delta_robot_serial/srv/detail/ikin__builder.hpp
[6.394s] -- Up-to-date: /home/flug/Documents/colcon_ws/install/delta_robot_serial/include/delta_robot_serial/delta_robot_serial/srv/detail/ikin__type_support.hpp
[6.394s] -- Up-to-date: /home/flug/Documents/colcon_ws/install/delta_robot_serial/include/delta_robot_serial/delta_robot_serial/srv/detail/ikin__struct.hpp
[6.394s] -- Up-to-date: /home/flug/Documents/colcon_ws/install/delta_robot_serial/include/delta_robot_serial/delta_robot_serial/srv/detail/ikin__traits.hpp
[6.394s] -- Up-to-date: /home/flug/Documents/colcon_ws/install/delta_robot_serial/include/delta_robot_serial/delta_robot_serial/msg
[6.394s] -- Up-to-date: /home/flug/Documents/colcon_ws/install/delta_robot_serial/include/delta_robot_serial/delta_robot_serial/msg/rosidl_generator_cpp__visibility_control.hpp
[6.394s] -- Up-to-date: /home/flug/Documents/colcon_ws/install/delta_robot_serial/include/delta_robot_serial/delta_robot_serial
[6.394s] -- Up-to-date: /home/flug/Documents/colcon_ws/install/delta_robot_serial/include/delta_robot_serial/delta_robot_serial/action
[6.394s] -- Up-to-date: /home/flug/Documents/colcon_ws/install/delta_robot_serial/include/delta_robot_serial/delta_robot_serial/action/detail
[6.394s] -- Up-to-date: /home/flug/Documents/colcon_ws/install/delta_robot_serial/include/delta_robot_serial/delta_robot_serial/action/detail/dds_fastrtps
[6.394s] -- Up-to-date: /home/flug/Documents/colcon_ws/install/delta_robot_serial/include/delta_robot_serial/delta_robot_serial/action/detail/pos_traj__rosidl_typesupport_fastrtps_cpp.hpp
[6.394s] -- Up-to-date: /home/flug/Documents/colcon_ws/install/delta_robot_serial/include/delta_robot_serial/delta_robot_serial/srv
[6.394s] -- Up-to-date: /home/flug/Documents/colcon_ws/install/delta_robot_serial/include/delta_robot_serial/delta_robot_serial/srv/detail
[6.395s] -- Up-to-date: /home/flug/Documents/colcon_ws/install/delta_robot_serial/include/delta_robot_serial/delta_robot_serial/srv/detail/dds_fastrtps
[6.395s] -- Up-to-date: /home/flug/Documents/colcon_ws/install/delta_robot_serial/include/delta_robot_serial/delta_robot_serial/srv/detail/ikin__rosidl_typesupport_fastrtps_cpp.hpp
[6.395s] -- Up-to-date: /home/flug/Documents/colcon_ws/install/delta_robot_serial/include/delta_robot_serial/delta_robot_serial/msg
[6.395s] -- Up-to-date: /home/flug/Documents/colcon_ws/install/delta_robot_serial/include/delta_robot_serial/delta_robot_serial/msg/rosidl_typesupport_fastrtps_cpp__visibility_control.h
[6.395s] -- Up-to-date: /home/flug/Documents/colcon_ws/install/delta_robot_serial/lib/libdelta_robot_serial__rosidl_typesupport_fastrtps_cpp.so
[6.395s] -- Up-to-date: /home/flug/Documents/colcon_ws/install/delta_robot_serial/include/delta_robot_serial/delta_robot_serial
[6.395s] -- Up-to-date: /home/flug/Documents/colcon_ws/install/delta_robot_serial/include/delta_robot_serial/delta_robot_serial/action
[6.395s] -- Up-to-date: /home/flug/Documents/colcon_ws/install/delta_robot_serial/include/delta_robot_serial/delta_robot_serial/action/detail
[6.395s] -- Up-to-date: /home/flug/Documents/colcon_ws/install/delta_robot_serial/include/delta_robot_serial/delta_robot_serial/action/detail/pos_traj__rosidl_typesupport_introspection_c.h
[6.395s] -- Up-to-date: /home/flug/Documents/colcon_ws/install/delta_robot_serial/include/delta_robot_serial/delta_robot_serial/action/detail/pos_traj__type_support.c
[6.395s] -- Up-to-date: /home/flug/Documents/colcon_ws/install/delta_robot_serial/include/delta_robot_serial/delta_robot_serial/srv
[6.395s] -- Up-to-date: /home/flug/Documents/colcon_ws/install/delta_robot_serial/include/delta_robot_serial/delta_robot_serial/srv/detail
[6.395s] -- Up-to-date: /home/flug/Documents/colcon_ws/install/delta_robot_serial/include/delta_robot_serial/delta_robot_serial/srv/detail/ikin__rosidl_typesupport_introspection_c.h
[6.395s] -- Up-to-date: /home/flug/Documents/colcon_ws/install/delta_robot_serial/include/delta_robot_serial/delta_robot_serial/srv/detail/ikin__type_support.c
[6.395s] -- Up-to-date: /home/flug/Documents/colcon_ws/install/delta_robot_serial/include/delta_robot_serial/delta_robot_serial/msg
[6.395s] -- Up-to-date: /home/flug/Documents/colcon_ws/install/delta_robot_serial/include/delta_robot_serial/delta_robot_serial/msg/rosidl_typesupport_introspection_c__visibility_control.h
[6.395s] -- Up-to-date: /home/flug/Documents/colcon_ws/install/delta_robot_serial/lib/libdelta_robot_serial__rosidl_typesupport_introspection_c.so
[6.395s] -- Up-to-date: /home/flug/Documents/colcon_ws/install/delta_robot_serial/lib/libdelta_robot_serial__rosidl_typesupport_c.so
[6.395s] -- Up-to-date: /home/flug/Documents/colcon_ws/install/delta_robot_serial/include/delta_robot_serial/delta_robot_serial
[6.395s] -- Up-to-date: /home/flug/Documents/colcon_ws/install/delta_robot_serial/include/delta_robot_serial/delta_robot_serial/action
[6.395s] -- Up-to-date: /home/flug/Documents/colcon_ws/install/delta_robot_serial/include/delta_robot_serial/delta_robot_serial/action/detail
[6.396s] -- Up-to-date: /home/flug/Documents/colcon_ws/install/delta_robot_serial/include/delta_robot_serial/delta_robot_serial/action/detail/pos_traj__rosidl_typesupport_introspection_cpp.hpp
[6.396s] -- Up-to-date: /home/flug/Documents/colcon_ws/install/delta_robot_serial/include/delta_robot_serial/delta_robot_serial/action/detail/pos_traj__type_support.cpp
[6.396s] -- Up-to-date: /home/flug/Documents/colcon_ws/install/delta_robot_serial/include/delta_robot_serial/delta_robot_serial/srv
[6.396s] -- Up-to-date: /home/flug/Documents/colcon_ws/install/delta_robot_serial/include/delta_robot_serial/delta_robot_serial/srv/detail
[6.396s] -- Up-to-date: /home/flug/Documents/colcon_ws/install/delta_robot_serial/include/delta_robot_serial/delta_robot_serial/srv/detail/ikin__rosidl_typesupport_introspection_cpp.hpp
[6.396s] -- Up-to-date: /home/flug/Documents/colcon_ws/install/delta_robot_serial/include/delta_robot_serial/delta_robot_serial/srv/detail/ikin__type_support.cpp
[6.396s] -- Up-to-date: /home/flug/Documents/colcon_ws/install/delta_robot_serial/lib/libdelta_robot_serial__rosidl_typesupport_introspection_cpp.so
[6.396s] -- Up-to-date: /home/flug/Documents/colcon_ws/install/delta_robot_serial/lib/libdelta_robot_serial__rosidl_typesupport_cpp.so
[6.396s] -- Up-to-date: /home/flug/Documents/colcon_ws/install/delta_robot_serial/share/delta_robot_serial/environment/pythonpath.sh
[6.396s] -- Up-to-date: /home/flug/Documents/colcon_ws/install/delta_robot_serial/share/delta_robot_serial/environment/pythonpath.dsv
[6.396s] -- Up-to-date: /home/flug/Documents/colcon_ws/install/delta_robot_serial/lib/python3.12/site-packages/delta_robot_serial-0.0.0-py3.12.egg-info
[6.396s] -- Installing: /home/flug/Documents/colcon_ws/install/delta_robot_serial/lib/python3.12/site-packages/delta_robot_serial-0.0.0-py3.12.egg-info/top_level.txt
[6.396s] -- Installing: /home/flug/Documents/colcon_ws/install/delta_robot_serial/lib/python3.12/site-packages/delta_robot_serial-0.0.0-py3.12.egg-info/SOURCES.txt
[6.396s] -- Installing: /home/flug/Documents/colcon_ws/install/delta_robot_serial/lib/python3.12/site-packages/delta_robot_serial-0.0.0-py3.12.egg-info/dependency_links.txt
[6.396s] -- Installing: /home/flug/Documents/colcon_ws/install/delta_robot_serial/lib/python3.12/site-packages/delta_robot_serial-0.0.0-py3.12.egg-info/PKG-INFO
[6.396s] -- Up-to-date: /home/flug/Documents/colcon_ws/install/delta_robot_serial/lib/python3.12/site-packages/delta_robot_serial
[6.396s] -- Up-to-date: /home/flug/Documents/colcon_ws/install/delta_robot_serial/lib/python3.12/site-packages/delta_robot_serial/action
[6.396s] -- Up-to-date: /home/flug/Documents/colcon_ws/install/delta_robot_serial/lib/python3.12/site-packages/delta_robot_serial/action/_pos_traj.py
[6.396s] -- Up-to-date: /home/flug/Documents/colcon_ws/install/delta_robot_serial/lib/python3.12/site-packages/delta_robot_serial/action/_pos_traj_s.c
[6.396s] -- Up-to-date: /home/flug/Documents/colcon_ws/install/delta_robot_serial/lib/python3.12/site-packages/delta_robot_serial/action/__init__.py
[6.396s] -- Up-to-date: /home/flug/Documents/colcon_ws/install/delta_robot_serial/lib/python3.12/site-packages/delta_robot_serial/srv
[6.396s] -- Up-to-date: /home/flug/Documents/colcon_ws/install/delta_robot_serial/lib/python3.12/site-packages/delta_robot_serial/srv/_ikin.py
[6.396s] -- Up-to-date: /home/flug/Documents/colcon_ws/install/delta_robot_serial/lib/python3.12/site-packages/delta_robot_serial/srv/__init__.py
[6.397s] -- Up-to-date: /home/flug/Documents/colcon_ws/install/delta_robot_serial/lib/python3.12/site-packages/delta_robot_serial/srv/_ikin_s.c
[6.397s] -- Up-to-date: /home/flug/Documents/colcon_ws/install/delta_robot_serial/lib/python3.12/site-packages/delta_robot_serial/delta_robot_serial_s__rosidl_typesupport_introspection_c.so
[6.397s] -- Up-to-date: /home/flug/Documents/colcon_ws/install/delta_robot_serial/lib/python3.12/site-packages/delta_robot_serial/delta_robot_serial_s__rosidl_typesupport_c.so
[6.397s] -- Up-to-date: /home/flug/Documents/colcon_ws/install/delta_robot_serial/lib/python3.12/site-packages/delta_robot_serial/__init__.py
[6.397s] -- Up-to-date: /home/flug/Documents/colcon_ws/install/delta_robot_serial/lib/python3.12/site-packages/delta_robot_serial/delta_robot_serial_s__rosidl_typesupport_fastrtps_c.so
[6.397s] -- Up-to-date: /home/flug/Documents/colcon_ws/install/delta_robot_serial/lib/python3.12/site-packages/delta_robot_serial/_delta_robot_serial_s.ep.rosidl_typesupport_fastrtps_c.c
[6.397s] -- Up-to-date: /home/flug/Documents/colcon_ws/install/delta_robot_serial/lib/python3.12/site-packages/delta_robot_serial/_delta_robot_serial_s.ep.rosidl_typesupport_introspection_c.c
[6.397s] -- Up-to-date: /home/flug/Documents/colcon_ws/install/delta_robot_serial/lib/python3.12/site-packages/delta_robot_serial/_delta_robot_serial_s.ep.rosidl_typesupport_c.c
[6.420s] Listing '/home/flug/Documents/colcon_ws/install/delta_robot_serial/lib/python3.12/site-packages/delta_robot_serial'...
[6.420s] Listing '/home/flug/Documents/colcon_ws/install/delta_robot_serial/lib/python3.12/site-packages/delta_robot_serial/action'...
[6.420s] Listing '/home/flug/Documents/colcon_ws/install/delta_robot_serial/lib/python3.12/site-packages/delta_robot_serial/srv'...
[6.423s] -- Up-to-date: /home/flug/Documents/colcon_ws/install/delta_robot_serial/lib/python3.12/site-packages/delta_robot_serial/delta_robot_serial_s__rosidl_typesupport_fastrtps_c.so
[6.423s] -- Up-to-date: /home/flug/Documents/colcon_ws/install/delta_robot_serial/lib/python3.12/site-packages/delta_robot_serial/delta_robot_serial_s__rosidl_typesupport_introspection_c.so
[6.424s] -- Up-to-date: /home/flug/Documents/colcon_ws/install/delta_robot_serial/lib/python3.12/site-packages/delta_robot_serial/delta_robot_serial_s__rosidl_typesupport_c.so
[6.424s] -- Up-to-date: /home/flug/Documents/colcon_ws/install/delta_robot_serial/lib/libdelta_robot_serial__rosidl_generator_py.so
[6.424s] -- Up-to-date: /home/flug/Documents/colcon_ws/install/delta_robot_serial/share/ament_index/resource_index/rust_packages/delta_robot_serial
[6.424s] -- Up-to-date: /home/flug/Documents/colcon_ws/install/delta_robot_serial/share/delta_robot_serial/rust
[6.424s] -- Up-to-date: /home/flug/Documents/colcon_ws/install/delta_robot_serial/share/delta_robot_serial/rust/Cargo.toml
[6.424s] -- Up-to-date: /home/flug/Documents/colcon_ws/install/delta_robot_serial/share/delta_robot_serial/rust/build.rs
[6.424s] -- Up-to-date: /home/flug/Documents/colcon_ws/install/delta_robot_serial/share/delta_robot_serial/rust/src
[6.424s] -- Up-to-date: /home/flug/Documents/colcon_ws/install/delta_robot_serial/share/delta_robot_serial/rust/src/action
[6.424s] -- Up-to-date: /home/flug/Documents/colcon_ws/install/delta_robot_serial/share/delta_robot_serial/rust/src/action/rmw.rs
[6.424s] -- Up-to-date: /home/flug/Documents/colcon_ws/install/delta_robot_serial/share/delta_robot_serial/rust/src/srv
[6.424s] -- Up-to-date: /home/flug/Documents/colcon_ws/install/delta_robot_serial/share/delta_robot_serial/rust/src/srv/rmw.rs
[6.424s] -- Up-to-date: /home/flug/Documents/colcon_ws/install/delta_robot_serial/share/delta_robot_serial/rust/src/lib.rs
[6.424s] -- Up-to-date: /home/flug/Documents/colcon_ws/install/delta_robot_serial/share/delta_robot_serial/rust/src/srv.rs
[6.424s] -- Up-to-date: /home/flug/Documents/colcon_ws/install/delta_robot_serial/share/delta_robot_serial/rust/src/action.rs
[6.425s] -- Up-to-date: /home/flug/Documents/colcon_ws/install/delta_robot_serial/share/delta_robot_serial/srv/Ikin.idl
[6.425s] -- Up-to-date: /home/flug/Documents/colcon_ws/install/delta_robot_serial/share/delta_robot_serial/action/PosTraj.idl
[6.425s] -- Up-to-date: /home/flug/Documents/colcon_ws/install/delta_robot_serial/share/delta_robot_serial/srv/Ikin.srv
[6.425s] -- Up-to-date: /home/flug/Documents/colcon_ws/install/delta_robot_serial/share/delta_robot_serial/action/PosTraj.action
[6.425s] -- Installing: /home/flug/Documents/colcon_ws/install/delta_robot_serial/lib/delta_robot_serial/pseudo_arduino
[6.425s] -- Set non-toolchain portion of runtime path of "/home/flug/Documents/colcon_ws/install/delta_robot_serial/lib/delta_robot_serial/pseudo_arduino" to ""
[6.425s] -- Up-to-date: /home/flug/Documents/colcon_ws/install/delta_robot_serial/lib/delta_robot_serial/delta_joint_pub
[6.425s] -- Installing: /home/flug/Documents/colcon_ws/install/delta_robot_serial/lib/delta_robot_serial/ikin_server
[6.426s] -- Set non-toolchain portion of runtime path of "/home/flug/Documents/colcon_ws/install/delta_robot_serial/lib/delta_robot_serial/ikin_server" to ""
[6.426s] -- Up-to-date: /home/flug/Documents/colcon_ws/install/delta_robot_serial/lib/delta_robot_serial/trajPlan_action_server
[6.426s] -- Installing: /home/flug/Documents/colcon_ws/install/delta_robot_serial/lib/libtrajPlan_actionServer.so
[6.431s] -- Set non-toolchain portion of runtime path of "/home/flug/Documents/colcon_ws/install/delta_robot_serial/lib/libtrajPlan_actionServer.so" to ""
[6.431s] -- Up-to-date: /home/flug/Documents/colcon_ws/install/delta_robot_serial/share/ament_index/resource_index/package_run_dependencies/delta_robot_serial
[6.432s] -- Up-to-date: /home/flug/Documents/colcon_ws/install/delta_robot_serial/share/ament_index/resource_index/parent_prefix_path/delta_robot_serial
[6.432s] -- Up-to-date: /home/flug/Documents/colcon_ws/install/delta_robot_serial/share/delta_robot_serial/environment/ament_prefix_path.sh
[6.432s] -- Up-to-date: /home/flug/Documents/colcon_ws/install/delta_robot_serial/share/delta_robot_serial/environment/ament_prefix_path.dsv
[6.432s] -- Up-to-date: /home/flug/Documents/colcon_ws/install/delta_robot_serial/share/delta_robot_serial/environment/path.sh
[6.432s] -- Up-to-date: /home/flug/Documents/colcon_ws/install/delta_robot_serial/share/delta_robot_serial/environment/path.dsv
[6.432s] -- Up-to-date: /home/flug/Documents/colcon_ws/install/delta_robot_serial/share/delta_robot_serial/local_setup.bash
[6.432s] -- Up-to-date: /home/flug/Documents/colcon_ws/install/delta_robot_serial/share/delta_robot_serial/local_setup.sh
[6.432s] -- Up-to-date: /home/flug/Documents/colcon_ws/install/delta_robot_serial/share/delta_robot_serial/local_setup.zsh
[6.432s] -- Up-to-date: /home/flug/Documents/colcon_ws/install/delta_robot_serial/share/delta_robot_serial/local_setup.dsv
[6.432s] -- Installing: /home/flug/Documents/colcon_ws/install/delta_robot_serial/share/delta_robot_serial/package.dsv
[6.432s] -- Up-to-date: /home/flug/Documents/colcon_ws/install/delta_robot_serial/share/ament_index/resource_index/packages/delta_robot_serial
[6.432s] -- Up-to-date: /home/flug/Documents/colcon_ws/install/delta_robot_serial/share/ament_index/resource_index/rclcpp_components/delta_robot_serial
[6.432s] -- Up-to-date: /home/flug/Documents/colcon_ws/install/delta_robot_serial/share/delta_robot_serial/cmake/export_delta_robot_serial__rosidl_generator_cExport.cmake
[6.432s] -- Up-to-date: /home/flug/Documents/colcon_ws/install/delta_robot_serial/share/delta_robot_serial/cmake/export_delta_robot_serial__rosidl_generator_cExport-noconfig.cmake
[6.432s] -- Up-to-date: /home/flug/Documents/colcon_ws/install/delta_robot_serial/share/delta_robot_serial/cmake/export_delta_robot_serial__rosidl_typesupport_fastrtps_cExport.cmake
[6.432s] -- Up-to-date: /home/flug/Documents/colcon_ws/install/delta_robot_serial/share/delta_robot_serial/cmake/export_delta_robot_serial__rosidl_typesupport_fastrtps_cExport-noconfig.cmake
[6.432s] -- Up-to-date: /home/flug/Documents/colcon_ws/install/delta_robot_serial/share/delta_robot_serial/cmake/export_delta_robot_serial__rosidl_generator_cppExport.cmake
[6.432s] -- Up-to-date: /home/flug/Documents/colcon_ws/install/delta_robot_serial/share/delta_robot_serial/cmake/export_delta_robot_serial__rosidl_typesupport_fastrtps_cppExport.cmake
[6.433s] -- Up-to-date: /home/flug/Documents/colcon_ws/install/delta_robot_serial/share/delta_robot_serial/cmake/export_delta_robot_serial__rosidl_typesupport_fastrtps_cppExport-noconfig.cmake
[6.433s] -- Up-to-date: /home/flug/Documents/colcon_ws/install/delta_robot_serial/share/delta_robot_serial/cmake/delta_robot_serial__rosidl_typesupport_introspection_cExport.cmake
[6.433s] -- Up-to-date: /home/flug/Documents/colcon_ws/install/delta_robot_serial/share/delta_robot_serial/cmake/delta_robot_serial__rosidl_typesupport_introspection_cExport-noconfig.cmake
[6.433s] -- Up-to-date: /home/flug/Documents/colcon_ws/install/delta_robot_serial/share/delta_robot_serial/cmake/delta_robot_serial__rosidl_typesupport_cExport.cmake
[6.433s] -- Up-to-date: /home/flug/Documents/colcon_ws/install/delta_robot_serial/share/delta_robot_serial/cmake/delta_robot_serial__rosidl_typesupport_cExport-noconfig.cmake
[6.433s] -- Up-to-date: /home/flug/Documents/colcon_ws/install/delta_robot_serial/share/delta_robot_serial/cmake/delta_robot_serial__rosidl_typesupport_introspection_cppExport.cmake
[6.433s] -- Up-to-date: /home/flug/Documents/colcon_ws/install/delta_robot_serial/share/delta_robot_serial/cmake/delta_robot_serial__rosidl_typesupport_introspection_cppExport-noconfig.cmake
[6.433s] -- Up-to-date: /home/flug/Documents/colcon_ws/install/delta_robot_serial/share/delta_robot_serial/cmake/delta_robot_serial__rosidl_typesupport_cppExport.cmake
[6.433s] -- Up-to-date: /home/flug/Documents/colcon_ws/install/delta_robot_serial/share/delta_robot_serial/cmake/delta_robot_serial__rosidl_typesupport_cppExport-noconfig.cmake
[6.433s] -- Up-to-date: /home/flug/Documents/colcon_ws/install/delta_robot_serial/share/delta_robot_serial/cmake/export_delta_robot_serial__rosidl_generator_pyExport.cmake
[6.433s] -- Up-to-date: /home/flug/Documents/colcon_ws/install/delta_robot_serial/share/delta_robot_serial/cmake/export_delta_robot_serial__rosidl_generator_pyExport-noconfig.cmake
[6.433s] -- Up-to-date: /home/flug/Documents/colcon_ws/install/delta_robot_serial/share/delta_robot_serial/cmake/rosidl_cmake-extras.cmake
[6.433s] -- Up-to-date: /home/flug/Documents/colcon_ws/install/delta_robot_serial/share/delta_robot_serial/cmake/ament_cmake_export_dependencies-extras.cmake
[6.433s] -- Up-to-date: /home/flug/Documents/colcon_ws/install/delta_robot_serial/share/delta_robot_serial/cmake/ament_cmake_export_include_directories-extras.cmake
[6.433s] -- Up-to-date: /home/flug/Documents/colcon_ws/install/delta_robot_serial/share/delta_robot_serial/cmake/ament_cmake_export_libraries-extras.cmake
[6.433s] -- Up-to-date: /home/flug/Documents/colcon_ws/install/delta_robot_serial/share/delta_robot_serial/cmake/ament_cmake_export_targets-extras.cmake
[6.433s] -- Up-to-date: /home/flug/Documents/colcon_ws/install/delta_robot_serial/share/delta_robot_serial/cmake/rosidl_cmake_export_typesupport_targets-extras.cmake
[6.433s] -- Up-to-date: /home/flug/Documents/colcon_ws/install/delta_robot_serial/share/delta_robot_serial/cmake/rosidl_cmake_export_typesupport_libraries-extras.cmake
[6.433s] -- Up-to-date: /home/flug/Documents/colcon_ws/install/delta_robot_serial/share/delta_robot_serial/cmake/rosidl_cmake_aggregate_target-extras.cmake
[6.434s] -- Up-to-date: /home/flug/Documents/colcon_ws/install/delta_robot_serial/share/delta_robot_serial/cmake/delta_robot_serialConfig.cmake
[6.434s] -- Up-to-date: /home/flug/Documents/colcon_ws/install/delta_robot_serial/share/delta_robot_serial/cmake/delta_robot_serialConfig-version.cmake
[6.434s] -- Up-to-date: /home/flug/Documents/colcon_ws/install/delta_robot_serial/share/delta_robot_serial/package.xml
[6.434s] Invoked command in '/home/flug/Documents/colcon_ws/build/delta_robot_serial' returned '0': AMENT_PREFIX_PATH=/home/flug/Documents/colcon_ws/install/serial:${AMENT_PREFIX_PATH} CMAKE_PREFIX_PATH=/home/flug/Documents/colcon_ws/install/serial:/opt/ros/jazzy/opt/gz_math_vendor:/opt/ros/jazzy/opt/gz_utils_vendor:/opt/ros/jazzy/opt/gz_cmake_vendor:/opt/ros/jazzy DEBUGINFOD_URLS=https://debuginfod.ubuntu.com LD_LIBRARY_PATH=/home/flug/Documents/colcon_ws/install/serial/lib:${LD_LIBRARY_PATH} /usr/bin/cmake --install /home/flug/Documents/colcon_ws/build/delta_robot_serial
