[  1%] Built target delta_robot_serial__rs
[  3%] Built target delta_robot_serial__rosidl_generator_type_description
[  7%] Built target trajPlan_action_server
[ 10%] Built target pseudo_arduino
[ 10%] Built target ament_cmake_python_copy_delta_robot_serial
[ 14%] Built target delta_joint_pub
[ 16%] Built target delta_robot_serial__cpp
[ 30%] Built target delta_robot_serial__rosidl_generator_c
[ 49%] Built target delta_robot_serial__rosidl_typesupport_cpp
[ 49%] Built target delta_robot_serial__rosidl_typesupport_c
[ 52%] Built target delta_robot_serial__rosidl_typesupport_fastrtps_c
[ 60%] Built target delta_robot_serial__rosidl_typesupport_introspection_c
[ 67%] Built target delta_robot_serial__rosidl_typesupport_introspection_cpp
[ 74%] Built target delta_robot_serial__rosidl_typesupport_fastrtps_cpp
[ 74%] Built target delta_robot_serial
[ 78%] Built target ikin_server
[ 80%] [32mBuilding CXX object CMakeFiles/trajPlan_actionServer.dir/src/trajPlan_actionServer.cpp.o[0m
[ 81%] Built target delta_robot_serial__py
[ 87%] Built target delta_robot_serial__rosidl_generator_py
[ 98%] Built target delta_robot_serial_s__rosidl_typesupport_c
[ 98%] Built target delta_robot_serial_s__rosidl_typesupport_introspection_c
[ 98%] Built target delta_robot_serial_s__rosidl_typesupport_fastrtps_c
running egg_info
writing delta_robot_serial.egg-info/PKG-INFO
writing dependency_links to delta_robot_serial.egg-info/dependency_links.txt
writing top-level names to delta_robot_serial.egg-info/top_level.txt
reading manifest file 'delta_robot_serial.egg-info/SOURCES.txt'
writing manifest file 'delta_robot_serial.egg-info/SOURCES.txt'
[ 98%] Built target ament_cmake_python_build_delta_robot_serial_egg
[01m[K/home/flug/Documents/colcon_ws/src/delta_robot_serial/src/trajPlan_actionServer.cpp:184:14:[m[K [01;31m[Kerror: [m[K‘[01m[Kvoid TrajectoryPlanServer::[01;32m[KjointCB[m[K(const sensor_msgs::msg::JointState&)[m[K’ cannot be overloaded with ‘[01m[Kvoid TrajectoryPlanServer::[01;32m[KjointCB[m[K(const sensor_msgs::msg::JointState&)[m[K’
  184 |         void [01;31m[KjointCB[m[K(const sensor_msgs::msg::JointState &msg ) {
      |              [01;31m[K^~~~~~~[m[K
[01m[K/home/flug/Documents/colcon_ws/src/delta_robot_serial/src/trajPlan_actionServer.cpp:74:14:[m[K [01;36m[Knote: [m[Kprevious declaration ‘[01m[Kvoid TrajectoryPlanServer::[01;32m[KjointCB[m[K(const sensor_msgs::msg::JointState&)[m[K’
   74 |         void [01;36m[KjointCB[m[K(const sensor_msgs::msg::JointState &msg) {
      |              [01;36m[K^~~~~~~[m[K
gmake[2]: *** [CMakeFiles/trajPlan_actionServer.dir/build.make:76: CMakeFiles/trajPlan_actionServer.dir/src/trajPlan_actionServer.cpp.o] Error 1
gmake[1]: *** [CMakeFiles/Makefile2:732: CMakeFiles/trajPlan_actionServer.dir/all] Error 2
gmake: *** [Makefile:146: all] Error 2
