[0.006s] Invoking command in '/home/flug/Documents/colcon_ws/build/delta_robot_serial': CMAKE_PREFIX_PATH=/home/flug/Documents/colcon_ws/install/serial:/home/flug/Documents/colcon_ws/install/delta_robot_serial:/home/flug/Documents/colcon_ws/install/delta_robot_description:/opt/ros/jazzy/opt/gz_math_vendor:/opt/ros/jazzy/opt/gz_utils_vendor:/opt/ros/jazzy/opt/gz_cmake_vendor:/opt/ros/jazzy DEBUGINFOD_URLS=https://debuginfod.ubuntu.com LD_LIBRARY_PATH=/home/flug/Documents/colcon_ws/install/serial/lib:/home/flug/Documents/colcon_ws/install/delta_robot_serial/lib:/opt/ros/jazzy/opt/rviz_ogre_vendor/lib:/opt/ros/jazzy/lib/x86_64-linux-gnu:/opt/ros/jazzy/opt/gz_math_vendor/lib:/opt/ros/jazzy/opt/gz_utils_vendor/lib:/opt/ros/jazzy/opt/gz_cmake_vendor/lib:/opt/ros/jazzy/lib /usr/bin/cmake --build /home/flug/Documents/colcon_ws/build/delta_robot_serial -- -j16 -l16
[0.039s] [  1%] Built target delta_robot_serial__rs
[0.039s] [  3%] Built target delta_robot_serial__rosidl_generator_type_description
[0.043s] [  7%] Built target trajPlan_action_server
[0.044s] [ 10%] Built target pseudo_arduino
[0.044s] [ 10%] Built target ament_cmake_python_copy_delta_robot_serial
[0.047s] [ 14%] Built target delta_joint_pub
[0.051s] [ 16%] Built target delta_robot_serial__cpp
[0.052s] [ 30%] Built target delta_robot_serial__rosidl_generator_c
[0.066s] [ 49%] Built target delta_robot_serial__rosidl_typesupport_cpp
[0.066s] [ 49%] Built target delta_robot_serial__rosidl_typesupport_c
[0.067s] [ 52%] Built target delta_robot_serial__rosidl_typesupport_fastrtps_c
[0.067s] [ 60%] Built target delta_robot_serial__rosidl_typesupport_introspection_c
[0.067s] [ 67%] Built target delta_robot_serial__rosidl_typesupport_introspection_cpp
[0.068s] [ 74%] Built target delta_robot_serial__rosidl_typesupport_fastrtps_cpp
[0.081s] [ 74%] Built target delta_robot_serial
[0.084s] [ 78%] Built target ikin_server
[0.089s] [ 80%] [32mBuilding CXX object CMakeFiles/trajPlan_actionServer.dir/src/trajPlan_actionServer.cpp.o[0m
[0.097s] [ 81%] Built target delta_robot_serial__py
[0.112s] [ 87%] Built target delta_robot_serial__rosidl_generator_py
[0.128s] [ 98%] Built target delta_robot_serial_s__rosidl_typesupport_c
[0.128s] [ 98%] Built target delta_robot_serial_s__rosidl_typesupport_introspection_c
[0.128s] [ 98%] Built target delta_robot_serial_s__rosidl_typesupport_fastrtps_c
[0.221s] running egg_info
[0.237s] writing delta_robot_serial.egg-info/PKG-INFO
[0.237s] writing dependency_links to delta_robot_serial.egg-info/dependency_links.txt
[0.237s] writing top-level names to delta_robot_serial.egg-info/top_level.txt
[0.285s] reading manifest file 'delta_robot_serial.egg-info/SOURCES.txt'
[0.285s] writing manifest file 'delta_robot_serial.egg-info/SOURCES.txt'
[0.306s] [ 98%] Built target ament_cmake_python_build_delta_robot_serial_egg
[1.685s] [01m[K/home/flug/Documents/colcon_ws/src/delta_robot_serial/src/trajPlan_actionServer.cpp:184:14:[m[K [01;31m[Kerror: [m[K‘[01m[Kvoid TrajectoryPlanServer::[01;32m[KjointCB[m[K(const sensor_msgs::msg::JointState&)[m[K’ cannot be overloaded with ‘[01m[Kvoid TrajectoryPlanServer::[01;32m[KjointCB[m[K(const sensor_msgs::msg::JointState&)[m[K’
[1.685s]   184 |         void [01;31m[KjointCB[m[K(const sensor_msgs::msg::JointState &msg ) {
[1.685s]       |              [01;31m[K^~~~~~~[m[K
[1.685s] [01m[K/home/flug/Documents/colcon_ws/src/delta_robot_serial/src/trajPlan_actionServer.cpp:74:14:[m[K [01;36m[Knote: [m[Kprevious declaration ‘[01m[Kvoid TrajectoryPlanServer::[01;32m[KjointCB[m[K(const sensor_msgs::msg::JointState&)[m[K’
[1.685s]    74 |         void [01;36m[KjointCB[m[K(const sensor_msgs::msg::JointState &msg) {
[1.685s]       |              [01;36m[K^~~~~~~[m[K
[3.414s] gmake[2]: *** [CMakeFiles/trajPlan_actionServer.dir/build.make:76: CMakeFiles/trajPlan_actionServer.dir/src/trajPlan_actionServer.cpp.o] Error 1
[3.414s] gmake[1]: *** [CMakeFiles/Makefile2:732: CMakeFiles/trajPlan_actionServer.dir/all] Error 2
[3.415s] gmake: *** [Makefile:146: all] Error 2
[3.416s] Invoked command in '/home/flug/Documents/colcon_ws/build/delta_robot_serial' returned '2': CMAKE_PREFIX_PATH=/home/flug/Documents/colcon_ws/install/serial:/home/flug/Documents/colcon_ws/install/delta_robot_serial:/home/flug/Documents/colcon_ws/install/delta_robot_description:/opt/ros/jazzy/opt/gz_math_vendor:/opt/ros/jazzy/opt/gz_utils_vendor:/opt/ros/jazzy/opt/gz_cmake_vendor:/opt/ros/jazzy DEBUGINFOD_URLS=https://debuginfod.ubuntu.com LD_LIBRARY_PATH=/home/flug/Documents/colcon_ws/install/serial/lib:/home/flug/Documents/colcon_ws/install/delta_robot_serial/lib:/opt/ros/jazzy/opt/rviz_ogre_vendor/lib:/opt/ros/jazzy/lib/x86_64-linux-gnu:/opt/ros/jazzy/opt/gz_math_vendor/lib:/opt/ros/jazzy/opt/gz_utils_vendor/lib:/opt/ros/jazzy/opt/gz_cmake_vendor/lib:/opt/ros/jazzy/lib /usr/bin/cmake --build /home/flug/Documents/colcon_ws/build/delta_robot_serial -- -j16 -l16
