[0.006s] Invoking command in '/home/flug/Documents/colcon_ws/build/delta_robot_serial': AMENT_PREFIX_PATH=/home/flug/Documents/colcon_ws/install/serial:${AMENT_PREFIX_PATH} CMAKE_PREFIX_PATH=/home/flug/Documents/colcon_ws/install/serial:/opt/ros/jazzy/opt/gz_math_vendor:/opt/ros/jazzy/opt/gz_utils_vendor:/opt/ros/jazzy/opt/gz_cmake_vendor:/opt/ros/jazzy DEBUGINFOD_URLS=https://debuginfod.ubuntu.com LD_LIBRARY_PATH=/home/flug/Documents/colcon_ws/install/serial/lib:${LD_LIBRARY_PATH} /usr/bin/cmake --build /home/flug/Documents/colcon_ws/build/delta_robot_serial -- -j16 -l16
[0.022s] -- Found ament_cmake: 2.5.6 (/opt/ros/jazzy/share/ament_cmake/cmake)
[0.167s] -- Found rclcpp: 28.1.21 (/opt/ros/jazzy/share/rclcpp/cmake)
[0.185s] -- Found rosidl_generator_c: 4.6.9 (/opt/ros/jazzy/share/rosidl_generator_c/cmake)
[0.191s] -- Found rosidl_generator_cpp: 4.6.9 (/opt/ros/jazzy/share/rosidl_generator_cpp/cmake)
[0.199s] -- Using all available rosidl_typesupport_c: rosidl_typesupport_fastrtps_c;rosidl_typesupport_introspection_c
[0.208s] -- Using all available rosidl_typesupport_cpp: rosidl_typesupport_fastrtps_cpp;rosidl_typesupport_introspection_cpp
[0.251s] -- Found rmw_implementation_cmake: 7.3.3 (/opt/ros/jazzy/share/rmw_implementation_cmake/cmake)
[0.252s] -- Found rmw_fastrtps_cpp: 8.4.4 (/opt/ros/jazzy/share/rmw_fastrtps_cpp/cmake)
[0.295s] -- Using RMW implementation 'rmw_fastrtps_cpp' as default
[0.345s] -- Found serial: 1.2.1 (/home/flug/Documents/colcon_ws/install/serial/share/serial/cmake)
[0.346s] -- Found sensor_msgs: 5.3.8 (/opt/ros/jazzy/share/sensor_msgs/cmake)
[0.387s] -- Found rosidl_default_generators: 1.6.1 (/opt/ros/jazzy/share/rosidl_default_generators/cmake)
[0.394s] -- Found rosidl_adapter: 4.6.9 (/opt/ros/jazzy/share/rosidl_adapter/cmake)
[0.798s] -- Found ament_cmake_ros: 0.12.1 (/opt/ros/jazzy/share/ament_cmake_ros/cmake)
[1.305s] -- Using all available rosidl_typesupport_c: rosidl_typesupport_fastrtps_c;rosidl_typesupport_introspection_c
[1.500s] -- Using all available rosidl_typesupport_cpp: rosidl_typesupport_fastrtps_cpp;rosidl_typesupport_introspection_cpp
[1.503s] -- Found python_cmake_module: 0.11.1 (/opt/ros/jazzy/share/python_cmake_module/cmake)
[1.589s] -- Found PythonExtra: /usr/bin/python3  
[1.919s] -- Found Python3: /usr/bin/python3 (found version "3.12.3") found components: Interpreter Development NumPy Development.Module Development.Embed 
[1.985s] -- Found Python3: /usr/bin/python3 (found version "3.12.3") found components: Interpreter 
[1.997s] -- Configuring done (2.0s)
[2.037s] -- Generating done (0.0s)
[2.049s] -- Build files have been written to: /home/flug/Documents/colcon_ws/build/delta_robot_serial
[2.074s] [  2%] [34m[1mGenerating type hashes for ROS interfaces[0m
[2.074s] [  4%] [34m[1mGenerating Rust code for ROS interfaces[0m
[2.080s] [  4%] Built target ament_cmake_python_copy_delta_robot_serial
[2.090s] [  9%] [32mBuilding CXX object CMakeFiles/pseudo_arduino.dir/src/pseudo_arduino.cpp.o[0m
[2.090s] [  9%] [32mBuilding CXX object CMakeFiles/delta_joint_pub.dir/src/delta_joint_pub.cpp.o[0m
[2.234s] [  9%] Built target delta_robot_serial__rosidl_generator_type_description
[2.242s] [ 12%] [34m[1mGenerating C code for ROS interfaces[0m
[2.250s] [ 14%] [34m[1mGenerating C++ code for ROS interfaces[0m
[2.257s] [ 14%] Built target delta_robot_serial__rs
[2.266s] running egg_info
[2.267s] creating delta_robot_serial.egg-info
[2.282s] writing delta_robot_serial.egg-info/PKG-INFO
[2.282s] writing dependency_links to delta_robot_serial.egg-info/dependency_links.txt
[2.283s] writing top-level names to delta_robot_serial.egg-info/top_level.txt
[2.283s] writing manifest file 'delta_robot_serial.egg-info/SOURCES.txt'
[2.327s] reading manifest file 'delta_robot_serial.egg-info/SOURCES.txt'
[2.327s] writing manifest file 'delta_robot_serial.egg-info/SOURCES.txt'
[2.346s] [ 14%] Built target ament_cmake_python_build_delta_robot_serial_egg
[2.462s] [ 14%] Built target delta_robot_serial__cpp
[2.475s] [ 21%] [32mBuilding C object CMakeFiles/delta_robot_serial__rosidl_generator_c.dir/rosidl_generator_c/delta_robot_serial/srv/detail/ikin__description.c.o[0m
[2.475s] [ 21%] [32mBuilding C object CMakeFiles/delta_robot_serial__rosidl_generator_c.dir/rosidl_generator_c/delta_robot_serial/srv/detail/ikin__type_support.c.o[0m
[2.475s] [ 21%] [32mBuilding C object CMakeFiles/delta_robot_serial__rosidl_generator_c.dir/rosidl_generator_c/delta_robot_serial/srv/detail/ikin__functions.c.o[0m
[2.544s] [ 24%] [32m[1mLinking C shared library libdelta_robot_serial__rosidl_generator_c.so[0m
[2.577s] [ 24%] Built target delta_robot_serial__rosidl_generator_c
[2.584s] [ 34%] [34m[1mGenerating C introspection for ROS interfaces[0m
[2.584s] [ 34%] [34m[1mGenerating C type support for eProsima Fast-RTPS[0m
[2.585s] [ 34%] [34m[1mGenerating C++ type support dispatch for ROS interfaces[0m
[2.585s] [ 34%] [34m[1mGenerating C type support dispatch for ROS interfaces[0m
[2.585s] [ 36%] [34m[1mGenerating C++ type support for eProsima Fast-RTPS[0m
[2.586s] [ 39%] [34m[1mGenerating C++ introspection for ROS interfaces[0m
[2.789s] [ 43%] [32mBuilding CXX object CMakeFiles/delta_robot_serial__rosidl_typesupport_cpp.dir/rosidl_typesupport_cpp/delta_robot_serial/srv/ikin__type_support.cpp.o[0m
[2.789s] [ 43%] [32mBuilding CXX object CMakeFiles/delta_robot_serial__rosidl_typesupport_c.dir/rosidl_typesupport_c/delta_robot_serial/srv/ikin__type_support.cpp.o[0m
[2.809s] [ 46%] [32mBuilding CXX object CMakeFiles/delta_robot_serial__rosidl_typesupport_introspection_cpp.dir/rosidl_typesupport_introspection_cpp/delta_robot_serial/srv/detail/ikin__type_support.cpp.o[0m
[2.840s] [ 48%] [32m[1mLinking CXX shared library libdelta_robot_serial__rosidl_typesupport_c.so[0m
[2.851s] [ 51%] [32mBuilding CXX object CMakeFiles/delta_robot_serial__rosidl_typesupport_fastrtps_c.dir/rosidl_typesupport_fastrtps_c/delta_robot_serial/srv/detail/ikin__type_support_c.cpp.o[0m
[2.867s] [ 53%] [32mBuilding C object CMakeFiles/delta_robot_serial__rosidl_typesupport_introspection_c.dir/rosidl_typesupport_introspection_c/delta_robot_serial/srv/detail/ikin__type_support.c.o[0m
[2.873s] [ 53%] Built target delta_robot_serial__rosidl_typesupport_c
[2.895s] [ 56%] [32mBuilding CXX object CMakeFiles/delta_robot_serial__rosidl_typesupport_fastrtps_cpp.dir/rosidl_typesupport_fastrtps_cpp/delta_robot_serial/srv/detail/dds_fastrtps/ikin__type_support.cpp.o[0m
[2.906s] [ 58%] [32m[1mLinking C shared library libdelta_robot_serial__rosidl_typesupport_introspection_c.so[0m
[2.933s] [ 58%] Built target delta_robot_serial__rosidl_typesupport_introspection_c
[3.095s] [ 60%] [32m[1mLinking CXX shared library libdelta_robot_serial__rosidl_typesupport_cpp.so[0m
[3.131s] [ 63%] [32m[1mLinking CXX shared library libdelta_robot_serial__rosidl_typesupport_introspection_cpp.so[0m
[3.153s] [ 63%] Built target delta_robot_serial__rosidl_typesupport_cpp
[3.171s] [ 65%] [32mBuilding CXX object CMakeFiles/ikin_server.dir/src/ikin_server.cpp.o[0m
[3.197s] [ 65%] Built target delta_robot_serial__rosidl_typesupport_introspection_cpp
[3.240s] [ 68%] [32m[1mLinking CXX shared library libdelta_robot_serial__rosidl_typesupport_fastrtps_c.so[0m
[3.276s] [ 68%] Built target delta_robot_serial__rosidl_typesupport_fastrtps_c
[3.354s] [ 70%] [32m[1mLinking CXX shared library libdelta_robot_serial__rosidl_typesupport_fastrtps_cpp.so[0m
[3.405s] [ 70%] Built target delta_robot_serial__rosidl_typesupport_fastrtps_cpp
[3.418s] [ 70%] Built target delta_robot_serial
[3.432s] [ 73%] [34m[1mGenerating Python code for ROS interfaces[0m
[3.706s] [ 73%] Built target delta_robot_serial__py
[3.719s] [ 75%] [32mBuilding C object CMakeFiles/delta_robot_serial__rosidl_generator_py.dir/rosidl_generator_py/delta_robot_serial/srv/_ikin_s.c.o[0m
[3.835s] [ 78%] [32m[1mLinking C shared library libdelta_robot_serial__rosidl_generator_py.so[0m
[3.867s] [ 78%] Built target delta_robot_serial__rosidl_generator_py
[3.880s] [ 85%] [32mBuilding C object CMakeFiles/delta_robot_serial_s__rosidl_typesupport_fastrtps_c.dir/rosidl_generator_py/delta_robot_serial/_delta_robot_serial_s.ep.rosidl_typesupport_fastrtps_c.c.o[0m
[3.880s] [ 85%] [32mBuilding C object CMakeFiles/delta_robot_serial_s__rosidl_typesupport_introspection_c.dir/rosidl_generator_py/delta_robot_serial/_delta_robot_serial_s.ep.rosidl_typesupport_introspection_c.c.o[0m
[3.881s] [ 85%] [32mBuilding C object CMakeFiles/delta_robot_serial_s__rosidl_typesupport_c.dir/rosidl_generator_py/delta_robot_serial/_delta_robot_serial_s.ep.rosidl_typesupport_c.c.o[0m
[3.954s] [ 87%] [32m[1mLinking C shared module rosidl_generator_py/delta_robot_serial/delta_robot_serial_s__rosidl_typesupport_c.so[0m
[3.955s] [ 90%] [32m[1mLinking C shared module rosidl_generator_py/delta_robot_serial/delta_robot_serial_s__rosidl_typesupport_introspection_c.so[0m
[3.955s] [ 92%] [32m[1mLinking C shared module rosidl_generator_py/delta_robot_serial/delta_robot_serial_s__rosidl_typesupport_fastrtps_c.so[0m
[3.976s] [ 92%] Built target delta_robot_serial_s__rosidl_typesupport_c
[3.976s] [ 92%] Built target delta_robot_serial_s__rosidl_typesupport_introspection_c
[3.976s] [ 92%] Built target delta_robot_serial_s__rosidl_typesupport_fastrtps_c
[4.564s] [ 95%] [32m[1mLinking CXX executable pseudo_arduino[0m
[4.669s] [ 95%] Built target pseudo_arduino
[4.766s] [01m[K/home/flug/Documents/colcon_ws/src/delta_robot_serial/src/ikin_server.cpp:[m[K In function ‘[01m[Kvoid[01;32m[K callback[m[K(const std::shared_ptr<delta_robot_serial::srv::Ikin_Request_<std::allocator<void> > >&, const std::shared_ptr<delta_robot_serial::srv::Ikin_Response_<std::allocator<void> > >&)[m[K’:
[4.766s] [01m[K/home/flug/Documents/colcon_ws/src/delta_robot_serial/src/ikin_server.cpp:68:18:[m[K [01;31m[Kerror: [m[Kcannot convert ‘[01m[Kdouble*[m[K’ to ‘[01m[Kdouble[m[K’
[4.767s]    68 |     sendToSerial([01;31m[Kphi_1[m[K, phi_2, phi_3);
[4.767s]       |                  [01;31m[K^~~~~[m[K
[4.767s]       |                  [01;31m[K|[m[K
[4.767s]       |                  [01;31m[Kdouble*[m[K
[4.767s] [01m[K/home/flug/Documents/colcon_ws/src/delta_robot_serial/src/ikin_server.cpp:39:26:[m[K [01;36m[Knote: [m[K  initializing argument 1 of ‘[01m[Kvoid[01;32m[K sendToSerial[m[K(double, double, double)[m[K’
[4.767s]    39 | void sendToSerial([01;36m[Kdouble mot1[m[K, double mot2, double mot3) {
[4.767s]       |                   [01;36m[K~~~~~~~^~~~[m[K
[5.648s] gmake[2]: *** [CMakeFiles/ikin_server.dir/build.make:76: CMakeFiles/ikin_server.dir/src/ikin_server.cpp.o] Error 1
[5.648s] gmake[1]: *** [CMakeFiles/Makefile2:700: CMakeFiles/ikin_server.dir/all] Error 2
[5.648s] gmake[1]: *** Waiting for unfinished jobs....
[7.361s] [ 97%] [32m[1mLinking CXX executable delta_joint_pub[0m
[7.507s] [ 97%] Built target delta_joint_pub
[7.507s] gmake: *** [Makefile:146: all] Error 2
[7.509s] Invoked command in '/home/flug/Documents/colcon_ws/build/delta_robot_serial' returned '2': AMENT_PREFIX_PATH=/home/flug/Documents/colcon_ws/install/serial:${AMENT_PREFIX_PATH} CMAKE_PREFIX_PATH=/home/flug/Documents/colcon_ws/install/serial:/opt/ros/jazzy/opt/gz_math_vendor:/opt/ros/jazzy/opt/gz_utils_vendor:/opt/ros/jazzy/opt/gz_cmake_vendor:/opt/ros/jazzy DEBUGINFOD_URLS=https://debuginfod.ubuntu.com LD_LIBRARY_PATH=/home/flug/Documents/colcon_ws/install/serial/lib:${LD_LIBRARY_PATH} /usr/bin/cmake --build /home/flug/Documents/colcon_ws/build/delta_robot_serial -- -j16 -l16
