[0.011s] Invoking command in '/home/flug/Documents/colcon_ws/build/delta_robot_serial': CMAKE_PREFIX_PATH=${CMAKE_PREFIX_PATH}:/opt/ros/jazzy DEBUGINFOD_URLS=https://debuginfod.ubuntu.com /usr/bin/cmake /home/flug/Documents/colcon_ws/src/delta_robot_serial -DCMAKE_INSTALL_PREFIX=/home/flug/Documents/colcon_ws/install/delta_robot_serial
[0.142s] -- The C compiler identification is GNU 13.3.0
[0.229s] -- The CXX compiler identification is GNU 13.3.0
[0.245s] -- Detecting C compiler ABI info
[0.316s] -- Detecting C compiler ABI info - done
[0.324s] -- Check for working C compiler: /usr/bin/cc - skipped
[0.324s] -- Detecting C compile features
[0.325s] -- Detecting C compile features - done
[0.334s] -- Detecting CXX compiler ABI info
[0.407s] -- Detecting CXX compiler ABI info - done
[0.414s] -- Check for working CXX compiler: /usr/bin/c++ - skipped
[0.414s] -- Detecting CXX compile features
[0.415s] -- Detecting CXX compile features - done
[0.417s] -- Found ament_cmake: 2.5.6 (/opt/ros/jazzy/share/ament_cmake/cmake)
[0.518s] -- Found Python3: /usr/bin/python3 (found version "3.12.3") found components: Interpreter 
[0.600s] -- Found rclcpp: 28.1.21 (/opt/ros/jazzy/share/rclcpp/cmake)
[0.637s] -- Found rosidl_generator_c: 4.6.9 (/opt/ros/jazzy/share/rosidl_generator_c/cmake)
[0.647s] -- Found rosidl_generator_cpp: 4.6.9 (/opt/ros/jazzy/share/rosidl_generator_cpp/cmake)
[0.660s] -- Using all available rosidl_typesupport_c: rosidl_typesupport_fastrtps_c;rosidl_typesupport_introspection_c
[0.673s] -- Using all available rosidl_typesupport_cpp: rosidl_typesupport_fastrtps_cpp;rosidl_typesupport_introspection_cpp
[0.734s] -- Found rmw_implementation_cmake: 7.3.3 (/opt/ros/jazzy/share/rmw_implementation_cmake/cmake)
[0.737s] -- Found rmw_fastrtps_cpp: 8.4.4 (/opt/ros/jazzy/share/rmw_fastrtps_cpp/cmake)
[0.798s] -- Found OpenSSL: /usr/lib/x86_64-linux-gnu/libcrypto.so (found version "3.0.13")  
[0.813s] -- Found FastRTPS: /opt/ros/jazzy/include (Required is at least version "2.13") 
[0.829s] -- Using RMW implementation 'rmw_fastrtps_cpp' as default
[0.897s] [31mCMake Error at CMakeLists.txt:11 (find_package):
[0.897s]   By not providing "Findserial.cmake" in CMAKE_MODULE_PATH this project has
[0.897s]   asked CMake to find a package configuration file provided by "serial", but
[0.897s]   CMake did not find one.
[0.897s] 
[0.897s]   Could not find a package configuration file provided by "serial" with any
[0.897s]   of the following names:
[0.897s] 
[0.897s]     serialConfig.cmake
[0.898s]     serial-config.cmake
[0.898s] 
[0.898s]   Add the installation prefix of "serial" to CMAKE_PREFIX_PATH or set
[0.898s]   "serial_DIR" to a directory containing one of the above files.  If "serial"
[0.898s]   provides a separate development package or SDK, be sure it has been
[0.898s]   installed.
[0.898s] 
[0.898s] [0m
[0.898s] -- Configuring incomplete, errors occurred!
[0.903s] Invoked command in '/home/flug/Documents/colcon_ws/build/delta_robot_serial' returned '1': CMAKE_PREFIX_PATH=${CMAKE_PREFIX_PATH}:/opt/ros/jazzy DEBUGINFOD_URLS=https://debuginfod.ubuntu.com /usr/bin/cmake /home/flug/Documents/colcon_ws/src/delta_robot_serial -DCMAKE_INSTALL_PREFIX=/home/flug/Documents/colcon_ws/install/delta_robot_serial
