[0.071s] DEBUG:colcon:Command line arguments: ['/usr/bin/colcon', 'build', '--packages-select', 'delta_robot_serial']
[0.071s] DEBUG:colcon:Parsed command line arguments: Namespace(log_base=None, log_level=None, verb_name='build', build_base='build', install_base='install', merge_install=False, symlink_install=False, test_result_base=None, continue_on_error=False, executor='parallel', parallel_workers=16, event_handlers=None, ignore_user_meta=False, metas=['./colcon.meta'], base_paths=['.'], packages_ignore=None, packages_ignore_regex=None, paths=None, packages_up_to=None, packages_up_to_regex=None, packages_above=None, packages_above_and_dependencies=None, packages_above_depth=None, packages_select_by_dep=None, packages_skip_by_dep=None, packages_skip_up_to=None, packages_select_build_failed=False, packages_skip_build_finished=False, packages_select_test_failures=False, packages_skip_test_passed=False, packages_select=['delta_robot_serial'], packages_skip=None, packages_select_regex=None, packages_skip_regex=None, packages_start=None, packages_end=None, allow_overriding=[], cmake_args=None, cmake_target=None, cmake_target_skip_unavailable=False, cmake_clean_cache=False, cmake_clean_first=False, cmake_force_configure=False, ament_cmake_args=None, catkin_cmake_args=None, catkin_skip_building_tests=False, mixin_files=None, mixin=None, verb_parser=<colcon_mixin.mixin.mixin_argument.MixinArgumentDecorator object at 0x736603b762a0>, verb_extension=<colcon_core.verb.build.BuildVerb object at 0x736603cc69f0>, main=<bound method BuildVerb.main of <colcon_core.verb.build.BuildVerb object at 0x736603cc69f0>>, mixin_verb=('build',))
[0.098s] Level 1:colcon.colcon_core.package_discovery:discover_packages(colcon_meta) check parameters
[0.098s] Level 1:colcon.colcon_core.package_discovery:discover_packages(recursive) check parameters
[0.098s] Level 1:colcon.colcon_core.package_discovery:discover_packages(ignore) check parameters
[0.098s] Level 1:colcon.colcon_core.package_discovery:discover_packages(path) check parameters
[0.098s] Level 1:colcon.colcon_core.package_discovery:discover_packages(colcon_meta) discover
[0.098s] Level 1:colcon.colcon_core.package_discovery:discover_packages(recursive) discover
[0.098s] INFO:colcon.colcon_core.package_discovery:Crawling recursively for packages in '/home/flug/Documents/colcon_ws'
[0.098s] Level 1:colcon.colcon_core.package_identification:_identify(.) by extensions ['ignore', 'ignore_ament_install']
[0.098s] Level 1:colcon.colcon_core.package_identification:_identify(.) by extension 'ignore'
[0.098s] Level 1:colcon.colcon_core.package_identification:_identify(.) by extension 'ignore_ament_install'
[0.098s] Level 1:colcon.colcon_core.package_identification:_identify(.) by extensions ['colcon_pkg']
[0.098s] Level 1:colcon.colcon_core.package_identification:_identify(.) by extension 'colcon_pkg'
[0.098s] Level 1:colcon.colcon_core.package_identification:_identify(.) by extensions ['colcon_meta']
[0.098s] Level 1:colcon.colcon_core.package_identification:_identify(.) by extension 'colcon_meta'
[0.098s] Level 1:colcon.colcon_core.package_identification:_identify(.) by extensions ['ros']
[0.098s] Level 1:colcon.colcon_core.package_identification:_identify(.) by extension 'ros'
[0.116s] Level 1:colcon.colcon_core.package_identification:_identify(.) by extensions ['cmake', 'python']
[0.116s] Level 1:colcon.colcon_core.package_identification:_identify(.) by extension 'cmake'
[0.116s] Level 1:colcon.colcon_core.package_identification:_identify(.) by extension 'python'
[0.116s] Level 1:colcon.colcon_core.package_identification:_identify(.) by extensions ['python_setup_py']
[0.116s] Level 1:colcon.colcon_core.package_identification:_identify(.) by extension 'python_setup_py'
[0.116s] Level 1:colcon.colcon_core.package_identification:_identify(build) by extensions ['ignore', 'ignore_ament_install']
[0.116s] Level 1:colcon.colcon_core.package_identification:_identify(build) by extension 'ignore'
[0.116s] Level 1:colcon.colcon_core.package_identification:_identify(build) ignored
[0.116s] Level 1:colcon.colcon_core.package_identification:_identify(install) by extensions ['ignore', 'ignore_ament_install']
[0.116s] Level 1:colcon.colcon_core.package_identification:_identify(install) by extension 'ignore'
[0.116s] Level 1:colcon.colcon_core.package_identification:_identify(install) ignored
[0.117s] Level 1:colcon.colcon_core.package_identification:_identify(log) by extensions ['ignore', 'ignore_ament_install']
[0.117s] Level 1:colcon.colcon_core.package_identification:_identify(log) by extension 'ignore'
[0.117s] Level 1:colcon.colcon_core.package_identification:_identify(log) ignored
[0.117s] Level 1:colcon.colcon_core.package_identification:_identify(src) by extensions ['ignore', 'ignore_ament_install']
[0.117s] Level 1:colcon.colcon_core.package_identification:_identify(src) by extension 'ignore'
[0.117s] Level 1:colcon.colcon_core.package_identification:_identify(src) by extension 'ignore_ament_install'
[0.117s] Level 1:colcon.colcon_core.package_identification:_identify(src) by extensions ['colcon_pkg']
[0.117s] Level 1:colcon.colcon_core.package_identification:_identify(src) by extension 'colcon_pkg'
[0.117s] Level 1:colcon.colcon_core.package_identification:_identify(src) by extensions ['colcon_meta']
[0.117s] Level 1:colcon.colcon_core.package_identification:_identify(src) by extension 'colcon_meta'
[0.117s] Level 1:colcon.colcon_core.package_identification:_identify(src) by extensions ['ros']
[0.117s] Level 1:colcon.colcon_core.package_identification:_identify(src) by extension 'ros'
[0.117s] Level 1:colcon.colcon_core.package_identification:_identify(src) by extensions ['cmake', 'python']
[0.117s] Level 1:colcon.colcon_core.package_identification:_identify(src) by extension 'cmake'
[0.117s] Level 1:colcon.colcon_core.package_identification:_identify(src) by extension 'python'
[0.117s] Level 1:colcon.colcon_core.package_identification:_identify(src) by extensions ['python_setup_py']
[0.117s] Level 1:colcon.colcon_core.package_identification:_identify(src) by extension 'python_setup_py'
[0.117s] Level 1:colcon.colcon_core.package_identification:_identify(src/delta_robot_description) by extensions ['ignore', 'ignore_ament_install']
[0.117s] Level 1:colcon.colcon_core.package_identification:_identify(src/delta_robot_description) by extension 'ignore'
[0.117s] Level 1:colcon.colcon_core.package_identification:_identify(src/delta_robot_description) by extension 'ignore_ament_install'
[0.117s] Level 1:colcon.colcon_core.package_identification:_identify(src/delta_robot_description) by extensions ['colcon_pkg']
[0.117s] Level 1:colcon.colcon_core.package_identification:_identify(src/delta_robot_description) by extension 'colcon_pkg'
[0.117s] Level 1:colcon.colcon_core.package_identification:_identify(src/delta_robot_description) by extensions ['colcon_meta']
[0.117s] Level 1:colcon.colcon_core.package_identification:_identify(src/delta_robot_description) by extension 'colcon_meta'
[0.117s] Level 1:colcon.colcon_core.package_identification:_identify(src/delta_robot_description) by extensions ['ros']
[0.118s] Level 1:colcon.colcon_core.package_identification:_identify(src/delta_robot_description) by extension 'ros'
[0.119s] DEBUG:colcon.colcon_core.package_identification:Package 'src/delta_robot_description' with type 'ros.ament_cmake' and name 'delta_robot_description'
[0.119s] Level 1:colcon.colcon_core.package_identification:_identify(src/delta_robot_serial) by extensions ['ignore', 'ignore_ament_install']
[0.119s] Level 1:colcon.colcon_core.package_identification:_identify(src/delta_robot_serial) by extension 'ignore'
[0.119s] Level 1:colcon.colcon_core.package_identification:_identify(src/delta_robot_serial) by extension 'ignore_ament_install'
[0.120s] Level 1:colcon.colcon_core.package_identification:_identify(src/delta_robot_serial) by extensions ['colcon_pkg']
[0.120s] Level 1:colcon.colcon_core.package_identification:_identify(src/delta_robot_serial) by extension 'colcon_pkg'
[0.120s] Level 1:colcon.colcon_core.package_identification:_identify(src/delta_robot_serial) by extensions ['colcon_meta']
[0.120s] Level 1:colcon.colcon_core.package_identification:_identify(src/delta_robot_serial) by extension 'colcon_meta'
[0.120s] Level 1:colcon.colcon_core.package_identification:_identify(src/delta_robot_serial) by extensions ['ros']
[0.120s] Level 1:colcon.colcon_core.package_identification:_identify(src/delta_robot_serial) by extension 'ros'
[0.120s] DEBUG:colcon.colcon_core.package_identification:Package 'src/delta_robot_serial' with type 'ros.ament_cmake' and name 'delta_robot_serial'
[0.120s] Level 1:colcon.colcon_core.package_identification:_identify(src/serial) by extensions ['ignore', 'ignore_ament_install']
[0.120s] Level 1:colcon.colcon_core.package_identification:_identify(src/serial) by extension 'ignore'
[0.120s] Level 1:colcon.colcon_core.package_identification:_identify(src/serial) by extension 'ignore_ament_install'
[0.121s] Level 1:colcon.colcon_core.package_identification:_identify(src/serial) by extensions ['colcon_pkg']
[0.121s] Level 1:colcon.colcon_core.package_identification:_identify(src/serial) by extension 'colcon_pkg'
[0.121s] Level 1:colcon.colcon_core.package_identification:_identify(src/serial) by extensions ['colcon_meta']
[0.121s] Level 1:colcon.colcon_core.package_identification:_identify(src/serial) by extension 'colcon_meta'
[0.121s] Level 1:colcon.colcon_core.package_identification:_identify(src/serial) by extensions ['ros']
[0.121s] Level 1:colcon.colcon_core.package_identification:_identify(src/serial) by extension 'ros'
[0.121s] DEBUG:colcon.colcon_core.package_identification:Package 'src/serial' with type 'ros.ament_cmake' and name 'serial'
[0.121s] Level 1:colcon.colcon_core.package_discovery:discover_packages(recursive) using defaults
[0.121s] Level 1:colcon.colcon_core.package_discovery:discover_packages(ignore) discover
[0.121s] Level 1:colcon.colcon_core.package_discovery:discover_packages(ignore) using defaults
[0.121s] Level 1:colcon.colcon_core.package_discovery:discover_packages(path) discover
[0.121s] Level 1:colcon.colcon_core.package_discovery:discover_packages(path) using defaults
[0.134s] INFO:colcon.colcon_core.package_selection:Skipping not selected package 'delta_robot_description' in 'src/delta_robot_description'
[0.134s] INFO:colcon.colcon_core.package_selection:Skipping not selected package 'serial' in 'src/serial'
[0.134s] Level 1:colcon.colcon_core.package_discovery:discover_packages(prefix_path) check parameters
[0.134s] Level 1:colcon.colcon_core.package_discovery:discover_packages(prefix_path) discover
[0.136s] DEBUG:colcon.colcon_installed_package_information.package_discovery:Found 290 installed packages in /opt/ros/jazzy
[0.137s] Level 1:colcon.colcon_core.package_discovery:discover_packages(prefix_path) using defaults
[0.165s] Level 5:colcon.colcon_core.verb:set package 'delta_robot_serial' build argument 'cmake_args' from command line to 'None'
[0.166s] Level 5:colcon.colcon_core.verb:set package 'delta_robot_serial' build argument 'cmake_target' from command line to 'None'
[0.166s] Level 5:colcon.colcon_core.verb:set package 'delta_robot_serial' build argument 'cmake_target_skip_unavailable' from command line to 'False'
[0.166s] Level 5:colcon.colcon_core.verb:set package 'delta_robot_serial' build argument 'cmake_clean_cache' from command line to 'False'
[0.166s] Level 5:colcon.colcon_core.verb:set package 'delta_robot_serial' build argument 'cmake_clean_first' from command line to 'False'
[0.166s] Level 5:colcon.colcon_core.verb:set package 'delta_robot_serial' build argument 'cmake_force_configure' from command line to 'False'
[0.166s] Level 5:colcon.colcon_core.verb:set package 'delta_robot_serial' build argument 'ament_cmake_args' from command line to 'None'
[0.166s] Level 5:colcon.colcon_core.verb:set package 'delta_robot_serial' build argument 'catkin_cmake_args' from command line to 'None'
[0.166s] Level 5:colcon.colcon_core.verb:set package 'delta_robot_serial' build argument 'catkin_skip_building_tests' from command line to 'False'
[0.166s] DEBUG:colcon.colcon_core.verb:Building package 'delta_robot_serial' with the following arguments: {'ament_cmake_args': None, 'build_base': '/home/flug/Documents/colcon_ws/build/delta_robot_serial', 'catkin_cmake_args': None, 'catkin_skip_building_tests': False, 'cmake_args': None, 'cmake_clean_cache': False, 'cmake_clean_first': False, 'cmake_force_configure': False, 'cmake_target': None, 'cmake_target_skip_unavailable': False, 'install_base': '/home/flug/Documents/colcon_ws/install/delta_robot_serial', 'merge_install': False, 'path': '/home/flug/Documents/colcon_ws/src/delta_robot_serial', 'symlink_install': False, 'test_result_base': None}
[0.166s] INFO:colcon.colcon_core.executor:Executing jobs using 'parallel' executor
[0.166s] DEBUG:colcon.colcon_parallel_executor.executor.parallel:run_until_complete
[0.167s] INFO:colcon.colcon_ros.task.ament_cmake.build:Building ROS package in '/home/flug/Documents/colcon_ws/src/delta_robot_serial' with build type 'ament_cmake'
[0.167s] INFO:colcon.colcon_cmake.task.cmake.build:Building CMake package in '/home/flug/Documents/colcon_ws/src/delta_robot_serial'
[0.168s] INFO:colcon.colcon_core.plugin_system:Skipping extension 'colcon_core.shell.bat': Not used on non-Windows systems
[0.168s] INFO:colcon.colcon_core.shell:Skip shell extension 'powershell' for command environment: Not usable outside of PowerShell
[0.168s] DEBUG:colcon.colcon_core.shell:Skip shell extension 'dsv' for command environment
[0.176s] DEBUG:colcon.colcon_core.event_handler.log_command:Invoking command in '/home/flug/Documents/colcon_ws/build/delta_robot_serial': AMENT_PREFIX_PATH=/home/flug/Documents/colcon_ws/install/serial:${AMENT_PREFIX_PATH} CMAKE_PREFIX_PATH=/home/flug/Documents/colcon_ws/install/serial:/opt/ros/jazzy/opt/gz_math_vendor:/opt/ros/jazzy/opt/gz_utils_vendor:/opt/ros/jazzy/opt/gz_cmake_vendor:/opt/ros/jazzy DEBUGINFOD_URLS=https://debuginfod.ubuntu.com LD_LIBRARY_PATH=/home/flug/Documents/colcon_ws/install/serial/lib:${LD_LIBRARY_PATH} /usr/bin/cmake --build /home/flug/Documents/colcon_ws/build/delta_robot_serial -- -j16 -l16
[3.887s] DEBUG:colcon.colcon_core.event_handler.log_command:Invoked command in '/home/flug/Documents/colcon_ws/build/delta_robot_serial' returned '0': AMENT_PREFIX_PATH=/home/flug/Documents/colcon_ws/install/serial:${AMENT_PREFIX_PATH} CMAKE_PREFIX_PATH=/home/flug/Documents/colcon_ws/install/serial:/opt/ros/jazzy/opt/gz_math_vendor:/opt/ros/jazzy/opt/gz_utils_vendor:/opt/ros/jazzy/opt/gz_cmake_vendor:/opt/ros/jazzy DEBUGINFOD_URLS=https://debuginfod.ubuntu.com LD_LIBRARY_PATH=/home/flug/Documents/colcon_ws/install/serial/lib:${LD_LIBRARY_PATH} /usr/bin/cmake --build /home/flug/Documents/colcon_ws/build/delta_robot_serial -- -j16 -l16
[3.893s] DEBUG:colcon.colcon_core.event_handler.log_command:Invoking command in '/home/flug/Documents/colcon_ws/build/delta_robot_serial': AMENT_PREFIX_PATH=/home/flug/Documents/colcon_ws/install/serial:${AMENT_PREFIX_PATH} CMAKE_PREFIX_PATH=/home/flug/Documents/colcon_ws/install/serial:/opt/ros/jazzy/opt/gz_math_vendor:/opt/ros/jazzy/opt/gz_utils_vendor:/opt/ros/jazzy/opt/gz_cmake_vendor:/opt/ros/jazzy DEBUGINFOD_URLS=https://debuginfod.ubuntu.com LD_LIBRARY_PATH=/home/flug/Documents/colcon_ws/install/serial/lib:${LD_LIBRARY_PATH} /usr/bin/cmake --install /home/flug/Documents/colcon_ws/build/delta_robot_serial
[3.939s] Level 1:colcon.colcon_core.environment:create_environment_scripts_only(delta_robot_serial)
[3.939s] DEBUG:colcon.colcon_core.event_handler.log_command:Invoked command in '/home/flug/Documents/colcon_ws/build/delta_robot_serial' returned '0': AMENT_PREFIX_PATH=/home/flug/Documents/colcon_ws/install/serial:${AMENT_PREFIX_PATH} CMAKE_PREFIX_PATH=/home/flug/Documents/colcon_ws/install/serial:/opt/ros/jazzy/opt/gz_math_vendor:/opt/ros/jazzy/opt/gz_utils_vendor:/opt/ros/jazzy/opt/gz_cmake_vendor:/opt/ros/jazzy DEBUGINFOD_URLS=https://debuginfod.ubuntu.com LD_LIBRARY_PATH=/home/flug/Documents/colcon_ws/install/serial/lib:${LD_LIBRARY_PATH} /usr/bin/cmake --install /home/flug/Documents/colcon_ws/build/delta_robot_serial
[3.941s] Level 1:colcon.colcon_core.environment:checking '/home/flug/Documents/colcon_ws/install/delta_robot_serial' for CMake module files
[3.942s] Level 1:colcon.colcon_core.environment:checking '/home/flug/Documents/colcon_ws/install/delta_robot_serial' for CMake config files
[3.942s] Level 1:colcon.colcon_core.shell:create_environment_hook('delta_robot_serial', 'cmake_prefix_path')
[3.943s] INFO:colcon.colcon_core.shell:Creating environment hook '/home/flug/Documents/colcon_ws/install/delta_robot_serial/share/delta_robot_serial/hook/cmake_prefix_path.ps1'
[3.943s] INFO:colcon.colcon_core.shell:Creating environment descriptor '/home/flug/Documents/colcon_ws/install/delta_robot_serial/share/delta_robot_serial/hook/cmake_prefix_path.dsv'
[3.944s] INFO:colcon.colcon_core.shell:Creating environment hook '/home/flug/Documents/colcon_ws/install/delta_robot_serial/share/delta_robot_serial/hook/cmake_prefix_path.sh'
[3.945s] Level 1:colcon.colcon_core.environment:checking '/home/flug/Documents/colcon_ws/install/delta_robot_serial/lib'
[3.945s] Level 1:colcon.colcon_core.shell:create_environment_hook('delta_robot_serial', 'ld_library_path_lib')
[3.945s] INFO:colcon.colcon_core.shell:Creating environment hook '/home/flug/Documents/colcon_ws/install/delta_robot_serial/share/delta_robot_serial/hook/ld_library_path_lib.ps1'
[3.946s] INFO:colcon.colcon_core.shell:Creating environment descriptor '/home/flug/Documents/colcon_ws/install/delta_robot_serial/share/delta_robot_serial/hook/ld_library_path_lib.dsv'
[3.946s] INFO:colcon.colcon_core.shell:Creating environment hook '/home/flug/Documents/colcon_ws/install/delta_robot_serial/share/delta_robot_serial/hook/ld_library_path_lib.sh'
[3.946s] Level 1:colcon.colcon_core.environment:checking '/home/flug/Documents/colcon_ws/install/delta_robot_serial/bin'
[3.946s] Level 1:colcon.colcon_core.environment:checking '/home/flug/Documents/colcon_ws/install/delta_robot_serial/lib/pkgconfig/delta_robot_serial.pc'
[3.947s] Level 1:colcon.colcon_core.environment:checking '/home/flug/Documents/colcon_ws/install/delta_robot_serial/lib/python3.12/site-packages'
[3.947s] Level 1:colcon.colcon_core.shell:create_environment_hook('delta_robot_serial', 'pythonpath')
[3.947s] INFO:colcon.colcon_core.shell:Creating environment hook '/home/flug/Documents/colcon_ws/install/delta_robot_serial/share/delta_robot_serial/hook/pythonpath.ps1'
[3.947s] INFO:colcon.colcon_core.shell:Creating environment descriptor '/home/flug/Documents/colcon_ws/install/delta_robot_serial/share/delta_robot_serial/hook/pythonpath.dsv'
[3.947s] INFO:colcon.colcon_core.shell:Creating environment hook '/home/flug/Documents/colcon_ws/install/delta_robot_serial/share/delta_robot_serial/hook/pythonpath.sh'
[3.948s] Level 1:colcon.colcon_core.environment:checking '/home/flug/Documents/colcon_ws/install/delta_robot_serial/bin'
[3.948s] INFO:colcon.colcon_core.shell:Creating package script '/home/flug/Documents/colcon_ws/install/delta_robot_serial/share/delta_robot_serial/package.ps1'
[3.949s] INFO:colcon.colcon_core.shell:Creating package descriptor '/home/flug/Documents/colcon_ws/install/delta_robot_serial/share/delta_robot_serial/package.dsv'
[3.949s] INFO:colcon.colcon_core.shell:Creating package script '/home/flug/Documents/colcon_ws/install/delta_robot_serial/share/delta_robot_serial/package.sh'
[3.950s] INFO:colcon.colcon_core.shell:Creating package script '/home/flug/Documents/colcon_ws/install/delta_robot_serial/share/delta_robot_serial/package.bash'
[3.951s] INFO:colcon.colcon_core.shell:Creating package script '/home/flug/Documents/colcon_ws/install/delta_robot_serial/share/delta_robot_serial/package.zsh'
[3.951s] Level 1:colcon.colcon_core.environment:create_file_with_runtime_dependencies(/home/flug/Documents/colcon_ws/install/delta_robot_serial/share/colcon-core/packages/delta_robot_serial)
[3.952s] Level 1:colcon.colcon_core.environment:create_environment_scripts_only(delta_robot_serial)
[3.952s] Level 1:colcon.colcon_core.environment:checking '/home/flug/Documents/colcon_ws/install/delta_robot_serial' for CMake module files
[3.953s] Level 1:colcon.colcon_core.environment:checking '/home/flug/Documents/colcon_ws/install/delta_robot_serial' for CMake config files
[3.954s] Level 1:colcon.colcon_core.shell:create_environment_hook('delta_robot_serial', 'cmake_prefix_path')
[3.954s] INFO:colcon.colcon_core.shell:Creating environment hook '/home/flug/Documents/colcon_ws/install/delta_robot_serial/share/delta_robot_serial/hook/cmake_prefix_path.ps1'
[3.954s] INFO:colcon.colcon_core.shell:Creating environment descriptor '/home/flug/Documents/colcon_ws/install/delta_robot_serial/share/delta_robot_serial/hook/cmake_prefix_path.dsv'
[3.954s] INFO:colcon.colcon_core.shell:Creating environment hook '/home/flug/Documents/colcon_ws/install/delta_robot_serial/share/delta_robot_serial/hook/cmake_prefix_path.sh'
[3.955s] Level 1:colcon.colcon_core.environment:checking '/home/flug/Documents/colcon_ws/install/delta_robot_serial/lib'
[3.955s] Level 1:colcon.colcon_core.shell:create_environment_hook('delta_robot_serial', 'ld_library_path_lib')
[3.955s] INFO:colcon.colcon_core.shell:Creating environment hook '/home/flug/Documents/colcon_ws/install/delta_robot_serial/share/delta_robot_serial/hook/ld_library_path_lib.ps1'
[3.956s] INFO:colcon.colcon_core.shell:Creating environment descriptor '/home/flug/Documents/colcon_ws/install/delta_robot_serial/share/delta_robot_serial/hook/ld_library_path_lib.dsv'
[3.956s] INFO:colcon.colcon_core.shell:Creating environment hook '/home/flug/Documents/colcon_ws/install/delta_robot_serial/share/delta_robot_serial/hook/ld_library_path_lib.sh'
[3.956s] Level 1:colcon.colcon_core.environment:checking '/home/flug/Documents/colcon_ws/install/delta_robot_serial/bin'
[3.956s] Level 1:colcon.colcon_core.environment:checking '/home/flug/Documents/colcon_ws/install/delta_robot_serial/lib/pkgconfig/delta_robot_serial.pc'
[3.957s] Level 1:colcon.colcon_core.environment:checking '/home/flug/Documents/colcon_ws/install/delta_robot_serial/lib/python3.12/site-packages'
[3.957s] Level 1:colcon.colcon_core.shell:create_environment_hook('delta_robot_serial', 'pythonpath')
[3.957s] INFO:colcon.colcon_core.shell:Creating environment hook '/home/flug/Documents/colcon_ws/install/delta_robot_serial/share/delta_robot_serial/hook/pythonpath.ps1'
[3.957s] INFO:colcon.colcon_core.shell:Creating environment descriptor '/home/flug/Documents/colcon_ws/install/delta_robot_serial/share/delta_robot_serial/hook/pythonpath.dsv'
[3.958s] INFO:colcon.colcon_core.shell:Creating environment hook '/home/flug/Documents/colcon_ws/install/delta_robot_serial/share/delta_robot_serial/hook/pythonpath.sh'
[3.958s] Level 1:colcon.colcon_core.environment:checking '/home/flug/Documents/colcon_ws/install/delta_robot_serial/bin'
[3.958s] INFO:colcon.colcon_core.shell:Creating package script '/home/flug/Documents/colcon_ws/install/delta_robot_serial/share/delta_robot_serial/package.ps1'
[3.959s] INFO:colcon.colcon_core.shell:Creating package descriptor '/home/flug/Documents/colcon_ws/install/delta_robot_serial/share/delta_robot_serial/package.dsv'
[3.960s] INFO:colcon.colcon_core.shell:Creating package script '/home/flug/Documents/colcon_ws/install/delta_robot_serial/share/delta_robot_serial/package.sh'
[3.960s] INFO:colcon.colcon_core.shell:Creating package script '/home/flug/Documents/colcon_ws/install/delta_robot_serial/share/delta_robot_serial/package.bash'
[3.961s] INFO:colcon.colcon_core.shell:Creating package script '/home/flug/Documents/colcon_ws/install/delta_robot_serial/share/delta_robot_serial/package.zsh'
[3.961s] Level 1:colcon.colcon_core.environment:create_file_with_runtime_dependencies(/home/flug/Documents/colcon_ws/install/delta_robot_serial/share/colcon-core/packages/delta_robot_serial)
[3.961s] DEBUG:colcon.colcon_parallel_executor.executor.parallel:closing loop
[3.962s] DEBUG:colcon.colcon_parallel_executor.executor.parallel:loop closed
[3.962s] DEBUG:colcon.colcon_parallel_executor.executor.parallel:run_until_complete finished with '0'
[3.962s] DEBUG:colcon.colcon_core.event_reactor:joining thread
[3.965s] INFO:colcon.colcon_core.plugin_system:Skipping extension 'colcon_notification.desktop_notification.terminal_notifier': Not used on non-Darwin systems
[3.965s] INFO:colcon.colcon_core.plugin_system:Skipping extension 'colcon_notification.desktop_notification.win32': Not used on non-Windows systems
[3.965s] INFO:colcon.colcon_notification.desktop_notification:Sending desktop notification using 'notify2'
[3.974s] DEBUG:colcon.colcon_core.event_reactor:joined thread
[3.975s] INFO:colcon.colcon_core.shell:Creating prefix script '/home/flug/Documents/colcon_ws/install/local_setup.ps1'
[3.976s] INFO:colcon.colcon_core.shell:Creating prefix util module '/home/flug/Documents/colcon_ws/install/_local_setup_util_ps1.py'
[3.977s] INFO:colcon.colcon_core.shell:Creating prefix chain script '/home/flug/Documents/colcon_ws/install/setup.ps1'
[3.978s] INFO:colcon.colcon_core.shell:Creating prefix script '/home/flug/Documents/colcon_ws/install/local_setup.sh'
[3.978s] INFO:colcon.colcon_core.shell:Creating prefix util module '/home/flug/Documents/colcon_ws/install/_local_setup_util_sh.py'
[3.979s] INFO:colcon.colcon_core.shell:Creating prefix chain script '/home/flug/Documents/colcon_ws/install/setup.sh'
[3.980s] INFO:colcon.colcon_core.shell:Creating prefix script '/home/flug/Documents/colcon_ws/install/local_setup.bash'
[3.980s] INFO:colcon.colcon_core.shell:Creating prefix chain script '/home/flug/Documents/colcon_ws/install/setup.bash'
[3.981s] INFO:colcon.colcon_core.shell:Creating prefix script '/home/flug/Documents/colcon_ws/install/local_setup.zsh'
[3.981s] INFO:colcon.colcon_core.shell:Creating prefix chain script '/home/flug/Documents/colcon_ws/install/setup.zsh'
