[0.080s] DEBUG:colcon:Command line arguments: ['/usr/bin/colcon', 'build']
[0.080s] DEBUG:colcon:Parsed command line arguments: Namespace(log_base=None, log_level=None, verb_name='build', build_base='build', install_base='install', merge_install=False, symlink_install=False, test_result_base=None, continue_on_error=False, executor='parallel', parallel_workers=16, event_handlers=None, ignore_user_meta=False, metas=['./colcon.meta'], base_paths=['.'], packages_ignore=None, packages_ignore_regex=None, paths=None, packages_up_to=None, packages_up_to_regex=None, packages_above=None, packages_above_and_dependencies=None, packages_above_depth=None, packages_select_by_dep=None, packages_skip_by_dep=None, packages_skip_up_to=None, packages_select_build_failed=False, packages_skip_build_finished=False, packages_select_test_failures=False, packages_skip_test_passed=False, packages_select=None, packages_skip=None, packages_select_regex=None, packages_skip_regex=None, packages_start=None, packages_end=None, allow_overriding=[], cmake_args=None, cmake_target=None, cmake_target_skip_unavailable=False, cmake_clean_cache=False, cmake_clean_first=False, cmake_force_configure=False, ament_cmake_args=None, catkin_cmake_args=None, catkin_skip_building_tests=False, mixin_files=None, mixin=None, verb_parser=<colcon_mixin.mixin.mixin_argument.MixinArgumentDecorator object at 0x7db850e960f0>, verb_extension=<colcon_core.verb.build.BuildVerb object at 0x7db850fc2060>, main=<bound method BuildVerb.main of <colcon_core.verb.build.BuildVerb object at 0x7db850fc2060>>, mixin_verb=('build',))
[0.106s] Level 1:colcon.colcon_core.package_discovery:discover_packages(colcon_meta) check parameters
[0.106s] Level 1:colcon.colcon_core.package_discovery:discover_packages(recursive) check parameters
[0.106s] Level 1:colcon.colcon_core.package_discovery:discover_packages(ignore) check parameters
[0.106s] Level 1:colcon.colcon_core.package_discovery:discover_packages(path) check parameters
[0.106s] Level 1:colcon.colcon_core.package_discovery:discover_packages(colcon_meta) discover
[0.106s] Level 1:colcon.colcon_core.package_discovery:discover_packages(recursive) discover
[0.106s] INFO:colcon.colcon_core.package_discovery:Crawling recursively for packages in '/home/flug/Documents/colcon_ws'
[0.106s] Level 1:colcon.colcon_core.package_identification:_identify(.) by extensions ['ignore', 'ignore_ament_install']
[0.106s] Level 1:colcon.colcon_core.package_identification:_identify(.) by extension 'ignore'
[0.106s] Level 1:colcon.colcon_core.package_identification:_identify(.) by extension 'ignore_ament_install'
[0.106s] Level 1:colcon.colcon_core.package_identification:_identify(.) by extensions ['colcon_pkg']
[0.107s] Level 1:colcon.colcon_core.package_identification:_identify(.) by extension 'colcon_pkg'
[0.107s] Level 1:colcon.colcon_core.package_identification:_identify(.) by extensions ['colcon_meta']
[0.107s] Level 1:colcon.colcon_core.package_identification:_identify(.) by extension 'colcon_meta'
[0.107s] Level 1:colcon.colcon_core.package_identification:_identify(.) by extensions ['ros']
[0.107s] Level 1:colcon.colcon_core.package_identification:_identify(.) by extension 'ros'
[0.125s] Level 1:colcon.colcon_core.package_identification:_identify(.) by extensions ['cmake', 'python']
[0.125s] Level 1:colcon.colcon_core.package_identification:_identify(.) by extension 'cmake'
[0.125s] Level 1:colcon.colcon_core.package_identification:_identify(.) by extension 'python'
[0.125s] Level 1:colcon.colcon_core.package_identification:_identify(.) by extensions ['python_setup_py']
[0.125s] Level 1:colcon.colcon_core.package_identification:_identify(.) by extension 'python_setup_py'
[0.125s] Level 1:colcon.colcon_core.package_identification:_identify(build) by extensions ['ignore', 'ignore_ament_install']
[0.125s] Level 1:colcon.colcon_core.package_identification:_identify(build) by extension 'ignore'
[0.125s] Level 1:colcon.colcon_core.package_identification:_identify(build) ignored
[0.125s] Level 1:colcon.colcon_core.package_identification:_identify(install) by extensions ['ignore', 'ignore_ament_install']
[0.125s] Level 1:colcon.colcon_core.package_identification:_identify(install) by extension 'ignore'
[0.126s] Level 1:colcon.colcon_core.package_identification:_identify(install) ignored
[0.126s] Level 1:colcon.colcon_core.package_identification:_identify(log) by extensions ['ignore', 'ignore_ament_install']
[0.126s] Level 1:colcon.colcon_core.package_identification:_identify(log) by extension 'ignore'
[0.126s] Level 1:colcon.colcon_core.package_identification:_identify(log) ignored
[0.126s] Level 1:colcon.colcon_core.package_identification:_identify(src) by extensions ['ignore', 'ignore_ament_install']
[0.126s] Level 1:colcon.colcon_core.package_identification:_identify(src) by extension 'ignore'
[0.126s] Level 1:colcon.colcon_core.package_identification:_identify(src) by extension 'ignore_ament_install'
[0.126s] Level 1:colcon.colcon_core.package_identification:_identify(src) by extensions ['colcon_pkg']
[0.126s] Level 1:colcon.colcon_core.package_identification:_identify(src) by extension 'colcon_pkg'
[0.126s] Level 1:colcon.colcon_core.package_identification:_identify(src) by extensions ['colcon_meta']
[0.126s] Level 1:colcon.colcon_core.package_identification:_identify(src) by extension 'colcon_meta'
[0.126s] Level 1:colcon.colcon_core.package_identification:_identify(src) by extensions ['ros']
[0.126s] Level 1:colcon.colcon_core.package_identification:_identify(src) by extension 'ros'
[0.126s] Level 1:colcon.colcon_core.package_identification:_identify(src) by extensions ['cmake', 'python']
[0.126s] Level 1:colcon.colcon_core.package_identification:_identify(src) by extension 'cmake'
[0.126s] Level 1:colcon.colcon_core.package_identification:_identify(src) by extension 'python'
[0.126s] Level 1:colcon.colcon_core.package_identification:_identify(src) by extensions ['python_setup_py']
[0.126s] Level 1:colcon.colcon_core.package_identification:_identify(src) by extension 'python_setup_py'
[0.126s] Level 1:colcon.colcon_core.package_identification:_identify(src/delta_robot_description) by extensions ['ignore', 'ignore_ament_install']
[0.126s] Level 1:colcon.colcon_core.package_identification:_identify(src/delta_robot_description) by extension 'ignore'
[0.126s] Level 1:colcon.colcon_core.package_identification:_identify(src/delta_robot_description) by extension 'ignore_ament_install'
[0.126s] Level 1:colcon.colcon_core.package_identification:_identify(src/delta_robot_description) by extensions ['colcon_pkg']
[0.126s] Level 1:colcon.colcon_core.package_identification:_identify(src/delta_robot_description) by extension 'colcon_pkg'
[0.126s] Level 1:colcon.colcon_core.package_identification:_identify(src/delta_robot_description) by extensions ['colcon_meta']
[0.126s] Level 1:colcon.colcon_core.package_identification:_identify(src/delta_robot_description) by extension 'colcon_meta'
[0.126s] Level 1:colcon.colcon_core.package_identification:_identify(src/delta_robot_description) by extensions ['ros']
[0.126s] Level 1:colcon.colcon_core.package_identification:_identify(src/delta_robot_description) by extension 'ros'
[0.128s] DEBUG:colcon.colcon_core.package_identification:Package 'src/delta_robot_description' with type 'ros.ament_cmake' and name 'delta_robot_description'
[0.128s] Level 1:colcon.colcon_core.package_identification:_identify(src/delta_robot_serial) by extensions ['ignore', 'ignore_ament_install']
[0.128s] Level 1:colcon.colcon_core.package_identification:_identify(src/delta_robot_serial) by extension 'ignore'
[0.128s] Level 1:colcon.colcon_core.package_identification:_identify(src/delta_robot_serial) by extension 'ignore_ament_install'
[0.128s] Level 1:colcon.colcon_core.package_identification:_identify(src/delta_robot_serial) by extensions ['colcon_pkg']
[0.128s] Level 1:colcon.colcon_core.package_identification:_identify(src/delta_robot_serial) by extension 'colcon_pkg'
[0.128s] Level 1:colcon.colcon_core.package_identification:_identify(src/delta_robot_serial) by extensions ['colcon_meta']
[0.128s] Level 1:colcon.colcon_core.package_identification:_identify(src/delta_robot_serial) by extension 'colcon_meta'
[0.128s] Level 1:colcon.colcon_core.package_identification:_identify(src/delta_robot_serial) by extensions ['ros']
[0.128s] Level 1:colcon.colcon_core.package_identification:_identify(src/delta_robot_serial) by extension 'ros'
[0.129s] DEBUG:colcon.colcon_core.package_identification:Package 'src/delta_robot_serial' with type 'ros.ament_cmake' and name 'delta_robot_serial'
[0.129s] Level 1:colcon.colcon_core.package_identification:_identify(src/serial) by extensions ['ignore', 'ignore_ament_install']
[0.129s] Level 1:colcon.colcon_core.package_identification:_identify(src/serial) by extension 'ignore'
[0.129s] Level 1:colcon.colcon_core.package_identification:_identify(src/serial) by extension 'ignore_ament_install'
[0.129s] Level 1:colcon.colcon_core.package_identification:_identify(src/serial) by extensions ['colcon_pkg']
[0.129s] Level 1:colcon.colcon_core.package_identification:_identify(src/serial) by extension 'colcon_pkg'
[0.129s] Level 1:colcon.colcon_core.package_identification:_identify(src/serial) by extensions ['colcon_meta']
[0.129s] Level 1:colcon.colcon_core.package_identification:_identify(src/serial) by extension 'colcon_meta'
[0.129s] Level 1:colcon.colcon_core.package_identification:_identify(src/serial) by extensions ['ros']
[0.129s] Level 1:colcon.colcon_core.package_identification:_identify(src/serial) by extension 'ros'
[0.130s] DEBUG:colcon.colcon_core.package_identification:Package 'src/serial' with type 'ros.ament_cmake' and name 'serial'
[0.130s] Level 1:colcon.colcon_core.package_discovery:discover_packages(recursive) using defaults
[0.130s] Level 1:colcon.colcon_core.package_discovery:discover_packages(ignore) discover
[0.130s] Level 1:colcon.colcon_core.package_discovery:discover_packages(ignore) using defaults
[0.130s] Level 1:colcon.colcon_core.package_discovery:discover_packages(path) discover
[0.130s] Level 1:colcon.colcon_core.package_discovery:discover_packages(path) using defaults
[0.142s] Level 1:colcon.colcon_core.package_discovery:discover_packages(prefix_path) check parameters
[0.142s] Level 1:colcon.colcon_core.package_discovery:discover_packages(prefix_path) discover
[0.143s] DEBUG:colcon.colcon_installed_package_information.package_discovery:Found 3 installed packages in /home/flug/Documents/colcon_ws/install
[0.144s] DEBUG:colcon.colcon_installed_package_information.package_discovery:Found 290 installed packages in /opt/ros/jazzy
[0.145s] Level 1:colcon.colcon_core.package_discovery:discover_packages(prefix_path) using defaults
[0.174s] Level 5:colcon.colcon_core.verb:set package 'delta_robot_description' build argument 'cmake_args' from command line to 'None'
[0.175s] Level 5:colcon.colcon_core.verb:set package 'delta_robot_description' build argument 'cmake_target' from command line to 'None'
[0.175s] Level 5:colcon.colcon_core.verb:set package 'delta_robot_description' build argument 'cmake_target_skip_unavailable' from command line to 'False'
[0.175s] Level 5:colcon.colcon_core.verb:set package 'delta_robot_description' build argument 'cmake_clean_cache' from command line to 'False'
[0.175s] Level 5:colcon.colcon_core.verb:set package 'delta_robot_description' build argument 'cmake_clean_first' from command line to 'False'
[0.175s] Level 5:colcon.colcon_core.verb:set package 'delta_robot_description' build argument 'cmake_force_configure' from command line to 'False'
[0.175s] Level 5:colcon.colcon_core.verb:set package 'delta_robot_description' build argument 'ament_cmake_args' from command line to 'None'
[0.175s] Level 5:colcon.colcon_core.verb:set package 'delta_robot_description' build argument 'catkin_cmake_args' from command line to 'None'
[0.175s] Level 5:colcon.colcon_core.verb:set package 'delta_robot_description' build argument 'catkin_skip_building_tests' from command line to 'False'
[0.175s] DEBUG:colcon.colcon_core.verb:Building package 'delta_robot_description' with the following arguments: {'ament_cmake_args': None, 'build_base': '/home/flug/Documents/colcon_ws/build/delta_robot_description', 'catkin_cmake_args': None, 'catkin_skip_building_tests': False, 'cmake_args': None, 'cmake_clean_cache': False, 'cmake_clean_first': False, 'cmake_force_configure': False, 'cmake_target': None, 'cmake_target_skip_unavailable': False, 'install_base': '/home/flug/Documents/colcon_ws/install/delta_robot_description', 'merge_install': False, 'path': '/home/flug/Documents/colcon_ws/src/delta_robot_description', 'symlink_install': False, 'test_result_base': None}
[0.175s] Level 5:colcon.colcon_core.verb:set package 'serial' build argument 'cmake_args' from command line to 'None'
[0.175s] Level 5:colcon.colcon_core.verb:set package 'serial' build argument 'cmake_target' from command line to 'None'
[0.175s] Level 5:colcon.colcon_core.verb:set package 'serial' build argument 'cmake_target_skip_unavailable' from command line to 'False'
[0.175s] Level 5:colcon.colcon_core.verb:set package 'serial' build argument 'cmake_clean_cache' from command line to 'False'
[0.175s] Level 5:colcon.colcon_core.verb:set package 'serial' build argument 'cmake_clean_first' from command line to 'False'
[0.175s] Level 5:colcon.colcon_core.verb:set package 'serial' build argument 'cmake_force_configure' from command line to 'False'
[0.175s] Level 5:colcon.colcon_core.verb:set package 'serial' build argument 'ament_cmake_args' from command line to 'None'
[0.175s] Level 5:colcon.colcon_core.verb:set package 'serial' build argument 'catkin_cmake_args' from command line to 'None'
[0.175s] Level 5:colcon.colcon_core.verb:set package 'serial' build argument 'catkin_skip_building_tests' from command line to 'False'
[0.175s] DEBUG:colcon.colcon_core.verb:Building package 'serial' with the following arguments: {'ament_cmake_args': None, 'build_base': '/home/flug/Documents/colcon_ws/build/serial', 'catkin_cmake_args': None, 'catkin_skip_building_tests': False, 'cmake_args': None, 'cmake_clean_cache': False, 'cmake_clean_first': False, 'cmake_force_configure': False, 'cmake_target': None, 'cmake_target_skip_unavailable': False, 'install_base': '/home/flug/Documents/colcon_ws/install/serial', 'merge_install': False, 'path': '/home/flug/Documents/colcon_ws/src/serial', 'symlink_install': False, 'test_result_base': None}
[0.175s] Level 5:colcon.colcon_core.verb:set package 'delta_robot_serial' build argument 'cmake_args' from command line to 'None'
[0.175s] Level 5:colcon.colcon_core.verb:set package 'delta_robot_serial' build argument 'cmake_target' from command line to 'None'
[0.175s] Level 5:colcon.colcon_core.verb:set package 'delta_robot_serial' build argument 'cmake_target_skip_unavailable' from command line to 'False'
[0.175s] Level 5:colcon.colcon_core.verb:set package 'delta_robot_serial' build argument 'cmake_clean_cache' from command line to 'False'
[0.175s] Level 5:colcon.colcon_core.verb:set package 'delta_robot_serial' build argument 'cmake_clean_first' from command line to 'False'
[0.175s] Level 5:colcon.colcon_core.verb:set package 'delta_robot_serial' build argument 'cmake_force_configure' from command line to 'False'
[0.175s] Level 5:colcon.colcon_core.verb:set package 'delta_robot_serial' build argument 'ament_cmake_args' from command line to 'None'
[0.175s] Level 5:colcon.colcon_core.verb:set package 'delta_robot_serial' build argument 'catkin_cmake_args' from command line to 'None'
[0.175s] Level 5:colcon.colcon_core.verb:set package 'delta_robot_serial' build argument 'catkin_skip_building_tests' from command line to 'False'
[0.175s] DEBUG:colcon.colcon_core.verb:Building package 'delta_robot_serial' with the following arguments: {'ament_cmake_args': None, 'build_base': '/home/flug/Documents/colcon_ws/build/delta_robot_serial', 'catkin_cmake_args': None, 'catkin_skip_building_tests': False, 'cmake_args': None, 'cmake_clean_cache': False, 'cmake_clean_first': False, 'cmake_force_configure': False, 'cmake_target': None, 'cmake_target_skip_unavailable': False, 'install_base': '/home/flug/Documents/colcon_ws/install/delta_robot_serial', 'merge_install': False, 'path': '/home/flug/Documents/colcon_ws/src/delta_robot_serial', 'symlink_install': False, 'test_result_base': None}
[0.176s] INFO:colcon.colcon_core.executor:Executing jobs using 'parallel' executor
[0.176s] DEBUG:colcon.colcon_parallel_executor.executor.parallel:run_until_complete
[0.176s] INFO:colcon.colcon_ros.task.ament_cmake.build:Building ROS package in '/home/flug/Documents/colcon_ws/src/serial' with build type 'ament_cmake'
[0.176s] INFO:colcon.colcon_cmake.task.cmake.build:Building CMake package in '/home/flug/Documents/colcon_ws/src/serial'
[0.178s] INFO:colcon.colcon_core.plugin_system:Skipping extension 'colcon_core.shell.bat': Not used on non-Windows systems
[0.178s] INFO:colcon.colcon_core.shell:Skip shell extension 'powershell' for command environment: Not usable outside of PowerShell
[0.178s] DEBUG:colcon.colcon_core.shell:Skip shell extension 'dsv' for command environment
[0.180s] INFO:colcon.colcon_ros.task.ament_cmake.build:Building ROS package in '/home/flug/Documents/colcon_ws/src/delta_robot_description' with build type 'ament_cmake'
[0.180s] INFO:colcon.colcon_cmake.task.cmake.build:Building CMake package in '/home/flug/Documents/colcon_ws/src/delta_robot_description'
[0.180s] INFO:colcon.colcon_core.shell:Skip shell extension 'powershell' for command environment: Not usable outside of PowerShell
[0.180s] DEBUG:colcon.colcon_core.shell:Skip shell extension 'dsv' for command environment
[0.185s] DEBUG:colcon.colcon_core.event_handler.log_command:Invoking command in '/home/flug/Documents/colcon_ws/build/serial': CMAKE_PREFIX_PATH=${CMAKE_PREFIX_PATH}:/opt/ros/jazzy DEBUGINFOD_URLS=https://debuginfod.ubuntu.com /usr/bin/cmake --build /home/flug/Documents/colcon_ws/build/serial -- -j16 -l16
[0.188s] DEBUG:colcon.colcon_core.event_handler.log_command:Invoking command in '/home/flug/Documents/colcon_ws/build/delta_robot_description': CMAKE_PREFIX_PATH=${CMAKE_PREFIX_PATH}:/opt/ros/jazzy DEBUGINFOD_URLS=https://debuginfod.ubuntu.com /usr/bin/cmake --build /home/flug/Documents/colcon_ws/build/delta_robot_description -- -j16 -l16
[0.210s] DEBUG:colcon.colcon_core.event_handler.log_command:Invoked command in '/home/flug/Documents/colcon_ws/build/delta_robot_description' returned '0': CMAKE_PREFIX_PATH=${CMAKE_PREFIX_PATH}:/opt/ros/jazzy DEBUGINFOD_URLS=https://debuginfod.ubuntu.com /usr/bin/cmake --build /home/flug/Documents/colcon_ws/build/delta_robot_description -- -j16 -l16
[0.217s] DEBUG:colcon.colcon_core.event_handler.log_command:Invoking command in '/home/flug/Documents/colcon_ws/build/delta_robot_description': CMAKE_PREFIX_PATH=${CMAKE_PREFIX_PATH}:/opt/ros/jazzy DEBUGINFOD_URLS=https://debuginfod.ubuntu.com /usr/bin/cmake --install /home/flug/Documents/colcon_ws/build/delta_robot_description
[0.225s] Level 1:colcon.colcon_core.environment:create_environment_scripts_only(delta_robot_description)
[0.227s] DEBUG:colcon.colcon_core.event_handler.log_command:Invoked command in '/home/flug/Documents/colcon_ws/build/serial' returned '0': CMAKE_PREFIX_PATH=${CMAKE_PREFIX_PATH}:/opt/ros/jazzy DEBUGINFOD_URLS=https://debuginfod.ubuntu.com /usr/bin/cmake --build /home/flug/Documents/colcon_ws/build/serial -- -j16 -l16
[0.227s] DEBUG:colcon.colcon_core.event_handler.log_command:Invoking command in '/home/flug/Documents/colcon_ws/build/serial': CMAKE_PREFIX_PATH=${CMAKE_PREFIX_PATH}:/opt/ros/jazzy DEBUGINFOD_URLS=https://debuginfod.ubuntu.com /usr/bin/cmake --install /home/flug/Documents/colcon_ws/build/serial
[0.227s] DEBUG:colcon.colcon_core.event_handler.log_command:Invoked command in '/home/flug/Documents/colcon_ws/build/delta_robot_description' returned '0': CMAKE_PREFIX_PATH=${CMAKE_PREFIX_PATH}:/opt/ros/jazzy DEBUGINFOD_URLS=https://debuginfod.ubuntu.com /usr/bin/cmake --install /home/flug/Documents/colcon_ws/build/delta_robot_description
[0.228s] Level 1:colcon.colcon_core.environment:checking '/home/flug/Documents/colcon_ws/install/delta_robot_description' for CMake module files
[0.228s] Level 1:colcon.colcon_core.environment:checking '/home/flug/Documents/colcon_ws/install/delta_robot_description' for CMake config files
[0.228s] Level 1:colcon.colcon_core.shell:create_environment_hook('delta_robot_description', 'cmake_prefix_path')
[0.229s] INFO:colcon.colcon_core.shell:Creating environment hook '/home/flug/Documents/colcon_ws/install/delta_robot_description/share/delta_robot_description/hook/cmake_prefix_path.ps1'
[0.229s] INFO:colcon.colcon_core.shell:Creating environment descriptor '/home/flug/Documents/colcon_ws/install/delta_robot_description/share/delta_robot_description/hook/cmake_prefix_path.dsv'
[0.230s] INFO:colcon.colcon_core.shell:Creating environment hook '/home/flug/Documents/colcon_ws/install/delta_robot_description/share/delta_robot_description/hook/cmake_prefix_path.sh'
[0.230s] Level 1:colcon.colcon_core.environment:checking '/home/flug/Documents/colcon_ws/install/delta_robot_description/bin'
[0.230s] Level 1:colcon.colcon_core.environment:checking '/home/flug/Documents/colcon_ws/install/delta_robot_description/lib/pkgconfig/delta_robot_description.pc'
[0.231s] Level 1:colcon.colcon_core.environment:checking '/home/flug/Documents/colcon_ws/install/delta_robot_description/lib/python3.12/site-packages'
[0.231s] Level 1:colcon.colcon_core.environment:checking '/home/flug/Documents/colcon_ws/install/delta_robot_description/bin'
[0.231s] INFO:colcon.colcon_core.shell:Creating package script '/home/flug/Documents/colcon_ws/install/delta_robot_description/share/delta_robot_description/package.ps1'
[0.232s] INFO:colcon.colcon_core.shell:Creating package descriptor '/home/flug/Documents/colcon_ws/install/delta_robot_description/share/delta_robot_description/package.dsv'
[0.232s] INFO:colcon.colcon_core.shell:Creating package script '/home/flug/Documents/colcon_ws/install/delta_robot_description/share/delta_robot_description/package.sh'
[0.233s] INFO:colcon.colcon_core.shell:Creating package script '/home/flug/Documents/colcon_ws/install/delta_robot_description/share/delta_robot_description/package.bash'
[0.234s] INFO:colcon.colcon_core.shell:Creating package script '/home/flug/Documents/colcon_ws/install/delta_robot_description/share/delta_robot_description/package.zsh'
[0.234s] Level 1:colcon.colcon_core.environment:create_file_with_runtime_dependencies(/home/flug/Documents/colcon_ws/install/delta_robot_description/share/colcon-core/packages/delta_robot_description)
[0.235s] Level 1:colcon.colcon_core.environment:create_environment_scripts_only(delta_robot_description)
[0.235s] Level 1:colcon.colcon_core.environment:checking '/home/flug/Documents/colcon_ws/install/delta_robot_description' for CMake module files
[0.235s] Level 1:colcon.colcon_core.environment:checking '/home/flug/Documents/colcon_ws/install/delta_robot_description' for CMake config files
[0.235s] Level 1:colcon.colcon_core.shell:create_environment_hook('delta_robot_description', 'cmake_prefix_path')
[0.235s] INFO:colcon.colcon_core.shell:Creating environment hook '/home/flug/Documents/colcon_ws/install/delta_robot_description/share/delta_robot_description/hook/cmake_prefix_path.ps1'
[0.236s] INFO:colcon.colcon_core.shell:Creating environment descriptor '/home/flug/Documents/colcon_ws/install/delta_robot_description/share/delta_robot_description/hook/cmake_prefix_path.dsv'
[0.236s] INFO:colcon.colcon_core.shell:Creating environment hook '/home/flug/Documents/colcon_ws/install/delta_robot_description/share/delta_robot_description/hook/cmake_prefix_path.sh'
[0.236s] Level 1:colcon.colcon_core.environment:checking '/home/flug/Documents/colcon_ws/install/delta_robot_description/bin'
[0.236s] Level 1:colcon.colcon_core.environment:checking '/home/flug/Documents/colcon_ws/install/delta_robot_description/lib/pkgconfig/delta_robot_description.pc'
[0.236s] Level 1:colcon.colcon_core.environment:checking '/home/flug/Documents/colcon_ws/install/delta_robot_description/lib/python3.12/site-packages'
[0.237s] Level 1:colcon.colcon_core.environment:checking '/home/flug/Documents/colcon_ws/install/delta_robot_description/bin'
[0.237s] INFO:colcon.colcon_core.shell:Creating package script '/home/flug/Documents/colcon_ws/install/delta_robot_description/share/delta_robot_description/package.ps1'
[0.237s] INFO:colcon.colcon_core.shell:Creating package descriptor '/home/flug/Documents/colcon_ws/install/delta_robot_description/share/delta_robot_description/package.dsv'
[0.237s] INFO:colcon.colcon_core.shell:Creating package script '/home/flug/Documents/colcon_ws/install/delta_robot_description/share/delta_robot_description/package.sh'
[0.238s] INFO:colcon.colcon_core.shell:Creating package script '/home/flug/Documents/colcon_ws/install/delta_robot_description/share/delta_robot_description/package.bash'
[0.238s] INFO:colcon.colcon_core.shell:Creating package script '/home/flug/Documents/colcon_ws/install/delta_robot_description/share/delta_robot_description/package.zsh'
[0.238s] Level 1:colcon.colcon_core.environment:create_file_with_runtime_dependencies(/home/flug/Documents/colcon_ws/install/delta_robot_description/share/colcon-core/packages/delta_robot_description)
[0.239s] Level 1:colcon.colcon_core.environment:create_environment_scripts_only(serial)
[0.239s] Level 1:colcon.colcon_core.environment:checking '/home/flug/Documents/colcon_ws/install/serial' for CMake module files
[0.240s] DEBUG:colcon.colcon_core.event_handler.log_command:Invoked command in '/home/flug/Documents/colcon_ws/build/serial' returned '0': CMAKE_PREFIX_PATH=${CMAKE_PREFIX_PATH}:/opt/ros/jazzy DEBUGINFOD_URLS=https://debuginfod.ubuntu.com /usr/bin/cmake --install /home/flug/Documents/colcon_ws/build/serial
[0.240s] Level 1:colcon.colcon_core.environment:checking '/home/flug/Documents/colcon_ws/install/serial' for CMake config files
[0.240s] Level 1:colcon.colcon_core.shell:create_environment_hook('serial', 'cmake_prefix_path')
[0.240s] INFO:colcon.colcon_core.shell:Creating environment hook '/home/flug/Documents/colcon_ws/install/serial/share/serial/hook/cmake_prefix_path.ps1'
[0.240s] INFO:colcon.colcon_core.shell:Creating environment descriptor '/home/flug/Documents/colcon_ws/install/serial/share/serial/hook/cmake_prefix_path.dsv'
[0.240s] INFO:colcon.colcon_core.shell:Creating environment hook '/home/flug/Documents/colcon_ws/install/serial/share/serial/hook/cmake_prefix_path.sh'
[0.241s] Level 1:colcon.colcon_core.environment:checking '/home/flug/Documents/colcon_ws/install/serial/lib'
[0.241s] Level 1:colcon.colcon_core.shell:create_environment_hook('serial', 'ld_library_path_lib')
[0.241s] INFO:colcon.colcon_core.shell:Creating environment hook '/home/flug/Documents/colcon_ws/install/serial/share/serial/hook/ld_library_path_lib.ps1'
[0.241s] INFO:colcon.colcon_core.shell:Creating environment descriptor '/home/flug/Documents/colcon_ws/install/serial/share/serial/hook/ld_library_path_lib.dsv'
[0.241s] INFO:colcon.colcon_core.shell:Creating environment hook '/home/flug/Documents/colcon_ws/install/serial/share/serial/hook/ld_library_path_lib.sh'
[0.242s] Level 1:colcon.colcon_core.environment:checking '/home/flug/Documents/colcon_ws/install/serial/bin'
[0.242s] Level 1:colcon.colcon_core.environment:checking '/home/flug/Documents/colcon_ws/install/serial/lib/pkgconfig/serial.pc'
[0.242s] Level 1:colcon.colcon_core.environment:checking '/home/flug/Documents/colcon_ws/install/serial/lib/python3.12/site-packages'
[0.242s] Level 1:colcon.colcon_core.environment:checking '/home/flug/Documents/colcon_ws/install/serial/bin'
[0.242s] INFO:colcon.colcon_core.shell:Creating package script '/home/flug/Documents/colcon_ws/install/serial/share/serial/package.ps1'
[0.243s] INFO:colcon.colcon_core.shell:Creating package descriptor '/home/flug/Documents/colcon_ws/install/serial/share/serial/package.dsv'
[0.243s] INFO:colcon.colcon_core.shell:Creating package script '/home/flug/Documents/colcon_ws/install/serial/share/serial/package.sh'
[0.243s] INFO:colcon.colcon_core.shell:Creating package script '/home/flug/Documents/colcon_ws/install/serial/share/serial/package.bash'
[0.243s] INFO:colcon.colcon_core.shell:Creating package script '/home/flug/Documents/colcon_ws/install/serial/share/serial/package.zsh'
[0.243s] Level 1:colcon.colcon_core.environment:create_file_with_runtime_dependencies(/home/flug/Documents/colcon_ws/install/serial/share/colcon-core/packages/serial)
[0.244s] Level 1:colcon.colcon_core.environment:create_environment_scripts_only(serial)
[0.244s] Level 1:colcon.colcon_core.environment:checking '/home/flug/Documents/colcon_ws/install/serial' for CMake module files
[0.244s] Level 1:colcon.colcon_core.environment:checking '/home/flug/Documents/colcon_ws/install/serial' for CMake config files
[0.244s] Level 1:colcon.colcon_core.shell:create_environment_hook('serial', 'cmake_prefix_path')
[0.244s] INFO:colcon.colcon_core.shell:Creating environment hook '/home/flug/Documents/colcon_ws/install/serial/share/serial/hook/cmake_prefix_path.ps1'
[0.245s] INFO:colcon.colcon_core.shell:Creating environment descriptor '/home/flug/Documents/colcon_ws/install/serial/share/serial/hook/cmake_prefix_path.dsv'
[0.245s] INFO:colcon.colcon_core.shell:Creating environment hook '/home/flug/Documents/colcon_ws/install/serial/share/serial/hook/cmake_prefix_path.sh'
[0.245s] Level 1:colcon.colcon_core.environment:checking '/home/flug/Documents/colcon_ws/install/serial/lib'
[0.245s] Level 1:colcon.colcon_core.shell:create_environment_hook('serial', 'ld_library_path_lib')
[0.245s] INFO:colcon.colcon_core.shell:Creating environment hook '/home/flug/Documents/colcon_ws/install/serial/share/serial/hook/ld_library_path_lib.ps1'
[0.246s] INFO:colcon.colcon_core.shell:Creating environment descriptor '/home/flug/Documents/colcon_ws/install/serial/share/serial/hook/ld_library_path_lib.dsv'
[0.246s] INFO:colcon.colcon_core.shell:Creating environment hook '/home/flug/Documents/colcon_ws/install/serial/share/serial/hook/ld_library_path_lib.sh'
[0.246s] Level 1:colcon.colcon_core.environment:checking '/home/flug/Documents/colcon_ws/install/serial/bin'
[0.246s] Level 1:colcon.colcon_core.environment:checking '/home/flug/Documents/colcon_ws/install/serial/lib/pkgconfig/serial.pc'
[0.246s] Level 1:colcon.colcon_core.environment:checking '/home/flug/Documents/colcon_ws/install/serial/lib/python3.12/site-packages'
[0.246s] Level 1:colcon.colcon_core.environment:checking '/home/flug/Documents/colcon_ws/install/serial/bin'
[0.246s] INFO:colcon.colcon_core.shell:Creating package script '/home/flug/Documents/colcon_ws/install/serial/share/serial/package.ps1'
[0.247s] INFO:colcon.colcon_core.shell:Creating package descriptor '/home/flug/Documents/colcon_ws/install/serial/share/serial/package.dsv'
[0.247s] INFO:colcon.colcon_core.shell:Creating package script '/home/flug/Documents/colcon_ws/install/serial/share/serial/package.sh'
[0.247s] INFO:colcon.colcon_core.shell:Creating package script '/home/flug/Documents/colcon_ws/install/serial/share/serial/package.bash'
[0.248s] INFO:colcon.colcon_core.shell:Creating package script '/home/flug/Documents/colcon_ws/install/serial/share/serial/package.zsh'
[0.248s] Level 1:colcon.colcon_core.environment:create_file_with_runtime_dependencies(/home/flug/Documents/colcon_ws/install/serial/share/colcon-core/packages/serial)
[0.248s] INFO:colcon.colcon_ros.task.ament_cmake.build:Building ROS package in '/home/flug/Documents/colcon_ws/src/delta_robot_serial' with build type 'ament_cmake'
[0.248s] INFO:colcon.colcon_cmake.task.cmake.build:Building CMake package in '/home/flug/Documents/colcon_ws/src/delta_robot_serial'
[0.248s] INFO:colcon.colcon_core.shell:Skip shell extension 'powershell' for command environment: Not usable outside of PowerShell
[0.248s] DEBUG:colcon.colcon_core.shell:Skip shell extension 'dsv' for command environment
[0.255s] DEBUG:colcon.colcon_core.event_handler.log_command:Invoking command in '/home/flug/Documents/colcon_ws/build/delta_robot_serial': CMAKE_PREFIX_PATH=/home/flug/Documents/colcon_ws/install/serial:/home/flug/Documents/colcon_ws/install/delta_robot_serial:/home/flug/Documents/colcon_ws/install/delta_robot_description:/opt/ros/jazzy/opt/gz_math_vendor:/opt/ros/jazzy/opt/gz_utils_vendor:/opt/ros/jazzy/opt/gz_cmake_vendor:/opt/ros/jazzy DEBUGINFOD_URLS=https://debuginfod.ubuntu.com LD_LIBRARY_PATH=/home/flug/Documents/colcon_ws/install/serial/lib:/home/flug/Documents/colcon_ws/install/delta_robot_serial/lib:/opt/ros/jazzy/opt/rviz_ogre_vendor/lib:/opt/ros/jazzy/lib/x86_64-linux-gnu:/opt/ros/jazzy/opt/gz_math_vendor/lib:/opt/ros/jazzy/opt/gz_utils_vendor/lib:/opt/ros/jazzy/opt/gz_cmake_vendor/lib:/opt/ros/jazzy/lib /usr/bin/cmake --build /home/flug/Documents/colcon_ws/build/delta_robot_serial -- -j16 -l16
[6.849s] DEBUG:colcon.colcon_core.event_handler.log_command:Invoked command in '/home/flug/Documents/colcon_ws/build/delta_robot_serial' returned '0': CMAKE_PREFIX_PATH=/home/flug/Documents/colcon_ws/install/serial:/home/flug/Documents/colcon_ws/install/delta_robot_serial:/home/flug/Documents/colcon_ws/install/delta_robot_description:/opt/ros/jazzy/opt/gz_math_vendor:/opt/ros/jazzy/opt/gz_utils_vendor:/opt/ros/jazzy/opt/gz_cmake_vendor:/opt/ros/jazzy DEBUGINFOD_URLS=https://debuginfod.ubuntu.com LD_LIBRARY_PATH=/home/flug/Documents/colcon_ws/install/serial/lib:/home/flug/Documents/colcon_ws/install/delta_robot_serial/lib:/opt/ros/jazzy/opt/rviz_ogre_vendor/lib:/opt/ros/jazzy/lib/x86_64-linux-gnu:/opt/ros/jazzy/opt/gz_math_vendor/lib:/opt/ros/jazzy/opt/gz_utils_vendor/lib:/opt/ros/jazzy/opt/gz_cmake_vendor/lib:/opt/ros/jazzy/lib /usr/bin/cmake --build /home/flug/Documents/colcon_ws/build/delta_robot_serial -- -j16 -l16
[6.850s] DEBUG:colcon.colcon_core.event_handler.log_command:Invoking command in '/home/flug/Documents/colcon_ws/build/delta_robot_serial': CMAKE_PREFIX_PATH=/home/flug/Documents/colcon_ws/install/serial:/home/flug/Documents/colcon_ws/install/delta_robot_serial:/home/flug/Documents/colcon_ws/install/delta_robot_description:/opt/ros/jazzy/opt/gz_math_vendor:/opt/ros/jazzy/opt/gz_utils_vendor:/opt/ros/jazzy/opt/gz_cmake_vendor:/opt/ros/jazzy DEBUGINFOD_URLS=https://debuginfod.ubuntu.com LD_LIBRARY_PATH=/home/flug/Documents/colcon_ws/install/serial/lib:/home/flug/Documents/colcon_ws/install/delta_robot_serial/lib:/opt/ros/jazzy/opt/rviz_ogre_vendor/lib:/opt/ros/jazzy/lib/x86_64-linux-gnu:/opt/ros/jazzy/opt/gz_math_vendor/lib:/opt/ros/jazzy/opt/gz_utils_vendor/lib:/opt/ros/jazzy/opt/gz_cmake_vendor/lib:/opt/ros/jazzy/lib /usr/bin/cmake --install /home/flug/Documents/colcon_ws/build/delta_robot_serial
[6.899s] Level 1:colcon.colcon_core.environment:create_environment_scripts_only(delta_robot_serial)
[6.899s] Level 1:colcon.colcon_core.environment:checking '/home/flug/Documents/colcon_ws/install/delta_robot_serial' for CMake module files
[6.900s] Level 1:colcon.colcon_core.environment:checking '/home/flug/Documents/colcon_ws/install/delta_robot_serial' for CMake config files
[6.901s] DEBUG:colcon.colcon_core.event_handler.log_command:Invoked command in '/home/flug/Documents/colcon_ws/build/delta_robot_serial' returned '0': CMAKE_PREFIX_PATH=/home/flug/Documents/colcon_ws/install/serial:/home/flug/Documents/colcon_ws/install/delta_robot_serial:/home/flug/Documents/colcon_ws/install/delta_robot_description:/opt/ros/jazzy/opt/gz_math_vendor:/opt/ros/jazzy/opt/gz_utils_vendor:/opt/ros/jazzy/opt/gz_cmake_vendor:/opt/ros/jazzy DEBUGINFOD_URLS=https://debuginfod.ubuntu.com LD_LIBRARY_PATH=/home/flug/Documents/colcon_ws/install/serial/lib:/home/flug/Documents/colcon_ws/install/delta_robot_serial/lib:/opt/ros/jazzy/opt/rviz_ogre_vendor/lib:/opt/ros/jazzy/lib/x86_64-linux-gnu:/opt/ros/jazzy/opt/gz_math_vendor/lib:/opt/ros/jazzy/opt/gz_utils_vendor/lib:/opt/ros/jazzy/opt/gz_cmake_vendor/lib:/opt/ros/jazzy/lib /usr/bin/cmake --install /home/flug/Documents/colcon_ws/build/delta_robot_serial
[6.902s] Level 1:colcon.colcon_core.shell:create_environment_hook('delta_robot_serial', 'cmake_prefix_path')
[6.902s] INFO:colcon.colcon_core.shell:Creating environment hook '/home/flug/Documents/colcon_ws/install/delta_robot_serial/share/delta_robot_serial/hook/cmake_prefix_path.ps1'
[6.902s] INFO:colcon.colcon_core.shell:Creating environment descriptor '/home/flug/Documents/colcon_ws/install/delta_robot_serial/share/delta_robot_serial/hook/cmake_prefix_path.dsv'
[6.902s] INFO:colcon.colcon_core.shell:Creating environment hook '/home/flug/Documents/colcon_ws/install/delta_robot_serial/share/delta_robot_serial/hook/cmake_prefix_path.sh'
[6.903s] Level 1:colcon.colcon_core.environment:checking '/home/flug/Documents/colcon_ws/install/delta_robot_serial/lib'
[6.903s] Level 1:colcon.colcon_core.shell:create_environment_hook('delta_robot_serial', 'ld_library_path_lib')
[6.903s] INFO:colcon.colcon_core.shell:Creating environment hook '/home/flug/Documents/colcon_ws/install/delta_robot_serial/share/delta_robot_serial/hook/ld_library_path_lib.ps1'
[6.903s] INFO:colcon.colcon_core.shell:Creating environment descriptor '/home/flug/Documents/colcon_ws/install/delta_robot_serial/share/delta_robot_serial/hook/ld_library_path_lib.dsv'
[6.903s] INFO:colcon.colcon_core.shell:Creating environment hook '/home/flug/Documents/colcon_ws/install/delta_robot_serial/share/delta_robot_serial/hook/ld_library_path_lib.sh'
[6.904s] Level 1:colcon.colcon_core.environment:checking '/home/flug/Documents/colcon_ws/install/delta_robot_serial/bin'
[6.904s] Level 1:colcon.colcon_core.environment:checking '/home/flug/Documents/colcon_ws/install/delta_robot_serial/lib/pkgconfig/delta_robot_serial.pc'
[6.904s] Level 1:colcon.colcon_core.environment:checking '/home/flug/Documents/colcon_ws/install/delta_robot_serial/lib/python3.12/site-packages'
[6.904s] Level 1:colcon.colcon_core.shell:create_environment_hook('delta_robot_serial', 'pythonpath')
[6.904s] INFO:colcon.colcon_core.shell:Creating environment hook '/home/flug/Documents/colcon_ws/install/delta_robot_serial/share/delta_robot_serial/hook/pythonpath.ps1'
[6.904s] INFO:colcon.colcon_core.shell:Creating environment descriptor '/home/flug/Documents/colcon_ws/install/delta_robot_serial/share/delta_robot_serial/hook/pythonpath.dsv'
[6.905s] INFO:colcon.colcon_core.shell:Creating environment hook '/home/flug/Documents/colcon_ws/install/delta_robot_serial/share/delta_robot_serial/hook/pythonpath.sh'
[6.905s] Level 1:colcon.colcon_core.environment:checking '/home/flug/Documents/colcon_ws/install/delta_robot_serial/bin'
[6.905s] INFO:colcon.colcon_core.shell:Creating package script '/home/flug/Documents/colcon_ws/install/delta_robot_serial/share/delta_robot_serial/package.ps1'
[6.906s] INFO:colcon.colcon_core.shell:Creating package descriptor '/home/flug/Documents/colcon_ws/install/delta_robot_serial/share/delta_robot_serial/package.dsv'
[6.906s] INFO:colcon.colcon_core.shell:Creating package script '/home/flug/Documents/colcon_ws/install/delta_robot_serial/share/delta_robot_serial/package.sh'
[6.906s] INFO:colcon.colcon_core.shell:Creating package script '/home/flug/Documents/colcon_ws/install/delta_robot_serial/share/delta_robot_serial/package.bash'
[6.906s] INFO:colcon.colcon_core.shell:Creating package script '/home/flug/Documents/colcon_ws/install/delta_robot_serial/share/delta_robot_serial/package.zsh'
[6.907s] Level 1:colcon.colcon_core.environment:create_file_with_runtime_dependencies(/home/flug/Documents/colcon_ws/install/delta_robot_serial/share/colcon-core/packages/delta_robot_serial)
[6.907s] Level 1:colcon.colcon_core.environment:create_environment_scripts_only(delta_robot_serial)
[6.907s] Level 1:colcon.colcon_core.environment:checking '/home/flug/Documents/colcon_ws/install/delta_robot_serial' for CMake module files
[6.908s] Level 1:colcon.colcon_core.environment:checking '/home/flug/Documents/colcon_ws/install/delta_robot_serial' for CMake config files
[6.908s] Level 1:colcon.colcon_core.shell:create_environment_hook('delta_robot_serial', 'cmake_prefix_path')
[6.908s] INFO:colcon.colcon_core.shell:Creating environment hook '/home/flug/Documents/colcon_ws/install/delta_robot_serial/share/delta_robot_serial/hook/cmake_prefix_path.ps1'
[6.909s] INFO:colcon.colcon_core.shell:Creating environment descriptor '/home/flug/Documents/colcon_ws/install/delta_robot_serial/share/delta_robot_serial/hook/cmake_prefix_path.dsv'
[6.909s] INFO:colcon.colcon_core.shell:Creating environment hook '/home/flug/Documents/colcon_ws/install/delta_robot_serial/share/delta_robot_serial/hook/cmake_prefix_path.sh'
[6.909s] Level 1:colcon.colcon_core.environment:checking '/home/flug/Documents/colcon_ws/install/delta_robot_serial/lib'
[6.909s] Level 1:colcon.colcon_core.shell:create_environment_hook('delta_robot_serial', 'ld_library_path_lib')
[6.909s] INFO:colcon.colcon_core.shell:Creating environment hook '/home/flug/Documents/colcon_ws/install/delta_robot_serial/share/delta_robot_serial/hook/ld_library_path_lib.ps1'
[6.910s] INFO:colcon.colcon_core.shell:Creating environment descriptor '/home/flug/Documents/colcon_ws/install/delta_robot_serial/share/delta_robot_serial/hook/ld_library_path_lib.dsv'
[6.910s] INFO:colcon.colcon_core.shell:Creating environment hook '/home/flug/Documents/colcon_ws/install/delta_robot_serial/share/delta_robot_serial/hook/ld_library_path_lib.sh'
[6.910s] Level 1:colcon.colcon_core.environment:checking '/home/flug/Documents/colcon_ws/install/delta_robot_serial/bin'
[6.910s] Level 1:colcon.colcon_core.environment:checking '/home/flug/Documents/colcon_ws/install/delta_robot_serial/lib/pkgconfig/delta_robot_serial.pc'
[6.910s] Level 1:colcon.colcon_core.environment:checking '/home/flug/Documents/colcon_ws/install/delta_robot_serial/lib/python3.12/site-packages'
[6.911s] Level 1:colcon.colcon_core.shell:create_environment_hook('delta_robot_serial', 'pythonpath')
[6.911s] INFO:colcon.colcon_core.shell:Creating environment hook '/home/flug/Documents/colcon_ws/install/delta_robot_serial/share/delta_robot_serial/hook/pythonpath.ps1'
[6.911s] INFO:colcon.colcon_core.shell:Creating environment descriptor '/home/flug/Documents/colcon_ws/install/delta_robot_serial/share/delta_robot_serial/hook/pythonpath.dsv'
[6.911s] INFO:colcon.colcon_core.shell:Creating environment hook '/home/flug/Documents/colcon_ws/install/delta_robot_serial/share/delta_robot_serial/hook/pythonpath.sh'
[6.912s] Level 1:colcon.colcon_core.environment:checking '/home/flug/Documents/colcon_ws/install/delta_robot_serial/bin'
[6.912s] INFO:colcon.colcon_core.shell:Creating package script '/home/flug/Documents/colcon_ws/install/delta_robot_serial/share/delta_robot_serial/package.ps1'
[6.912s] INFO:colcon.colcon_core.shell:Creating package descriptor '/home/flug/Documents/colcon_ws/install/delta_robot_serial/share/delta_robot_serial/package.dsv'
[6.912s] INFO:colcon.colcon_core.shell:Creating package script '/home/flug/Documents/colcon_ws/install/delta_robot_serial/share/delta_robot_serial/package.sh'
[6.913s] INFO:colcon.colcon_core.shell:Creating package script '/home/flug/Documents/colcon_ws/install/delta_robot_serial/share/delta_robot_serial/package.bash'
[6.913s] INFO:colcon.colcon_core.shell:Creating package script '/home/flug/Documents/colcon_ws/install/delta_robot_serial/share/delta_robot_serial/package.zsh'
[6.913s] Level 1:colcon.colcon_core.environment:create_file_with_runtime_dependencies(/home/flug/Documents/colcon_ws/install/delta_robot_serial/share/colcon-core/packages/delta_robot_serial)
[6.913s] DEBUG:colcon.colcon_parallel_executor.executor.parallel:closing loop
[6.913s] DEBUG:colcon.colcon_parallel_executor.executor.parallel:loop closed
[6.914s] DEBUG:colcon.colcon_parallel_executor.executor.parallel:run_until_complete finished with '0'
[6.914s] DEBUG:colcon.colcon_core.event_reactor:joining thread
[6.918s] INFO:colcon.colcon_core.plugin_system:Skipping extension 'colcon_notification.desktop_notification.terminal_notifier': Not used on non-Darwin systems
[6.919s] INFO:colcon.colcon_core.plugin_system:Skipping extension 'colcon_notification.desktop_notification.win32': Not used on non-Windows systems
[6.919s] INFO:colcon.colcon_notification.desktop_notification:Sending desktop notification using 'notify2'
[6.928s] DEBUG:colcon.colcon_core.event_reactor:joined thread
[6.928s] INFO:colcon.colcon_core.shell:Creating prefix script '/home/flug/Documents/colcon_ws/install/local_setup.ps1'
[6.928s] INFO:colcon.colcon_core.shell:Creating prefix util module '/home/flug/Documents/colcon_ws/install/_local_setup_util_ps1.py'
[6.929s] INFO:colcon.colcon_core.shell:Creating prefix chain script '/home/flug/Documents/colcon_ws/install/setup.ps1'
[6.930s] INFO:colcon.colcon_core.shell:Creating prefix script '/home/flug/Documents/colcon_ws/install/local_setup.sh'
[6.930s] INFO:colcon.colcon_core.shell:Creating prefix util module '/home/flug/Documents/colcon_ws/install/_local_setup_util_sh.py'
[6.931s] INFO:colcon.colcon_core.shell:Creating prefix chain script '/home/flug/Documents/colcon_ws/install/setup.sh'
[6.931s] INFO:colcon.colcon_core.shell:Creating prefix script '/home/flug/Documents/colcon_ws/install/local_setup.bash'
[6.931s] INFO:colcon.colcon_core.shell:Creating prefix chain script '/home/flug/Documents/colcon_ws/install/setup.bash'
[6.932s] INFO:colcon.colcon_core.shell:Creating prefix script '/home/flug/Documents/colcon_ws/install/local_setup.zsh'
[6.932s] INFO:colcon.colcon_core.shell:Creating prefix chain script '/home/flug/Documents/colcon_ws/install/setup.zsh'
