[0.006s] Invoking command in '/home/flug/Documents/colcon_ws/build/delta_robot_serial': AMENT_PREFIX_PATH=/home/flug/Documents/colcon_ws/install/serial:${AMENT_PREFIX_PATH} CMAKE_PREFIX_PATH=/home/flug/Documents/colcon_ws/install/serial:/opt/ros/jazzy/opt/gz_math_vendor:/opt/ros/jazzy/opt/gz_utils_vendor:/opt/ros/jazzy/opt/gz_cmake_vendor:/opt/ros/jazzy DEBUGINFOD_URLS=https://debuginfod.ubuntu.com LD_LIBRARY_PATH=/home/flug/Documents/colcon_ws/install/serial/lib:${LD_LIBRARY_PATH} /usr/bin/cmake --build /home/flug/Documents/colcon_ws/build/delta_robot_serial -- -j16 -l16
[0.021s] -- Found ament_cmake: 2.5.6 (/opt/ros/jazzy/share/ament_cmake/cmake)
[0.158s] -- Found rclcpp: 28.1.21 (/opt/ros/jazzy/share/rclcpp/cmake)
[0.176s] -- Found rosidl_generator_c: 4.6.9 (/opt/ros/jazzy/share/rosidl_generator_c/cmake)
[0.182s] -- Found rosidl_generator_cpp: 4.6.9 (/opt/ros/jazzy/share/rosidl_generator_cpp/cmake)
[0.190s] -- Using all available rosidl_typesupport_c: rosidl_typesupport_fastrtps_c;rosidl_typesupport_introspection_c
[0.199s] -- Using all available rosidl_typesupport_cpp: rosidl_typesupport_fastrtps_cpp;rosidl_typesupport_introspection_cpp
[0.239s] -- Found rmw_implementation_cmake: 7.3.3 (/opt/ros/jazzy/share/rmw_implementation_cmake/cmake)
[0.240s] -- Found rmw_fastrtps_cpp: 8.4.4 (/opt/ros/jazzy/share/rmw_fastrtps_cpp/cmake)
[0.281s] -- Using RMW implementation 'rmw_fastrtps_cpp' as default
[0.326s] -- Found serial: 1.2.1 (/home/flug/Documents/colcon_ws/install/serial/share/serial/cmake)
[0.327s] -- Found sensor_msgs: 5.3.8 (/opt/ros/jazzy/share/sensor_msgs/cmake)
[0.365s] -- Found rosidl_default_generators: 1.6.1 (/opt/ros/jazzy/share/rosidl_default_generators/cmake)
[0.372s] -- Found rosidl_adapter: 4.6.9 (/opt/ros/jazzy/share/rosidl_adapter/cmake)
[0.548s] [31mCMake Error at /opt/ros/jazzy/share/rosidl_adapter/cmake/rosidl_adapt_interfaces.cmake:57 (message):
[0.548s]   execute_process(/usr/bin/python3 -m rosidl_adapter --package-name
[0.548s]   delta_robot_serial --arguments-file
[0.548s]   /home/flug/Documents/colcon_ws/build/delta_robot_serial/rosidl_adapter__arguments__delta_robot_serial.json
[0.548s]   --output-dir
[0.548s]   /home/flug/Documents/colcon_ws/build/delta_robot_serial/rosidl_adapter/delta_robot_serial
[0.548s]   --output-file
[0.548s]   /home/flug/Documents/colcon_ws/build/delta_robot_serial/rosidl_adapter/delta_robot_serial.idls)
[0.548s]   returned error code 1:
[0.548s] 
[0.549s]   Traceback (most recent call last):
[0.549s] 
[0.549s]     File "<frozen runpy>", line 198, in _run_module_as_main
[0.549s]     File "<frozen runpy>", line 88, in _run_code
[0.549s]     File "/opt/ros/jazzy/lib/python3.12/site-packages/rosidl_adapter/__main__.py", line 19, in <module>
[0.549s]       sys.exit(main())
[0.549s]                ^^^^^^
[0.549s]     File "/opt/ros/jazzy/lib/python3.12/site-packages/rosidl_adapter/main.py", line 53, in main
[0.549s]       abs_idl_file = convert_to_idl(
[0.549s]                      ^^^^^^^^^^^^^^^
[0.549s]     File "/opt/ros/jazzy/lib/python3.12/site-packages/rosidl_adapter/__init__.py", line 24, in convert_to_idl
[0.549s]       return convert_srv_to_idl(
[0.549s]              ^^^^^^^^^^^^^^^^^^^
[0.549s]     File "/opt/ros/jazzy/lib/python3.12/site-packages/rosidl_adapter/srv/__init__.py", line 28, in convert_srv_to_idl
[0.549s]       srv = parse_service_string(package_name, input_file.stem, content)
[0.550s]             ^^^^^^^^^^^^^^^^^^^^^^^^^^^^^^^^^^^^^^^^^^^^^^^^^^^^^^^^^^^^
[0.550s]     File "/opt/ros/jazzy/lib/python3.12/site-packages/rosidl_adapter/parser.py", line 860, in parse_service_string
[0.550s]       request_message = parse_message_string(
[0.550s]                         ^^^^^^^^^^^^^^^^^^^^^
[0.550s]     File "/opt/ros/jazzy/lib/python3.12/site-packages/rosidl_adapter/parser.py", line 545, in parse_message_string
[0.550s]       msg = MessageSpecification(pkg_name, msg_name, fields, constants)
[0.550s]             ^^^^^^^^^^^^^^^^^^^^^^^^^^^^^^^^^^^^^^^^^^^^^^^^^^^^^^^^^^^
[0.550s]     File "/opt/ros/jazzy/lib/python3.12/site-packages/rosidl_adapter/parser.py", line 389, in __init__
[0.550s]       self.base_type = BaseType(
[0.550s]                        ^^^^^^^^^
[0.550s]     File "/opt/ros/jazzy/lib/python3.12/site-packages/rosidl_adapter/parser.py", line 206, in __init__
[0.550s]       raise InvalidResourceName(
[0.550s] 
[0.550s]   rosidl_adapter.parser.InvalidResourceName: 'ikin_Request' is an invalid
[0.550s]   message name.  It should have the pattern '^[A-Z][A-Za-z0-9]*$'
[0.550s] 
[0.551s] Call Stack (most recent call first):
[0.551s]   /opt/ros/jazzy/share/rosidl_cmake/cmake/rosidl_generate_interfaces.cmake:132 (rosidl_adapt_interfaces)
[0.551s]   CMakeLists.txt:17 (rosidl_generate_interfaces)
[0.551s] 
[0.551s] [0m
[0.551s] -- Configuring incomplete, errors occurred!
[0.555s] gmake: *** [Makefile:308: cmake_check_build_system] Error 1
[0.556s] Invoked command in '/home/flug/Documents/colcon_ws/build/delta_robot_serial' returned '2': AMENT_PREFIX_PATH=/home/flug/Documents/colcon_ws/install/serial:${AMENT_PREFIX_PATH} CMAKE_PREFIX_PATH=/home/flug/Documents/colcon_ws/install/serial:/opt/ros/jazzy/opt/gz_math_vendor:/opt/ros/jazzy/opt/gz_utils_vendor:/opt/ros/jazzy/opt/gz_cmake_vendor:/opt/ros/jazzy DEBUGINFOD_URLS=https://debuginfod.ubuntu.com LD_LIBRARY_PATH=/home/flug/Documents/colcon_ws/install/serial/lib:${LD_LIBRARY_PATH} /usr/bin/cmake --build /home/flug/Documents/colcon_ws/build/delta_robot_serial -- -j16 -l16
