[0.017s] Invoking command in '/home/flug/Documents/colcon_ws/build/serial': CMAKE_PREFIX_PATH=${CMAKE_PREFIX_PATH}:/opt/ros/jazzy DEBUGINFOD_URLS=https://debuginfod.ubuntu.com /usr/bin/cmake --build /home/flug/Documents/colcon_ws/build/serial -- -j16 -l16
[0.060s] [100%] Built target serial
[0.070s] Invoked command in '/home/flug/Documents/colcon_ws/build/serial' returned '0': CMAKE_PREFIX_PATH=${CMAKE_PREFIX_PATH}:/opt/ros/jazzy DEBUGINFOD_URLS=https://debuginfod.ubuntu.com /usr/bin/cmake --build /home/flug/Documents/colcon_ws/build/serial -- -j16 -l16
[0.078s] Invoking command in '/home/flug/Documents/colcon_ws/build/serial': CMAKE_PREFIX_PATH=${CMAKE_PREFIX_PATH}:/opt/ros/jazzy DEBUGINFOD_URLS=https://debuginfod.ubuntu.com /usr/bin/cmake --install /home/flug/Documents/colcon_ws/build/serial
[0.084s] -- Install configuration: ""
[0.084s] -- Up-to-date: /home/flug/Documents/colcon_ws/install/serial/share/serial/environment/library_path.sh
[0.084s] -- Up-to-date: /home/flug/Documents/colcon_ws/install/serial/share/serial/environment/library_path.dsv
[0.084s] -- Up-to-date: /home/flug/Documents/colcon_ws/install/serial/lib/libserial.so
[0.085s] -- Up-to-date: /home/flug/Documents/colcon_ws/install/serial/include/serial/serial.h
[0.085s] -- Up-to-date: /home/flug/Documents/colcon_ws/install/serial/include/serial/v8stdint.h
[0.085s] -- Up-to-date: /home/flug/Documents/colcon_ws/install/serial/share/ament_index/resource_index/package_run_dependencies/serial
[0.085s] -- Up-to-date: /home/flug/Documents/colcon_ws/install/serial/share/ament_index/resource_index/parent_prefix_path/serial
[0.085s] -- Up-to-date: /home/flug/Documents/colcon_ws/install/serial/share/serial/environment/ament_prefix_path.sh
[0.085s] -- Up-to-date: /home/flug/Documents/colcon_ws/install/serial/share/serial/environment/ament_prefix_path.dsv
[0.085s] -- Up-to-date: /home/flug/Documents/colcon_ws/install/serial/share/serial/environment/path.sh
[0.085s] -- Up-to-date: /home/flug/Documents/colcon_ws/install/serial/share/serial/environment/path.dsv
[0.085s] -- Up-to-date: /home/flug/Documents/colcon_ws/install/serial/share/serial/local_setup.bash
[0.085s] -- Up-to-date: /home/flug/Documents/colcon_ws/install/serial/share/serial/local_setup.sh
[0.086s] -- Up-to-date: /home/flug/Documents/colcon_ws/install/serial/share/serial/local_setup.zsh
[0.086s] -- Up-to-date: /home/flug/Documents/colcon_ws/install/serial/share/serial/local_setup.dsv
[0.086s] -- Installing: /home/flug/Documents/colcon_ws/install/serial/share/serial/package.dsv
[0.087s] -- Up-to-date: /home/flug/Documents/colcon_ws/install/serial/share/ament_index/resource_index/packages/serial
[0.087s] -- Up-to-date: /home/flug/Documents/colcon_ws/install/serial/share/serial/cmake/ament_cmake_export_include_directories-extras.cmake
[0.087s] -- Up-to-date: /home/flug/Documents/colcon_ws/install/serial/share/serial/cmake/ament_cmake_export_libraries-extras.cmake
[0.087s] -- Up-to-date: /home/flug/Documents/colcon_ws/install/serial/share/serial/cmake/serialConfig.cmake
[0.088s] -- Up-to-date: /home/flug/Documents/colcon_ws/install/serial/share/serial/cmake/serialConfig-version.cmake
[0.088s] -- Up-to-date: /home/flug/Documents/colcon_ws/install/serial/share/serial/package.xml
[0.088s] Invoked command in '/home/flug/Documents/colcon_ws/build/serial' returned '0': CMAKE_PREFIX_PATH=${CMAKE_PREFIX_PATH}:/opt/ros/jazzy DEBUGINFOD_URLS=https://debuginfod.ubuntu.com /usr/bin/cmake --install /home/flug/Documents/colcon_ws/build/serial
