[0.108s] DEBUG:colcon:Command line arguments: ['/usr/bin/colcon', 'build']
[0.108s] DEBUG:colcon:Parsed command line arguments: Namespace(log_base=None, log_level=None, verb_name='build', build_base='build', install_base='install', merge_install=False, symlink_install=False, test_result_base=None, continue_on_error=False, executor='parallel', parallel_workers=16, event_handlers=None, ignore_user_meta=False, metas=['./colcon.meta'], base_paths=['.'], packages_ignore=None, packages_ignore_regex=None, paths=None, packages_up_to=None, packages_up_to_regex=None, packages_above=None, packages_above_and_dependencies=None, packages_above_depth=None, packages_select_by_dep=None, packages_skip_by_dep=None, packages_skip_up_to=None, packages_select_build_failed=False, packages_skip_build_finished=False, packages_select_test_failures=False, packages_skip_test_passed=False, packages_select=None, packages_skip=None, packages_select_regex=None, packages_skip_regex=None, packages_start=None, packages_end=None, allow_overriding=[], cmake_args=None, cmake_target=None, cmake_target_skip_unavailable=False, cmake_clean_cache=False, cmake_clean_first=False, cmake_force_configure=False, ament_cmake_args=None, catkin_cmake_args=None, catkin_skip_building_tests=False, mixin_files=None, mixin=None, verb_parser=<colcon_mixin.mixin.mixin_argument.MixinArgumentDecorator object at 0x7e515897e120>, verb_extension=<colcon_core.verb.build.BuildVerb object at 0x7e5158aae7e0>, main=<bound method BuildVerb.main of <colcon_core.verb.build.BuildVerb object at 0x7e5158aae7e0>>, mixin_verb=('build',))
[0.133s] Level 1:colcon.colcon_core.package_discovery:discover_packages(colcon_meta) check parameters
[0.133s] Level 1:colcon.colcon_core.package_discovery:discover_packages(recursive) check parameters
[0.133s] Level 1:colcon.colcon_core.package_discovery:discover_packages(ignore) check parameters
[0.133s] Level 1:colcon.colcon_core.package_discovery:discover_packages(path) check parameters
[0.133s] Level 1:colcon.colcon_core.package_discovery:discover_packages(colcon_meta) discover
[0.133s] Level 1:colcon.colcon_core.package_discovery:discover_packages(recursive) discover
[0.133s] INFO:colcon.colcon_core.package_discovery:Crawling recursively for packages in '/home/flug/Documents/colcon_ws'
[0.134s] Level 1:colcon.colcon_core.package_identification:_identify(.) by extensions ['ignore', 'ignore_ament_install']
[0.134s] Level 1:colcon.colcon_core.package_identification:_identify(.) by extension 'ignore'
[0.134s] Level 1:colcon.colcon_core.package_identification:_identify(.) by extension 'ignore_ament_install'
[0.134s] Level 1:colcon.colcon_core.package_identification:_identify(.) by extensions ['colcon_pkg']
[0.134s] Level 1:colcon.colcon_core.package_identification:_identify(.) by extension 'colcon_pkg'
[0.134s] Level 1:colcon.colcon_core.package_identification:_identify(.) by extensions ['colcon_meta']
[0.134s] Level 1:colcon.colcon_core.package_identification:_identify(.) by extension 'colcon_meta'
[0.134s] Level 1:colcon.colcon_core.package_identification:_identify(.) by extensions ['ros']
[0.134s] Level 1:colcon.colcon_core.package_identification:_identify(.) by extension 'ros'
[0.150s] Level 1:colcon.colcon_core.package_identification:_identify(.) by extensions ['cmake', 'python']
[0.150s] Level 1:colcon.colcon_core.package_identification:_identify(.) by extension 'cmake'
[0.150s] Level 1:colcon.colcon_core.package_identification:_identify(.) by extension 'python'
[0.150s] Level 1:colcon.colcon_core.package_identification:_identify(.) by extensions ['python_setup_py']
[0.150s] Level 1:colcon.colcon_core.package_identification:_identify(.) by extension 'python_setup_py'
[0.150s] Level 1:colcon.colcon_core.package_identification:_identify(build) by extensions ['ignore', 'ignore_ament_install']
[0.151s] Level 1:colcon.colcon_core.package_identification:_identify(build) by extension 'ignore'
[0.151s] Level 1:colcon.colcon_core.package_identification:_identify(build) ignored
[0.151s] Level 1:colcon.colcon_core.package_identification:_identify(install) by extensions ['ignore', 'ignore_ament_install']
[0.151s] Level 1:colcon.colcon_core.package_identification:_identify(install) by extension 'ignore'
[0.151s] Level 1:colcon.colcon_core.package_identification:_identify(install) ignored
[0.151s] Level 1:colcon.colcon_core.package_identification:_identify(log) by extensions ['ignore', 'ignore_ament_install']
[0.151s] Level 1:colcon.colcon_core.package_identification:_identify(log) by extension 'ignore'
[0.151s] Level 1:colcon.colcon_core.package_identification:_identify(log) ignored
[0.151s] Level 1:colcon.colcon_core.package_identification:_identify(src) by extensions ['ignore', 'ignore_ament_install']
[0.151s] Level 1:colcon.colcon_core.package_identification:_identify(src) by extension 'ignore'
[0.151s] Level 1:colcon.colcon_core.package_identification:_identify(src) by extension 'ignore_ament_install'
[0.151s] Level 1:colcon.colcon_core.package_identification:_identify(src) by extensions ['colcon_pkg']
[0.151s] Level 1:colcon.colcon_core.package_identification:_identify(src) by extension 'colcon_pkg'
[0.151s] Level 1:colcon.colcon_core.package_identification:_identify(src) by extensions ['colcon_meta']
[0.151s] Level 1:colcon.colcon_core.package_identification:_identify(src) by extension 'colcon_meta'
[0.151s] Level 1:colcon.colcon_core.package_identification:_identify(src) by extensions ['ros']
[0.151s] Level 1:colcon.colcon_core.package_identification:_identify(src) by extension 'ros'
[0.151s] Level 1:colcon.colcon_core.package_identification:_identify(src) by extensions ['cmake', 'python']
[0.151s] Level 1:colcon.colcon_core.package_identification:_identify(src) by extension 'cmake'
[0.151s] Level 1:colcon.colcon_core.package_identification:_identify(src) by extension 'python'
[0.151s] Level 1:colcon.colcon_core.package_identification:_identify(src) by extensions ['python_setup_py']
[0.151s] Level 1:colcon.colcon_core.package_identification:_identify(src) by extension 'python_setup_py'
[0.151s] Level 1:colcon.colcon_core.package_identification:_identify(src/delta_robot_description) by extensions ['ignore', 'ignore_ament_install']
[0.151s] Level 1:colcon.colcon_core.package_identification:_identify(src/delta_robot_description) by extension 'ignore'
[0.151s] Level 1:colcon.colcon_core.package_identification:_identify(src/delta_robot_description) by extension 'ignore_ament_install'
[0.151s] Level 1:colcon.colcon_core.package_identification:_identify(src/delta_robot_description) by extensions ['colcon_pkg']
[0.151s] Level 1:colcon.colcon_core.package_identification:_identify(src/delta_robot_description) by extension 'colcon_pkg'
[0.151s] Level 1:colcon.colcon_core.package_identification:_identify(src/delta_robot_description) by extensions ['colcon_meta']
[0.151s] Level 1:colcon.colcon_core.package_identification:_identify(src/delta_robot_description) by extension 'colcon_meta'
[0.152s] Level 1:colcon.colcon_core.package_identification:_identify(src/delta_robot_description) by extensions ['ros']
[0.152s] Level 1:colcon.colcon_core.package_identification:_identify(src/delta_robot_description) by extension 'ros'
[0.153s] DEBUG:colcon.colcon_core.package_identification:Package 'src/delta_robot_description' with type 'ros.ament_cmake' and name 'delta_robot_description'
[0.153s] Level 1:colcon.colcon_core.package_identification:_identify(src/delta_robot_serial) by extensions ['ignore', 'ignore_ament_install']
[0.153s] Level 1:colcon.colcon_core.package_identification:_identify(src/delta_robot_serial) by extension 'ignore'
[0.153s] Level 1:colcon.colcon_core.package_identification:_identify(src/delta_robot_serial) by extension 'ignore_ament_install'
[0.153s] Level 1:colcon.colcon_core.package_identification:_identify(src/delta_robot_serial) by extensions ['colcon_pkg']
[0.153s] Level 1:colcon.colcon_core.package_identification:_identify(src/delta_robot_serial) by extension 'colcon_pkg'
[0.153s] Level 1:colcon.colcon_core.package_identification:_identify(src/delta_robot_serial) by extensions ['colcon_meta']
[0.153s] Level 1:colcon.colcon_core.package_identification:_identify(src/delta_robot_serial) by extension 'colcon_meta'
[0.153s] Level 1:colcon.colcon_core.package_identification:_identify(src/delta_robot_serial) by extensions ['ros']
[0.153s] Level 1:colcon.colcon_core.package_identification:_identify(src/delta_robot_serial) by extension 'ros'
[0.154s] DEBUG:colcon.colcon_core.package_identification:Package 'src/delta_robot_serial' with type 'ros.ament_cmake' and name 'delta_robot_serial'
[0.154s] Level 1:colcon.colcon_core.package_identification:_identify(src/serial) by extensions ['ignore', 'ignore_ament_install']
[0.154s] Level 1:colcon.colcon_core.package_identification:_identify(src/serial) by extension 'ignore'
[0.154s] Level 1:colcon.colcon_core.package_identification:_identify(src/serial) by extension 'ignore_ament_install'
[0.154s] Level 1:colcon.colcon_core.package_identification:_identify(src/serial) by extensions ['colcon_pkg']
[0.154s] Level 1:colcon.colcon_core.package_identification:_identify(src/serial) by extension 'colcon_pkg'
[0.154s] Level 1:colcon.colcon_core.package_identification:_identify(src/serial) by extensions ['colcon_meta']
[0.154s] Level 1:colcon.colcon_core.package_identification:_identify(src/serial) by extension 'colcon_meta'
[0.154s] Level 1:colcon.colcon_core.package_identification:_identify(src/serial) by extensions ['ros']
[0.154s] Level 1:colcon.colcon_core.package_identification:_identify(src/serial) by extension 'ros'
[0.154s] DEBUG:colcon.colcon_core.package_identification:Package 'src/serial' with type 'ros.ament_cmake' and name 'serial'
[0.154s] Level 1:colcon.colcon_core.package_discovery:discover_packages(recursive) using defaults
[0.154s] Level 1:colcon.colcon_core.package_discovery:discover_packages(ignore) discover
[0.154s] Level 1:colcon.colcon_core.package_discovery:discover_packages(ignore) using defaults
[0.154s] Level 1:colcon.colcon_core.package_discovery:discover_packages(path) discover
[0.154s] Level 1:colcon.colcon_core.package_discovery:discover_packages(path) using defaults
[0.166s] Level 1:colcon.colcon_core.package_discovery:discover_packages(prefix_path) check parameters
[0.166s] Level 1:colcon.colcon_core.package_discovery:discover_packages(prefix_path) discover
[0.167s] DEBUG:colcon.colcon_installed_package_information.package_discovery:Found 3 installed packages in /home/flug/Documents/colcon_ws/install
[0.168s] DEBUG:colcon.colcon_installed_package_information.package_discovery:Found 290 installed packages in /opt/ros/jazzy
[0.169s] Level 1:colcon.colcon_core.package_discovery:discover_packages(prefix_path) using defaults
[0.195s] Level 5:colcon.colcon_core.verb:set package 'delta_robot_description' build argument 'cmake_args' from command line to 'None'
[0.195s] Level 5:colcon.colcon_core.verb:set package 'delta_robot_description' build argument 'cmake_target' from command line to 'None'
[0.195s] Level 5:colcon.colcon_core.verb:set package 'delta_robot_description' build argument 'cmake_target_skip_unavailable' from command line to 'False'
[0.195s] Level 5:colcon.colcon_core.verb:set package 'delta_robot_description' build argument 'cmake_clean_cache' from command line to 'False'
[0.195s] Level 5:colcon.colcon_core.verb:set package 'delta_robot_description' build argument 'cmake_clean_first' from command line to 'False'
[0.195s] Level 5:colcon.colcon_core.verb:set package 'delta_robot_description' build argument 'cmake_force_configure' from command line to 'False'
[0.195s] Level 5:colcon.colcon_core.verb:set package 'delta_robot_description' build argument 'ament_cmake_args' from command line to 'None'
[0.195s] Level 5:colcon.colcon_core.verb:set package 'delta_robot_description' build argument 'catkin_cmake_args' from command line to 'None'
[0.195s] Level 5:colcon.colcon_core.verb:set package 'delta_robot_description' build argument 'catkin_skip_building_tests' from command line to 'False'
[0.195s] DEBUG:colcon.colcon_core.verb:Building package 'delta_robot_description' with the following arguments: {'ament_cmake_args': None, 'build_base': '/home/flug/Documents/colcon_ws/build/delta_robot_description', 'catkin_cmake_args': None, 'catkin_skip_building_tests': False, 'cmake_args': None, 'cmake_clean_cache': False, 'cmake_clean_first': False, 'cmake_force_configure': False, 'cmake_target': None, 'cmake_target_skip_unavailable': False, 'install_base': '/home/flug/Documents/colcon_ws/install/delta_robot_description', 'merge_install': False, 'path': '/home/flug/Documents/colcon_ws/src/delta_robot_description', 'symlink_install': False, 'test_result_base': None}
[0.195s] Level 5:colcon.colcon_core.verb:set package 'serial' build argument 'cmake_args' from command line to 'None'
[0.195s] Level 5:colcon.colcon_core.verb:set package 'serial' build argument 'cmake_target' from command line to 'None'
[0.195s] Level 5:colcon.colcon_core.verb:set package 'serial' build argument 'cmake_target_skip_unavailable' from command line to 'False'
[0.195s] Level 5:colcon.colcon_core.verb:set package 'serial' build argument 'cmake_clean_cache' from command line to 'False'
[0.195s] Level 5:colcon.colcon_core.verb:set package 'serial' build argument 'cmake_clean_first' from command line to 'False'
[0.195s] Level 5:colcon.colcon_core.verb:set package 'serial' build argument 'cmake_force_configure' from command line to 'False'
[0.195s] Level 5:colcon.colcon_core.verb:set package 'serial' build argument 'ament_cmake_args' from command line to 'None'
[0.195s] Level 5:colcon.colcon_core.verb:set package 'serial' build argument 'catkin_cmake_args' from command line to 'None'
[0.195s] Level 5:colcon.colcon_core.verb:set package 'serial' build argument 'catkin_skip_building_tests' from command line to 'False'
[0.195s] DEBUG:colcon.colcon_core.verb:Building package 'serial' with the following arguments: {'ament_cmake_args': None, 'build_base': '/home/flug/Documents/colcon_ws/build/serial', 'catkin_cmake_args': None, 'catkin_skip_building_tests': False, 'cmake_args': None, 'cmake_clean_cache': False, 'cmake_clean_first': False, 'cmake_force_configure': False, 'cmake_target': None, 'cmake_target_skip_unavailable': False, 'install_base': '/home/flug/Documents/colcon_ws/install/serial', 'merge_install': False, 'path': '/home/flug/Documents/colcon_ws/src/serial', 'symlink_install': False, 'test_result_base': None}
[0.195s] Level 5:colcon.colcon_core.verb:set package 'delta_robot_serial' build argument 'cmake_args' from command line to 'None'
[0.195s] Level 5:colcon.colcon_core.verb:set package 'delta_robot_serial' build argument 'cmake_target' from command line to 'None'
[0.195s] Level 5:colcon.colcon_core.verb:set package 'delta_robot_serial' build argument 'cmake_target_skip_unavailable' from command line to 'False'
[0.195s] Level 5:colcon.colcon_core.verb:set package 'delta_robot_serial' build argument 'cmake_clean_cache' from command line to 'False'
[0.195s] Level 5:colcon.colcon_core.verb:set package 'delta_robot_serial' build argument 'cmake_clean_first' from command line to 'False'
[0.195s] Level 5:colcon.colcon_core.verb:set package 'delta_robot_serial' build argument 'cmake_force_configure' from command line to 'False'
[0.195s] Level 5:colcon.colcon_core.verb:set package 'delta_robot_serial' build argument 'ament_cmake_args' from command line to 'None'
[0.195s] Level 5:colcon.colcon_core.verb:set package 'delta_robot_serial' build argument 'catkin_cmake_args' from command line to 'None'
[0.195s] Level 5:colcon.colcon_core.verb:set package 'delta_robot_serial' build argument 'catkin_skip_building_tests' from command line to 'False'
[0.195s] DEBUG:colcon.colcon_core.verb:Building package 'delta_robot_serial' with the following arguments: {'ament_cmake_args': None, 'build_base': '/home/flug/Documents/colcon_ws/build/delta_robot_serial', 'catkin_cmake_args': None, 'catkin_skip_building_tests': False, 'cmake_args': None, 'cmake_clean_cache': False, 'cmake_clean_first': False, 'cmake_force_configure': False, 'cmake_target': None, 'cmake_target_skip_unavailable': False, 'install_base': '/home/flug/Documents/colcon_ws/install/delta_robot_serial', 'merge_install': False, 'path': '/home/flug/Documents/colcon_ws/src/delta_robot_serial', 'symlink_install': False, 'test_result_base': None}
[0.195s] INFO:colcon.colcon_core.executor:Executing jobs using 'parallel' executor
[0.196s] DEBUG:colcon.colcon_parallel_executor.executor.parallel:run_until_complete
[0.196s] INFO:colcon.colcon_ros.task.ament_cmake.build:Building ROS package in '/home/flug/Documents/colcon_ws/src/serial' with build type 'ament_cmake'
[0.196s] INFO:colcon.colcon_cmake.task.cmake.build:Building CMake package in '/home/flug/Documents/colcon_ws/src/serial'
[0.197s] INFO:colcon.colcon_core.plugin_system:Skipping extension 'colcon_core.shell.bat': Not used on non-Windows systems
[0.197s] INFO:colcon.colcon_core.shell:Skip shell extension 'powershell' for command environment: Not usable outside of PowerShell
[0.197s] DEBUG:colcon.colcon_core.shell:Skip shell extension 'dsv' for command environment
[0.200s] INFO:colcon.colcon_ros.task.ament_cmake.build:Building ROS package in '/home/flug/Documents/colcon_ws/src/delta_robot_description' with build type 'ament_cmake'
[0.200s] INFO:colcon.colcon_cmake.task.cmake.build:Building CMake package in '/home/flug/Documents/colcon_ws/src/delta_robot_description'
[0.200s] INFO:colcon.colcon_core.shell:Skip shell extension 'powershell' for command environment: Not usable outside of PowerShell
[0.200s] DEBUG:colcon.colcon_core.shell:Skip shell extension 'dsv' for command environment
[0.206s] DEBUG:colcon.colcon_core.event_handler.log_command:Invoking command in '/home/flug/Documents/colcon_ws/build/serial': CMAKE_PREFIX_PATH=${CMAKE_PREFIX_PATH}:/opt/ros/jazzy DEBUGINFOD_URLS=https://debuginfod.ubuntu.com /usr/bin/cmake --build /home/flug/Documents/colcon_ws/build/serial -- -j16 -l16
[0.208s] DEBUG:colcon.colcon_core.event_handler.log_command:Invoking command in '/home/flug/Documents/colcon_ws/build/delta_robot_description': CMAKE_PREFIX_PATH=${CMAKE_PREFIX_PATH}:/opt/ros/jazzy DEBUGINFOD_URLS=https://debuginfod.ubuntu.com /usr/bin/cmake --build /home/flug/Documents/colcon_ws/build/delta_robot_description -- -j16 -l16
[0.229s] DEBUG:colcon.colcon_core.event_handler.log_command:Invoked command in '/home/flug/Documents/colcon_ws/build/delta_robot_description' returned '0': CMAKE_PREFIX_PATH=${CMAKE_PREFIX_PATH}:/opt/ros/jazzy DEBUGINFOD_URLS=https://debuginfod.ubuntu.com /usr/bin/cmake --build /home/flug/Documents/colcon_ws/build/delta_robot_description -- -j16 -l16
[0.235s] DEBUG:colcon.colcon_core.event_handler.log_command:Invoking command in '/home/flug/Documents/colcon_ws/build/delta_robot_description': CMAKE_PREFIX_PATH=${CMAKE_PREFIX_PATH}:/opt/ros/jazzy DEBUGINFOD_URLS=https://debuginfod.ubuntu.com /usr/bin/cmake --install /home/flug/Documents/colcon_ws/build/delta_robot_description
[0.242s] Level 1:colcon.colcon_core.environment:create_environment_scripts_only(delta_robot_description)
[0.242s] DEBUG:colcon.colcon_core.event_handler.log_command:Invoked command in '/home/flug/Documents/colcon_ws/build/delta_robot_description' returned '0': CMAKE_PREFIX_PATH=${CMAKE_PREFIX_PATH}:/opt/ros/jazzy DEBUGINFOD_URLS=https://debuginfod.ubuntu.com /usr/bin/cmake --install /home/flug/Documents/colcon_ws/build/delta_robot_description
[0.244s] Level 1:colcon.colcon_core.environment:checking '/home/flug/Documents/colcon_ws/install/delta_robot_description' for CMake module files
[0.244s] Level 1:colcon.colcon_core.environment:checking '/home/flug/Documents/colcon_ws/install/delta_robot_description' for CMake config files
[0.244s] Level 1:colcon.colcon_core.shell:create_environment_hook('delta_robot_description', 'cmake_prefix_path')
[0.244s] INFO:colcon.colcon_core.shell:Creating environment hook '/home/flug/Documents/colcon_ws/install/delta_robot_description/share/delta_robot_description/hook/cmake_prefix_path.ps1'
[0.245s] INFO:colcon.colcon_core.shell:Creating environment descriptor '/home/flug/Documents/colcon_ws/install/delta_robot_description/share/delta_robot_description/hook/cmake_prefix_path.dsv'
[0.245s] INFO:colcon.colcon_core.shell:Creating environment hook '/home/flug/Documents/colcon_ws/install/delta_robot_description/share/delta_robot_description/hook/cmake_prefix_path.sh'
[0.245s] Level 1:colcon.colcon_core.environment:checking '/home/flug/Documents/colcon_ws/install/delta_robot_description/bin'
[0.246s] Level 1:colcon.colcon_core.environment:checking '/home/flug/Documents/colcon_ws/install/delta_robot_description/lib/pkgconfig/delta_robot_description.pc'
[0.246s] Level 1:colcon.colcon_core.environment:checking '/home/flug/Documents/colcon_ws/install/delta_robot_description/lib/python3.12/site-packages'
[0.246s] Level 1:colcon.colcon_core.environment:checking '/home/flug/Documents/colcon_ws/install/delta_robot_description/bin'
[0.246s] INFO:colcon.colcon_core.shell:Creating package script '/home/flug/Documents/colcon_ws/install/delta_robot_description/share/delta_robot_description/package.ps1'
[0.247s] INFO:colcon.colcon_core.shell:Creating package descriptor '/home/flug/Documents/colcon_ws/install/delta_robot_description/share/delta_robot_description/package.dsv'
[0.247s] INFO:colcon.colcon_core.shell:Creating package script '/home/flug/Documents/colcon_ws/install/delta_robot_description/share/delta_robot_description/package.sh'
[0.247s] INFO:colcon.colcon_core.shell:Creating package script '/home/flug/Documents/colcon_ws/install/delta_robot_description/share/delta_robot_description/package.bash'
[0.248s] INFO:colcon.colcon_core.shell:Creating package script '/home/flug/Documents/colcon_ws/install/delta_robot_description/share/delta_robot_description/package.zsh'
[0.248s] Level 1:colcon.colcon_core.environment:create_file_with_runtime_dependencies(/home/flug/Documents/colcon_ws/install/delta_robot_description/share/colcon-core/packages/delta_robot_description)
[0.248s] Level 1:colcon.colcon_core.environment:create_environment_scripts_only(delta_robot_description)
[0.249s] Level 1:colcon.colcon_core.environment:checking '/home/flug/Documents/colcon_ws/install/delta_robot_description' for CMake module files
[0.249s] Level 1:colcon.colcon_core.environment:checking '/home/flug/Documents/colcon_ws/install/delta_robot_description' for CMake config files
[0.249s] Level 1:colcon.colcon_core.shell:create_environment_hook('delta_robot_description', 'cmake_prefix_path')
[0.249s] INFO:colcon.colcon_core.shell:Creating environment hook '/home/flug/Documents/colcon_ws/install/delta_robot_description/share/delta_robot_description/hook/cmake_prefix_path.ps1'
[0.249s] INFO:colcon.colcon_core.shell:Creating environment descriptor '/home/flug/Documents/colcon_ws/install/delta_robot_description/share/delta_robot_description/hook/cmake_prefix_path.dsv'
[0.250s] INFO:colcon.colcon_core.shell:Creating environment hook '/home/flug/Documents/colcon_ws/install/delta_robot_description/share/delta_robot_description/hook/cmake_prefix_path.sh'
[0.250s] Level 1:colcon.colcon_core.environment:checking '/home/flug/Documents/colcon_ws/install/delta_robot_description/bin'
[0.250s] Level 1:colcon.colcon_core.environment:checking '/home/flug/Documents/colcon_ws/install/delta_robot_description/lib/pkgconfig/delta_robot_description.pc'
[0.250s] Level 1:colcon.colcon_core.environment:checking '/home/flug/Documents/colcon_ws/install/delta_robot_description/lib/python3.12/site-packages'
[0.250s] Level 1:colcon.colcon_core.environment:checking '/home/flug/Documents/colcon_ws/install/delta_robot_description/bin'
[0.250s] INFO:colcon.colcon_core.shell:Creating package script '/home/flug/Documents/colcon_ws/install/delta_robot_description/share/delta_robot_description/package.ps1'
[0.251s] INFO:colcon.colcon_core.shell:Creating package descriptor '/home/flug/Documents/colcon_ws/install/delta_robot_description/share/delta_robot_description/package.dsv'
[0.251s] INFO:colcon.colcon_core.shell:Creating package script '/home/flug/Documents/colcon_ws/install/delta_robot_description/share/delta_robot_description/package.sh'
[0.251s] INFO:colcon.colcon_core.shell:Creating package script '/home/flug/Documents/colcon_ws/install/delta_robot_description/share/delta_robot_description/package.bash'
[0.252s] INFO:colcon.colcon_core.shell:Creating package script '/home/flug/Documents/colcon_ws/install/delta_robot_description/share/delta_robot_description/package.zsh'
[0.252s] Level 1:colcon.colcon_core.environment:create_file_with_runtime_dependencies(/home/flug/Documents/colcon_ws/install/delta_robot_description/share/colcon-core/packages/delta_robot_description)
[0.253s] DEBUG:colcon.colcon_core.event_handler.log_command:Invoked command in '/home/flug/Documents/colcon_ws/build/serial' returned '0': CMAKE_PREFIX_PATH=${CMAKE_PREFIX_PATH}:/opt/ros/jazzy DEBUGINFOD_URLS=https://debuginfod.ubuntu.com /usr/bin/cmake --build /home/flug/Documents/colcon_ws/build/serial -- -j16 -l16
[0.253s] DEBUG:colcon.colcon_core.event_handler.log_command:Invoking command in '/home/flug/Documents/colcon_ws/build/serial': CMAKE_PREFIX_PATH=${CMAKE_PREFIX_PATH}:/opt/ros/jazzy DEBUGINFOD_URLS=https://debuginfod.ubuntu.com /usr/bin/cmake --install /home/flug/Documents/colcon_ws/build/serial
[0.259s] Level 1:colcon.colcon_core.environment:create_environment_scripts_only(serial)
[0.259s] Level 1:colcon.colcon_core.environment:checking '/home/flug/Documents/colcon_ws/install/serial' for CMake module files
[0.260s] DEBUG:colcon.colcon_core.event_handler.log_command:Invoked command in '/home/flug/Documents/colcon_ws/build/serial' returned '0': CMAKE_PREFIX_PATH=${CMAKE_PREFIX_PATH}:/opt/ros/jazzy DEBUGINFOD_URLS=https://debuginfod.ubuntu.com /usr/bin/cmake --install /home/flug/Documents/colcon_ws/build/serial
[0.260s] Level 1:colcon.colcon_core.environment:checking '/home/flug/Documents/colcon_ws/install/serial' for CMake config files
[0.260s] Level 1:colcon.colcon_core.shell:create_environment_hook('serial', 'cmake_prefix_path')
[0.260s] INFO:colcon.colcon_core.shell:Creating environment hook '/home/flug/Documents/colcon_ws/install/serial/share/serial/hook/cmake_prefix_path.ps1'
[0.261s] INFO:colcon.colcon_core.shell:Creating environment descriptor '/home/flug/Documents/colcon_ws/install/serial/share/serial/hook/cmake_prefix_path.dsv'
[0.261s] INFO:colcon.colcon_core.shell:Creating environment hook '/home/flug/Documents/colcon_ws/install/serial/share/serial/hook/cmake_prefix_path.sh'
[0.261s] Level 1:colcon.colcon_core.environment:checking '/home/flug/Documents/colcon_ws/install/serial/lib'
[0.261s] Level 1:colcon.colcon_core.shell:create_environment_hook('serial', 'ld_library_path_lib')
[0.261s] INFO:colcon.colcon_core.shell:Creating environment hook '/home/flug/Documents/colcon_ws/install/serial/share/serial/hook/ld_library_path_lib.ps1'
[0.262s] INFO:colcon.colcon_core.shell:Creating environment descriptor '/home/flug/Documents/colcon_ws/install/serial/share/serial/hook/ld_library_path_lib.dsv'
[0.262s] INFO:colcon.colcon_core.shell:Creating environment hook '/home/flug/Documents/colcon_ws/install/serial/share/serial/hook/ld_library_path_lib.sh'
[0.262s] Level 1:colcon.colcon_core.environment:checking '/home/flug/Documents/colcon_ws/install/serial/bin'
[0.262s] Level 1:colcon.colcon_core.environment:checking '/home/flug/Documents/colcon_ws/install/serial/lib/pkgconfig/serial.pc'
[0.262s] Level 1:colcon.colcon_core.environment:checking '/home/flug/Documents/colcon_ws/install/serial/lib/python3.12/site-packages'
[0.262s] Level 1:colcon.colcon_core.environment:checking '/home/flug/Documents/colcon_ws/install/serial/bin'
[0.263s] INFO:colcon.colcon_core.shell:Creating package script '/home/flug/Documents/colcon_ws/install/serial/share/serial/package.ps1'
[0.263s] INFO:colcon.colcon_core.shell:Creating package descriptor '/home/flug/Documents/colcon_ws/install/serial/share/serial/package.dsv'
[0.263s] INFO:colcon.colcon_core.shell:Creating package script '/home/flug/Documents/colcon_ws/install/serial/share/serial/package.sh'
[0.263s] INFO:colcon.colcon_core.shell:Creating package script '/home/flug/Documents/colcon_ws/install/serial/share/serial/package.bash'
[0.264s] INFO:colcon.colcon_core.shell:Creating package script '/home/flug/Documents/colcon_ws/install/serial/share/serial/package.zsh'
[0.264s] Level 1:colcon.colcon_core.environment:create_file_with_runtime_dependencies(/home/flug/Documents/colcon_ws/install/serial/share/colcon-core/packages/serial)
[0.264s] Level 1:colcon.colcon_core.environment:create_environment_scripts_only(serial)
[0.264s] Level 1:colcon.colcon_core.environment:checking '/home/flug/Documents/colcon_ws/install/serial' for CMake module files
[0.264s] Level 1:colcon.colcon_core.environment:checking '/home/flug/Documents/colcon_ws/install/serial' for CMake config files
[0.265s] Level 1:colcon.colcon_core.shell:create_environment_hook('serial', 'cmake_prefix_path')
[0.265s] INFO:colcon.colcon_core.shell:Creating environment hook '/home/flug/Documents/colcon_ws/install/serial/share/serial/hook/cmake_prefix_path.ps1'
[0.265s] INFO:colcon.colcon_core.shell:Creating environment descriptor '/home/flug/Documents/colcon_ws/install/serial/share/serial/hook/cmake_prefix_path.dsv'
[0.265s] INFO:colcon.colcon_core.shell:Creating environment hook '/home/flug/Documents/colcon_ws/install/serial/share/serial/hook/cmake_prefix_path.sh'
[0.265s] Level 1:colcon.colcon_core.environment:checking '/home/flug/Documents/colcon_ws/install/serial/lib'
[0.265s] Level 1:colcon.colcon_core.shell:create_environment_hook('serial', 'ld_library_path_lib')
[0.266s] INFO:colcon.colcon_core.shell:Creating environment hook '/home/flug/Documents/colcon_ws/install/serial/share/serial/hook/ld_library_path_lib.ps1'
[0.266s] INFO:colcon.colcon_core.shell:Creating environment descriptor '/home/flug/Documents/colcon_ws/install/serial/share/serial/hook/ld_library_path_lib.dsv'
[0.266s] INFO:colcon.colcon_core.shell:Creating environment hook '/home/flug/Documents/colcon_ws/install/serial/share/serial/hook/ld_library_path_lib.sh'
[0.266s] Level 1:colcon.colcon_core.environment:checking '/home/flug/Documents/colcon_ws/install/serial/bin'
[0.266s] Level 1:colcon.colcon_core.environment:checking '/home/flug/Documents/colcon_ws/install/serial/lib/pkgconfig/serial.pc'
[0.266s] Level 1:colcon.colcon_core.environment:checking '/home/flug/Documents/colcon_ws/install/serial/lib/python3.12/site-packages'
[0.267s] Level 1:colcon.colcon_core.environment:checking '/home/flug/Documents/colcon_ws/install/serial/bin'
[0.267s] INFO:colcon.colcon_core.shell:Creating package script '/home/flug/Documents/colcon_ws/install/serial/share/serial/package.ps1'
[0.267s] INFO:colcon.colcon_core.shell:Creating package descriptor '/home/flug/Documents/colcon_ws/install/serial/share/serial/package.dsv'
[0.267s] INFO:colcon.colcon_core.shell:Creating package script '/home/flug/Documents/colcon_ws/install/serial/share/serial/package.sh'
[0.268s] INFO:colcon.colcon_core.shell:Creating package script '/home/flug/Documents/colcon_ws/install/serial/share/serial/package.bash'
[0.268s] INFO:colcon.colcon_core.shell:Creating package script '/home/flug/Documents/colcon_ws/install/serial/share/serial/package.zsh'
[0.268s] Level 1:colcon.colcon_core.environment:create_file_with_runtime_dependencies(/home/flug/Documents/colcon_ws/install/serial/share/colcon-core/packages/serial)
[0.268s] INFO:colcon.colcon_ros.task.ament_cmake.build:Building ROS package in '/home/flug/Documents/colcon_ws/src/delta_robot_serial' with build type 'ament_cmake'
[0.268s] INFO:colcon.colcon_cmake.task.cmake.build:Building CMake package in '/home/flug/Documents/colcon_ws/src/delta_robot_serial'
[0.268s] INFO:colcon.colcon_core.shell:Skip shell extension 'powershell' for command environment: Not usable outside of PowerShell
[0.269s] DEBUG:colcon.colcon_core.shell:Skip shell extension 'dsv' for command environment
[0.274s] DEBUG:colcon.colcon_core.event_handler.log_command:Invoking command in '/home/flug/Documents/colcon_ws/build/delta_robot_serial': CMAKE_PREFIX_PATH=/home/flug/Documents/colcon_ws/install/serial:/home/flug/Documents/colcon_ws/install/delta_robot_serial:/home/flug/Documents/colcon_ws/install/delta_robot_description:/opt/ros/jazzy/opt/gz_math_vendor:/opt/ros/jazzy/opt/gz_utils_vendor:/opt/ros/jazzy/opt/gz_cmake_vendor:/opt/ros/jazzy DEBUGINFOD_URLS=https://debuginfod.ubuntu.com LD_LIBRARY_PATH=/home/flug/Documents/colcon_ws/install/serial/lib:/home/flug/Documents/colcon_ws/install/delta_robot_serial/lib:/opt/ros/jazzy/opt/rviz_ogre_vendor/lib:/opt/ros/jazzy/lib/x86_64-linux-gnu:/opt/ros/jazzy/opt/gz_math_vendor/lib:/opt/ros/jazzy/opt/gz_utils_vendor/lib:/opt/ros/jazzy/opt/gz_cmake_vendor/lib:/opt/ros/jazzy/lib /usr/bin/cmake --build /home/flug/Documents/colcon_ws/build/delta_robot_serial -- -j16 -l16
[0.551s] DEBUG:colcon.colcon_core.event_handler.log_command:Invoked command in '/home/flug/Documents/colcon_ws/build/delta_robot_serial' returned '0': CMAKE_PREFIX_PATH=/home/flug/Documents/colcon_ws/install/serial:/home/flug/Documents/colcon_ws/install/delta_robot_serial:/home/flug/Documents/colcon_ws/install/delta_robot_description:/opt/ros/jazzy/opt/gz_math_vendor:/opt/ros/jazzy/opt/gz_utils_vendor:/opt/ros/jazzy/opt/gz_cmake_vendor:/opt/ros/jazzy DEBUGINFOD_URLS=https://debuginfod.ubuntu.com LD_LIBRARY_PATH=/home/flug/Documents/colcon_ws/install/serial/lib:/home/flug/Documents/colcon_ws/install/delta_robot_serial/lib:/opt/ros/jazzy/opt/rviz_ogre_vendor/lib:/opt/ros/jazzy/lib/x86_64-linux-gnu:/opt/ros/jazzy/opt/gz_math_vendor/lib:/opt/ros/jazzy/opt/gz_utils_vendor/lib:/opt/ros/jazzy/opt/gz_cmake_vendor/lib:/opt/ros/jazzy/lib /usr/bin/cmake --build /home/flug/Documents/colcon_ws/build/delta_robot_serial -- -j16 -l16
[0.551s] DEBUG:colcon.colcon_core.event_handler.log_command:Invoking command in '/home/flug/Documents/colcon_ws/build/delta_robot_serial': CMAKE_PREFIX_PATH=/home/flug/Documents/colcon_ws/install/serial:/home/flug/Documents/colcon_ws/install/delta_robot_serial:/home/flug/Documents/colcon_ws/install/delta_robot_description:/opt/ros/jazzy/opt/gz_math_vendor:/opt/ros/jazzy/opt/gz_utils_vendor:/opt/ros/jazzy/opt/gz_cmake_vendor:/opt/ros/jazzy DEBUGINFOD_URLS=https://debuginfod.ubuntu.com LD_LIBRARY_PATH=/home/flug/Documents/colcon_ws/install/serial/lib:/home/flug/Documents/colcon_ws/install/delta_robot_serial/lib:/opt/ros/jazzy/opt/rviz_ogre_vendor/lib:/opt/ros/jazzy/lib/x86_64-linux-gnu:/opt/ros/jazzy/opt/gz_math_vendor/lib:/opt/ros/jazzy/opt/gz_utils_vendor/lib:/opt/ros/jazzy/opt/gz_cmake_vendor/lib:/opt/ros/jazzy/lib /usr/bin/cmake --install /home/flug/Documents/colcon_ws/build/delta_robot_serial
[0.594s] Level 1:colcon.colcon_core.environment:create_environment_scripts_only(delta_robot_serial)
[0.594s] Level 1:colcon.colcon_core.environment:checking '/home/flug/Documents/colcon_ws/install/delta_robot_serial' for CMake module files
[0.595s] DEBUG:colcon.colcon_core.event_handler.log_command:Invoked command in '/home/flug/Documents/colcon_ws/build/delta_robot_serial' returned '0': CMAKE_PREFIX_PATH=/home/flug/Documents/colcon_ws/install/serial:/home/flug/Documents/colcon_ws/install/delta_robot_serial:/home/flug/Documents/colcon_ws/install/delta_robot_description:/opt/ros/jazzy/opt/gz_math_vendor:/opt/ros/jazzy/opt/gz_utils_vendor:/opt/ros/jazzy/opt/gz_cmake_vendor:/opt/ros/jazzy DEBUGINFOD_URLS=https://debuginfod.ubuntu.com LD_LIBRARY_PATH=/home/flug/Documents/colcon_ws/install/serial/lib:/home/flug/Documents/colcon_ws/install/delta_robot_serial/lib:/opt/ros/jazzy/opt/rviz_ogre_vendor/lib:/opt/ros/jazzy/lib/x86_64-linux-gnu:/opt/ros/jazzy/opt/gz_math_vendor/lib:/opt/ros/jazzy/opt/gz_utils_vendor/lib:/opt/ros/jazzy/opt/gz_cmake_vendor/lib:/opt/ros/jazzy/lib /usr/bin/cmake --install /home/flug/Documents/colcon_ws/build/delta_robot_serial
[0.596s] Level 1:colcon.colcon_core.environment:checking '/home/flug/Documents/colcon_ws/install/delta_robot_serial' for CMake config files
[0.596s] Level 1:colcon.colcon_core.shell:create_environment_hook('delta_robot_serial', 'cmake_prefix_path')
[0.596s] INFO:colcon.colcon_core.shell:Creating environment hook '/home/flug/Documents/colcon_ws/install/delta_robot_serial/share/delta_robot_serial/hook/cmake_prefix_path.ps1'
[0.597s] INFO:colcon.colcon_core.shell:Creating environment descriptor '/home/flug/Documents/colcon_ws/install/delta_robot_serial/share/delta_robot_serial/hook/cmake_prefix_path.dsv'
[0.597s] INFO:colcon.colcon_core.shell:Creating environment hook '/home/flug/Documents/colcon_ws/install/delta_robot_serial/share/delta_robot_serial/hook/cmake_prefix_path.sh'
[0.598s] Level 1:colcon.colcon_core.environment:checking '/home/flug/Documents/colcon_ws/install/delta_robot_serial/lib'
[0.598s] Level 1:colcon.colcon_core.shell:create_environment_hook('delta_robot_serial', 'ld_library_path_lib')
[0.598s] INFO:colcon.colcon_core.shell:Creating environment hook '/home/flug/Documents/colcon_ws/install/delta_robot_serial/share/delta_robot_serial/hook/ld_library_path_lib.ps1'
[0.598s] INFO:colcon.colcon_core.shell:Creating environment descriptor '/home/flug/Documents/colcon_ws/install/delta_robot_serial/share/delta_robot_serial/hook/ld_library_path_lib.dsv'
[0.598s] INFO:colcon.colcon_core.shell:Creating environment hook '/home/flug/Documents/colcon_ws/install/delta_robot_serial/share/delta_robot_serial/hook/ld_library_path_lib.sh'
[0.598s] Level 1:colcon.colcon_core.environment:checking '/home/flug/Documents/colcon_ws/install/delta_robot_serial/bin'
[0.598s] Level 1:colcon.colcon_core.environment:checking '/home/flug/Documents/colcon_ws/install/delta_robot_serial/lib/pkgconfig/delta_robot_serial.pc'
[0.599s] Level 1:colcon.colcon_core.environment:checking '/home/flug/Documents/colcon_ws/install/delta_robot_serial/lib/python3.12/site-packages'
[0.599s] Level 1:colcon.colcon_core.shell:create_environment_hook('delta_robot_serial', 'pythonpath')
[0.599s] INFO:colcon.colcon_core.shell:Creating environment hook '/home/flug/Documents/colcon_ws/install/delta_robot_serial/share/delta_robot_serial/hook/pythonpath.ps1'
[0.599s] INFO:colcon.colcon_core.shell:Creating environment descriptor '/home/flug/Documents/colcon_ws/install/delta_robot_serial/share/delta_robot_serial/hook/pythonpath.dsv'
[0.599s] INFO:colcon.colcon_core.shell:Creating environment hook '/home/flug/Documents/colcon_ws/install/delta_robot_serial/share/delta_robot_serial/hook/pythonpath.sh'
[0.600s] Level 1:colcon.colcon_core.environment:checking '/home/flug/Documents/colcon_ws/install/delta_robot_serial/bin'
[0.600s] INFO:colcon.colcon_core.shell:Creating package script '/home/flug/Documents/colcon_ws/install/delta_robot_serial/share/delta_robot_serial/package.ps1'
[0.600s] INFO:colcon.colcon_core.shell:Creating package descriptor '/home/flug/Documents/colcon_ws/install/delta_robot_serial/share/delta_robot_serial/package.dsv'
[0.601s] INFO:colcon.colcon_core.shell:Creating package script '/home/flug/Documents/colcon_ws/install/delta_robot_serial/share/delta_robot_serial/package.sh'
[0.601s] INFO:colcon.colcon_core.shell:Creating package script '/home/flug/Documents/colcon_ws/install/delta_robot_serial/share/delta_robot_serial/package.bash'
[0.601s] INFO:colcon.colcon_core.shell:Creating package script '/home/flug/Documents/colcon_ws/install/delta_robot_serial/share/delta_robot_serial/package.zsh'
[0.601s] Level 1:colcon.colcon_core.environment:create_file_with_runtime_dependencies(/home/flug/Documents/colcon_ws/install/delta_robot_serial/share/colcon-core/packages/delta_robot_serial)
[0.601s] Level 1:colcon.colcon_core.environment:create_environment_scripts_only(delta_robot_serial)
[0.602s] Level 1:colcon.colcon_core.environment:checking '/home/flug/Documents/colcon_ws/install/delta_robot_serial' for CMake module files
[0.602s] Level 1:colcon.colcon_core.environment:checking '/home/flug/Documents/colcon_ws/install/delta_robot_serial' for CMake config files
[0.603s] Level 1:colcon.colcon_core.shell:create_environment_hook('delta_robot_serial', 'cmake_prefix_path')
[0.603s] INFO:colcon.colcon_core.shell:Creating environment hook '/home/flug/Documents/colcon_ws/install/delta_robot_serial/share/delta_robot_serial/hook/cmake_prefix_path.ps1'
[0.603s] INFO:colcon.colcon_core.shell:Creating environment descriptor '/home/flug/Documents/colcon_ws/install/delta_robot_serial/share/delta_robot_serial/hook/cmake_prefix_path.dsv'
[0.603s] INFO:colcon.colcon_core.shell:Creating environment hook '/home/flug/Documents/colcon_ws/install/delta_robot_serial/share/delta_robot_serial/hook/cmake_prefix_path.sh'
[0.604s] Level 1:colcon.colcon_core.environment:checking '/home/flug/Documents/colcon_ws/install/delta_robot_serial/lib'
[0.604s] Level 1:colcon.colcon_core.shell:create_environment_hook('delta_robot_serial', 'ld_library_path_lib')
[0.604s] INFO:colcon.colcon_core.shell:Creating environment hook '/home/flug/Documents/colcon_ws/install/delta_robot_serial/share/delta_robot_serial/hook/ld_library_path_lib.ps1'
[0.604s] INFO:colcon.colcon_core.shell:Creating environment descriptor '/home/flug/Documents/colcon_ws/install/delta_robot_serial/share/delta_robot_serial/hook/ld_library_path_lib.dsv'
[0.604s] INFO:colcon.colcon_core.shell:Creating environment hook '/home/flug/Documents/colcon_ws/install/delta_robot_serial/share/delta_robot_serial/hook/ld_library_path_lib.sh'
[0.605s] Level 1:colcon.colcon_core.environment:checking '/home/flug/Documents/colcon_ws/install/delta_robot_serial/bin'
[0.605s] Level 1:colcon.colcon_core.environment:checking '/home/flug/Documents/colcon_ws/install/delta_robot_serial/lib/pkgconfig/delta_robot_serial.pc'
[0.605s] Level 1:colcon.colcon_core.environment:checking '/home/flug/Documents/colcon_ws/install/delta_robot_serial/lib/python3.12/site-packages'
[0.605s] Level 1:colcon.colcon_core.shell:create_environment_hook('delta_robot_serial', 'pythonpath')
[0.605s] INFO:colcon.colcon_core.shell:Creating environment hook '/home/flug/Documents/colcon_ws/install/delta_robot_serial/share/delta_robot_serial/hook/pythonpath.ps1'
[0.605s] INFO:colcon.colcon_core.shell:Creating environment descriptor '/home/flug/Documents/colcon_ws/install/delta_robot_serial/share/delta_robot_serial/hook/pythonpath.dsv'
[0.605s] INFO:colcon.colcon_core.shell:Creating environment hook '/home/flug/Documents/colcon_ws/install/delta_robot_serial/share/delta_robot_serial/hook/pythonpath.sh'
[0.606s] Level 1:colcon.colcon_core.environment:checking '/home/flug/Documents/colcon_ws/install/delta_robot_serial/bin'
[0.606s] INFO:colcon.colcon_core.shell:Creating package script '/home/flug/Documents/colcon_ws/install/delta_robot_serial/share/delta_robot_serial/package.ps1'
[0.606s] INFO:colcon.colcon_core.shell:Creating package descriptor '/home/flug/Documents/colcon_ws/install/delta_robot_serial/share/delta_robot_serial/package.dsv'
[0.607s] INFO:colcon.colcon_core.shell:Creating package script '/home/flug/Documents/colcon_ws/install/delta_robot_serial/share/delta_robot_serial/package.sh'
[0.607s] INFO:colcon.colcon_core.shell:Creating package script '/home/flug/Documents/colcon_ws/install/delta_robot_serial/share/delta_robot_serial/package.bash'
[0.607s] INFO:colcon.colcon_core.shell:Creating package script '/home/flug/Documents/colcon_ws/install/delta_robot_serial/share/delta_robot_serial/package.zsh'
[0.607s] Level 1:colcon.colcon_core.environment:create_file_with_runtime_dependencies(/home/flug/Documents/colcon_ws/install/delta_robot_serial/share/colcon-core/packages/delta_robot_serial)
[0.607s] DEBUG:colcon.colcon_parallel_executor.executor.parallel:closing loop
[0.608s] DEBUG:colcon.colcon_parallel_executor.executor.parallel:loop closed
[0.608s] DEBUG:colcon.colcon_parallel_executor.executor.parallel:run_until_complete finished with '0'
[0.608s] DEBUG:colcon.colcon_core.event_reactor:joining thread
[0.611s] INFO:colcon.colcon_core.plugin_system:Skipping extension 'colcon_notification.desktop_notification.terminal_notifier': Not used on non-Darwin systems
[0.611s] INFO:colcon.colcon_core.plugin_system:Skipping extension 'colcon_notification.desktop_notification.win32': Not used on non-Windows systems
[0.611s] INFO:colcon.colcon_notification.desktop_notification:Sending desktop notification using 'notify2'
[0.620s] DEBUG:colcon.colcon_core.event_reactor:joined thread
[0.620s] INFO:colcon.colcon_core.shell:Creating prefix script '/home/flug/Documents/colcon_ws/install/local_setup.ps1'
[0.621s] INFO:colcon.colcon_core.shell:Creating prefix util module '/home/flug/Documents/colcon_ws/install/_local_setup_util_ps1.py'
[0.622s] INFO:colcon.colcon_core.shell:Creating prefix chain script '/home/flug/Documents/colcon_ws/install/setup.ps1'
[0.622s] INFO:colcon.colcon_core.shell:Creating prefix script '/home/flug/Documents/colcon_ws/install/local_setup.sh'
[0.623s] INFO:colcon.colcon_core.shell:Creating prefix util module '/home/flug/Documents/colcon_ws/install/_local_setup_util_sh.py'
[0.623s] INFO:colcon.colcon_core.shell:Creating prefix chain script '/home/flug/Documents/colcon_ws/install/setup.sh'
[0.624s] INFO:colcon.colcon_core.shell:Creating prefix script '/home/flug/Documents/colcon_ws/install/local_setup.bash'
[0.624s] INFO:colcon.colcon_core.shell:Creating prefix chain script '/home/flug/Documents/colcon_ws/install/setup.bash'
[0.625s] INFO:colcon.colcon_core.shell:Creating prefix script '/home/flug/Documents/colcon_ws/install/local_setup.zsh'
[0.626s] INFO:colcon.colcon_core.shell:Creating prefix chain script '/home/flug/Documents/colcon_ws/install/setup.zsh'
