-- Install configuration: ""
-- Up-to-date: /home/flug/Documents/colcon_ws/install/delta_robot_description/share/delta_robot_description/config
-- Up-to-date: /home/flug/Documents/colcon_ws/install/delta_robot_description/share/delta_robot_description/launch
-- Up-to-date: /home/flug/Documents/colcon_ws/install/delta_robot_description/share/delta_robot_description/launch/PseudoArduino.launch
-- Up-to-date: /home/flug/Documents/colcon_ws/install/delta_robot_description/share/delta_robot_description/launch/JointStatePublisher.launch
-- Up-to-date: /home/flug/Documents/colcon_ws/install/delta_robot_description/share/delta_robot_description/launch/Arduino.launch
-- Up-to-date: /home/flug/Documents/colcon_ws/install/delta_robot_description/share/delta_robot_description/launch/PseudoArduinoTraj.launch
-- Up-to-date: /home/flug/Documents/colcon_ws/install/delta_robot_description/share/delta_robot_description/launch/ArduinoTraj.launch
-- Up-to-date: /home/flug/Documents/colcon_ws/install/delta_robot_description/share/delta_robot_description/meshes
-- Up-to-date: /home/flug/Documents/colcon_ws/install/delta_robot_description/share/delta_robot_description/meshes/distal_link1.STL
-- Up-to-date: /home/flug/Documents/colcon_ws/install/delta_robot_description/share/delta_robot_description/meshes/proximal_link2.STL
-- Up-to-date: /home/flug/Documents/colcon_ws/install/delta_robot_description/share/delta_robot_description/meshes/platform_link.STL
-- Up-to-date: /home/flug/Documents/colcon_ws/install/delta_robot_description/share/delta_robot_description/meshes/distal_link3.STL
-- Up-to-date: /home/flug/Documents/colcon_ws/install/delta_robot_description/share/delta_robot_description/meshes/distal_link5.STL
-- Up-to-date: /home/flug/Documents/colcon_ws/install/delta_robot_description/share/delta_robot_description/meshes/proximal_link3.STL
-- Up-to-date: /home/flug/Documents/colcon_ws/install/delta_robot_description/share/delta_robot_description/meshes/base_link.STL
-- Up-to-date: /home/flug/Documents/colcon_ws/install/delta_robot_description/share/delta_robot_description/meshes/distal_link2.STL
-- Up-to-date: /home/flug/Documents/colcon_ws/install/delta_robot_description/share/delta_robot_description/meshes/distal_link6.STL
-- Up-to-date: /home/flug/Documents/colcon_ws/install/delta_robot_description/share/delta_robot_description/meshes/proximal_link1.STL
-- Up-to-date: /home/flug/Documents/colcon_ws/install/delta_robot_description/share/delta_robot_description/meshes/distal_link4.STL
-- Up-to-date: /home/flug/Documents/colcon_ws/install/delta_robot_description/share/delta_robot_description/urdf
-- Up-to-date: /home/flug/Documents/colcon_ws/install/delta_robot_description/share/delta_robot_description/urdf/delta_robot.urdf
-- Up-to-date: /home/flug/Documents/colcon_ws/install/delta_robot_description/share/ament_index/resource_index/package_run_dependencies/delta_robot_description
-- Up-to-date: /home/flug/Documents/colcon_ws/install/delta_robot_description/share/ament_index/resource_index/parent_prefix_path/delta_robot_description
-- Up-to-date: /home/flug/Documents/colcon_ws/install/delta_robot_description/share/delta_robot_description/environment/ament_prefix_path.sh
-- Up-to-date: /home/flug/Documents/colcon_ws/install/delta_robot_description/share/delta_robot_description/environment/ament_prefix_path.dsv
-- Up-to-date: /home/flug/Documents/colcon_ws/install/delta_robot_description/share/delta_robot_description/environment/path.sh
-- Up-to-date: /home/flug/Documents/colcon_ws/install/delta_robot_description/share/delta_robot_description/environment/path.dsv
-- Up-to-date: /home/flug/Documents/colcon_ws/install/delta_robot_description/share/delta_robot_description/local_setup.bash
-- Up-to-date: /home/flug/Documents/colcon_ws/install/delta_robot_description/share/delta_robot_description/local_setup.sh
-- Up-to-date: /home/flug/Documents/colcon_ws/install/delta_robot_description/share/delta_robot_description/local_setup.zsh
-- Up-to-date: /home/flug/Documents/colcon_ws/install/delta_robot_description/share/delta_robot_description/local_setup.dsv
-- Installing: /home/flug/Documents/colcon_ws/install/delta_robot_description/share/delta_robot_description/package.dsv
-- Up-to-date: /home/flug/Documents/colcon_ws/install/delta_robot_description/share/ament_index/resource_index/packages/delta_robot_description
-- Up-to-date: /home/flug/Documents/colcon_ws/install/delta_robot_description/share/delta_robot_description/cmake/delta_robot_descriptionConfig.cmake
-- Up-to-date: /home/flug/Documents/colcon_ws/install/delta_robot_description/share/delta_robot_description/cmake/delta_robot_descriptionConfig-version.cmake
-- Up-to-date: /home/flug/Documents/colcon_ws/install/delta_robot_description/share/delta_robot_description/package.xml
