-- Found ament_cmake: 2.5.6 (/opt/ros/jazzy/share/ament_cmake/cmake)
-- Found rclcpp: 28.1.21 (/opt/ros/jazzy/share/rclcpp/cmake)
-- Found rosidl_generator_c: 4.6.9 (/opt/ros/jazzy/share/rosidl_generator_c/cmake)
-- Found rosidl_generator_cpp: 4.6.9 (/opt/ros/jazzy/share/rosidl_generator_cpp/cmake)
-- Using all available rosidl_typesupport_c: rosidl_typesupport_fastrtps_c;rosidl_typesupport_introspection_c
-- Using all available rosidl_typesupport_cpp: rosidl_typesupport_fastrtps_cpp;rosidl_typesupport_introspection_cpp
-- Found rmw_implementation_cmake: 7.3.3 (/opt/ros/jazzy/share/rmw_implementation_cmake/cmake)
-- Found rmw_fastrtps_cpp: 8.4.4 (/opt/ros/jazzy/share/rmw_fastrtps_cpp/cmake)
-- Using RMW implementation 'rmw_fastrtps_cpp' as default
-- Found serial: 1.2.1 (/home/flug/Documents/colcon_ws/install/serial/share/serial/cmake)
-- Found sensor_msgs: 5.3.8 (/opt/ros/jazzy/share/sensor_msgs/cmake)
-- Found rosidl_default_generators: 1.6.1 (/opt/ros/jazzy/share/rosidl_default_generators/cmake)
-- Found rosidl_adapter: 4.6.9 (/opt/ros/jazzy/share/rosidl_adapter/cmake)
-- Found action_msgs: 2.0.4 (/opt/ros/jazzy/share/action_msgs/cmake)
-- Found rclcpp_action: 28.1.21 (/opt/ros/jazzy/share/rclcpp_action/cmake)
-- Found rclcpp_components: 28.1.21 (/opt/ros/jazzy/share/rclcpp_components/cmake)
-- Found ament_cmake_ros: 0.12.1 (/opt/ros/jazzy/share/ament_cmake_ros/cmake)
-- Using all available rosidl_typesupport_c: rosidl_typesupport_fastrtps_c;rosidl_typesupport_introspection_c
-- Using all available rosidl_typesupport_cpp: rosidl_typesupport_fastrtps_cpp;rosidl_typesupport_introspection_cpp
-- Found python_cmake_module: 0.11.1 (/opt/ros/jazzy/share/python_cmake_module/cmake)
-- Found Python3: /usr/bin/python3 (found version "3.12.3") found components: Interpreter Development NumPy Development.Module Development.Embed 
-- Found Python3: /usr/bin/python3 (found version "3.12.3") found components: Interpreter 
-- Configuring done (1.0s)
-- Generating done (0.0s)
-- Build files have been written to: /home/flug/Documents/colcon_ws/build/delta_robot_serial
[  3%] [32mBuilding CXX object CMakeFiles/trajPlan_action_server.dir/rclcpp_components/node_main_trajPlan_action_server.cpp.o[0m
[  3%] [34m[1mGenerating type hashes for ROS interfaces[0m
[  5%] [34m[1mGenerating Rust code for ROS interfaces[0m
[  5%] Built target ament_cmake_python_copy_delta_robot_serial
[  9%] Built target pseudo_arduino
[ 12%] Built target delta_joint_pub
[ 12%] Built target delta_robot_serial__rosidl_generator_type_description
running egg_info
[ 14%] [34m[1mGenerating C code for ROS interfaces[0m
[ 16%] [34m[1mGenerating C++ code for ROS interfaces[0m
writing delta_robot_serial.egg-info/PKG-INFO
writing dependency_links to delta_robot_serial.egg-info/dependency_links.txt
writing top-level names to delta_robot_serial.egg-info/top_level.txt
[ 16%] Built target delta_robot_serial__rs
reading manifest file 'delta_robot_serial.egg-info/SOURCES.txt'
writing manifest file 'delta_robot_serial.egg-info/SOURCES.txt'
[ 16%] Built target ament_cmake_python_build_delta_robot_serial_egg
[ 16%] Built target delta_robot_serial__cpp
[ 23%] [32mBuilding C object CMakeFiles/delta_robot_serial__rosidl_generator_c.dir/rosidl_generator_c/delta_robot_serial/action/detail/pos_traj__functions.c.o[0m
[ 23%] [32mBuilding C object CMakeFiles/delta_robot_serial__rosidl_generator_c.dir/rosidl_generator_c/delta_robot_serial/action/detail/pos_traj__type_support.c.o[0m
[ 23%] [32mBuilding C object CMakeFiles/delta_robot_serial__rosidl_generator_c.dir/rosidl_generator_c/delta_robot_serial/action/detail/pos_traj__description.c.o[0m
[ 23%] [32mBuilding C object CMakeFiles/delta_robot_serial__rosidl_generator_c.dir/rosidl_generator_c/delta_robot_serial/srv/detail/ikin__type_support.c.o[0m
[ 27%] [32mBuilding C object CMakeFiles/delta_robot_serial__rosidl_generator_c.dir/rosidl_generator_c/delta_robot_serial/srv/detail/ikin__description.c.o[0m
[ 27%] [32mBuilding C object CMakeFiles/delta_robot_serial__rosidl_generator_c.dir/rosidl_generator_c/delta_robot_serial/srv/detail/ikin__functions.c.o[0m
[ 29%] [32m[1mLinking C shared library libdelta_robot_serial__rosidl_generator_c.so[0m
[ 29%] Built target delta_robot_serial__rosidl_generator_c
[ 38%] [34m[1mGenerating C++ introspection for ROS interfaces[0m
[ 38%] [34m[1mGenerating C introspection for ROS interfaces[0m
[ 38%] [34m[1mGenerating C++ type support for eProsima Fast-RTPS[0m
[ 38%] [34m[1mGenerating C type support dispatch for ROS interfaces[0m
[ 38%] [34m[1mGenerating C type support for eProsima Fast-RTPS[0m
[ 40%] [34m[1mGenerating C++ type support dispatch for ROS interfaces[0m
[ 41%] [32mBuilding CXX object CMakeFiles/delta_robot_serial__rosidl_typesupport_c.dir/rosidl_typesupport_c/delta_robot_serial/srv/ikin__type_support.cpp.o[0m
[ 43%] [32mBuilding CXX object CMakeFiles/delta_robot_serial__rosidl_typesupport_c.dir/rosidl_typesupport_c/delta_robot_serial/action/pos_traj__type_support.cpp.o[0m
[ 45%] [32mBuilding CXX object CMakeFiles/delta_robot_serial__rosidl_typesupport_cpp.dir/rosidl_typesupport_cpp/delta_robot_serial/srv/ikin__type_support.cpp.o[0m
[ 47%] [32mBuilding CXX object CMakeFiles/delta_robot_serial__rosidl_typesupport_cpp.dir/rosidl_typesupport_cpp/delta_robot_serial/action/pos_traj__type_support.cpp.o[0m
[ 49%] [32m[1mLinking CXX shared library libdelta_robot_serial__rosidl_typesupport_c.so[0m
[ 50%] [32mBuilding CXX object CMakeFiles/delta_robot_serial__rosidl_typesupport_introspection_cpp.dir/rosidl_typesupport_introspection_cpp/delta_robot_serial/action/detail/pos_traj__type_support.cpp.o[0m
[ 52%] [32mBuilding CXX object CMakeFiles/delta_robot_serial__rosidl_typesupport_introspection_cpp.dir/rosidl_typesupport_introspection_cpp/delta_robot_serial/srv/detail/ikin__type_support.cpp.o[0m
[ 54%] [32mBuilding C object CMakeFiles/delta_robot_serial__rosidl_typesupport_introspection_c.dir/rosidl_typesupport_introspection_c/delta_robot_serial/srv/detail/ikin__type_support.c.o[0m
[ 56%] [32mBuilding C object CMakeFiles/delta_robot_serial__rosidl_typesupport_introspection_c.dir/rosidl_typesupport_introspection_c/delta_robot_serial/action/detail/pos_traj__type_support.c.o[0m
[ 56%] Built target delta_robot_serial__rosidl_typesupport_c
[ 58%] [32m[1mLinking C shared library libdelta_robot_serial__rosidl_typesupport_introspection_c.so[0m
[ 58%] Built target delta_robot_serial__rosidl_typesupport_introspection_c
[ 61%] [32mBuilding CXX object CMakeFiles/delta_robot_serial__rosidl_typesupport_fastrtps_cpp.dir/rosidl_typesupport_fastrtps_cpp/delta_robot_serial/action/detail/dds_fastrtps/pos_traj__type_support.cpp.o[0m
[ 61%] [32mBuilding CXX object CMakeFiles/delta_robot_serial__rosidl_typesupport_fastrtps_cpp.dir/rosidl_typesupport_fastrtps_cpp/delta_robot_serial/srv/detail/dds_fastrtps/ikin__type_support.cpp.o[0m
[ 63%] [32mBuilding CXX object CMakeFiles/delta_robot_serial__rosidl_typesupport_fastrtps_c.dir/rosidl_typesupport_fastrtps_c/delta_robot_serial/srv/detail/ikin__type_support_c.cpp.o[0m
[ 65%] [32mBuilding CXX object CMakeFiles/delta_robot_serial__rosidl_typesupport_fastrtps_c.dir/rosidl_typesupport_fastrtps_c/delta_robot_serial/action/detail/pos_traj__type_support_c.cpp.o[0m
[ 67%] [32m[1mLinking CXX shared library libdelta_robot_serial__rosidl_typesupport_cpp.so[0m
[ 69%] [32m[1mLinking CXX shared library libdelta_robot_serial__rosidl_typesupport_introspection_cpp.so[0m
[ 69%] Built target delta_robot_serial__rosidl_typesupport_cpp
[ 70%] [32mBuilding CXX object CMakeFiles/trajPlan_actionServer.dir/src/trajPlan_actionServer.cpp.o[0m
[ 72%] [32mBuilding CXX object CMakeFiles/ikin_server.dir/src/ikin_server.cpp.o[0m
[ 72%] Built target delta_robot_serial__rosidl_typesupport_introspection_cpp
[ 74%] [32m[1mLinking CXX shared library libdelta_robot_serial__rosidl_typesupport_fastrtps_c.so[0m
[ 74%] Built target delta_robot_serial__rosidl_typesupport_fastrtps_c
[ 76%] [32m[1mLinking CXX shared library libdelta_robot_serial__rosidl_typesupport_fastrtps_cpp.so[0m
[ 76%] Built target delta_robot_serial__rosidl_typesupport_fastrtps_cpp
[ 76%] Built target delta_robot_serial
[ 78%] [34m[1mGenerating Python code for ROS interfaces[0m
[ 80%] [32m[1mLinking CXX executable trajPlan_action_server[0m
[ 80%] Built target trajPlan_action_server
[ 80%] Built target delta_robot_serial__py
[ 83%] [32mBuilding C object CMakeFiles/delta_robot_serial__rosidl_generator_py.dir/rosidl_generator_py/delta_robot_serial/srv/_ikin_s.c.o[0m
[ 83%] [32mBuilding C object CMakeFiles/delta_robot_serial__rosidl_generator_py.dir/rosidl_generator_py/delta_robot_serial/action/_pos_traj_s.c.o[0m
[ 85%] [32m[1mLinking C shared library libdelta_robot_serial__rosidl_generator_py.so[0m
[ 85%] Built target delta_robot_serial__rosidl_generator_py
[ 90%] [32mBuilding C object CMakeFiles/delta_robot_serial_s__rosidl_typesupport_fastrtps_c.dir/rosidl_generator_py/delta_robot_serial/_delta_robot_serial_s.ep.rosidl_typesupport_fastrtps_c.c.o[0m
[ 90%] [32mBuilding C object CMakeFiles/delta_robot_serial_s__rosidl_typesupport_introspection_c.dir/rosidl_generator_py/delta_robot_serial/_delta_robot_serial_s.ep.rosidl_typesupport_introspection_c.c.o[0m
[ 90%] [32mBuilding C object CMakeFiles/delta_robot_serial_s__rosidl_typesupport_c.dir/rosidl_generator_py/delta_robot_serial/_delta_robot_serial_s.ep.rosidl_typesupport_c.c.o[0m
[ 96%] [32m[1mLinking C shared module rosidl_generator_py/delta_robot_serial/delta_robot_serial_s__rosidl_typesupport_fastrtps_c.so[0m
[ 96%] [32m[1mLinking C shared module rosidl_generator_py/delta_robot_serial/delta_robot_serial_s__rosidl_typesupport_introspection_c.so[0m
[ 96%] [32m[1mLinking C shared module rosidl_generator_py/delta_robot_serial/delta_robot_serial_s__rosidl_typesupport_c.so[0m
[ 96%] Built target delta_robot_serial_s__rosidl_typesupport_c
[ 96%] Built target delta_robot_serial_s__rosidl_typesupport_introspection_c
[ 96%] Built target delta_robot_serial_s__rosidl_typesupport_fastrtps_c
[01m[K/home/flug/Documents/colcon_ws/src/delta_robot_serial/src/trajPlan_actionServer.cpp:[m[K In member function ‘[01m[Kvoid TrajectoryPlanServer::[01;32m[KexecuteCB[m[K(std::shared_ptr<rclcpp_action::ServerGoalHandle<delta_robot_serial::action::PosTraj> >)[m[K’:
[01m[K/home/flug/Documents/colcon_ws/src/delta_robot_serial/src/trajPlan_actionServer.cpp:105:29:[m[K [01;31m[Kerror: [m[K‘[01m[Kusing std::__shared_ptr_access<delta_robot_serial::srv::Ikin_Response_<std::allocator<void> >, __gnu_cxx::_S_atomic, false, false>::element_type = struct delta_robot_serial::srv::Ikin_Response_<std::allocator<void> >[m[K’ {aka ‘[01m[Kstruct delta_robot_serial::srv::Ikin_Response_<std::allocator<void> >[m[K’} has no member named ‘[01m[Kvalid[m[K’
  105 |                 if (result->[01;31m[Kvalid[m[K()) {
      |                             [01;31m[K^~~~~[m[K
[01m[K/home/flug/Documents/colcon_ws/src/delta_robot_serial/src/trajPlan_actionServer.cpp:106:51:[m[K [01;31m[Kerror: [m[K‘[01m[Kusing std::__shared_ptr_access<delta_robot_serial::srv::Ikin_Response_<std::allocator<void> >, __gnu_cxx::_S_atomic, false, false>::element_type = struct delta_robot_serial::srv::Ikin_Response_<std::allocator<void> >[m[K’ {aka ‘[01m[Kstruct delta_robot_serial::srv::Ikin_Response_<std::allocator<void> >[m[K’} has no member named ‘[01m[Kx[m[K’
  106 |                     action_feedback_->x = result->[01;31m[Kx[m[K;
      |                                                   [01;31m[K^[m[K
[01m[K/home/flug/Documents/colcon_ws/src/delta_robot_serial/src/trajPlan_actionServer.cpp:107:51:[m[K [01;31m[Kerror: [m[K‘[01m[Kusing std::__shared_ptr_access<delta_robot_serial::srv::Ikin_Response_<std::allocator<void> >, __gnu_cxx::_S_atomic, false, false>::element_type = struct delta_robot_serial::srv::Ikin_Response_<std::allocator<void> >[m[K’ {aka ‘[01m[Kstruct delta_robot_serial::srv::Ikin_Response_<std::allocator<void> >[m[K’} has no member named ‘[01m[Ky[m[K’
  107 |                     action_feedback_->y = result->[01;31m[Ky[m[K;
      |                                                   [01;31m[K^[m[K
[01m[K/home/flug/Documents/colcon_ws/src/delta_robot_serial/src/trajPlan_actionServer.cpp:108:51:[m[K [01;31m[Kerror: [m[K‘[01m[Kusing std::__shared_ptr_access<delta_robot_serial::srv::Ikin_Response_<std::allocator<void> >, __gnu_cxx::_S_atomic, false, false>::element_type = struct delta_robot_serial::srv::Ikin_Response_<std::allocator<void> >[m[K’ {aka ‘[01m[Kstruct delta_robot_serial::srv::Ikin_Response_<std::allocator<void> >[m[K’} has no member named ‘[01m[Kz[m[K’
  108 |                     action_feedback_->z = result->[01;31m[Kz[m[K;
      |                                                   [01;31m[K^[m[K
gmake[2]: *** [CMakeFiles/trajPlan_actionServer.dir/build.make:76: CMakeFiles/trajPlan_actionServer.dir/src/trajPlan_actionServer.cpp.o] Error 1
gmake[1]: *** [CMakeFiles/Makefile2:732: CMakeFiles/trajPlan_actionServer.dir/all] Error 2
gmake[1]: *** Waiting for unfinished jobs....
[ 98%] [32m[1mLinking CXX executable ikin_server[0m
[ 98%] Built target ikin_server
gmake: *** [Makefile:146: all] Error 2
