[0.006s] Invoking command in '/home/flug/Documents/colcon_ws/build/delta_robot_serial': CMAKE_PREFIX_PATH=/home/flug/Documents/colcon_ws/install/serial:/home/flug/Documents/colcon_ws/install/delta_robot_serial:/home/flug/Documents/colcon_ws/install/delta_robot_description:/opt/ros/jazzy/opt/gz_math_vendor:/opt/ros/jazzy/opt/gz_utils_vendor:/opt/ros/jazzy/opt/gz_cmake_vendor:/opt/ros/jazzy DEBUGINFOD_URLS=https://debuginfod.ubuntu.com LD_LIBRARY_PATH=/home/flug/Documents/colcon_ws/install/serial/lib:/home/flug/Documents/colcon_ws/install/delta_robot_serial/lib:/opt/ros/jazzy/opt/rviz_ogre_vendor/lib:/opt/ros/jazzy/lib/x86_64-linux-gnu:/opt/ros/jazzy/opt/gz_math_vendor/lib:/opt/ros/jazzy/opt/gz_utils_vendor/lib:/opt/ros/jazzy/opt/gz_cmake_vendor/lib:/opt/ros/jazzy/lib /usr/bin/cmake --build /home/flug/Documents/colcon_ws/build/delta_robot_serial -- -j16 -l16
[0.023s] -- Found ament_cmake: 2.5.6 (/opt/ros/jazzy/share/ament_cmake/cmake)
[0.097s] -- Found rclcpp: 28.1.21 (/opt/ros/jazzy/share/rclcpp/cmake)
[0.116s] -- Found rosidl_generator_c: 4.6.9 (/opt/ros/jazzy/share/rosidl_generator_c/cmake)
[0.123s] -- Found rosidl_generator_cpp: 4.6.9 (/opt/ros/jazzy/share/rosidl_generator_cpp/cmake)
[0.130s] -- Using all available rosidl_typesupport_c: rosidl_typesupport_fastrtps_c;rosidl_typesupport_introspection_c
[0.140s] -- Using all available rosidl_typesupport_cpp: rosidl_typesupport_fastrtps_cpp;rosidl_typesupport_introspection_cpp
[0.185s] -- Found rmw_implementation_cmake: 7.3.3 (/opt/ros/jazzy/share/rmw_implementation_cmake/cmake)
[0.186s] -- Found rmw_fastrtps_cpp: 8.4.4 (/opt/ros/jazzy/share/rmw_fastrtps_cpp/cmake)
[0.229s] -- Using RMW implementation 'rmw_fastrtps_cpp' as default
[0.281s] -- Found serial: 1.2.1 (/home/flug/Documents/colcon_ws/install/serial/share/serial/cmake)
[0.282s] -- Found sensor_msgs: 5.3.8 (/opt/ros/jazzy/share/sensor_msgs/cmake)
[0.323s] -- Found rosidl_default_generators: 1.6.1 (/opt/ros/jazzy/share/rosidl_default_generators/cmake)
[0.331s] -- Found rosidl_adapter: 4.6.9 (/opt/ros/jazzy/share/rosidl_adapter/cmake)
[0.334s] -- Found action_msgs: 2.0.4 (/opt/ros/jazzy/share/action_msgs/cmake)
[0.364s] -- Found rclcpp_action: 28.1.21 (/opt/ros/jazzy/share/rclcpp_action/cmake)
[0.375s] -- Found rclcpp_components: 28.1.21 (/opt/ros/jazzy/share/rclcpp_components/cmake)
[0.600s] -- Found ament_cmake_ros: 0.12.1 (/opt/ros/jazzy/share/ament_cmake_ros/cmake)
[0.754s] -- Using all available rosidl_typesupport_c: rosidl_typesupport_fastrtps_c;rosidl_typesupport_introspection_c
[0.816s] -- Using all available rosidl_typesupport_cpp: rosidl_typesupport_fastrtps_cpp;rosidl_typesupport_introspection_cpp
[0.817s] -- Found python_cmake_module: 0.11.1 (/opt/ros/jazzy/share/python_cmake_module/cmake)
[0.993s] -- Found Python3: /usr/bin/python3 (found version "3.12.3") found components: Interpreter Development NumPy Development.Module Development.Embed 
[1.043s] -- Found Python3: /usr/bin/python3 (found version "3.12.3") found components: Interpreter 
[1.052s] -- Configuring done (1.0s)
[1.099s] -- Generating done (0.0s)
[1.112s] -- Build files have been written to: /home/flug/Documents/colcon_ws/build/delta_robot_serial
[1.139s] [  3%] [32mBuilding CXX object CMakeFiles/trajPlan_action_server.dir/rclcpp_components/node_main_trajPlan_action_server.cpp.o[0m
[1.139s] [  3%] [34m[1mGenerating type hashes for ROS interfaces[0m
[1.139s] [  5%] [34m[1mGenerating Rust code for ROS interfaces[0m
[1.145s] [  5%] Built target ament_cmake_python_copy_delta_robot_serial
[1.146s] [  9%] Built target pseudo_arduino
[1.146s] [ 12%] Built target delta_joint_pub
[1.332s] [ 12%] Built target delta_robot_serial__rosidl_generator_type_description
[1.333s] running egg_info
[1.339s] [ 14%] [34m[1mGenerating C code for ROS interfaces[0m
[1.347s] [ 16%] [34m[1mGenerating C++ code for ROS interfaces[0m
[1.362s] writing delta_robot_serial.egg-info/PKG-INFO
[1.362s] writing dependency_links to delta_robot_serial.egg-info/dependency_links.txt
[1.363s] writing top-level names to delta_robot_serial.egg-info/top_level.txt
[1.381s] [ 16%] Built target delta_robot_serial__rs
[1.439s] reading manifest file 'delta_robot_serial.egg-info/SOURCES.txt'
[1.439s] writing manifest file 'delta_robot_serial.egg-info/SOURCES.txt'
[1.458s] [ 16%] Built target ament_cmake_python_build_delta_robot_serial_egg
[1.752s] [ 16%] Built target delta_robot_serial__cpp
[1.804s] [ 23%] [32mBuilding C object CMakeFiles/delta_robot_serial__rosidl_generator_c.dir/rosidl_generator_c/delta_robot_serial/action/detail/pos_traj__functions.c.o[0m
[1.804s] [ 23%] [32mBuilding C object CMakeFiles/delta_robot_serial__rosidl_generator_c.dir/rosidl_generator_c/delta_robot_serial/action/detail/pos_traj__type_support.c.o[0m
[1.804s] [ 23%] [32mBuilding C object CMakeFiles/delta_robot_serial__rosidl_generator_c.dir/rosidl_generator_c/delta_robot_serial/action/detail/pos_traj__description.c.o[0m
[1.804s] [ 23%] [32mBuilding C object CMakeFiles/delta_robot_serial__rosidl_generator_c.dir/rosidl_generator_c/delta_robot_serial/srv/detail/ikin__type_support.c.o[0m
[1.805s] [ 27%] [32mBuilding C object CMakeFiles/delta_robot_serial__rosidl_generator_c.dir/rosidl_generator_c/delta_robot_serial/srv/detail/ikin__description.c.o[0m
[1.805s] [ 27%] [32mBuilding C object CMakeFiles/delta_robot_serial__rosidl_generator_c.dir/rosidl_generator_c/delta_robot_serial/srv/detail/ikin__functions.c.o[0m
[1.927s] [ 29%] [32m[1mLinking C shared library libdelta_robot_serial__rosidl_generator_c.so[0m
[1.953s] [ 29%] Built target delta_robot_serial__rosidl_generator_c
[1.960s] [ 38%] [34m[1mGenerating C++ introspection for ROS interfaces[0m
[1.961s] [ 38%] [34m[1mGenerating C introspection for ROS interfaces[0m
[1.961s] [ 38%] [34m[1mGenerating C++ type support for eProsima Fast-RTPS[0m
[1.961s] [ 38%] [34m[1mGenerating C type support dispatch for ROS interfaces[0m
[1.961s] [ 38%] [34m[1mGenerating C type support for eProsima Fast-RTPS[0m
[1.961s] [ 40%] [34m[1mGenerating C++ type support dispatch for ROS interfaces[0m
[2.254s] [ 41%] [32mBuilding CXX object CMakeFiles/delta_robot_serial__rosidl_typesupport_c.dir/rosidl_typesupport_c/delta_robot_serial/srv/ikin__type_support.cpp.o[0m
[2.254s] [ 43%] [32mBuilding CXX object CMakeFiles/delta_robot_serial__rosidl_typesupport_c.dir/rosidl_typesupport_c/delta_robot_serial/action/pos_traj__type_support.cpp.o[0m
[2.268s] [ 45%] [32mBuilding CXX object CMakeFiles/delta_robot_serial__rosidl_typesupport_cpp.dir/rosidl_typesupport_cpp/delta_robot_serial/srv/ikin__type_support.cpp.o[0m
[2.272s] [ 47%] [32mBuilding CXX object CMakeFiles/delta_robot_serial__rosidl_typesupport_cpp.dir/rosidl_typesupport_cpp/delta_robot_serial/action/pos_traj__type_support.cpp.o[0m
[2.323s] [ 49%] [32m[1mLinking CXX shared library libdelta_robot_serial__rosidl_typesupport_c.so[0m
[2.337s] [ 50%] [32mBuilding CXX object CMakeFiles/delta_robot_serial__rosidl_typesupport_introspection_cpp.dir/rosidl_typesupport_introspection_cpp/delta_robot_serial/action/detail/pos_traj__type_support.cpp.o[0m
[2.337s] [ 52%] [32mBuilding CXX object CMakeFiles/delta_robot_serial__rosidl_typesupport_introspection_cpp.dir/rosidl_typesupport_introspection_cpp/delta_robot_serial/srv/detail/ikin__type_support.cpp.o[0m
[2.355s] [ 54%] [32mBuilding C object CMakeFiles/delta_robot_serial__rosidl_typesupport_introspection_c.dir/rosidl_typesupport_introspection_c/delta_robot_serial/srv/detail/ikin__type_support.c.o[0m
[2.356s] [ 56%] [32mBuilding C object CMakeFiles/delta_robot_serial__rosidl_typesupport_introspection_c.dir/rosidl_typesupport_introspection_c/delta_robot_serial/action/detail/pos_traj__type_support.c.o[0m
[2.370s] [ 56%] Built target delta_robot_serial__rosidl_typesupport_c
[2.423s] [ 58%] [32m[1mLinking C shared library libdelta_robot_serial__rosidl_typesupport_introspection_c.so[0m
[2.448s] [ 58%] Built target delta_robot_serial__rosidl_typesupport_introspection_c
[2.494s] [ 61%] [32mBuilding CXX object CMakeFiles/delta_robot_serial__rosidl_typesupport_fastrtps_cpp.dir/rosidl_typesupport_fastrtps_cpp/delta_robot_serial/action/detail/dds_fastrtps/pos_traj__type_support.cpp.o[0m
[2.494s] [ 61%] [32mBuilding CXX object CMakeFiles/delta_robot_serial__rosidl_typesupport_fastrtps_cpp.dir/rosidl_typesupport_fastrtps_cpp/delta_robot_serial/srv/detail/dds_fastrtps/ikin__type_support.cpp.o[0m
[2.565s] [ 63%] [32mBuilding CXX object CMakeFiles/delta_robot_serial__rosidl_typesupport_fastrtps_c.dir/rosidl_typesupport_fastrtps_c/delta_robot_serial/srv/detail/ikin__type_support_c.cpp.o[0m
[2.567s] [ 65%] [32mBuilding CXX object CMakeFiles/delta_robot_serial__rosidl_typesupport_fastrtps_c.dir/rosidl_typesupport_fastrtps_c/delta_robot_serial/action/detail/pos_traj__type_support_c.cpp.o[0m
[2.870s] [ 67%] [32m[1mLinking CXX shared library libdelta_robot_serial__rosidl_typesupport_cpp.so[0m
[2.929s] [ 69%] [32m[1mLinking CXX shared library libdelta_robot_serial__rosidl_typesupport_introspection_cpp.so[0m
[2.933s] [ 69%] Built target delta_robot_serial__rosidl_typesupport_cpp
[2.953s] [ 70%] [32mBuilding CXX object CMakeFiles/trajPlan_actionServer.dir/src/trajPlan_actionServer.cpp.o[0m
[2.961s] [ 72%] [32mBuilding CXX object CMakeFiles/ikin_server.dir/src/ikin_server.cpp.o[0m
[2.996s] [ 72%] Built target delta_robot_serial__rosidl_typesupport_introspection_cpp
[3.070s] [ 74%] [32m[1mLinking CXX shared library libdelta_robot_serial__rosidl_typesupport_fastrtps_c.so[0m
[3.109s] [ 74%] Built target delta_robot_serial__rosidl_typesupport_fastrtps_c
[3.273s] [ 76%] [32m[1mLinking CXX shared library libdelta_robot_serial__rosidl_typesupport_fastrtps_cpp.so[0m
[3.329s] [ 76%] Built target delta_robot_serial__rosidl_typesupport_fastrtps_cpp
[3.344s] [ 76%] Built target delta_robot_serial
[3.358s] [ 78%] [34m[1mGenerating Python code for ROS interfaces[0m
[3.817s] [ 80%] [32m[1mLinking CXX executable trajPlan_action_server[0m
[3.899s] [ 80%] Built target trajPlan_action_server
[4.010s] [ 80%] Built target delta_robot_serial__py
[4.026s] [ 83%] [32mBuilding C object CMakeFiles/delta_robot_serial__rosidl_generator_py.dir/rosidl_generator_py/delta_robot_serial/srv/_ikin_s.c.o[0m
[4.026s] [ 83%] [32mBuilding C object CMakeFiles/delta_robot_serial__rosidl_generator_py.dir/rosidl_generator_py/delta_robot_serial/action/_pos_traj_s.c.o[0m
[4.185s] [ 85%] [32m[1mLinking C shared library libdelta_robot_serial__rosidl_generator_py.so[0m
[4.218s] [ 85%] Built target delta_robot_serial__rosidl_generator_py
[4.235s] [ 90%] [32mBuilding C object CMakeFiles/delta_robot_serial_s__rosidl_typesupport_fastrtps_c.dir/rosidl_generator_py/delta_robot_serial/_delta_robot_serial_s.ep.rosidl_typesupport_fastrtps_c.c.o[0m
[4.235s] [ 90%] [32mBuilding C object CMakeFiles/delta_robot_serial_s__rosidl_typesupport_introspection_c.dir/rosidl_generator_py/delta_robot_serial/_delta_robot_serial_s.ep.rosidl_typesupport_introspection_c.c.o[0m
[4.235s] [ 90%] [32mBuilding C object CMakeFiles/delta_robot_serial_s__rosidl_typesupport_c.dir/rosidl_generator_py/delta_robot_serial/_delta_robot_serial_s.ep.rosidl_typesupport_c.c.o[0m
[4.340s] [ 96%] [32m[1mLinking C shared module rosidl_generator_py/delta_robot_serial/delta_robot_serial_s__rosidl_typesupport_fastrtps_c.so[0m
[4.340s] [ 96%] [32m[1mLinking C shared module rosidl_generator_py/delta_robot_serial/delta_robot_serial_s__rosidl_typesupport_introspection_c.so[0m
[4.340s] [ 96%] [32m[1mLinking C shared module rosidl_generator_py/delta_robot_serial/delta_robot_serial_s__rosidl_typesupport_c.so[0m
[4.363s] [ 96%] Built target delta_robot_serial_s__rosidl_typesupport_c
[4.363s] [ 96%] Built target delta_robot_serial_s__rosidl_typesupport_introspection_c
[4.363s] [ 96%] Built target delta_robot_serial_s__rosidl_typesupport_fastrtps_c
[4.896s] [01m[K/home/flug/Documents/colcon_ws/src/delta_robot_serial/src/trajPlan_actionServer.cpp:[m[K In member function ‘[01m[Kvoid TrajectoryPlanServer::[01;32m[KexecuteCB[m[K(std::shared_ptr<rclcpp_action::ServerGoalHandle<delta_robot_serial::action::PosTraj> >)[m[K’:
[4.896s] [01m[K/home/flug/Documents/colcon_ws/src/delta_robot_serial/src/trajPlan_actionServer.cpp:105:29:[m[K [01;31m[Kerror: [m[K‘[01m[Kusing std::__shared_ptr_access<delta_robot_serial::srv::Ikin_Response_<std::allocator<void> >, __gnu_cxx::_S_atomic, false, false>::element_type = struct delta_robot_serial::srv::Ikin_Response_<std::allocator<void> >[m[K’ {aka ‘[01m[Kstruct delta_robot_serial::srv::Ikin_Response_<std::allocator<void> >[m[K’} has no member named ‘[01m[Kvalid[m[K’
[4.896s]   105 |                 if (result->[01;31m[Kvalid[m[K()) {
[4.896s]       |                             [01;31m[K^~~~~[m[K
[4.896s] [01m[K/home/flug/Documents/colcon_ws/src/delta_robot_serial/src/trajPlan_actionServer.cpp:106:51:[m[K [01;31m[Kerror: [m[K‘[01m[Kusing std::__shared_ptr_access<delta_robot_serial::srv::Ikin_Response_<std::allocator<void> >, __gnu_cxx::_S_atomic, false, false>::element_type = struct delta_robot_serial::srv::Ikin_Response_<std::allocator<void> >[m[K’ {aka ‘[01m[Kstruct delta_robot_serial::srv::Ikin_Response_<std::allocator<void> >[m[K’} has no member named ‘[01m[Kx[m[K’
[4.896s]   106 |                     action_feedback_->x = result->[01;31m[Kx[m[K;
[4.896s]       |                                                   [01;31m[K^[m[K
[4.896s] [01m[K/home/flug/Documents/colcon_ws/src/delta_robot_serial/src/trajPlan_actionServer.cpp:107:51:[m[K [01;31m[Kerror: [m[K‘[01m[Kusing std::__shared_ptr_access<delta_robot_serial::srv::Ikin_Response_<std::allocator<void> >, __gnu_cxx::_S_atomic, false, false>::element_type = struct delta_robot_serial::srv::Ikin_Response_<std::allocator<void> >[m[K’ {aka ‘[01m[Kstruct delta_robot_serial::srv::Ikin_Response_<std::allocator<void> >[m[K’} has no member named ‘[01m[Ky[m[K’
[4.896s]   107 |                     action_feedback_->y = result->[01;31m[Ky[m[K;
[4.896s]       |                                                   [01;31m[K^[m[K
[4.896s] [01m[K/home/flug/Documents/colcon_ws/src/delta_robot_serial/src/trajPlan_actionServer.cpp:108:51:[m[K [01;31m[Kerror: [m[K‘[01m[Kusing std::__shared_ptr_access<delta_robot_serial::srv::Ikin_Response_<std::allocator<void> >, __gnu_cxx::_S_atomic, false, false>::element_type = struct delta_robot_serial::srv::Ikin_Response_<std::allocator<void> >[m[K’ {aka ‘[01m[Kstruct delta_robot_serial::srv::Ikin_Response_<std::allocator<void> >[m[K’} has no member named ‘[01m[Kz[m[K’
[4.896s]   108 |                     action_feedback_->z = result->[01;31m[Kz[m[K;
[4.896s]       |                                                   [01;31m[K^[m[K
[6.693s] gmake[2]: *** [CMakeFiles/trajPlan_actionServer.dir/build.make:76: CMakeFiles/trajPlan_actionServer.dir/src/trajPlan_actionServer.cpp.o] Error 1
[6.693s] gmake[1]: *** [CMakeFiles/Makefile2:732: CMakeFiles/trajPlan_actionServer.dir/all] Error 2
[6.693s] gmake[1]: *** Waiting for unfinished jobs....
[6.773s] [ 98%] [32m[1mLinking CXX executable ikin_server[0m
[6.897s] [ 98%] Built target ikin_server
[6.897s] gmake: *** [Makefile:146: all] Error 2
[6.899s] Invoked command in '/home/flug/Documents/colcon_ws/build/delta_robot_serial' returned '2': CMAKE_PREFIX_PATH=/home/flug/Documents/colcon_ws/install/serial:/home/flug/Documents/colcon_ws/install/delta_robot_serial:/home/flug/Documents/colcon_ws/install/delta_robot_description:/opt/ros/jazzy/opt/gz_math_vendor:/opt/ros/jazzy/opt/gz_utils_vendor:/opt/ros/jazzy/opt/gz_cmake_vendor:/opt/ros/jazzy DEBUGINFOD_URLS=https://debuginfod.ubuntu.com LD_LIBRARY_PATH=/home/flug/Documents/colcon_ws/install/serial/lib:/home/flug/Documents/colcon_ws/install/delta_robot_serial/lib:/opt/ros/jazzy/opt/rviz_ogre_vendor/lib:/opt/ros/jazzy/lib/x86_64-linux-gnu:/opt/ros/jazzy/opt/gz_math_vendor/lib:/opt/ros/jazzy/opt/gz_utils_vendor/lib:/opt/ros/jazzy/opt/gz_cmake_vendor/lib:/opt/ros/jazzy/lib /usr/bin/cmake --build /home/flug/Documents/colcon_ws/build/delta_robot_serial -- -j16 -l16
